[0.022s] Invoking command in '/home/shan/ros2_ws/src/custom_interfaces/build/custom_interfaces': /usr/bin/cmake /home/shan/ros2_ws/src/custom_interfaces -DCMAKE_INSTALL_PREFIX=/home/shan/ros2_ws/src/custom_interfaces/install/custom_interfaces
[0.149s] -- The C compiler identification is GNU 11.4.0
[0.273s] -- The CXX compiler identification is GNU 11.4.0
[0.289s] -- Detecting C compiler ABI info
[0.449s] -- Detecting C compiler ABI info - done
[0.465s] -- Check for working C compiler: /usr/bin/cc - skipped
[0.465s] -- Detecting C compile features
[0.466s] -- Detecting C compile features - done
[0.473s] -- Detecting CXX compiler ABI info
[0.657s] -- Detecting CXX compiler ABI info - done
[0.674s] -- Check for working CXX compiler: /usr/bin/c++ - skipped
[0.674s] -- Detecting CXX compile features
[0.675s] -- Detecting CXX compile features - done
[0.681s] -- Found ament_cmake: 1.3.12 (/opt/ros/humble/share/ament_cmake/cmake)
[1.007s] -- Found Python3: /usr/bin/python3 (found version "3.10.12") found components: Interpreter 
[1.207s] -- Found rosidl_default_generators: 1.2.0 (/opt/ros/humble/share/rosidl_default_generators/cmake)
[1.214s] -- Using all available rosidl_typesupport_c: rosidl_typesupport_fastrtps_c;rosidl_typesupport_introspection_c
[1.229s] -- Found rosidl_adapter: 3.1.8 (/opt/ros/humble/share/rosidl_adapter/cmake)
[1.324s] -- Using all available rosidl_typesupport_cpp: rosidl_typesupport_fastrtps_cpp;rosidl_typesupport_introspection_cpp
[1.765s] Error parsing '/home/shan/ros2_ws/src/custom_interfaces/package.xml':
[1.862s] Traceback (most recent call last):
[1.863s]   File "/usr/lib/python3/dist-packages/catkin_pkg/package.py", line 610, in parse_package_string
[1.863s]     root = dom.parseString(data)
[1.863s]   File "/usr/lib/python3.10/xml/dom/minidom.py", line 1995, in parseString
[1.864s]     return expatbuilder.parseString(string)
[1.864s]   File "/usr/lib/python3.10/xml/dom/expatbuilder.py", line 925, in parseString
[1.864s]     return builder.parseString(string)
[1.864s]   File "/usr/lib/python3.10/xml/dom/expatbuilder.py", line 223, in parseString
[1.864s]     parser.Parse(string, True)
[1.864s] xml.parsers.expat.ExpatError: mismatched tag: line 11, column 47
[1.864s] 
[1.865s] During handling of the above exception, another exception occurred:
[1.865s] 
[1.865s] Traceback (most recent call last):
[1.865s]   File "/opt/ros/humble/share/ament_cmake_core/cmake/core/package_xml_2_cmake.py", line 150, in <module>
[1.865s]     main()
[1.865s]   File "/opt/ros/humble/share/ament_cmake_core/cmake/core/package_xml_2_cmake.py", line 53, in main
[1.865s]     raise e
[1.865s]   File "/opt/ros/humble/share/ament_cmake_core/cmake/core/package_xml_2_cmake.py", line 49, in main
[1.865s]     package = parse_package_string(
[1.866s]   File "/usr/lib/python3/dist-packages/catkin_pkg/package.py", line 612, in parse_package_string
[1.866s]     raise InvalidPackage('The manifest contains invalid XML:\n%s' % ex, filename)
[1.866s] catkin_pkg.package.InvalidPackage: Error(s) in package '/home/shan/ros2_ws/src/custom_interfaces/package.xml':
[1.866s] The manifest contains invalid XML:
[1.866s] mismatched tag: line 11, column 47
[1.894s] [31mCMake Error at /opt/ros/humble/share/ament_cmake_core/cmake/core/ament_package_xml.cmake:95 (message):
[1.894s]   execute_process(/usr/bin/python3
[1.895s]   /opt/ros/humble/share/ament_cmake_core/cmake/core/package_xml_2_cmake.py
[1.895s]   /home/shan/ros2_ws/src/custom_interfaces/package.xml
[1.895s]   /home/shan/ros2_ws/src/custom_interfaces/build/custom_interfaces/ament_cmake_core/package.cmake)
[1.895s]   returned error code 1
[1.895s] Call Stack (most recent call first):
[1.896s]   /opt/ros/humble/share/ament_cmake_core/cmake/core/ament_package_xml.cmake:49 (_ament_package_xml)
[1.896s]   /opt/ros/humble/share/rosidl_cmake/cmake/rosidl_generate_interfaces.cmake:226 (ament_package_xml)
[1.896s]   CMakeLists.txt:12 (rosidl_generate_interfaces)
[1.896s] 
[1.896s] [0m
[1.897s] -- Configuring incomplete, errors occurred!
[1.897s] See also "/home/shan/ros2_ws/src/custom_interfaces/build/custom_interfaces/CMakeFiles/CMakeOutput.log".
[1.912s] Invoked command in '/home/shan/ros2_ws/src/custom_interfaces/build/custom_interfaces' returned '1': /usr/bin/cmake /home/shan/ros2_ws/src/custom_interfaces -DCMAKE_INSTALL_PREFIX=/home/shan/ros2_ws/src/custom_interfaces/install/custom_interfaces
