[1.086s] Invoking command in '/home/shan/ros2_ws/src/mypypkg': PYTHONPATH=/home/shan/ros2_ws/build/mypypkg/prefix_override:/usr/lib/python3/dist-packages/colcon_core/task/python/colcon_distutils_commands:/home/shan/ros2_ws/install/mypypkg/lib/python3.10/site-packages:${PYTHONPATH} /usr/bin/python3 -W ignore:setup.py install is deprecated -W ignore:easy_install command is deprecated setup.py egg_info --egg-base ../../build/mypypkg build --build-base /home/shan/ros2_ws/build/mypypkg/build install --record /home/shan/ros2_ws/build/mypypkg/install.log --single-version-externally-managed install_data
[1.616s] running egg_info
[1.617s] writing ../../build/mypypkg/mypypkg.egg-info/PKG-INFO
[1.617s] writing dependency_links to ../../build/mypypkg/mypypkg.egg-info/dependency_links.txt
[1.618s] writing entry points to ../../build/mypypkg/mypypkg.egg-info/entry_points.txt
[1.618s] writing requirements to ../../build/mypypkg/mypypkg.egg-info/requires.txt
[1.618s] writing top-level names to ../../build/mypypkg/mypypkg.egg-info/top_level.txt
[1.622s] reading manifest file '../../build/mypypkg/mypypkg.egg-info/SOURCES.txt'
[1.624s] writing manifest file '../../build/mypypkg/mypypkg.egg-info/SOURCES.txt'
[1.625s] running build
[1.625s] running build_py
[1.625s] copying mypypkg/vpublisher.py -> /home/shan/ros2_ws/build/mypypkg/build/lib/mypypkg
[1.626s] running install
[1.627s] running install_lib
[1.628s] copying /home/shan/ros2_ws/build/mypypkg/build/lib/mypypkg/vpublisher.py -> /home/shan/ros2_ws/install/mypypkg/lib/python3.10/site-packages/mypypkg
[1.630s] byte-compiling /home/shan/ros2_ws/install/mypypkg/lib/python3.10/site-packages/mypypkg/vpublisher.py to vpublisher.cpython-310.pyc
[1.631s] running install_data
[1.631s] running install_egg_info
[1.636s] removing '/home/shan/ros2_ws/install/mypypkg/lib/python3.10/site-packages/mypypkg-0.0.0-py3.10.egg-info' (and everything under it)
[1.637s] Copying ../../build/mypypkg/mypypkg.egg-info to /home/shan/ros2_ws/install/mypypkg/lib/python3.10/site-packages/mypypkg-0.0.0-py3.10.egg-info
[1.640s] running install_scripts
[1.682s] Installing testclient script to /home/shan/ros2_ws/install/mypypkg/lib/mypypkg
[1.682s] Installing testexec script to /home/shan/ros2_ws/install/mypypkg/lib/mypypkg
[1.682s] Installing testpub script to /home/shan/ros2_ws/install/mypypkg/lib/mypypkg
[1.683s] Installing testserver script to /home/shan/ros2_ws/install/mypypkg/lib/mypypkg
[1.683s] Installing testsub script to /home/shan/ros2_ws/install/mypypkg/lib/mypypkg
[1.684s] Installing vectorpub script to /home/shan/ros2_ws/install/mypypkg/lib/mypypkg
[1.684s] Installing vectorsub script to /home/shan/ros2_ws/install/mypypkg/lib/mypypkg
[1.685s] writing list of installed files to '/home/shan/ros2_ws/build/mypypkg/install.log'
[1.729s] Invoked command in '/home/shan/ros2_ws/src/mypypkg' returned '0': PYTHONPATH=/home/shan/ros2_ws/build/mypypkg/prefix_override:/usr/lib/python3/dist-packages/colcon_core/task/python/colcon_distutils_commands:/home/shan/ros2_ws/install/mypypkg/lib/python3.10/site-packages:${PYTHONPATH} /usr/bin/python3 -W ignore:setup.py install is deprecated -W ignore:easy_install command is deprecated setup.py egg_info --egg-base ../../build/mypypkg build --build-base /home/shan/ros2_ws/build/mypypkg/build install --record /home/shan/ros2_ws/build/mypypkg/install.log --single-version-externally-managed install_data
