[1.406s] Invoking command in '/home/shan/ros2_ws/src/myturtlectrl': CMAKE_PREFIX_PATH=/home/shan/ros2_ws/install/custom_interfaces:/home/shan/ros2_ws/install/my_robot_bringup PYTHONPATH=/home/shan/ros2_ws/build/myturtlectrl/prefix_override:/usr/lib/python3/dist-packages/colcon_core/task/python/colcon_distutils_commands:/home/shan/ros2_ws/install/myturtlectrl/lib/python3.10/site-packages:${PYTHONPATH} /usr/bin/python3 -W ignore:setup.py install is deprecated -W ignore:easy_install command is deprecated setup.py egg_info --egg-base ../../build/myturtlectrl build --build-base /home/shan/ros2_ws/build/myturtlectrl/build install --record /home/shan/ros2_ws/build/myturtlectrl/install.log --single-version-externally-managed install_data
[1.937s] running egg_info
[1.938s] writing ../../build/myturtlectrl/myturtlectrl.egg-info/PKG-INFO
[1.939s] writing dependency_links to ../../build/myturtlectrl/myturtlectrl.egg-info/dependency_links.txt
[1.939s] writing entry points to ../../build/myturtlectrl/myturtlectrl.egg-info/entry_points.txt
[1.939s] writing requirements to ../../build/myturtlectrl/myturtlectrl.egg-info/requires.txt
[1.940s] writing top-level names to ../../build/myturtlectrl/myturtlectrl.egg-info/top_level.txt
[1.944s] reading manifest file '../../build/myturtlectrl/myturtlectrl.egg-info/SOURCES.txt'
[1.945s] writing manifest file '../../build/myturtlectrl/myturtlectrl.egg-info/SOURCES.txt'
[1.946s] running build
[1.946s] running build_py
[1.946s] running install
[1.947s] running install_lib
[1.950s] running install_data
[1.950s] running install_egg_info
[1.955s] removing '/home/shan/ros2_ws/install/myturtlectrl/lib/python3.10/site-packages/myturtlectrl-0.0.0-py3.10.egg-info' (and everything under it)
[1.956s] Copying ../../build/myturtlectrl/myturtlectrl.egg-info to /home/shan/ros2_ws/install/myturtlectrl/lib/python3.10/site-packages/myturtlectrl-0.0.0-py3.10.egg-info
[1.958s] running install_scripts
[2.001s] Installing turtlepubsub script to /home/shan/ros2_ws/install/myturtlectrl/lib/myturtlectrl
[2.002s] writing list of installed files to '/home/shan/ros2_ws/build/myturtlectrl/install.log'
[2.050s] Invoked command in '/home/shan/ros2_ws/src/myturtlectrl' returned '0': CMAKE_PREFIX_PATH=/home/shan/ros2_ws/install/custom_interfaces:/home/shan/ros2_ws/install/my_robot_bringup PYTHONPATH=/home/shan/ros2_ws/build/myturtlectrl/prefix_override:/usr/lib/python3/dist-packages/colcon_core/task/python/colcon_distutils_commands:/home/shan/ros2_ws/install/myturtlectrl/lib/python3.10/site-packages:${PYTHONPATH} /usr/bin/python3 -W ignore:setup.py install is deprecated -W ignore:easy_install command is deprecated setup.py egg_info --egg-base ../../build/myturtlectrl build --build-base /home/shan/ros2_ws/build/myturtlectrl/build install --record /home/shan/ros2_ws/build/myturtlectrl/install.log --single-version-externally-managed install_data
