[0.949s] Invoking command in '/home/shan/ros2_ws/src/mypypkg': PYTHONPATH=/home/shan/ros2_ws/build/mypypkg/prefix_override:/usr/lib/python3/dist-packages/colcon_core/task/python/colcon_distutils_commands:/home/shan/ros2_ws/install/mypypkg/lib/python3.10/site-packages:${PYTHONPATH} /usr/bin/python3 -W ignore:setup.py install is deprecated -W ignore:easy_install command is deprecated setup.py egg_info --egg-base ../../build/mypypkg build --build-base /home/shan/ros2_ws/build/mypypkg/build install --record /home/shan/ros2_ws/build/mypypkg/install.log --single-version-externally-managed install_data
[1.475s] running egg_info
[1.476s] writing ../../build/mypypkg/mypypkg.egg-info/PKG-INFO
[1.477s] writing dependency_links to ../../build/mypypkg/mypypkg.egg-info/dependency_links.txt
[1.477s] writing entry points to ../../build/mypypkg/mypypkg.egg-info/entry_points.txt
[1.478s] writing requirements to ../../build/mypypkg/mypypkg.egg-info/requires.txt
[1.478s] writing top-level names to ../../build/mypypkg/mypypkg.egg-info/top_level.txt
[1.482s] reading manifest file '../../build/mypypkg/mypypkg.egg-info/SOURCES.txt'
[1.484s] writing manifest file '../../build/mypypkg/mypypkg.egg-info/SOURCES.txt'
[1.484s] running build
[1.484s] running build_py
[1.485s] copying mypypkg/hsub.py -> /home/shan/ros2_ws/build/mypypkg/build/lib/mypypkg
[1.485s] copying mypypkg/hpub.py -> /home/shan/ros2_ws/build/mypypkg/build/lib/mypypkg
[1.486s] running install
[1.487s] running install_lib
[1.488s] copying /home/shan/ros2_ws/build/mypypkg/build/lib/mypypkg/hsub.py -> /home/shan/ros2_ws/install/mypypkg/lib/python3.10/site-packages/mypypkg
[1.489s] copying /home/shan/ros2_ws/build/mypypkg/build/lib/mypypkg/hpub.py -> /home/shan/ros2_ws/install/mypypkg/lib/python3.10/site-packages/mypypkg
[1.490s] byte-compiling /home/shan/ros2_ws/install/mypypkg/lib/python3.10/site-packages/mypypkg/hsub.py to hsub.cpython-310.pyc
[1.491s] byte-compiling /home/shan/ros2_ws/install/mypypkg/lib/python3.10/site-packages/mypypkg/hpub.py to hpub.cpython-310.pyc
[1.492s] running install_data
[1.492s] running install_egg_info
[1.497s] removing '/home/shan/ros2_ws/install/mypypkg/lib/python3.10/site-packages/mypypkg-0.0.0-py3.10.egg-info' (and everything under it)
[1.498s] Copying ../../build/mypypkg/mypypkg.egg-info to /home/shan/ros2_ws/install/mypypkg/lib/python3.10/site-packages/mypypkg-0.0.0-py3.10.egg-info
[1.500s] running install_scripts
[1.542s] Installing hpub script to /home/shan/ros2_ws/install/mypypkg/lib/mypypkg
[1.543s] Installing hsub script to /home/shan/ros2_ws/install/mypypkg/lib/mypypkg
[1.543s] Installing testclient script to /home/shan/ros2_ws/install/mypypkg/lib/mypypkg
[1.543s] Installing testexec script to /home/shan/ros2_ws/install/mypypkg/lib/mypypkg
[1.544s] Installing testpub script to /home/shan/ros2_ws/install/mypypkg/lib/mypypkg
[1.544s] Installing testserver script to /home/shan/ros2_ws/install/mypypkg/lib/mypypkg
[1.544s] Installing testsub script to /home/shan/ros2_ws/install/mypypkg/lib/mypypkg
[1.544s] Installing vectorpub script to /home/shan/ros2_ws/install/mypypkg/lib/mypypkg
[1.545s] Installing vectorsub script to /home/shan/ros2_ws/install/mypypkg/lib/mypypkg
[1.546s] writing list of installed files to '/home/shan/ros2_ws/build/mypypkg/install.log'
[1.588s] Invoked command in '/home/shan/ros2_ws/src/mypypkg' returned '0': PYTHONPATH=/home/shan/ros2_ws/build/mypypkg/prefix_override:/usr/lib/python3/dist-packages/colcon_core/task/python/colcon_distutils_commands:/home/shan/ros2_ws/install/mypypkg/lib/python3.10/site-packages:${PYTHONPATH} /usr/bin/python3 -W ignore:setup.py install is deprecated -W ignore:easy_install command is deprecated setup.py egg_info --egg-base ../../build/mypypkg build --build-base /home/shan/ros2_ws/build/mypypkg/build install --record /home/shan/ros2_ws/build/mypypkg/install.log --single-version-externally-managed install_data
