[0.757s] Invoking command in '/home/shan/ros2_ws/src/mypypkg': PYTHONPATH=/home/shan/ros2_ws/build/mypypkg/prefix_override:/usr/lib/python3/dist-packages/colcon_core/task/python/colcon_distutils_commands:/home/shan/ros2_ws/install/mypypkg/lib/python3.10/site-packages:${PYTHONPATH} /usr/bin/python3 -W ignore:setup.py install is deprecated -W ignore:easy_install command is deprecated setup.py egg_info --egg-base ../../build/mypypkg build --build-base /home/shan/ros2_ws/build/mypypkg/build install --record /home/shan/ros2_ws/build/mypypkg/install.log --single-version-externally-managed install_data
[0.988s] running egg_info
[0.988s] writing ../../build/mypypkg/mypypkg.egg-info/PKG-INFO
[0.988s] writing dependency_links to ../../build/mypypkg/mypypkg.egg-info/dependency_links.txt
[0.989s] writing entry points to ../../build/mypypkg/mypypkg.egg-info/entry_points.txt
[0.989s] writing requirements to ../../build/mypypkg/mypypkg.egg-info/requires.txt
[0.989s] writing top-level names to ../../build/mypypkg/mypypkg.egg-info/top_level.txt
[0.990s] reading manifest file '../../build/mypypkg/mypypkg.egg-info/SOURCES.txt'
[0.991s] writing manifest file '../../build/mypypkg/mypypkg.egg-info/SOURCES.txt'
[0.991s] running build
[0.991s] running build_py
[0.991s] copying mypypkg/customserver1.py -> /home/shan/ros2_ws/build/mypypkg/build/lib/mypypkg
[0.992s] running install
[0.992s] running install_lib
[0.993s] copying /home/shan/ros2_ws/build/mypypkg/build/lib/mypypkg/customserver1.py -> /home/shan/ros2_ws/install/mypypkg/lib/python3.10/site-packages/mypypkg
[0.994s] byte-compiling /home/shan/ros2_ws/install/mypypkg/lib/python3.10/site-packages/mypypkg/customserver1.py to customserver1.cpython-310.pyc
[0.994s] running install_data
[0.994s] running install_egg_info
[0.996s] removing '/home/shan/ros2_ws/install/mypypkg/lib/python3.10/site-packages/mypypkg-0.0.0-py3.10.egg-info' (and everything under it)
[0.997s] Copying ../../build/mypypkg/mypypkg.egg-info to /home/shan/ros2_ws/install/mypypkg/lib/python3.10/site-packages/mypypkg-0.0.0-py3.10.egg-info
[0.998s] running install_scripts
[1.016s] Installing hpub script to /home/shan/ros2_ws/install/mypypkg/lib/mypypkg
[1.016s] Installing hsub script to /home/shan/ros2_ws/install/mypypkg/lib/mypypkg
[1.016s] Installing ppub script to /home/shan/ros2_ws/install/mypypkg/lib/mypypkg
[1.017s] Installing psub script to /home/shan/ros2_ws/install/mypypkg/lib/mypypkg
[1.017s] Installing testclient script to /home/shan/ros2_ws/install/mypypkg/lib/mypypkg
[1.017s] Installing testexec script to /home/shan/ros2_ws/install/mypypkg/lib/mypypkg
[1.017s] Installing testpub script to /home/shan/ros2_ws/install/mypypkg/lib/mypypkg
[1.017s] Installing testserver script to /home/shan/ros2_ws/install/mypypkg/lib/mypypkg
[1.017s] Installing testsub script to /home/shan/ros2_ws/install/mypypkg/lib/mypypkg
[1.017s] Installing vectorpub script to /home/shan/ros2_ws/install/mypypkg/lib/mypypkg
[1.017s] Installing vectorsub script to /home/shan/ros2_ws/install/mypypkg/lib/mypypkg
[1.017s] writing list of installed files to '/home/shan/ros2_ws/build/mypypkg/install.log'
[1.040s] Invoked command in '/home/shan/ros2_ws/src/mypypkg' returned '0': PYTHONPATH=/home/shan/ros2_ws/build/mypypkg/prefix_override:/usr/lib/python3/dist-packages/colcon_core/task/python/colcon_distutils_commands:/home/shan/ros2_ws/install/mypypkg/lib/python3.10/site-packages:${PYTHONPATH} /usr/bin/python3 -W ignore:setup.py install is deprecated -W ignore:easy_install command is deprecated setup.py egg_info --egg-base ../../build/mypypkg build --build-base /home/shan/ros2_ws/build/mypypkg/build install --record /home/shan/ros2_ws/build/mypypkg/install.log --single-version-externally-managed install_data
