[1.123s] Invoking command in '/home/shan/ros2_ws/src/mypypkg': PYTHONPATH=/home/shan/ros2_ws/build/mypypkg/prefix_override:/usr/lib/python3/dist-packages/colcon_core/task/python/colcon_distutils_commands:/home/shan/ros2_ws/install/mypypkg/lib/python3.10/site-packages:${PYTHONPATH} /usr/bin/python3 -W ignore:setup.py install is deprecated -W ignore:easy_install command is deprecated setup.py egg_info --egg-base ../../build/mypypkg build --build-base /home/shan/ros2_ws/build/mypypkg/build install --record /home/shan/ros2_ws/build/mypypkg/install.log --single-version-externally-managed install_data
[1.594s] running egg_info
[1.595s] writing ../../build/mypypkg/mypypkg.egg-info/PKG-INFO
[1.595s] writing dependency_links to ../../build/mypypkg/mypypkg.egg-info/dependency_links.txt
[1.596s] writing entry points to ../../build/mypypkg/mypypkg.egg-info/entry_points.txt
[1.596s] writing requirements to ../../build/mypypkg/mypypkg.egg-info/requires.txt
[1.596s] writing top-level names to ../../build/mypypkg/mypypkg.egg-info/top_level.txt
[1.600s] reading manifest file '../../build/mypypkg/mypypkg.egg-info/SOURCES.txt'
[1.603s] writing manifest file '../../build/mypypkg/mypypkg.egg-info/SOURCES.txt'
[1.603s] running build
[1.603s] running build_py
[1.604s] running install
[1.604s] running install_lib
[1.607s] running install_data
[1.607s] running install_egg_info
[1.610s] removing '/home/shan/ros2_ws/install/mypypkg/lib/python3.10/site-packages/mypypkg-0.0.0-py3.10.egg-info' (and everything under it)
[1.610s] Copying ../../build/mypypkg/mypypkg.egg-info to /home/shan/ros2_ws/install/mypypkg/lib/python3.10/site-packages/mypypkg-0.0.0-py3.10.egg-info
[1.612s] running install_scripts
[1.641s] Installing testclient script to /home/shan/ros2_ws/install/mypypkg/lib/mypypkg
[1.641s] Installing testexec script to /home/shan/ros2_ws/install/mypypkg/lib/mypypkg
[1.642s] Installing testpub script to /home/shan/ros2_ws/install/mypypkg/lib/mypypkg
[1.642s] Installing testserver script to /home/shan/ros2_ws/install/mypypkg/lib/mypypkg
[1.642s] Installing testsub script to /home/shan/ros2_ws/install/mypypkg/lib/mypypkg
[1.643s] writing list of installed files to '/home/shan/ros2_ws/build/mypypkg/install.log'
[1.676s] Invoked command in '/home/shan/ros2_ws/src/mypypkg' returned '0': PYTHONPATH=/home/shan/ros2_ws/build/mypypkg/prefix_override:/usr/lib/python3/dist-packages/colcon_core/task/python/colcon_distutils_commands:/home/shan/ros2_ws/install/mypypkg/lib/python3.10/site-packages:${PYTHONPATH} /usr/bin/python3 -W ignore:setup.py install is deprecated -W ignore:easy_install command is deprecated setup.py egg_info --egg-base ../../build/mypypkg build --build-base /home/shan/ros2_ws/build/mypypkg/build install --record /home/shan/ros2_ws/build/mypypkg/install.log --single-version-externally-managed install_data
