running egg_info
creating ../../build/myturtlectrl/myturtlectrl.egg-info
writing ../../build/myturtlectrl/myturtlectrl.egg-info/PKG-INFO
writing dependency_links to ../../build/myturtlectrl/myturtlectrl.egg-info/dependency_links.txt
writing entry points to ../../build/myturtlectrl/myturtlectrl.egg-info/entry_points.txt
writing requirements to ../../build/myturtlectrl/myturtlectrl.egg-info/requires.txt
writing top-level names to ../../build/myturtlectrl/myturtlectrl.egg-info/top_level.txt
writing manifest file '../../build/myturtlectrl/myturtlectrl.egg-info/SOURCES.txt'
reading manifest file '../../build/myturtlectrl/myturtlectrl.egg-info/SOURCES.txt'
writing manifest file '../../build/myturtlectrl/myturtlectrl.egg-info/SOURCES.txt'
running build
running build_py
creating /home/shan/ros2_ws/build/myturtlectrl/build
creating /home/shan/ros2_ws/build/myturtlectrl/build/lib
creating /home/shan/ros2_ws/build/myturtlectrl/build/lib/myturtlectrl
copying myturtlectrl/__init__.py -> /home/shan/ros2_ws/build/myturtlectrl/build/lib/myturtlectrl
copying myturtlectrl/turtlespawn.py -> /home/shan/ros2_ws/build/myturtlectrl/build/lib/myturtlectrl
running install
running install_lib
creating /home/shan/ros2_ws/install/myturtlectrl/lib/python3.10/site-packages/myturtlectrl
copying /home/shan/ros2_ws/build/myturtlectrl/build/lib/myturtlectrl/__init__.py -> /home/shan/ros2_ws/install/myturtlectrl/lib/python3.10/site-packages/myturtlectrl
copying /home/shan/ros2_ws/build/myturtlectrl/build/lib/myturtlectrl/turtlespawn.py -> /home/shan/ros2_ws/install/myturtlectrl/lib/python3.10/site-packages/myturtlectrl
byte-compiling /home/shan/ros2_ws/install/myturtlectrl/lib/python3.10/site-packages/myturtlectrl/__init__.py to __init__.cpython-310.pyc
byte-compiling /home/shan/ros2_ws/install/myturtlectrl/lib/python3.10/site-packages/myturtlectrl/turtlespawn.py to turtlespawn.cpython-310.pyc
running install_data
creating /home/shan/ros2_ws/install/myturtlectrl/share/ament_index
creating /home/shan/ros2_ws/install/myturtlectrl/share/ament_index/resource_index
creating /home/shan/ros2_ws/install/myturtlectrl/share/ament_index/resource_index/packages
copying resource/myturtlectrl -> /home/shan/ros2_ws/install/myturtlectrl/share/ament_index/resource_index/packages
copying package.xml -> /home/shan/ros2_ws/install/myturtlectrl/share/myturtlectrl
running install_egg_info
Copying ../../build/myturtlectrl/myturtlectrl.egg-info to /home/shan/ros2_ws/install/myturtlectrl/lib/python3.10/site-packages/myturtlectrl-0.0.0-py3.10.egg-info
running install_scripts
Installing turtlespawner script to /home/shan/ros2_ws/install/myturtlectrl/lib/myturtlectrl
writing list of installed files to '/home/shan/ros2_ws/build/myturtlectrl/install.log'
