[1.494s] Invoking command in '/home/shan/ros2_ws/src/myturtlectrl': PYTHONPATH=/home/shan/ros2_ws/build/myturtlectrl/prefix_override:/usr/lib/python3/dist-packages/colcon_core/task/python/colcon_distutils_commands:/home/shan/ros2_ws/install/myturtlectrl/lib/python3.10/site-packages:${PYTHONPATH} /usr/bin/python3 -W ignore:setup.py install is deprecated -W ignore:easy_install command is deprecated setup.py egg_info --egg-base ../../build/myturtlectrl build --build-base /home/shan/ros2_ws/build/myturtlectrl/build install --record /home/shan/ros2_ws/build/myturtlectrl/install.log --single-version-externally-managed install_data
[1.839s] running egg_info
[1.840s] creating ../../build/myturtlectrl/myturtlectrl.egg-info
[1.840s] writing ../../build/myturtlectrl/myturtlectrl.egg-info/PKG-INFO
[1.841s] writing dependency_links to ../../build/myturtlectrl/myturtlectrl.egg-info/dependency_links.txt
[1.841s] writing entry points to ../../build/myturtlectrl/myturtlectrl.egg-info/entry_points.txt
[1.841s] writing requirements to ../../build/myturtlectrl/myturtlectrl.egg-info/requires.txt
[1.841s] writing top-level names to ../../build/myturtlectrl/myturtlectrl.egg-info/top_level.txt
[1.841s] writing manifest file '../../build/myturtlectrl/myturtlectrl.egg-info/SOURCES.txt'
[1.843s] reading manifest file '../../build/myturtlectrl/myturtlectrl.egg-info/SOURCES.txt'
[1.844s] writing manifest file '../../build/myturtlectrl/myturtlectrl.egg-info/SOURCES.txt'
[1.844s] running build
[1.844s] running build_py
[1.844s] creating /home/shan/ros2_ws/build/myturtlectrl/build
[1.844s] creating /home/shan/ros2_ws/build/myturtlectrl/build/lib
[1.845s] creating /home/shan/ros2_ws/build/myturtlectrl/build/lib/myturtlectrl
[1.845s] copying myturtlectrl/__init__.py -> /home/shan/ros2_ws/build/myturtlectrl/build/lib/myturtlectrl
[1.845s] copying myturtlectrl/turtlespawn.py -> /home/shan/ros2_ws/build/myturtlectrl/build/lib/myturtlectrl
[1.845s] running install
[1.845s] running install_lib
[1.846s] creating /home/shan/ros2_ws/install/myturtlectrl/lib/python3.10/site-packages/myturtlectrl
[1.846s] copying /home/shan/ros2_ws/build/myturtlectrl/build/lib/myturtlectrl/__init__.py -> /home/shan/ros2_ws/install/myturtlectrl/lib/python3.10/site-packages/myturtlectrl
[1.846s] copying /home/shan/ros2_ws/build/myturtlectrl/build/lib/myturtlectrl/turtlespawn.py -> /home/shan/ros2_ws/install/myturtlectrl/lib/python3.10/site-packages/myturtlectrl
[1.847s] byte-compiling /home/shan/ros2_ws/install/myturtlectrl/lib/python3.10/site-packages/myturtlectrl/__init__.py to __init__.cpython-310.pyc
[1.847s] byte-compiling /home/shan/ros2_ws/install/myturtlectrl/lib/python3.10/site-packages/myturtlectrl/turtlespawn.py to turtlespawn.cpython-310.pyc
[1.847s] running install_data
[1.848s] creating /home/shan/ros2_ws/install/myturtlectrl/share/ament_index
[1.848s] creating /home/shan/ros2_ws/install/myturtlectrl/share/ament_index/resource_index
[1.848s] creating /home/shan/ros2_ws/install/myturtlectrl/share/ament_index/resource_index/packages
[1.848s] copying resource/myturtlectrl -> /home/shan/ros2_ws/install/myturtlectrl/share/ament_index/resource_index/packages
[1.848s] copying package.xml -> /home/shan/ros2_ws/install/myturtlectrl/share/myturtlectrl
[1.848s] running install_egg_info
[1.851s] Copying ../../build/myturtlectrl/myturtlectrl.egg-info to /home/shan/ros2_ws/install/myturtlectrl/lib/python3.10/site-packages/myturtlectrl-0.0.0-py3.10.egg-info
[1.852s] running install_scripts
[1.877s] Installing turtlespawner script to /home/shan/ros2_ws/install/myturtlectrl/lib/myturtlectrl
[1.877s] writing list of installed files to '/home/shan/ros2_ws/build/myturtlectrl/install.log'
[1.906s] Invoked command in '/home/shan/ros2_ws/src/myturtlectrl' returned '0': PYTHONPATH=/home/shan/ros2_ws/build/myturtlectrl/prefix_override:/usr/lib/python3/dist-packages/colcon_core/task/python/colcon_distutils_commands:/home/shan/ros2_ws/install/myturtlectrl/lib/python3.10/site-packages:${PYTHONPATH} /usr/bin/python3 -W ignore:setup.py install is deprecated -W ignore:easy_install command is deprecated setup.py egg_info --egg-base ../../build/myturtlectrl build --build-base /home/shan/ros2_ws/build/myturtlectrl/build install --record /home/shan/ros2_ws/build/myturtlectrl/install.log --single-version-externally-managed install_data
