[1.541s] Invoking command in '/home/shan/ros2_ws/src/myturtlectrl': PYTHONPATH=/home/shan/ros2_ws/build/myturtlectrl/prefix_override:/usr/lib/python3/dist-packages/colcon_core/task/python/colcon_distutils_commands:/home/shan/ros2_ws/install/myturtlectrl/lib/python3.10/site-packages:${PYTHONPATH} /usr/bin/python3 -W ignore:setup.py install is deprecated -W ignore:easy_install command is deprecated setup.py egg_info --egg-base ../../build/myturtlectrl build --build-base /home/shan/ros2_ws/build/myturtlectrl/build install --record /home/shan/ros2_ws/build/myturtlectrl/install.log --single-version-externally-managed install_data
[2.063s] running egg_info
[2.064s] writing ../../build/myturtlectrl/myturtlectrl.egg-info/PKG-INFO
[2.064s] writing dependency_links to ../../build/myturtlectrl/myturtlectrl.egg-info/dependency_links.txt
[2.065s] writing entry points to ../../build/myturtlectrl/myturtlectrl.egg-info/entry_points.txt
[2.065s] writing requirements to ../../build/myturtlectrl/myturtlectrl.egg-info/requires.txt
[2.065s] writing top-level names to ../../build/myturtlectrl/myturtlectrl.egg-info/top_level.txt
[2.069s] reading manifest file '../../build/myturtlectrl/myturtlectrl.egg-info/SOURCES.txt'
[2.071s] writing manifest file '../../build/myturtlectrl/myturtlectrl.egg-info/SOURCES.txt'
[2.071s] running build
[2.071s] running build_py
[2.072s] running install
[2.072s] running install_lib
[2.075s] running install_data
[2.075s] running install_egg_info
[2.080s] removing '/home/shan/ros2_ws/install/myturtlectrl/lib/python3.10/site-packages/myturtlectrl-0.0.0-py3.10.egg-info' (and everything under it)
[2.081s] Copying ../../build/myturtlectrl/myturtlectrl.egg-info to /home/shan/ros2_ws/install/myturtlectrl/lib/python3.10/site-packages/myturtlectrl-0.0.0-py3.10.egg-info
[2.083s] running install_scripts
[2.125s] Installing turtlecatcher script to /home/shan/ros2_ws/install/myturtlectrl/lib/myturtlectrl
[2.125s] Installing turtlespawner script to /home/shan/ros2_ws/install/myturtlectrl/lib/myturtlectrl
[2.126s] writing list of installed files to '/home/shan/ros2_ws/build/myturtlectrl/install.log'
[2.166s] Invoked command in '/home/shan/ros2_ws/src/myturtlectrl' returned '0': PYTHONPATH=/home/shan/ros2_ws/build/myturtlectrl/prefix_override:/usr/lib/python3/dist-packages/colcon_core/task/python/colcon_distutils_commands:/home/shan/ros2_ws/install/myturtlectrl/lib/python3.10/site-packages:${PYTHONPATH} /usr/bin/python3 -W ignore:setup.py install is deprecated -W ignore:easy_install command is deprecated setup.py egg_info --egg-base ../../build/myturtlectrl build --build-base /home/shan/ros2_ws/build/myturtlectrl/build install --record /home/shan/ros2_ws/build/myturtlectrl/install.log --single-version-externally-managed install_data
