[0.010s] Invoking command in '/home/shan/ros2_ws/build/my_robot_bringup': AMENT_PREFIX_PATH=/home/shan/ros2_ws/install/mypypkg:/home/shan/ros2_ws/install/my_robot_bringup:/home/shan/ros2_ws/install/myturtlectrl:/home/shan/ros2_ws/install/custom_interfaces:/opt/ros/humble CMAKE_PREFIX_PATH=/home/shan/ros2_ws/install/custom_interfaces:/home/shan/ros2_ws/install/my_robot_bringup:/home/shan/ros2_ws/install/myturtlectrl:/home/shan/ros2_ws/install/mypypkg:/opt/ros/humble PYTHONPATH=/home/shan/ros2_ws/install/mypypkg/lib/python3.10/site-packages:/home/shan/ros2_ws/install/myturtlectrl/lib/python3.10/site-packages:/home/shan/ros2_ws/install/custom_interfaces/local/lib/python3.10/dist-packages:/opt/ros/humble/lib/python3.10/site-packages:/opt/ros/humble/local/lib/python3.10/dist-packages /usr/bin/cmake --build /home/shan/ros2_ws/build/my_robot_bringup -- -j16 -l16
[0.031s] -- Found ament_cmake: 1.3.12 (/opt/ros/humble/share/ament_cmake/cmake)
[0.126s] -- Found ament_lint_auto: 0.12.14 (/opt/ros/humble/share/ament_lint_auto/cmake)
[0.177s] -- Added test 'flake8' to check Python code syntax and style conventions
[0.177s] -- Added test 'lint_cmake' to check CMake code style
[0.177s] -- Added test 'pep257' to check Python code against some of the docstring style conventions in PEP 257
[0.178s] -- Added test 'xmllint' to check XML markup files
[0.178s] -- Configuring done
[0.180s] -- Generating done
[0.182s] -- Build files have been written to: /home/shan/ros2_ws/build/my_robot_bringup
[0.204s] Invoked command in '/home/shan/ros2_ws/build/my_robot_bringup' returned '0': AMENT_PREFIX_PATH=/home/shan/ros2_ws/install/mypypkg:/home/shan/ros2_ws/install/my_robot_bringup:/home/shan/ros2_ws/install/myturtlectrl:/home/shan/ros2_ws/install/custom_interfaces:/opt/ros/humble CMAKE_PREFIX_PATH=/home/shan/ros2_ws/install/custom_interfaces:/home/shan/ros2_ws/install/my_robot_bringup:/home/shan/ros2_ws/install/myturtlectrl:/home/shan/ros2_ws/install/mypypkg:/opt/ros/humble PYTHONPATH=/home/shan/ros2_ws/install/mypypkg/lib/python3.10/site-packages:/home/shan/ros2_ws/install/myturtlectrl/lib/python3.10/site-packages:/home/shan/ros2_ws/install/custom_interfaces/local/lib/python3.10/dist-packages:/opt/ros/humble/lib/python3.10/site-packages:/opt/ros/humble/local/lib/python3.10/dist-packages /usr/bin/cmake --build /home/shan/ros2_ws/build/my_robot_bringup -- -j16 -l16
[0.205s] Invoking command in '/home/shan/ros2_ws/build/my_robot_bringup': AMENT_PREFIX_PATH=/home/shan/ros2_ws/install/mypypkg:/home/shan/ros2_ws/install/my_robot_bringup:/home/shan/ros2_ws/install/myturtlectrl:/home/shan/ros2_ws/install/custom_interfaces:/opt/ros/humble CMAKE_PREFIX_PATH=/home/shan/ros2_ws/install/custom_interfaces:/home/shan/ros2_ws/install/my_robot_bringup:/home/shan/ros2_ws/install/myturtlectrl:/home/shan/ros2_ws/install/mypypkg:/opt/ros/humble PYTHONPATH=/home/shan/ros2_ws/install/mypypkg/lib/python3.10/site-packages:/home/shan/ros2_ws/install/myturtlectrl/lib/python3.10/site-packages:/home/shan/ros2_ws/install/custom_interfaces/local/lib/python3.10/dist-packages:/opt/ros/humble/lib/python3.10/site-packages:/opt/ros/humble/local/lib/python3.10/dist-packages /usr/bin/cmake --install /home/shan/ros2_ws/build/my_robot_bringup
[0.211s] -- Install configuration: ""
[0.212s] -- Up-to-date: /home/shan/ros2_ws/install/my_robot_bringup/share/my_robot_bringup/launch
[0.212s] -- Installing: /home/shan/ros2_ws/install/my_robot_bringup/share/my_robot_bringup/launch/myrobot.launch.py
[0.212s] -- Installing: /home/shan/ros2_ws/install/my_robot_bringup/share/ament_index/resource_index/package_run_dependencies/my_robot_bringup
[0.212s] -- Installing: /home/shan/ros2_ws/install/my_robot_bringup/share/ament_index/resource_index/parent_prefix_path/my_robot_bringup
[0.212s] -- Up-to-date: /home/shan/ros2_ws/install/my_robot_bringup/share/my_robot_bringup/environment/ament_prefix_path.sh
[0.212s] -- Installing: /home/shan/ros2_ws/install/my_robot_bringup/share/my_robot_bringup/environment/ament_prefix_path.dsv
[0.212s] -- Up-to-date: /home/shan/ros2_ws/install/my_robot_bringup/share/my_robot_bringup/environment/path.sh
[0.212s] -- Installing: /home/shan/ros2_ws/install/my_robot_bringup/share/my_robot_bringup/environment/path.dsv
[0.212s] -- Up-to-date: /home/shan/ros2_ws/install/my_robot_bringup/share/my_robot_bringup/local_setup.bash
[0.212s] -- Up-to-date: /home/shan/ros2_ws/install/my_robot_bringup/share/my_robot_bringup/local_setup.sh
[0.213s] -- Up-to-date: /home/shan/ros2_ws/install/my_robot_bringup/share/my_robot_bringup/local_setup.zsh
[0.213s] -- Installing: /home/shan/ros2_ws/install/my_robot_bringup/share/my_robot_bringup/local_setup.dsv
[0.213s] -- Installing: /home/shan/ros2_ws/install/my_robot_bringup/share/my_robot_bringup/package.dsv
[0.213s] -- Up-to-date: /home/shan/ros2_ws/install/my_robot_bringup/share/ament_index/resource_index/packages/my_robot_bringup
[0.213s] -- Up-to-date: /home/shan/ros2_ws/install/my_robot_bringup/share/my_robot_bringup/cmake/my_robot_bringupConfig.cmake
[0.213s] -- Up-to-date: /home/shan/ros2_ws/install/my_robot_bringup/share/my_robot_bringup/cmake/my_robot_bringupConfig-version.cmake
[0.213s] -- Installing: /home/shan/ros2_ws/install/my_robot_bringup/share/my_robot_bringup/package.xml
[0.214s] Invoked command in '/home/shan/ros2_ws/build/my_robot_bringup' returned '0': AMENT_PREFIX_PATH=/home/shan/ros2_ws/install/mypypkg:/home/shan/ros2_ws/install/my_robot_bringup:/home/shan/ros2_ws/install/myturtlectrl:/home/shan/ros2_ws/install/custom_interfaces:/opt/ros/humble CMAKE_PREFIX_PATH=/home/shan/ros2_ws/install/custom_interfaces:/home/shan/ros2_ws/install/my_robot_bringup:/home/shan/ros2_ws/install/myturtlectrl:/home/shan/ros2_ws/install/mypypkg:/opt/ros/humble PYTHONPATH=/home/shan/ros2_ws/install/mypypkg/lib/python3.10/site-packages:/home/shan/ros2_ws/install/myturtlectrl/lib/python3.10/site-packages:/home/shan/ros2_ws/install/custom_interfaces/local/lib/python3.10/dist-packages:/opt/ros/humble/lib/python3.10/site-packages:/opt/ros/humble/local/lib/python3.10/dist-packages /usr/bin/cmake --install /home/shan/ros2_ws/build/my_robot_bringup
