[0.417s] Invoking command in '/home/shan/ros2_ws/src/mypypkg': PYTHONPATH=/home/shan/ros2_ws/build/mypypkg/prefix_override:/usr/lib/python3/dist-packages/colcon_core/task/python/colcon_distutils_commands:/home/shan/ros2_ws/install/mypypkg/lib/python3.10/site-packages:${PYTHONPATH} /usr/bin/python3 -W ignore:setup.py install is deprecated -W ignore:easy_install command is deprecated setup.py egg_info --egg-base ../../build/mypypkg build --build-base /home/shan/ros2_ws/build/mypypkg/build install --record /home/shan/ros2_ws/build/mypypkg/install.log --single-version-externally-managed install_data
[0.575s] running egg_info
[0.575s] writing ../../build/mypypkg/mypypkg.egg-info/PKG-INFO
[0.575s] writing dependency_links to ../../build/mypypkg/mypypkg.egg-info/dependency_links.txt
[0.575s] writing entry points to ../../build/mypypkg/mypypkg.egg-info/entry_points.txt
[0.575s] writing requirements to ../../build/mypypkg/mypypkg.egg-info/requires.txt
[0.575s] writing top-level names to ../../build/mypypkg/mypypkg.egg-info/top_level.txt
[0.576s] reading manifest file '../../build/mypypkg/mypypkg.egg-info/SOURCES.txt'
[0.577s] writing manifest file '../../build/mypypkg/mypypkg.egg-info/SOURCES.txt'
[0.577s] running build
[0.577s] running build_py
[0.577s] copying mypypkg/server.py -> /home/shan/ros2_ws/build/mypypkg/build/lib/mypypkg
[0.577s] running install
[0.578s] running install_lib
[0.578s] copying /home/shan/ros2_ws/build/mypypkg/build/lib/mypypkg/server.py -> /home/shan/ros2_ws/install/mypypkg/lib/python3.10/site-packages/mypypkg
[0.579s] byte-compiling /home/shan/ros2_ws/install/mypypkg/lib/python3.10/site-packages/mypypkg/server.py to server.cpython-310.pyc
[0.579s] running install_data
[0.579s] running install_egg_info
[0.580s] removing '/home/shan/ros2_ws/install/mypypkg/lib/python3.10/site-packages/mypypkg-0.0.0-py3.10.egg-info' (and everything under it)
[0.580s] Copying ../../build/mypypkg/mypypkg.egg-info to /home/shan/ros2_ws/install/mypypkg/lib/python3.10/site-packages/mypypkg-0.0.0-py3.10.egg-info
[0.581s] running install_scripts
[0.595s] Installing testexec script to /home/shan/ros2_ws/install/mypypkg/lib/mypypkg
[0.595s] Installing testpub script to /home/shan/ros2_ws/install/mypypkg/lib/mypypkg
[0.595s] Installing testserver script to /home/shan/ros2_ws/install/mypypkg/lib/mypypkg
[0.595s] Installing testsub script to /home/shan/ros2_ws/install/mypypkg/lib/mypypkg
[0.595s] writing list of installed files to '/home/shan/ros2_ws/build/mypypkg/install.log'
[0.611s] Invoked command in '/home/shan/ros2_ws/src/mypypkg' returned '0': PYTHONPATH=/home/shan/ros2_ws/build/mypypkg/prefix_override:/usr/lib/python3/dist-packages/colcon_core/task/python/colcon_distutils_commands:/home/shan/ros2_ws/install/mypypkg/lib/python3.10/site-packages:${PYTHONPATH} /usr/bin/python3 -W ignore:setup.py install is deprecated -W ignore:easy_install command is deprecated setup.py egg_info --egg-base ../../build/mypypkg build --build-base /home/shan/ros2_ws/build/mypypkg/build install --record /home/shan/ros2_ws/build/mypypkg/install.log --single-version-externally-managed install_data
