[0.009s] Invoking command in '/home/shan/ros2_ws/build/my_robot_bringup': CMAKE_PREFIX_PATH=${CMAKE_PREFIX_PATH}:/home/shan/ros2_ws/install/myturtlectrl:/home/shan/ros2_ws/install/mypypkg:/opt/ros/humble /usr/bin/cmake /home/shan/ros2_ws/src/my_robot_bringup -DCMAKE_INSTALL_PREFIX=/home/shan/ros2_ws/install/my_robot_bringup
[0.094s] -- The C compiler identification is GNU 11.4.0
[0.157s] -- The CXX compiler identification is GNU 11.4.0
[0.166s] -- Detecting C compiler ABI info
[0.228s] -- Detecting C compiler ABI info - done
[0.232s] -- Check for working C compiler: /usr/bin/cc - skipped
[0.234s] -- Detecting C compile features
[0.235s] -- Detecting C compile features - done
[0.239s] -- Detecting CXX compiler ABI info
[0.312s] -- Detecting CXX compiler ABI info - done
[0.317s] -- Check for working CXX compiler: /usr/bin/c++ - skipped
[0.317s] -- Detecting CXX compile features
[0.317s] -- Detecting CXX compile features - done
[0.322s] -- Found ament_cmake: 1.3.12 (/opt/ros/humble/share/ament_cmake/cmake)
[0.443s] -- Found Python3: /usr/bin/python3 (found version "3.10.12") found components: Interpreter 
[0.525s] -- Found ament_lint_auto: 0.12.14 (/opt/ros/humble/share/ament_lint_auto/cmake)
[0.587s] -- Added test 'flake8' to check Python code syntax and style conventions
[0.587s] -- Added test 'lint_cmake' to check CMake code style
[0.588s] -- Added test 'pep257' to check Python code against some of the docstring style conventions in PEP 257
[0.588s] -- Added test 'xmllint' to check XML markup files
[0.590s] -- Configuring done
[0.592s] -- Generating done
[0.593s] -- Build files have been written to: /home/shan/ros2_ws/build/my_robot_bringup
[0.599s] Invoked command in '/home/shan/ros2_ws/build/my_robot_bringup' returned '0': CMAKE_PREFIX_PATH=${CMAKE_PREFIX_PATH}:/home/shan/ros2_ws/install/myturtlectrl:/home/shan/ros2_ws/install/mypypkg:/opt/ros/humble /usr/bin/cmake /home/shan/ros2_ws/src/my_robot_bringup -DCMAKE_INSTALL_PREFIX=/home/shan/ros2_ws/install/my_robot_bringup
[0.599s] Invoking command in '/home/shan/ros2_ws/build/my_robot_bringup': CMAKE_PREFIX_PATH=${CMAKE_PREFIX_PATH}:/home/shan/ros2_ws/install/myturtlectrl:/home/shan/ros2_ws/install/mypypkg:/opt/ros/humble /usr/bin/cmake --build /home/shan/ros2_ws/build/my_robot_bringup -- -j16 -l16
[0.633s] Invoked command in '/home/shan/ros2_ws/build/my_robot_bringup' returned '0': CMAKE_PREFIX_PATH=${CMAKE_PREFIX_PATH}:/home/shan/ros2_ws/install/myturtlectrl:/home/shan/ros2_ws/install/mypypkg:/opt/ros/humble /usr/bin/cmake --build /home/shan/ros2_ws/build/my_robot_bringup -- -j16 -l16
[0.642s] Invoking command in '/home/shan/ros2_ws/build/my_robot_bringup': CMAKE_PREFIX_PATH=${CMAKE_PREFIX_PATH}:/home/shan/ros2_ws/install/myturtlectrl:/home/shan/ros2_ws/install/mypypkg:/opt/ros/humble /usr/bin/cmake --install /home/shan/ros2_ws/build/my_robot_bringup
[0.649s] -- Install configuration: ""
[0.649s] -- Installing: /home/shan/ros2_ws/install/my_robot_bringup/share/my_robot_bringup/launch
[0.649s] -- Installing: /home/shan/ros2_ws/install/my_robot_bringup/share/my_robot_bringup/launch/myrobot.launch.py
[0.650s] -- Installing: /home/shan/ros2_ws/install/my_robot_bringup/share/ament_index/resource_index/package_run_dependencies/my_robot_bringup
[0.650s] -- Installing: /home/shan/ros2_ws/install/my_robot_bringup/share/ament_index/resource_index/parent_prefix_path/my_robot_bringup
[0.650s] -- Installing: /home/shan/ros2_ws/install/my_robot_bringup/share/my_robot_bringup/environment/ament_prefix_path.sh
[0.650s] -- Installing: /home/shan/ros2_ws/install/my_robot_bringup/share/my_robot_bringup/environment/ament_prefix_path.dsv
[0.650s] -- Installing: /home/shan/ros2_ws/install/my_robot_bringup/share/my_robot_bringup/environment/path.sh
[0.651s] -- Installing: /home/shan/ros2_ws/install/my_robot_bringup/share/my_robot_bringup/environment/path.dsv
[0.651s] -- Installing: /home/shan/ros2_ws/install/my_robot_bringup/share/my_robot_bringup/local_setup.bash
[0.651s] -- Installing: /home/shan/ros2_ws/install/my_robot_bringup/share/my_robot_bringup/local_setup.sh
[0.651s] -- Installing: /home/shan/ros2_ws/install/my_robot_bringup/share/my_robot_bringup/local_setup.zsh
[0.651s] -- Installing: /home/shan/ros2_ws/install/my_robot_bringup/share/my_robot_bringup/local_setup.dsv
[0.651s] -- Installing: /home/shan/ros2_ws/install/my_robot_bringup/share/my_robot_bringup/package.dsv
[0.651s] -- Installing: /home/shan/ros2_ws/install/my_robot_bringup/share/ament_index/resource_index/packages/my_robot_bringup
[0.652s] -- Installing: /home/shan/ros2_ws/install/my_robot_bringup/share/my_robot_bringup/cmake/my_robot_bringupConfig.cmake
[0.652s] -- Installing: /home/shan/ros2_ws/install/my_robot_bringup/share/my_robot_bringup/cmake/my_robot_bringupConfig-version.cmake
[0.652s] -- Installing: /home/shan/ros2_ws/install/my_robot_bringup/share/my_robot_bringup/package.xml
[0.653s] Invoked command in '/home/shan/ros2_ws/build/my_robot_bringup' returned '0': CMAKE_PREFIX_PATH=${CMAKE_PREFIX_PATH}:/home/shan/ros2_ws/install/myturtlectrl:/home/shan/ros2_ws/install/mypypkg:/opt/ros/humble /usr/bin/cmake --install /home/shan/ros2_ws/build/my_robot_bringup
