[0.226s] DEBUG:colcon:Command line arguments: ['/usr/bin/colcon', 'build', '--packages-select', 'custom_interfaces']
[0.226s] DEBUG:colcon:Parsed command line arguments: Namespace(log_base=None, log_level=None, verb_name='build', build_base='build', install_base='install', merge_install=False, symlink_install=False, test_result_base=None, continue_on_error=False, executor='parallel', parallel_workers=16, event_handlers=None, ignore_user_meta=False, metas=['./colcon.meta'], base_paths=['.'], packages_ignore=None, packages_ignore_regex=None, paths=None, packages_up_to=None, packages_up_to_regex=None, packages_above=None, packages_above_and_dependencies=None, packages_above_depth=None, packages_select_by_dep=None, packages_skip_by_dep=None, packages_skip_up_to=None, packages_select_build_failed=False, packages_skip_build_finished=False, packages_select_test_failures=False, packages_skip_test_passed=False, packages_select=['custom_interfaces'], packages_skip=None, packages_select_regex=None, packages_skip_regex=None, packages_start=None, packages_end=None, allow_overriding=[], cmake_args=None, cmake_target=None, cmake_target_skip_unavailable=False, cmake_clean_cache=False, cmake_clean_first=False, cmake_force_configure=False, ament_cmake_args=None, catkin_cmake_args=None, catkin_skip_building_tests=False, verb_parser=<colcon_defaults.argument_parser.defaults.DefaultArgumentsDecorator object at 0x7a3f994483a0>, verb_extension=<colcon_core.verb.build.BuildVerb object at 0x7a3f99423e50>, main=<bound method BuildVerb.main of <colcon_core.verb.build.BuildVerb object at 0x7a3f99423e50>>)
[0.590s] Level 1:colcon.colcon_core.package_discovery:discover_packages(colcon_meta) check parameters
[0.590s] Level 1:colcon.colcon_core.package_discovery:discover_packages(recursive) check parameters
[0.590s] Level 1:colcon.colcon_core.package_discovery:discover_packages(ignore) check parameters
[0.590s] Level 1:colcon.colcon_core.package_discovery:discover_packages(path) check parameters
[0.590s] Level 1:colcon.colcon_core.package_discovery:discover_packages(colcon_meta) discover
[0.590s] Level 1:colcon.colcon_core.package_discovery:discover_packages(recursive) discover
[0.590s] INFO:colcon.colcon_core.package_discovery:Crawling recursively for packages in '/home/shan/ros2_ws'
[0.591s] Level 1:colcon.colcon_core.package_identification:_identify(.) by extensions ['ignore', 'ignore_ament_install']
[0.591s] Level 1:colcon.colcon_core.package_identification:_identify(.) by extension 'ignore'
[0.591s] Level 1:colcon.colcon_core.package_identification:_identify(.) by extension 'ignore_ament_install'
[0.591s] Level 1:colcon.colcon_core.package_identification:_identify(.) by extensions ['colcon_pkg']
[0.591s] Level 1:colcon.colcon_core.package_identification:_identify(.) by extension 'colcon_pkg'
[0.591s] Level 1:colcon.colcon_core.package_identification:_identify(.) by extensions ['colcon_meta']
[0.591s] Level 1:colcon.colcon_core.package_identification:_identify(.) by extension 'colcon_meta'
[0.591s] Level 1:colcon.colcon_core.package_identification:_identify(.) by extensions ['ros']
[0.591s] Level 1:colcon.colcon_core.package_identification:_identify(.) by extension 'ros'
[0.615s] Level 1:colcon.colcon_core.package_identification:_identify(.) by extensions ['cmake', 'python']
[0.615s] Level 1:colcon.colcon_core.package_identification:_identify(.) by extension 'cmake'
[0.615s] Level 1:colcon.colcon_core.package_identification:_identify(.) by extension 'python'
[0.615s] Level 1:colcon.colcon_core.package_identification:_identify(.) by extensions ['python_setup_py']
[0.615s] Level 1:colcon.colcon_core.package_identification:_identify(.) by extension 'python_setup_py'
[0.615s] Level 1:colcon.colcon_core.package_identification:_identify(build) by extensions ['ignore', 'ignore_ament_install']
[0.616s] Level 1:colcon.colcon_core.package_identification:_identify(build) by extension 'ignore'
[0.616s] Level 1:colcon.colcon_core.package_identification:_identify(build) ignored
[0.616s] Level 1:colcon.colcon_core.package_identification:_identify(install) by extensions ['ignore', 'ignore_ament_install']
[0.616s] Level 1:colcon.colcon_core.package_identification:_identify(install) by extension 'ignore'
[0.616s] Level 1:colcon.colcon_core.package_identification:_identify(install) ignored
[0.617s] Level 1:colcon.colcon_core.package_identification:_identify(log) by extensions ['ignore', 'ignore_ament_install']
[0.617s] Level 1:colcon.colcon_core.package_identification:_identify(log) by extension 'ignore'
[0.617s] Level 1:colcon.colcon_core.package_identification:_identify(log) ignored
[0.617s] Level 1:colcon.colcon_core.package_identification:_identify(src) by extensions ['ignore', 'ignore_ament_install']
[0.617s] Level 1:colcon.colcon_core.package_identification:_identify(src) by extension 'ignore'
[0.617s] Level 1:colcon.colcon_core.package_identification:_identify(src) by extension 'ignore_ament_install'
[0.617s] Level 1:colcon.colcon_core.package_identification:_identify(src) by extensions ['colcon_pkg']
[0.617s] Level 1:colcon.colcon_core.package_identification:_identify(src) by extension 'colcon_pkg'
[0.618s] Level 1:colcon.colcon_core.package_identification:_identify(src) by extensions ['colcon_meta']
[0.618s] Level 1:colcon.colcon_core.package_identification:_identify(src) by extension 'colcon_meta'
[0.618s] Level 1:colcon.colcon_core.package_identification:_identify(src) by extensions ['ros']
[0.618s] Level 1:colcon.colcon_core.package_identification:_identify(src) by extension 'ros'
[0.618s] Level 1:colcon.colcon_core.package_identification:_identify(src) by extensions ['cmake', 'python']
[0.618s] Level 1:colcon.colcon_core.package_identification:_identify(src) by extension 'cmake'
[0.618s] Level 1:colcon.colcon_core.package_identification:_identify(src) by extension 'python'
[0.618s] Level 1:colcon.colcon_core.package_identification:_identify(src) by extensions ['python_setup_py']
[0.618s] Level 1:colcon.colcon_core.package_identification:_identify(src) by extension 'python_setup_py'
[0.618s] Level 1:colcon.colcon_core.package_identification:_identify(src/custom_interfaces) by extensions ['ignore', 'ignore_ament_install']
[0.619s] Level 1:colcon.colcon_core.package_identification:_identify(src/custom_interfaces) by extension 'ignore'
[0.619s] Level 1:colcon.colcon_core.package_identification:_identify(src/custom_interfaces) by extension 'ignore_ament_install'
[0.619s] Level 1:colcon.colcon_core.package_identification:_identify(src/custom_interfaces) by extensions ['colcon_pkg']
[0.619s] Level 1:colcon.colcon_core.package_identification:_identify(src/custom_interfaces) by extension 'colcon_pkg'
[0.619s] Level 1:colcon.colcon_core.package_identification:_identify(src/custom_interfaces) by extensions ['colcon_meta']
[0.619s] Level 1:colcon.colcon_core.package_identification:_identify(src/custom_interfaces) by extension 'colcon_meta'
[0.619s] Level 1:colcon.colcon_core.package_identification:_identify(src/custom_interfaces) by extensions ['ros']
[0.619s] Level 1:colcon.colcon_core.package_identification:_identify(src/custom_interfaces) by extension 'ros'
[0.624s] DEBUG:colcon.colcon_core.package_identification:Package 'src/custom_interfaces' with type 'ros.ament_cmake' and name 'custom_interfaces'
[0.624s] Level 1:colcon.colcon_core.package_identification:_identify(src/log) by extensions ['ignore', 'ignore_ament_install']
[0.625s] Level 1:colcon.colcon_core.package_identification:_identify(src/log) by extension 'ignore'
[0.625s] Level 1:colcon.colcon_core.package_identification:_identify(src/log) ignored
[0.625s] Level 1:colcon.colcon_core.package_identification:_identify(src/mypypkg) by extensions ['ignore', 'ignore_ament_install']
[0.625s] Level 1:colcon.colcon_core.package_identification:_identify(src/mypypkg) by extension 'ignore'
[0.625s] Level 1:colcon.colcon_core.package_identification:_identify(src/mypypkg) by extension 'ignore_ament_install'
[0.625s] Level 1:colcon.colcon_core.package_identification:_identify(src/mypypkg) by extensions ['colcon_pkg']
[0.625s] Level 1:colcon.colcon_core.package_identification:_identify(src/mypypkg) by extension 'colcon_pkg'
[0.625s] Level 1:colcon.colcon_core.package_identification:_identify(src/mypypkg) by extensions ['colcon_meta']
[0.626s] Level 1:colcon.colcon_core.package_identification:_identify(src/mypypkg) by extension 'colcon_meta'
[0.626s] Level 1:colcon.colcon_core.package_identification:_identify(src/mypypkg) by extensions ['ros']
[0.626s] Level 1:colcon.colcon_core.package_identification:_identify(src/mypypkg) by extension 'ros'
[0.627s] DEBUG:colcon.colcon_core.package_identification:Package 'src/mypypkg' with type 'ros.ament_python' and name 'mypypkg'
[0.627s] Level 1:colcon.colcon_core.package_discovery:discover_packages(recursive) using defaults
[0.627s] Level 1:colcon.colcon_core.package_discovery:discover_packages(ignore) discover
[0.627s] Level 1:colcon.colcon_core.package_discovery:discover_packages(ignore) using defaults
[0.627s] Level 1:colcon.colcon_core.package_discovery:discover_packages(path) discover
[0.627s] Level 1:colcon.colcon_core.package_discovery:discover_packages(path) using defaults
[0.668s] INFO:colcon.colcon_core.package_selection:Skipping not selected package 'mypypkg' in 'src/mypypkg'
[0.669s] Level 1:colcon.colcon_core.package_discovery:discover_packages(prefix_path) check parameters
[0.669s] Level 1:colcon.colcon_core.package_discovery:discover_packages(prefix_path) discover
[0.672s] DEBUG:colcon.colcon_installed_package_information.package_discovery:Found 1 installed packages in /home/shan/ros2_ws/install
[0.677s] DEBUG:colcon.colcon_installed_package_information.package_discovery:Found 330 installed packages in /opt/ros/humble
[0.698s] Level 1:colcon.colcon_core.package_discovery:discover_packages(prefix_path) using defaults
[0.792s] Level 5:colcon.colcon_core.verb:set package 'custom_interfaces' build argument 'cmake_args' from command line to 'None'
[0.792s] Level 5:colcon.colcon_core.verb:set package 'custom_interfaces' build argument 'cmake_target' from command line to 'None'
[0.792s] Level 5:colcon.colcon_core.verb:set package 'custom_interfaces' build argument 'cmake_target_skip_unavailable' from command line to 'False'
[0.792s] Level 5:colcon.colcon_core.verb:set package 'custom_interfaces' build argument 'cmake_clean_cache' from command line to 'False'
[0.792s] Level 5:colcon.colcon_core.verb:set package 'custom_interfaces' build argument 'cmake_clean_first' from command line to 'False'
[0.792s] Level 5:colcon.colcon_core.verb:set package 'custom_interfaces' build argument 'cmake_force_configure' from command line to 'False'
[0.792s] Level 5:colcon.colcon_core.verb:set package 'custom_interfaces' build argument 'ament_cmake_args' from command line to 'None'
[0.792s] Level 5:colcon.colcon_core.verb:set package 'custom_interfaces' build argument 'catkin_cmake_args' from command line to 'None'
[0.792s] Level 5:colcon.colcon_core.verb:set package 'custom_interfaces' build argument 'catkin_skip_building_tests' from command line to 'False'
[0.792s] DEBUG:colcon.colcon_core.verb:Building package 'custom_interfaces' with the following arguments: {'ament_cmake_args': None, 'build_base': '/home/shan/ros2_ws/build/custom_interfaces', 'catkin_cmake_args': None, 'catkin_skip_building_tests': False, 'cmake_args': None, 'cmake_clean_cache': False, 'cmake_clean_first': False, 'cmake_force_configure': False, 'cmake_target': None, 'cmake_target_skip_unavailable': False, 'install_base': '/home/shan/ros2_ws/install/custom_interfaces', 'merge_install': False, 'path': '/home/shan/ros2_ws/src/custom_interfaces', 'symlink_install': False, 'test_result_base': None}
[0.793s] INFO:colcon.colcon_core.executor:Executing jobs using 'parallel' executor
[0.795s] DEBUG:colcon.colcon_parallel_executor.executor.parallel:run_until_complete
[0.796s] INFO:colcon.colcon_ros.task.ament_cmake.build:Building ROS package in '/home/shan/ros2_ws/src/custom_interfaces' with build type 'ament_cmake'
[0.796s] INFO:colcon.colcon_cmake.task.cmake.build:Building CMake package in '/home/shan/ros2_ws/src/custom_interfaces'
[0.800s] INFO:colcon.colcon_core.plugin_system:Skipping extension 'colcon_core.shell.bat': Not used on non-Windows systems
[0.801s] INFO:colcon.colcon_core.shell:Skip shell extension 'powershell' for command environment: Not usable outside of PowerShell
[0.801s] DEBUG:colcon.colcon_core.shell:Skip shell extension 'dsv' for command environment
[0.820s] DEBUG:colcon.colcon_core.event_handler.log_command:Invoking command in '/home/shan/ros2_ws/build/custom_interfaces': CMAKE_PREFIX_PATH=/home/shan/ros2_ws/install/mypypkg:/opt/ros/humble /usr/bin/cmake /home/shan/ros2_ws/src/custom_interfaces -DCMAKE_INSTALL_PREFIX=/home/shan/ros2_ws/install/custom_interfaces
[3.304s] DEBUG:colcon.colcon_core.event_handler.log_command:Invoked command in '/home/shan/ros2_ws/build/custom_interfaces' returned '0': CMAKE_PREFIX_PATH=/home/shan/ros2_ws/install/mypypkg:/opt/ros/humble /usr/bin/cmake /home/shan/ros2_ws/src/custom_interfaces -DCMAKE_INSTALL_PREFIX=/home/shan/ros2_ws/install/custom_interfaces
[3.308s] DEBUG:colcon.colcon_core.event_handler.log_command:Invoking command in '/home/shan/ros2_ws/build/custom_interfaces': CMAKE_PREFIX_PATH=/home/shan/ros2_ws/install/mypypkg:/opt/ros/humble /usr/bin/cmake --build /home/shan/ros2_ws/build/custom_interfaces -- -j16 -l16
[6.939s] DEBUG:colcon.colcon_core.event_handler.log_command:Invoked command in '/home/shan/ros2_ws/build/custom_interfaces' returned '0': CMAKE_PREFIX_PATH=/home/shan/ros2_ws/install/mypypkg:/opt/ros/humble /usr/bin/cmake --build /home/shan/ros2_ws/build/custom_interfaces -- -j16 -l16
[6.963s] DEBUG:colcon.colcon_core.event_handler.log_command:Invoking command in '/home/shan/ros2_ws/build/custom_interfaces': CMAKE_PREFIX_PATH=/home/shan/ros2_ws/install/mypypkg:/opt/ros/humble /usr/bin/cmake --install /home/shan/ros2_ws/build/custom_interfaces
[7.117s] Level 1:colcon.colcon_core.environment:create_environment_scripts_only(custom_interfaces)
[7.118s] DEBUG:colcon.colcon_core.event_handler.log_command:Invoked command in '/home/shan/ros2_ws/build/custom_interfaces' returned '0': CMAKE_PREFIX_PATH=/home/shan/ros2_ws/install/mypypkg:/opt/ros/humble /usr/bin/cmake --install /home/shan/ros2_ws/build/custom_interfaces
[7.123s] Level 1:colcon.colcon_core.environment:checking '/home/shan/ros2_ws/install/custom_interfaces' for CMake module files
[7.124s] Level 1:colcon.colcon_core.environment:checking '/home/shan/ros2_ws/install/custom_interfaces' for CMake config files
[7.125s] Level 1:colcon.colcon_core.shell:create_environment_hook('custom_interfaces', 'cmake_prefix_path')
[7.126s] INFO:colcon.colcon_core.shell:Creating environment hook '/home/shan/ros2_ws/install/custom_interfaces/share/custom_interfaces/hook/cmake_prefix_path.ps1'
[7.127s] INFO:colcon.colcon_core.shell:Creating environment descriptor '/home/shan/ros2_ws/install/custom_interfaces/share/custom_interfaces/hook/cmake_prefix_path.dsv'
[7.128s] INFO:colcon.colcon_core.shell:Creating environment hook '/home/shan/ros2_ws/install/custom_interfaces/share/custom_interfaces/hook/cmake_prefix_path.sh'
[7.130s] Level 1:colcon.colcon_core.environment:checking '/home/shan/ros2_ws/install/custom_interfaces/lib'
[7.130s] Level 1:colcon.colcon_core.shell:create_environment_hook('custom_interfaces', 'ld_library_path_lib')
[7.130s] INFO:colcon.colcon_core.shell:Creating environment hook '/home/shan/ros2_ws/install/custom_interfaces/share/custom_interfaces/hook/ld_library_path_lib.ps1'
[7.131s] INFO:colcon.colcon_core.shell:Creating environment descriptor '/home/shan/ros2_ws/install/custom_interfaces/share/custom_interfaces/hook/ld_library_path_lib.dsv'
[7.132s] INFO:colcon.colcon_core.shell:Creating environment hook '/home/shan/ros2_ws/install/custom_interfaces/share/custom_interfaces/hook/ld_library_path_lib.sh'
[7.132s] Level 1:colcon.colcon_core.environment:checking '/home/shan/ros2_ws/install/custom_interfaces/bin'
[7.133s] Level 1:colcon.colcon_core.environment:checking '/home/shan/ros2_ws/install/custom_interfaces/lib/pkgconfig/custom_interfaces.pc'
[7.133s] Level 1:colcon.colcon_core.environment:checking '/home/shan/ros2_ws/install/custom_interfaces/lib/python3.10/site-packages'
[7.134s] Level 1:colcon.colcon_core.environment:checking '/home/shan/ros2_ws/install/custom_interfaces/bin'
[7.134s] INFO:colcon.colcon_core.shell:Creating package script '/home/shan/ros2_ws/install/custom_interfaces/share/custom_interfaces/package.ps1'
[7.136s] INFO:colcon.colcon_core.shell:Creating package descriptor '/home/shan/ros2_ws/install/custom_interfaces/share/custom_interfaces/package.dsv'
[7.137s] INFO:colcon.colcon_core.shell:Creating package script '/home/shan/ros2_ws/install/custom_interfaces/share/custom_interfaces/package.sh'
[7.139s] INFO:colcon.colcon_core.shell:Creating package script '/home/shan/ros2_ws/install/custom_interfaces/share/custom_interfaces/package.bash'
[7.140s] INFO:colcon.colcon_core.shell:Creating package script '/home/shan/ros2_ws/install/custom_interfaces/share/custom_interfaces/package.zsh'
[7.141s] Level 1:colcon.colcon_core.environment:create_file_with_runtime_dependencies(/home/shan/ros2_ws/install/custom_interfaces/share/colcon-core/packages/custom_interfaces)
[7.143s] Level 1:colcon.colcon_core.environment:create_environment_scripts_only(custom_interfaces)
[7.143s] Level 1:colcon.colcon_core.environment:checking '/home/shan/ros2_ws/install/custom_interfaces' for CMake module files
[7.145s] Level 1:colcon.colcon_core.environment:checking '/home/shan/ros2_ws/install/custom_interfaces' for CMake config files
[7.146s] Level 1:colcon.colcon_core.shell:create_environment_hook('custom_interfaces', 'cmake_prefix_path')
[7.146s] INFO:colcon.colcon_core.shell:Creating environment hook '/home/shan/ros2_ws/install/custom_interfaces/share/custom_interfaces/hook/cmake_prefix_path.ps1'
[7.147s] INFO:colcon.colcon_core.shell:Creating environment descriptor '/home/shan/ros2_ws/install/custom_interfaces/share/custom_interfaces/hook/cmake_prefix_path.dsv'
[7.148s] INFO:colcon.colcon_core.shell:Creating environment hook '/home/shan/ros2_ws/install/custom_interfaces/share/custom_interfaces/hook/cmake_prefix_path.sh'
[7.149s] Level 1:colcon.colcon_core.environment:checking '/home/shan/ros2_ws/install/custom_interfaces/lib'
[7.149s] Level 1:colcon.colcon_core.shell:create_environment_hook('custom_interfaces', 'ld_library_path_lib')
[7.149s] INFO:colcon.colcon_core.shell:Creating environment hook '/home/shan/ros2_ws/install/custom_interfaces/share/custom_interfaces/hook/ld_library_path_lib.ps1'
[7.150s] INFO:colcon.colcon_core.shell:Creating environment descriptor '/home/shan/ros2_ws/install/custom_interfaces/share/custom_interfaces/hook/ld_library_path_lib.dsv'
[7.151s] INFO:colcon.colcon_core.shell:Creating environment hook '/home/shan/ros2_ws/install/custom_interfaces/share/custom_interfaces/hook/ld_library_path_lib.sh'
[7.152s] Level 1:colcon.colcon_core.environment:checking '/home/shan/ros2_ws/install/custom_interfaces/bin'
[7.152s] Level 1:colcon.colcon_core.environment:checking '/home/shan/ros2_ws/install/custom_interfaces/lib/pkgconfig/custom_interfaces.pc'
[7.152s] Level 1:colcon.colcon_core.environment:checking '/home/shan/ros2_ws/install/custom_interfaces/lib/python3.10/site-packages'
[7.153s] Level 1:colcon.colcon_core.environment:checking '/home/shan/ros2_ws/install/custom_interfaces/bin'
[7.154s] INFO:colcon.colcon_core.shell:Creating package script '/home/shan/ros2_ws/install/custom_interfaces/share/custom_interfaces/package.ps1'
[7.155s] INFO:colcon.colcon_core.shell:Creating package descriptor '/home/shan/ros2_ws/install/custom_interfaces/share/custom_interfaces/package.dsv'
[7.156s] INFO:colcon.colcon_core.shell:Creating package script '/home/shan/ros2_ws/install/custom_interfaces/share/custom_interfaces/package.sh'
[7.157s] INFO:colcon.colcon_core.shell:Creating package script '/home/shan/ros2_ws/install/custom_interfaces/share/custom_interfaces/package.bash'
[7.158s] INFO:colcon.colcon_core.shell:Creating package script '/home/shan/ros2_ws/install/custom_interfaces/share/custom_interfaces/package.zsh'
[7.158s] Level 1:colcon.colcon_core.environment:create_file_with_runtime_dependencies(/home/shan/ros2_ws/install/custom_interfaces/share/colcon-core/packages/custom_interfaces)
[7.159s] DEBUG:colcon.colcon_parallel_executor.executor.parallel:closing loop
[7.160s] DEBUG:colcon.colcon_parallel_executor.executor.parallel:loop closed
[7.160s] DEBUG:colcon.colcon_parallel_executor.executor.parallel:run_until_complete finished with '0'
[7.160s] DEBUG:colcon.colcon_core.event_reactor:joining thread
[7.170s] INFO:colcon.colcon_core.plugin_system:Skipping extension 'colcon_notification.desktop_notification.terminal_notifier': Not used on non-Darwin systems
[7.171s] INFO:colcon.colcon_core.plugin_system:Skipping extension 'colcon_notification.desktop_notification.win32': Not used on non-Windows systems
[7.171s] INFO:colcon.colcon_notification.desktop_notification:Sending desktop notification using 'notify2'
[7.194s] DEBUG:colcon.colcon_core.event_reactor:joined thread
[7.195s] INFO:colcon.colcon_core.shell:Creating prefix script '/home/shan/ros2_ws/install/local_setup.ps1'
[7.197s] INFO:colcon.colcon_core.shell:Creating prefix util module '/home/shan/ros2_ws/install/_local_setup_util_ps1.py'
[7.200s] INFO:colcon.colcon_core.shell:Creating prefix chain script '/home/shan/ros2_ws/install/setup.ps1'
[7.202s] INFO:colcon.colcon_core.shell:Creating prefix script '/home/shan/ros2_ws/install/local_setup.sh'
[7.203s] INFO:colcon.colcon_core.shell:Creating prefix util module '/home/shan/ros2_ws/install/_local_setup_util_sh.py'
[7.204s] INFO:colcon.colcon_core.shell:Creating prefix chain script '/home/shan/ros2_ws/install/setup.sh'
[7.206s] INFO:colcon.colcon_core.shell:Creating prefix script '/home/shan/ros2_ws/install/local_setup.bash'
[7.207s] INFO:colcon.colcon_core.shell:Creating prefix chain script '/home/shan/ros2_ws/install/setup.bash'
[7.209s] INFO:colcon.colcon_core.shell:Creating prefix script '/home/shan/ros2_ws/install/local_setup.zsh'
[7.210s] INFO:colcon.colcon_core.shell:Creating prefix chain script '/home/shan/ros2_ws/install/setup.zsh'
