-- Found ament_cmake: 1.3.12 (/opt/ros/humble/share/ament_cmake/cmake)
-- Found rosidl_default_generators: 1.2.0 (/opt/ros/humble/share/rosidl_default_generators/cmake)
-- Using all available rosidl_typesupport_c: rosidl_typesupport_fastrtps_c;rosidl_typesupport_introspection_c
-- Found rosidl_adapter: 3.1.8 (/opt/ros/humble/share/rosidl_adapter/cmake)
-- Using all available rosidl_typesupport_cpp: rosidl_typesupport_fastrtps_cpp;rosidl_typesupport_introspection_cpp
-- Found ament_cmake_ros: 0.10.0 (/opt/ros/humble/share/ament_cmake_ros/cmake)
-- Using all available rosidl_typesupport_c: rosidl_typesupport_fastrtps_c;rosidl_typesupport_introspection_c
-- Using all available rosidl_typesupport_cpp: rosidl_typesupport_fastrtps_cpp;rosidl_typesupport_introspection_cpp
-- Found python_cmake_module: 0.10.0 (/opt/ros/humble/share/python_cmake_module/cmake)
-- Using PYTHON_EXECUTABLE: /usr/bin/python3
-- Using PYTHON_INCLUDE_DIRS: /usr/include/python3.10
-- Using PYTHON_LIBRARIES: /usr/lib/x86_64-linux-gnu/libpython3.10.so
-- Found ament_lint_auto: 0.12.14 (/opt/ros/humble/share/ament_lint_auto/cmake)
-- Added test 'cppcheck' to perform static code analysis on C / C++ code
-- Configured cppcheck include dirs: 
-- Configured cppcheck exclude dirs and/or files: 
-- Added test 'flake8' to check Python code syntax and style conventions
-- Added test 'lint_cmake' to check CMake code style
-- Added test 'pep257' to check Python code against some of the docstring style conventions in PEP 257
-- Added test 'uncrustify' to check C / C++ code style
-- Configured uncrustify additional arguments: 
-- Added test 'xmllint' to check XML markup files
-- Configuring done
-- Generating done
-- Build files have been written to: /home/shan/ros2_ws/build/custom_interfaces
[  1%] [34m[1mGenerating C code for ROS interfaces[0m
[  2%] [34m[1mGenerating C++ code for ROS interfaces[0m
[  2%] Built target ament_cmake_python_copy_custom_interfaces
running egg_info
writing custom_interfaces.egg-info/PKG-INFO
writing dependency_links to custom_interfaces.egg-info/dependency_links.txt
writing top-level names to custom_interfaces.egg-info/top_level.txt
reading manifest file 'custom_interfaces.egg-info/SOURCES.txt'
writing manifest file 'custom_interfaces.egg-info/SOURCES.txt'
[  2%] Built target ament_cmake_python_build_custom_interfaces_egg
[35m[1mConsolidate compiler generated dependencies of target custom_interfaces__rosidl_generator_c[0m
[  2%] Built target custom_interfaces__cpp
[  3%] [32mBuilding C object CMakeFiles/custom_interfaces__rosidl_generator_c.dir/rosidl_generator_c/custom_interfaces/msg/detail/hardwarestatus__functions.c.o[0m
[  5%] [32mBuilding C object CMakeFiles/custom_interfaces__rosidl_generator_c.dir/rosidl_generator_c/custom_interfaces/msg/detail/pose__functions.c.o[0m
[  6%] [32mBuilding C object CMakeFiles/custom_interfaces__rosidl_generator_c.dir/rosidl_generator_c/custom_interfaces/msg/detail/vector4__functions.c.o[0m
[  7%] [32mBuilding C object CMakeFiles/custom_interfaces__rosidl_generator_c.dir/rosidl_generator_c/custom_interfaces/msg/detail/quaternion__functions.c.o[0m
[  8%] [32mBuilding C object CMakeFiles/custom_interfaces__rosidl_generator_c.dir/rosidl_generator_c/custom_interfaces/msg/detail/point__functions.c.o[0m
[ 10%] [34m[1mGenerating C++ type support dispatch for ROS interfaces[0m
[ 11%] [34m[1mGenerating C++ type support for eProsima Fast-RTPS[0m
[ 13%] [32mBuilding C object CMakeFiles/custom_interfaces__rosidl_generator_c.dir/rosidl_generator_c/custom_interfaces/srv/detail/dotproduct__functions.c.o[0m
[ 13%] [32mBuilding C object CMakeFiles/custom_interfaces__rosidl_generator_c.dir/rosidl_generator_c/custom_interfaces/srv/detail/multiply_two_ints__functions.c.o[0m
[ 15%] [34m[1mGenerating C++ introspection for ROS interfaces[0m
[ 16%] [32m[1mLinking C shared library libcustom_interfaces__rosidl_generator_c.so[0m
[ 16%] Built target custom_interfaces__rosidl_generator_c
[ 18%] [34m[1mGenerating C introspection for ROS interfaces[0m
[ 18%] [34m[1mGenerating C type support for eProsima Fast-RTPS[0m
[ 20%] [34m[1mGenerating C type support dispatch for ROS interfaces[0m
[35m[1mConsolidate compiler generated dependencies of target custom_interfaces__rosidl_typesupport_cpp[0m
[ 21%] [32mBuilding CXX object CMakeFiles/custom_interfaces__rosidl_typesupport_cpp.dir/rosidl_typesupport_cpp/custom_interfaces/msg/vector4__type_support.cpp.o[0m
[ 22%] [32mBuilding CXX object CMakeFiles/custom_interfaces__rosidl_typesupport_cpp.dir/rosidl_typesupport_cpp/custom_interfaces/msg/pose__type_support.cpp.o[0m
[ 24%] [32mBuilding CXX object CMakeFiles/custom_interfaces__rosidl_typesupport_cpp.dir/rosidl_typesupport_cpp/custom_interfaces/msg/hardwarestatus__type_support.cpp.o[0m
[ 25%] [32mBuilding CXX object CMakeFiles/custom_interfaces__rosidl_typesupport_cpp.dir/rosidl_typesupport_cpp/custom_interfaces/msg/point__type_support.cpp.o[0m
[ 26%] [32mBuilding CXX object CMakeFiles/custom_interfaces__rosidl_typesupport_cpp.dir/rosidl_typesupport_cpp/custom_interfaces/srv/multiply_two_ints__type_support.cpp.o[0m
[ 27%] [32mBuilding CXX object CMakeFiles/custom_interfaces__rosidl_typesupport_cpp.dir/rosidl_typesupport_cpp/custom_interfaces/msg/quaternion__type_support.cpp.o[0m
[ 29%] [32mBuilding CXX object CMakeFiles/custom_interfaces__rosidl_typesupport_cpp.dir/rosidl_typesupport_cpp/custom_interfaces/srv/dotproduct__type_support.cpp.o[0m
[35m[1mConsolidate compiler generated dependencies of target custom_interfaces__rosidl_typesupport_introspection_cpp[0m
[ 30%] [32mBuilding CXX object CMakeFiles/custom_interfaces__rosidl_typesupport_introspection_cpp.dir/rosidl_typesupport_introspection_cpp/custom_interfaces/msg/detail/vector4__type_support.cpp.o[0m
[ 31%] [32mBuilding CXX object CMakeFiles/custom_interfaces__rosidl_typesupport_introspection_cpp.dir/rosidl_typesupport_introspection_cpp/custom_interfaces/msg/detail/quaternion__type_support.cpp.o[0m
[ 32%] [32mBuilding CXX object CMakeFiles/custom_interfaces__rosidl_typesupport_introspection_cpp.dir/rosidl_typesupport_introspection_cpp/custom_interfaces/msg/detail/point__type_support.cpp.o[0m
[ 34%] [32mBuilding CXX object CMakeFiles/custom_interfaces__rosidl_typesupport_introspection_cpp.dir/rosidl_typesupport_introspection_cpp/custom_interfaces/msg/detail/hardwarestatus__type_support.cpp.o[0m
[ 35%] [32mBuilding CXX object CMakeFiles/custom_interfaces__rosidl_typesupport_introspection_cpp.dir/rosidl_typesupport_introspection_cpp/custom_interfaces/msg/detail/pose__type_support.cpp.o[0m
[35m[1mConsolidate compiler generated dependencies of target custom_interfaces__rosidl_typesupport_c[0m
[ 36%] [32mBuilding CXX object CMakeFiles/custom_interfaces__rosidl_typesupport_c.dir/rosidl_typesupport_c/custom_interfaces/msg/vector4__type_support.cpp.o[0m
[35m[1mConsolidate compiler generated dependencies of target custom_interfaces__rosidl_typesupport_fastrtps_cpp[0m
[ 37%] [32mBuilding CXX object CMakeFiles/custom_interfaces__rosidl_typesupport_introspection_cpp.dir/rosidl_typesupport_introspection_cpp/custom_interfaces/srv/detail/multiply_two_ints__type_support.cpp.o[0m
[ 39%] [32mBuilding CXX object CMakeFiles/custom_interfaces__rosidl_typesupport_c.dir/rosidl_typesupport_c/custom_interfaces/msg/hardwarestatus__type_support.cpp.o[0m
[ 40%] [32mBuilding CXX object CMakeFiles/custom_interfaces__rosidl_typesupport_fastrtps_cpp.dir/rosidl_typesupport_fastrtps_cpp/custom_interfaces/msg/detail/dds_fastrtps/vector4__type_support.cpp.o[0m
[ 41%] [32mBuilding CXX object CMakeFiles/custom_interfaces__rosidl_typesupport_introspection_cpp.dir/rosidl_typesupport_introspection_cpp/custom_interfaces/srv/detail/dotproduct__type_support.cpp.o[0m
[ 43%] [32mBuilding CXX object CMakeFiles/custom_interfaces__rosidl_typesupport_c.dir/rosidl_typesupport_c/custom_interfaces/msg/point__type_support.cpp.o[0m
[ 44%] [32mBuilding CXX object CMakeFiles/custom_interfaces__rosidl_typesupport_fastrtps_cpp.dir/rosidl_typesupport_fastrtps_cpp/custom_interfaces/msg/detail/dds_fastrtps/hardwarestatus__type_support.cpp.o[0m
[ 45%] [32mBuilding CXX object CMakeFiles/custom_interfaces__rosidl_typesupport_fastrtps_cpp.dir/rosidl_typesupport_fastrtps_cpp/custom_interfaces/msg/detail/dds_fastrtps/point__type_support.cpp.o[0m
[35m[1mConsolidate compiler generated dependencies of target custom_interfaces__rosidl_typesupport_introspection_c[0m
[ 46%] [32mBuilding CXX object CMakeFiles/custom_interfaces__rosidl_typesupport_c.dir/rosidl_typesupport_c/custom_interfaces/msg/quaternion__type_support.cpp.o[0m
[ 48%] [32mBuilding CXX object CMakeFiles/custom_interfaces__rosidl_typesupport_c.dir/rosidl_typesupport_c/custom_interfaces/msg/pose__type_support.cpp.o[0m
[ 49%] [32m[1mLinking CXX shared library libcustom_interfaces__rosidl_typesupport_cpp.so[0m
[ 50%] [32mBuilding C object CMakeFiles/custom_interfaces__rosidl_typesupport_introspection_c.dir/rosidl_typesupport_introspection_c/custom_interfaces/msg/detail/vector4__type_support.c.o[0m
[ 51%] [32mBuilding C object CMakeFiles/custom_interfaces__rosidl_typesupport_introspection_c.dir/rosidl_typesupport_introspection_c/custom_interfaces/msg/detail/hardwarestatus__type_support.c.o[0m
[35m[1mConsolidate compiler generated dependencies of target custom_interfaces__rosidl_typesupport_fastrtps_c[0m
[ 53%] [32mBuilding CXX object CMakeFiles/custom_interfaces__rosidl_typesupport_c.dir/rosidl_typesupport_c/custom_interfaces/srv/multiply_two_ints__type_support.cpp.o[0m
[ 54%] [32mBuilding C object CMakeFiles/custom_interfaces__rosidl_typesupport_introspection_c.dir/rosidl_typesupport_introspection_c/custom_interfaces/msg/detail/point__type_support.c.o[0m
[ 55%] [32mBuilding CXX object CMakeFiles/custom_interfaces__rosidl_typesupport_fastrtps_c.dir/rosidl_typesupport_fastrtps_c/custom_interfaces/msg/detail/vector4__type_support_c.cpp.o[0m
[ 56%] [32mBuilding CXX object CMakeFiles/custom_interfaces__rosidl_typesupport_fastrtps_c.dir/rosidl_typesupport_fastrtps_c/custom_interfaces/msg/detail/hardwarestatus__type_support_c.cpp.o[0m
[ 56%] Built target custom_interfaces__rosidl_typesupport_cpp
[ 58%] [32mBuilding CXX object CMakeFiles/custom_interfaces__rosidl_typesupport_c.dir/rosidl_typesupport_c/custom_interfaces/srv/dotproduct__type_support.cpp.o[0m
[ 59%] [32mBuilding CXX object CMakeFiles/custom_interfaces__rosidl_typesupport_fastrtps_c.dir/rosidl_typesupport_fastrtps_c/custom_interfaces/msg/detail/point__type_support_c.cpp.o[0m
[ 60%] [32mBuilding CXX object CMakeFiles/custom_interfaces__rosidl_typesupport_fastrtps_c.dir/rosidl_typesupport_fastrtps_c/custom_interfaces/msg/detail/pose__type_support_c.cpp.o[0m
[ 62%] [32mBuilding C object CMakeFiles/custom_interfaces__rosidl_typesupport_introspection_c.dir/rosidl_typesupport_introspection_c/custom_interfaces/msg/detail/pose__type_support.c.o[0m
[ 63%] [32m[1mLinking CXX shared library libcustom_interfaces__rosidl_typesupport_c.so[0m
[ 64%] [32mBuilding C object CMakeFiles/custom_interfaces__rosidl_typesupport_introspection_c.dir/rosidl_typesupport_introspection_c/custom_interfaces/msg/detail/quaternion__type_support.c.o[0m
[ 65%] [32mBuilding CXX object CMakeFiles/custom_interfaces__rosidl_typesupport_fastrtps_c.dir/rosidl_typesupport_fastrtps_c/custom_interfaces/msg/detail/quaternion__type_support_c.cpp.o[0m
[ 67%] [32mBuilding C object CMakeFiles/custom_interfaces__rosidl_typesupport_introspection_c.dir/rosidl_typesupport_introspection_c/custom_interfaces/srv/detail/multiply_two_ints__type_support.c.o[0m
[ 68%] [32mBuilding C object CMakeFiles/custom_interfaces__rosidl_typesupport_introspection_c.dir/rosidl_typesupport_introspection_c/custom_interfaces/srv/detail/dotproduct__type_support.c.o[0m
[ 69%] [32mBuilding CXX object CMakeFiles/custom_interfaces__rosidl_typesupport_fastrtps_cpp.dir/rosidl_typesupport_fastrtps_cpp/custom_interfaces/msg/detail/dds_fastrtps/pose__type_support.cpp.o[0m
[ 69%] Built target custom_interfaces__rosidl_typesupport_c
[ 70%] [32mBuilding CXX object CMakeFiles/custom_interfaces__rosidl_typesupport_fastrtps_c.dir/rosidl_typesupport_fastrtps_c/custom_interfaces/srv/detail/multiply_two_ints__type_support_c.cpp.o[0m
[ 72%] [32mBuilding CXX object CMakeFiles/custom_interfaces__rosidl_typesupport_fastrtps_cpp.dir/rosidl_typesupport_fastrtps_cpp/custom_interfaces/srv/detail/dds_fastrtps/multiply_two_ints__type_support.cpp.o[0m
[ 73%] [32mBuilding CXX object CMakeFiles/custom_interfaces__rosidl_typesupport_fastrtps_cpp.dir/rosidl_typesupport_fastrtps_cpp/custom_interfaces/msg/detail/dds_fastrtps/quaternion__type_support.cpp.o[0m
[ 74%] [32mBuilding CXX object CMakeFiles/custom_interfaces__rosidl_typesupport_fastrtps_c.dir/rosidl_typesupport_fastrtps_c/custom_interfaces/srv/detail/dotproduct__type_support_c.cpp.o[0m
[ 75%] [32m[1mLinking C shared library libcustom_interfaces__rosidl_typesupport_introspection_c.so[0m
[ 75%] Built target custom_interfaces__rosidl_typesupport_introspection_c
[ 77%] [32mBuilding CXX object CMakeFiles/custom_interfaces__rosidl_typesupport_fastrtps_cpp.dir/rosidl_typesupport_fastrtps_cpp/custom_interfaces/srv/detail/dds_fastrtps/dotproduct__type_support.cpp.o[0m
[ 78%] [32m[1mLinking CXX shared library libcustom_interfaces__rosidl_typesupport_introspection_cpp.so[0m
[ 78%] Built target custom_interfaces__rosidl_typesupport_introspection_cpp
[ 79%] [32m[1mLinking CXX shared library libcustom_interfaces__rosidl_typesupport_fastrtps_c.so[0m
[ 79%] Built target custom_interfaces__rosidl_typesupport_fastrtps_c
[ 81%] [32m[1mLinking CXX shared library libcustom_interfaces__rosidl_typesupport_fastrtps_cpp.so[0m
[ 81%] Built target custom_interfaces__rosidl_typesupport_fastrtps_cpp
[ 81%] Built target custom_interfaces
[ 82%] [34m[1mGenerating Python code for ROS interfaces[0m
[ 82%] Built target custom_interfaces__py
[35m[1mConsolidate compiler generated dependencies of target custom_interfaces__rosidl_generator_py[0m
[ 86%] [32mBuilding C object CMakeFiles/custom_interfaces__rosidl_generator_py.dir/rosidl_generator_py/custom_interfaces/msg/_point_s.c.o[0m
[ 86%] [32mBuilding C object CMakeFiles/custom_interfaces__rosidl_generator_py.dir/rosidl_generator_py/custom_interfaces/msg/_vector4_s.c.o[0m
[ 86%] [32mBuilding C object CMakeFiles/custom_interfaces__rosidl_generator_py.dir/rosidl_generator_py/custom_interfaces/srv/_multiply_two_ints_s.c.o[0m
[ 87%] [32mBuilding C object CMakeFiles/custom_interfaces__rosidl_generator_py.dir/rosidl_generator_py/custom_interfaces/msg/_hardwarestatus_s.c.o[0m
[ 88%] [32mBuilding C object CMakeFiles/custom_interfaces__rosidl_generator_py.dir/rosidl_generator_py/custom_interfaces/msg/_pose_s.c.o[0m
[ 91%] [32mBuilding C object CMakeFiles/custom_interfaces__rosidl_generator_py.dir/rosidl_generator_py/custom_interfaces/srv/_dotproduct_s.c.o[0m
[ 91%] [32mBuilding C object CMakeFiles/custom_interfaces__rosidl_generator_py.dir/rosidl_generator_py/custom_interfaces/msg/_quaternion_s.c.o[0m
[ 92%] [32m[1mLinking C shared library rosidl_generator_py/custom_interfaces/libcustom_interfaces__rosidl_generator_py.so[0m
[ 92%] Built target custom_interfaces__rosidl_generator_py
[35m[1mConsolidate compiler generated dependencies of target custom_interfaces__rosidl_typesupport_fastrtps_c__pyext[0m
[35m[1mConsolidate compiler generated dependencies of target custom_interfaces__rosidl_typesupport_c__pyext[0m
[35m[1mConsolidate compiler generated dependencies of target custom_interfaces__rosidl_typesupport_introspection_c__pyext[0m
[ 96%] [32mBuilding C object CMakeFiles/custom_interfaces__rosidl_typesupport_fastrtps_c__pyext.dir/rosidl_generator_py/custom_interfaces/_custom_interfaces_s.ep.rosidl_typesupport_fastrtps_c.c.o[0m
[ 96%] [32mBuilding C object CMakeFiles/custom_interfaces__rosidl_typesupport_c__pyext.dir/rosidl_generator_py/custom_interfaces/_custom_interfaces_s.ep.rosidl_typesupport_c.c.o[0m
[ 96%] [32mBuilding C object CMakeFiles/custom_interfaces__rosidl_typesupport_introspection_c__pyext.dir/rosidl_generator_py/custom_interfaces/_custom_interfaces_s.ep.rosidl_typesupport_introspection_c.c.o[0m
[ 98%] [32m[1mLinking C shared library rosidl_generator_py/custom_interfaces/custom_interfaces_s__rosidl_typesupport_c.cpython-310-x86_64-linux-gnu.so[0m
[ 98%] [32m[1mLinking C shared library rosidl_generator_py/custom_interfaces/custom_interfaces_s__rosidl_typesupport_introspection_c.cpython-310-x86_64-linux-gnu.so[0m
[100%] [32m[1mLinking C shared library rosidl_generator_py/custom_interfaces/custom_interfaces_s__rosidl_typesupport_fastrtps_c.cpython-310-x86_64-linux-gnu.so[0m
[100%] Built target custom_interfaces__rosidl_typesupport_c__pyext
[100%] Built target custom_interfaces__rosidl_typesupport_introspection_c__pyext
[100%] Built target custom_interfaces__rosidl_typesupport_fastrtps_c__pyext
-- Install configuration: ""
-- Up-to-date: /home/shan/ros2_ws/install/custom_interfaces/share/ament_index/resource_index/rosidl_interfaces/custom_interfaces
-- Up-to-date: /home/shan/ros2_ws/install/custom_interfaces/include/custom_interfaces/custom_interfaces
-- Up-to-date: /home/shan/ros2_ws/install/custom_interfaces/include/custom_interfaces/custom_interfaces/srv
-- Up-to-date: /home/shan/ros2_ws/install/custom_interfaces/include/custom_interfaces/custom_interfaces/srv/detail
-- Installing: /home/shan/ros2_ws/install/custom_interfaces/include/custom_interfaces/custom_interfaces/srv/detail/multiply_two_ints__type_support.h
-- Installing: /home/shan/ros2_ws/install/custom_interfaces/include/custom_interfaces/custom_interfaces/srv/detail/dotproduct__type_support.h
-- Installing: /home/shan/ros2_ws/install/custom_interfaces/include/custom_interfaces/custom_interfaces/srv/detail/dotproduct__struct.h
-- Installing: /home/shan/ros2_ws/install/custom_interfaces/include/custom_interfaces/custom_interfaces/srv/detail/multiply_two_ints__struct.h
-- Installing: /home/shan/ros2_ws/install/custom_interfaces/include/custom_interfaces/custom_interfaces/srv/detail/multiply_two_ints__functions.h
-- Installing: /home/shan/ros2_ws/install/custom_interfaces/include/custom_interfaces/custom_interfaces/srv/detail/dotproduct__functions.c
-- Installing: /home/shan/ros2_ws/install/custom_interfaces/include/custom_interfaces/custom_interfaces/srv/detail/dotproduct__functions.h
-- Installing: /home/shan/ros2_ws/install/custom_interfaces/include/custom_interfaces/custom_interfaces/srv/detail/multiply_two_ints__functions.c
-- Installing: /home/shan/ros2_ws/install/custom_interfaces/include/custom_interfaces/custom_interfaces/srv/multiply_two_ints.h
-- Installing: /home/shan/ros2_ws/install/custom_interfaces/include/custom_interfaces/custom_interfaces/srv/dotproduct.h
-- Up-to-date: /home/shan/ros2_ws/install/custom_interfaces/include/custom_interfaces/custom_interfaces/msg
-- Installing: /home/shan/ros2_ws/install/custom_interfaces/include/custom_interfaces/custom_interfaces/msg/vector4.h
-- Up-to-date: /home/shan/ros2_ws/install/custom_interfaces/include/custom_interfaces/custom_interfaces/msg/detail
-- Installing: /home/shan/ros2_ws/install/custom_interfaces/include/custom_interfaces/custom_interfaces/msg/detail/quaternion__struct.h
-- Installing: /home/shan/ros2_ws/install/custom_interfaces/include/custom_interfaces/custom_interfaces/msg/detail/hardwarestatus__type_support.h
-- Installing: /home/shan/ros2_ws/install/custom_interfaces/include/custom_interfaces/custom_interfaces/msg/detail/hardwarestatus__functions.c
-- Installing: /home/shan/ros2_ws/install/custom_interfaces/include/custom_interfaces/custom_interfaces/msg/detail/point__struct.h
-- Installing: /home/shan/ros2_ws/install/custom_interfaces/include/custom_interfaces/custom_interfaces/msg/detail/vector4__type_support.h
-- Installing: /home/shan/ros2_ws/install/custom_interfaces/include/custom_interfaces/custom_interfaces/msg/detail/point__functions.c
-- Installing: /home/shan/ros2_ws/install/custom_interfaces/include/custom_interfaces/custom_interfaces/msg/detail/pose__type_support.h
-- Installing: /home/shan/ros2_ws/install/custom_interfaces/include/custom_interfaces/custom_interfaces/msg/detail/hardwarestatus__functions.h
-- Installing: /home/shan/ros2_ws/install/custom_interfaces/include/custom_interfaces/custom_interfaces/msg/detail/point__functions.h
-- Installing: /home/shan/ros2_ws/install/custom_interfaces/include/custom_interfaces/custom_interfaces/msg/detail/quaternion__functions.c
-- Installing: /home/shan/ros2_ws/install/custom_interfaces/include/custom_interfaces/custom_interfaces/msg/detail/quaternion__functions.h
-- Installing: /home/shan/ros2_ws/install/custom_interfaces/include/custom_interfaces/custom_interfaces/msg/detail/pose__functions.h
-- Installing: /home/shan/ros2_ws/install/custom_interfaces/include/custom_interfaces/custom_interfaces/msg/detail/pose__functions.c
-- Installing: /home/shan/ros2_ws/install/custom_interfaces/include/custom_interfaces/custom_interfaces/msg/detail/vector4__struct.h
-- Installing: /home/shan/ros2_ws/install/custom_interfaces/include/custom_interfaces/custom_interfaces/msg/detail/vector4__functions.h
-- Installing: /home/shan/ros2_ws/install/custom_interfaces/include/custom_interfaces/custom_interfaces/msg/detail/point__type_support.h
-- Installing: /home/shan/ros2_ws/install/custom_interfaces/include/custom_interfaces/custom_interfaces/msg/detail/quaternion__type_support.h
-- Installing: /home/shan/ros2_ws/install/custom_interfaces/include/custom_interfaces/custom_interfaces/msg/detail/hardwarestatus__struct.h
-- Installing: /home/shan/ros2_ws/install/custom_interfaces/include/custom_interfaces/custom_interfaces/msg/detail/pose__struct.h
-- Installing: /home/shan/ros2_ws/install/custom_interfaces/include/custom_interfaces/custom_interfaces/msg/detail/vector4__functions.c
-- Installing: /home/shan/ros2_ws/install/custom_interfaces/include/custom_interfaces/custom_interfaces/msg/hardwarestatus.h
-- Installing: /home/shan/ros2_ws/install/custom_interfaces/include/custom_interfaces/custom_interfaces/msg/point.h
-- Installing: /home/shan/ros2_ws/install/custom_interfaces/include/custom_interfaces/custom_interfaces/msg/quaternion.h
-- Up-to-date: /home/shan/ros2_ws/install/custom_interfaces/include/custom_interfaces/custom_interfaces/msg/rosidl_generator_c__visibility_control.h
-- Installing: /home/shan/ros2_ws/install/custom_interfaces/include/custom_interfaces/custom_interfaces/msg/pose.h
-- Up-to-date: /home/shan/ros2_ws/install/custom_interfaces/share/custom_interfaces/environment/library_path.sh
-- Installing: /home/shan/ros2_ws/install/custom_interfaces/share/custom_interfaces/environment/library_path.dsv
-- Installing: /home/shan/ros2_ws/install/custom_interfaces/lib/libcustom_interfaces__rosidl_generator_c.so
-- Set runtime path of "/home/shan/ros2_ws/install/custom_interfaces/lib/libcustom_interfaces__rosidl_generator_c.so" to ""
-- Up-to-date: /home/shan/ros2_ws/install/custom_interfaces/include/custom_interfaces/custom_interfaces
-- Up-to-date: /home/shan/ros2_ws/install/custom_interfaces/include/custom_interfaces/custom_interfaces/srv
-- Up-to-date: /home/shan/ros2_ws/install/custom_interfaces/include/custom_interfaces/custom_interfaces/srv/detail
-- Installing: /home/shan/ros2_ws/install/custom_interfaces/include/custom_interfaces/custom_interfaces/srv/detail/multiply_two_ints__rosidl_typesupport_fastrtps_c.h
-- Installing: /home/shan/ros2_ws/install/custom_interfaces/include/custom_interfaces/custom_interfaces/srv/detail/dotproduct__rosidl_typesupport_fastrtps_c.h
-- Up-to-date: /home/shan/ros2_ws/install/custom_interfaces/include/custom_interfaces/custom_interfaces/msg
-- Up-to-date: /home/shan/ros2_ws/install/custom_interfaces/include/custom_interfaces/custom_interfaces/msg/detail
-- Installing: /home/shan/ros2_ws/install/custom_interfaces/include/custom_interfaces/custom_interfaces/msg/detail/pose__rosidl_typesupport_fastrtps_c.h
-- Installing: /home/shan/ros2_ws/install/custom_interfaces/include/custom_interfaces/custom_interfaces/msg/detail/quaternion__rosidl_typesupport_fastrtps_c.h
-- Installing: /home/shan/ros2_ws/install/custom_interfaces/include/custom_interfaces/custom_interfaces/msg/detail/hardwarestatus__rosidl_typesupport_fastrtps_c.h
-- Installing: /home/shan/ros2_ws/install/custom_interfaces/include/custom_interfaces/custom_interfaces/msg/detail/point__rosidl_typesupport_fastrtps_c.h
-- Installing: /home/shan/ros2_ws/install/custom_interfaces/include/custom_interfaces/custom_interfaces/msg/detail/vector4__rosidl_typesupport_fastrtps_c.h
-- Up-to-date: /home/shan/ros2_ws/install/custom_interfaces/include/custom_interfaces/custom_interfaces/msg/rosidl_typesupport_fastrtps_c__visibility_control.h
-- Installing: /home/shan/ros2_ws/install/custom_interfaces/lib/libcustom_interfaces__rosidl_typesupport_fastrtps_c.so
-- Set runtime path of "/home/shan/ros2_ws/install/custom_interfaces/lib/libcustom_interfaces__rosidl_typesupport_fastrtps_c.so" to ""
-- Up-to-date: /home/shan/ros2_ws/install/custom_interfaces/include/custom_interfaces/custom_interfaces
-- Up-to-date: /home/shan/ros2_ws/install/custom_interfaces/include/custom_interfaces/custom_interfaces/srv
-- Up-to-date: /home/shan/ros2_ws/install/custom_interfaces/include/custom_interfaces/custom_interfaces/srv/detail
-- Installing: /home/shan/ros2_ws/install/custom_interfaces/include/custom_interfaces/custom_interfaces/srv/detail/multiply_two_ints__type_support.c
-- Installing: /home/shan/ros2_ws/install/custom_interfaces/include/custom_interfaces/custom_interfaces/srv/detail/dotproduct__rosidl_typesupport_introspection_c.h
-- Installing: /home/shan/ros2_ws/install/custom_interfaces/include/custom_interfaces/custom_interfaces/srv/detail/multiply_two_ints__rosidl_typesupport_introspection_c.h
-- Installing: /home/shan/ros2_ws/install/custom_interfaces/include/custom_interfaces/custom_interfaces/srv/detail/dotproduct__type_support.c
-- Up-to-date: /home/shan/ros2_ws/install/custom_interfaces/include/custom_interfaces/custom_interfaces/msg
-- Up-to-date: /home/shan/ros2_ws/install/custom_interfaces/include/custom_interfaces/custom_interfaces/msg/detail
-- Installing: /home/shan/ros2_ws/install/custom_interfaces/include/custom_interfaces/custom_interfaces/msg/detail/hardwarestatus__rosidl_typesupport_introspection_c.h
-- Installing: /home/shan/ros2_ws/install/custom_interfaces/include/custom_interfaces/custom_interfaces/msg/detail/point__type_support.c
-- Installing: /home/shan/ros2_ws/install/custom_interfaces/include/custom_interfaces/custom_interfaces/msg/detail/quaternion__type_support.c
-- Installing: /home/shan/ros2_ws/install/custom_interfaces/include/custom_interfaces/custom_interfaces/msg/detail/vector4__rosidl_typesupport_introspection_c.h
-- Installing: /home/shan/ros2_ws/install/custom_interfaces/include/custom_interfaces/custom_interfaces/msg/detail/vector4__type_support.c
-- Installing: /home/shan/ros2_ws/install/custom_interfaces/include/custom_interfaces/custom_interfaces/msg/detail/hardwarestatus__type_support.c
-- Installing: /home/shan/ros2_ws/install/custom_interfaces/include/custom_interfaces/custom_interfaces/msg/detail/pose__rosidl_typesupport_introspection_c.h
-- Installing: /home/shan/ros2_ws/install/custom_interfaces/include/custom_interfaces/custom_interfaces/msg/detail/quaternion__rosidl_typesupport_introspection_c.h
-- Installing: /home/shan/ros2_ws/install/custom_interfaces/include/custom_interfaces/custom_interfaces/msg/detail/pose__type_support.c
-- Installing: /home/shan/ros2_ws/install/custom_interfaces/include/custom_interfaces/custom_interfaces/msg/detail/point__rosidl_typesupport_introspection_c.h
-- Up-to-date: /home/shan/ros2_ws/install/custom_interfaces/include/custom_interfaces/custom_interfaces/msg/rosidl_typesupport_introspection_c__visibility_control.h
-- Installing: /home/shan/ros2_ws/install/custom_interfaces/lib/libcustom_interfaces__rosidl_typesupport_introspection_c.so
-- Set runtime path of "/home/shan/ros2_ws/install/custom_interfaces/lib/libcustom_interfaces__rosidl_typesupport_introspection_c.so" to ""
-- Installing: /home/shan/ros2_ws/install/custom_interfaces/lib/libcustom_interfaces__rosidl_typesupport_c.so
-- Set runtime path of "/home/shan/ros2_ws/install/custom_interfaces/lib/libcustom_interfaces__rosidl_typesupport_c.so" to ""
-- Up-to-date: /home/shan/ros2_ws/install/custom_interfaces/include/custom_interfaces/custom_interfaces
-- Up-to-date: /home/shan/ros2_ws/install/custom_interfaces/include/custom_interfaces/custom_interfaces/srv
-- Installing: /home/shan/ros2_ws/install/custom_interfaces/include/custom_interfaces/custom_interfaces/srv/multiply_two_ints.hpp
-- Up-to-date: /home/shan/ros2_ws/install/custom_interfaces/include/custom_interfaces/custom_interfaces/srv/detail
-- Installing: /home/shan/ros2_ws/install/custom_interfaces/include/custom_interfaces/custom_interfaces/srv/detail/dotproduct__type_support.hpp
-- Installing: /home/shan/ros2_ws/install/custom_interfaces/include/custom_interfaces/custom_interfaces/srv/detail/dotproduct__traits.hpp
-- Installing: /home/shan/ros2_ws/install/custom_interfaces/include/custom_interfaces/custom_interfaces/srv/detail/multiply_two_ints__builder.hpp
-- Installing: /home/shan/ros2_ws/install/custom_interfaces/include/custom_interfaces/custom_interfaces/srv/detail/dotproduct__struct.hpp
-- Installing: /home/shan/ros2_ws/install/custom_interfaces/include/custom_interfaces/custom_interfaces/srv/detail/dotproduct__builder.hpp
-- Installing: /home/shan/ros2_ws/install/custom_interfaces/include/custom_interfaces/custom_interfaces/srv/detail/multiply_two_ints__struct.hpp
-- Installing: /home/shan/ros2_ws/install/custom_interfaces/include/custom_interfaces/custom_interfaces/srv/detail/multiply_two_ints__type_support.hpp
-- Installing: /home/shan/ros2_ws/install/custom_interfaces/include/custom_interfaces/custom_interfaces/srv/detail/multiply_two_ints__traits.hpp
-- Installing: /home/shan/ros2_ws/install/custom_interfaces/include/custom_interfaces/custom_interfaces/srv/dotproduct.hpp
-- Up-to-date: /home/shan/ros2_ws/install/custom_interfaces/include/custom_interfaces/custom_interfaces/msg
-- Installing: /home/shan/ros2_ws/install/custom_interfaces/include/custom_interfaces/custom_interfaces/msg/point.hpp
-- Installing: /home/shan/ros2_ws/install/custom_interfaces/include/custom_interfaces/custom_interfaces/msg/hardwarestatus.hpp
-- Up-to-date: /home/shan/ros2_ws/install/custom_interfaces/include/custom_interfaces/custom_interfaces/msg/detail
-- Installing: /home/shan/ros2_ws/install/custom_interfaces/include/custom_interfaces/custom_interfaces/msg/detail/hardwarestatus__struct.hpp
-- Installing: /home/shan/ros2_ws/install/custom_interfaces/include/custom_interfaces/custom_interfaces/msg/detail/hardwarestatus__builder.hpp
-- Installing: /home/shan/ros2_ws/install/custom_interfaces/include/custom_interfaces/custom_interfaces/msg/detail/quaternion__traits.hpp
-- Installing: /home/shan/ros2_ws/install/custom_interfaces/include/custom_interfaces/custom_interfaces/msg/detail/point__type_support.hpp
-- Installing: /home/shan/ros2_ws/install/custom_interfaces/include/custom_interfaces/custom_interfaces/msg/detail/quaternion__struct.hpp
-- Installing: /home/shan/ros2_ws/install/custom_interfaces/include/custom_interfaces/custom_interfaces/msg/detail/vector4__traits.hpp
-- Installing: /home/shan/ros2_ws/install/custom_interfaces/include/custom_interfaces/custom_interfaces/msg/detail/hardwarestatus__traits.hpp
-- Installing: /home/shan/ros2_ws/install/custom_interfaces/include/custom_interfaces/custom_interfaces/msg/detail/vector4__builder.hpp
-- Installing: /home/shan/ros2_ws/install/custom_interfaces/include/custom_interfaces/custom_interfaces/msg/detail/point__struct.hpp
-- Installing: /home/shan/ros2_ws/install/custom_interfaces/include/custom_interfaces/custom_interfaces/msg/detail/vector4__struct.hpp
-- Installing: /home/shan/ros2_ws/install/custom_interfaces/include/custom_interfaces/custom_interfaces/msg/detail/pose__type_support.hpp
-- Installing: /home/shan/ros2_ws/install/custom_interfaces/include/custom_interfaces/custom_interfaces/msg/detail/pose__builder.hpp
-- Installing: /home/shan/ros2_ws/install/custom_interfaces/include/custom_interfaces/custom_interfaces/msg/detail/quaternion__type_support.hpp
-- Installing: /home/shan/ros2_ws/install/custom_interfaces/include/custom_interfaces/custom_interfaces/msg/detail/hardwarestatus__type_support.hpp
-- Installing: /home/shan/ros2_ws/install/custom_interfaces/include/custom_interfaces/custom_interfaces/msg/detail/pose__struct.hpp
-- Installing: /home/shan/ros2_ws/install/custom_interfaces/include/custom_interfaces/custom_interfaces/msg/detail/quaternion__builder.hpp
-- Installing: /home/shan/ros2_ws/install/custom_interfaces/include/custom_interfaces/custom_interfaces/msg/detail/point__traits.hpp
-- Installing: /home/shan/ros2_ws/install/custom_interfaces/include/custom_interfaces/custom_interfaces/msg/detail/vector4__type_support.hpp
-- Installing: /home/shan/ros2_ws/install/custom_interfaces/include/custom_interfaces/custom_interfaces/msg/detail/point__builder.hpp
-- Installing: /home/shan/ros2_ws/install/custom_interfaces/include/custom_interfaces/custom_interfaces/msg/detail/pose__traits.hpp
-- Installing: /home/shan/ros2_ws/install/custom_interfaces/include/custom_interfaces/custom_interfaces/msg/pose.hpp
-- Installing: /home/shan/ros2_ws/install/custom_interfaces/include/custom_interfaces/custom_interfaces/msg/quaternion.hpp
-- Up-to-date: /home/shan/ros2_ws/install/custom_interfaces/include/custom_interfaces/custom_interfaces/msg/rosidl_generator_cpp__visibility_control.hpp
-- Installing: /home/shan/ros2_ws/install/custom_interfaces/include/custom_interfaces/custom_interfaces/msg/vector4.hpp
-- Up-to-date: /home/shan/ros2_ws/install/custom_interfaces/include/custom_interfaces/custom_interfaces
-- Up-to-date: /home/shan/ros2_ws/install/custom_interfaces/include/custom_interfaces/custom_interfaces/srv
-- Up-to-date: /home/shan/ros2_ws/install/custom_interfaces/include/custom_interfaces/custom_interfaces/srv/detail
-- Installing: /home/shan/ros2_ws/install/custom_interfaces/include/custom_interfaces/custom_interfaces/srv/detail/multiply_two_ints__rosidl_typesupport_fastrtps_cpp.hpp
-- Installing: /home/shan/ros2_ws/install/custom_interfaces/include/custom_interfaces/custom_interfaces/srv/detail/dotproduct__rosidl_typesupport_fastrtps_cpp.hpp
-- Up-to-date: /home/shan/ros2_ws/install/custom_interfaces/include/custom_interfaces/custom_interfaces/srv/detail/dds_fastrtps
-- Up-to-date: /home/shan/ros2_ws/install/custom_interfaces/include/custom_interfaces/custom_interfaces/msg
-- Up-to-date: /home/shan/ros2_ws/install/custom_interfaces/include/custom_interfaces/custom_interfaces/msg/rosidl_typesupport_fastrtps_cpp__visibility_control.h
-- Up-to-date: /home/shan/ros2_ws/install/custom_interfaces/include/custom_interfaces/custom_interfaces/msg/detail
-- Installing: /home/shan/ros2_ws/install/custom_interfaces/include/custom_interfaces/custom_interfaces/msg/detail/point__rosidl_typesupport_fastrtps_cpp.hpp
-- Installing: /home/shan/ros2_ws/install/custom_interfaces/include/custom_interfaces/custom_interfaces/msg/detail/quaternion__rosidl_typesupport_fastrtps_cpp.hpp
-- Installing: /home/shan/ros2_ws/install/custom_interfaces/include/custom_interfaces/custom_interfaces/msg/detail/pose__rosidl_typesupport_fastrtps_cpp.hpp
-- Installing: /home/shan/ros2_ws/install/custom_interfaces/include/custom_interfaces/custom_interfaces/msg/detail/hardwarestatus__rosidl_typesupport_fastrtps_cpp.hpp
-- Up-to-date: /home/shan/ros2_ws/install/custom_interfaces/include/custom_interfaces/custom_interfaces/msg/detail/dds_fastrtps
-- Installing: /home/shan/ros2_ws/install/custom_interfaces/include/custom_interfaces/custom_interfaces/msg/detail/vector4__rosidl_typesupport_fastrtps_cpp.hpp
-- Installing: /home/shan/ros2_ws/install/custom_interfaces/lib/libcustom_interfaces__rosidl_typesupport_fastrtps_cpp.so
-- Set runtime path of "/home/shan/ros2_ws/install/custom_interfaces/lib/libcustom_interfaces__rosidl_typesupport_fastrtps_cpp.so" to ""
-- Up-to-date: /home/shan/ros2_ws/install/custom_interfaces/include/custom_interfaces/custom_interfaces
-- Up-to-date: /home/shan/ros2_ws/install/custom_interfaces/include/custom_interfaces/custom_interfaces/srv
-- Up-to-date: /home/shan/ros2_ws/install/custom_interfaces/include/custom_interfaces/custom_interfaces/srv/detail
-- Installing: /home/shan/ros2_ws/install/custom_interfaces/include/custom_interfaces/custom_interfaces/srv/detail/multiply_two_ints__rosidl_typesupport_introspection_cpp.hpp
-- Installing: /home/shan/ros2_ws/install/custom_interfaces/include/custom_interfaces/custom_interfaces/srv/detail/dotproduct__rosidl_typesupport_introspection_cpp.hpp
-- Installing: /home/shan/ros2_ws/install/custom_interfaces/include/custom_interfaces/custom_interfaces/srv/detail/multiply_two_ints__type_support.cpp
-- Installing: /home/shan/ros2_ws/install/custom_interfaces/include/custom_interfaces/custom_interfaces/srv/detail/dotproduct__type_support.cpp
-- Up-to-date: /home/shan/ros2_ws/install/custom_interfaces/include/custom_interfaces/custom_interfaces/msg
-- Up-to-date: /home/shan/ros2_ws/install/custom_interfaces/include/custom_interfaces/custom_interfaces/msg/detail
-- Installing: /home/shan/ros2_ws/install/custom_interfaces/include/custom_interfaces/custom_interfaces/msg/detail/quaternion__type_support.cpp
-- Installing: /home/shan/ros2_ws/install/custom_interfaces/include/custom_interfaces/custom_interfaces/msg/detail/vector4__type_support.cpp
-- Installing: /home/shan/ros2_ws/install/custom_interfaces/include/custom_interfaces/custom_interfaces/msg/detail/point__rosidl_typesupport_introspection_cpp.hpp
-- Installing: /home/shan/ros2_ws/install/custom_interfaces/include/custom_interfaces/custom_interfaces/msg/detail/pose__type_support.cpp
-- Installing: /home/shan/ros2_ws/install/custom_interfaces/include/custom_interfaces/custom_interfaces/msg/detail/hardwarestatus__rosidl_typesupport_introspection_cpp.hpp
-- Installing: /home/shan/ros2_ws/install/custom_interfaces/include/custom_interfaces/custom_interfaces/msg/detail/point__type_support.cpp
-- Installing: /home/shan/ros2_ws/install/custom_interfaces/include/custom_interfaces/custom_interfaces/msg/detail/quaternion__rosidl_typesupport_introspection_cpp.hpp
-- Installing: /home/shan/ros2_ws/install/custom_interfaces/include/custom_interfaces/custom_interfaces/msg/detail/hardwarestatus__type_support.cpp
-- Installing: /home/shan/ros2_ws/install/custom_interfaces/include/custom_interfaces/custom_interfaces/msg/detail/pose__rosidl_typesupport_introspection_cpp.hpp
-- Installing: /home/shan/ros2_ws/install/custom_interfaces/include/custom_interfaces/custom_interfaces/msg/detail/vector4__rosidl_typesupport_introspection_cpp.hpp
-- Installing: /home/shan/ros2_ws/install/custom_interfaces/lib/libcustom_interfaces__rosidl_typesupport_introspection_cpp.so
-- Set runtime path of "/home/shan/ros2_ws/install/custom_interfaces/lib/libcustom_interfaces__rosidl_typesupport_introspection_cpp.so" to ""
-- Installing: /home/shan/ros2_ws/install/custom_interfaces/lib/libcustom_interfaces__rosidl_typesupport_cpp.so
-- Set runtime path of "/home/shan/ros2_ws/install/custom_interfaces/lib/libcustom_interfaces__rosidl_typesupport_cpp.so" to ""
-- Up-to-date: /home/shan/ros2_ws/install/custom_interfaces/share/custom_interfaces/environment/pythonpath.sh
-- Installing: /home/shan/ros2_ws/install/custom_interfaces/share/custom_interfaces/environment/pythonpath.dsv
-- Up-to-date: /home/shan/ros2_ws/install/custom_interfaces/local/lib/python3.10/dist-packages/custom_interfaces-0.0.0-py3.10.egg-info
-- Installing: /home/shan/ros2_ws/install/custom_interfaces/local/lib/python3.10/dist-packages/custom_interfaces-0.0.0-py3.10.egg-info/SOURCES.txt
-- Installing: /home/shan/ros2_ws/install/custom_interfaces/local/lib/python3.10/dist-packages/custom_interfaces-0.0.0-py3.10.egg-info/dependency_links.txt
-- Installing: /home/shan/ros2_ws/install/custom_interfaces/local/lib/python3.10/dist-packages/custom_interfaces-0.0.0-py3.10.egg-info/top_level.txt
-- Installing: /home/shan/ros2_ws/install/custom_interfaces/local/lib/python3.10/dist-packages/custom_interfaces-0.0.0-py3.10.egg-info/PKG-INFO
-- Up-to-date: /home/shan/ros2_ws/install/custom_interfaces/local/lib/python3.10/dist-packages/custom_interfaces
-- Installing: /home/shan/ros2_ws/install/custom_interfaces/local/lib/python3.10/dist-packages/custom_interfaces/__init__.py
-- Installing: /home/shan/ros2_ws/install/custom_interfaces/local/lib/python3.10/dist-packages/custom_interfaces/custom_interfaces_s__rosidl_typesupport_fastrtps_c.cpython-310-x86_64-linux-gnu.so
-- Installing: /home/shan/ros2_ws/install/custom_interfaces/local/lib/python3.10/dist-packages/custom_interfaces/custom_interfaces_s__rosidl_typesupport_introspection_c.cpython-310-x86_64-linux-gnu.so
-- Installing: /home/shan/ros2_ws/install/custom_interfaces/local/lib/python3.10/dist-packages/custom_interfaces/_custom_interfaces_s.ep.rosidl_typesupport_c.c
-- Up-to-date: /home/shan/ros2_ws/install/custom_interfaces/local/lib/python3.10/dist-packages/custom_interfaces/srv
-- Installing: /home/shan/ros2_ws/install/custom_interfaces/local/lib/python3.10/dist-packages/custom_interfaces/srv/__init__.py
-- Installing: /home/shan/ros2_ws/install/custom_interfaces/local/lib/python3.10/dist-packages/custom_interfaces/srv/_multiply_two_ints_s.c
-- Installing: /home/shan/ros2_ws/install/custom_interfaces/local/lib/python3.10/dist-packages/custom_interfaces/srv/_dotproduct.py
-- Installing: /home/shan/ros2_ws/install/custom_interfaces/local/lib/python3.10/dist-packages/custom_interfaces/srv/_dotproduct_s.c
-- Installing: /home/shan/ros2_ws/install/custom_interfaces/local/lib/python3.10/dist-packages/custom_interfaces/srv/_multiply_two_ints.py
-- Up-to-date: /home/shan/ros2_ws/install/custom_interfaces/local/lib/python3.10/dist-packages/custom_interfaces/msg
-- Installing: /home/shan/ros2_ws/install/custom_interfaces/local/lib/python3.10/dist-packages/custom_interfaces/msg/__init__.py
-- Installing: /home/shan/ros2_ws/install/custom_interfaces/local/lib/python3.10/dist-packages/custom_interfaces/msg/_hardwarestatus_s.c
-- Installing: /home/shan/ros2_ws/install/custom_interfaces/local/lib/python3.10/dist-packages/custom_interfaces/msg/_point.py
-- Installing: /home/shan/ros2_ws/install/custom_interfaces/local/lib/python3.10/dist-packages/custom_interfaces/msg/_quaternion.py
-- Installing: /home/shan/ros2_ws/install/custom_interfaces/local/lib/python3.10/dist-packages/custom_interfaces/msg/_point_s.c
-- Installing: /home/shan/ros2_ws/install/custom_interfaces/local/lib/python3.10/dist-packages/custom_interfaces/msg/_pose.py
-- Installing: /home/shan/ros2_ws/install/custom_interfaces/local/lib/python3.10/dist-packages/custom_interfaces/msg/_hardwarestatus.py
-- Installing: /home/shan/ros2_ws/install/custom_interfaces/local/lib/python3.10/dist-packages/custom_interfaces/msg/_vector4.py
-- Installing: /home/shan/ros2_ws/install/custom_interfaces/local/lib/python3.10/dist-packages/custom_interfaces/msg/_quaternion_s.c
-- Installing: /home/shan/ros2_ws/install/custom_interfaces/local/lib/python3.10/dist-packages/custom_interfaces/msg/_vector4_s.c
-- Installing: /home/shan/ros2_ws/install/custom_interfaces/local/lib/python3.10/dist-packages/custom_interfaces/msg/_pose_s.c
-- Installing: /home/shan/ros2_ws/install/custom_interfaces/local/lib/python3.10/dist-packages/custom_interfaces/_custom_interfaces_s.ep.rosidl_typesupport_fastrtps_c.c
-- Installing: /home/shan/ros2_ws/install/custom_interfaces/local/lib/python3.10/dist-packages/custom_interfaces/_custom_interfaces_s.ep.rosidl_typesupport_introspection_c.c
-- Installing: /home/shan/ros2_ws/install/custom_interfaces/local/lib/python3.10/dist-packages/custom_interfaces/custom_interfaces_s__rosidl_typesupport_c.cpython-310-x86_64-linux-gnu.so
-- Installing: /home/shan/ros2_ws/install/custom_interfaces/local/lib/python3.10/dist-packages/custom_interfaces/libcustom_interfaces__rosidl_generator_py.so
Listing '/home/shan/ros2_ws/install/custom_interfaces/local/lib/python3.10/dist-packages/custom_interfaces'...
Compiling '/home/shan/ros2_ws/install/custom_interfaces/local/lib/python3.10/dist-packages/custom_interfaces/__init__.py'...
Listing '/home/shan/ros2_ws/install/custom_interfaces/local/lib/python3.10/dist-packages/custom_interfaces/msg'...
Compiling '/home/shan/ros2_ws/install/custom_interfaces/local/lib/python3.10/dist-packages/custom_interfaces/msg/__init__.py'...
Compiling '/home/shan/ros2_ws/install/custom_interfaces/local/lib/python3.10/dist-packages/custom_interfaces/msg/_hardwarestatus.py'...
Compiling '/home/shan/ros2_ws/install/custom_interfaces/local/lib/python3.10/dist-packages/custom_interfaces/msg/_point.py'...
Compiling '/home/shan/ros2_ws/install/custom_interfaces/local/lib/python3.10/dist-packages/custom_interfaces/msg/_pose.py'...
Compiling '/home/shan/ros2_ws/install/custom_interfaces/local/lib/python3.10/dist-packages/custom_interfaces/msg/_quaternion.py'...
Compiling '/home/shan/ros2_ws/install/custom_interfaces/local/lib/python3.10/dist-packages/custom_interfaces/msg/_vector4.py'...
Listing '/home/shan/ros2_ws/install/custom_interfaces/local/lib/python3.10/dist-packages/custom_interfaces/srv'...
Compiling '/home/shan/ros2_ws/install/custom_interfaces/local/lib/python3.10/dist-packages/custom_interfaces/srv/__init__.py'...
Compiling '/home/shan/ros2_ws/install/custom_interfaces/local/lib/python3.10/dist-packages/custom_interfaces/srv/_dotproduct.py'...
Compiling '/home/shan/ros2_ws/install/custom_interfaces/local/lib/python3.10/dist-packages/custom_interfaces/srv/_multiply_two_ints.py'...
-- Installing: /home/shan/ros2_ws/install/custom_interfaces/local/lib/python3.10/dist-packages/custom_interfaces/custom_interfaces_s__rosidl_typesupport_fastrtps_c.cpython-310-x86_64-linux-gnu.so
-- Set runtime path of "/home/shan/ros2_ws/install/custom_interfaces/local/lib/python3.10/dist-packages/custom_interfaces/custom_interfaces_s__rosidl_typesupport_fastrtps_c.cpython-310-x86_64-linux-gnu.so" to ""
-- Installing: /home/shan/ros2_ws/install/custom_interfaces/local/lib/python3.10/dist-packages/custom_interfaces/custom_interfaces_s__rosidl_typesupport_introspection_c.cpython-310-x86_64-linux-gnu.so
-- Set runtime path of "/home/shan/ros2_ws/install/custom_interfaces/local/lib/python3.10/dist-packages/custom_interfaces/custom_interfaces_s__rosidl_typesupport_introspection_c.cpython-310-x86_64-linux-gnu.so" to ""
-- Installing: /home/shan/ros2_ws/install/custom_interfaces/local/lib/python3.10/dist-packages/custom_interfaces/custom_interfaces_s__rosidl_typesupport_c.cpython-310-x86_64-linux-gnu.so
-- Set runtime path of "/home/shan/ros2_ws/install/custom_interfaces/local/lib/python3.10/dist-packages/custom_interfaces/custom_interfaces_s__rosidl_typesupport_c.cpython-310-x86_64-linux-gnu.so" to ""
-- Installing: /home/shan/ros2_ws/install/custom_interfaces/lib/libcustom_interfaces__rosidl_generator_py.so
-- Set runtime path of "/home/shan/ros2_ws/install/custom_interfaces/lib/libcustom_interfaces__rosidl_generator_py.so" to ""
-- Up-to-date: /home/shan/ros2_ws/install/custom_interfaces/share/custom_interfaces/msg/Vector4.idl
-- Up-to-date: /home/shan/ros2_ws/install/custom_interfaces/share/custom_interfaces/msg/Hardwarestatus.idl
-- Up-to-date: /home/shan/ros2_ws/install/custom_interfaces/share/custom_interfaces/msg/Point.idl
-- Up-to-date: /home/shan/ros2_ws/install/custom_interfaces/share/custom_interfaces/msg/Pose.idl
-- Up-to-date: /home/shan/ros2_ws/install/custom_interfaces/share/custom_interfaces/msg/Quaternion.idl
-- Up-to-date: /home/shan/ros2_ws/install/custom_interfaces/share/custom_interfaces/srv/MultiplyTwoInts.idl
-- Installing: /home/shan/ros2_ws/install/custom_interfaces/share/custom_interfaces/srv/Dotproduct.idl
-- Up-to-date: /home/shan/ros2_ws/install/custom_interfaces/share/custom_interfaces/msg/Vector4.msg
-- Up-to-date: /home/shan/ros2_ws/install/custom_interfaces/share/custom_interfaces/msg/Hardwarestatus.msg
-- Up-to-date: /home/shan/ros2_ws/install/custom_interfaces/share/custom_interfaces/msg/Point.msg
-- Up-to-date: /home/shan/ros2_ws/install/custom_interfaces/share/custom_interfaces/msg/Pose.msg
-- Up-to-date: /home/shan/ros2_ws/install/custom_interfaces/share/custom_interfaces/msg/Quaternion.msg
-- Up-to-date: /home/shan/ros2_ws/install/custom_interfaces/share/custom_interfaces/srv/MultiplyTwoInts.srv
-- Up-to-date: /home/shan/ros2_ws/install/custom_interfaces/share/custom_interfaces/srv/MultiplyTwoInts_Request.msg
-- Up-to-date: /home/shan/ros2_ws/install/custom_interfaces/share/custom_interfaces/srv/MultiplyTwoInts_Response.msg
-- Installing: /home/shan/ros2_ws/install/custom_interfaces/share/custom_interfaces/srv/Dotproduct.srv
-- Installing: /home/shan/ros2_ws/install/custom_interfaces/share/custom_interfaces/srv/Dotproduct_Request.msg
-- Up-to-date: /home/shan/ros2_ws/install/custom_interfaces/share/custom_interfaces/srv/Dotproduct_Response.msg
-- Up-to-date: /home/shan/ros2_ws/install/custom_interfaces/share/ament_index/resource_index/package_run_dependencies/custom_interfaces
-- Up-to-date: /home/shan/ros2_ws/install/custom_interfaces/share/ament_index/resource_index/parent_prefix_path/custom_interfaces
-- Up-to-date: /home/shan/ros2_ws/install/custom_interfaces/share/custom_interfaces/environment/ament_prefix_path.sh
-- Installing: /home/shan/ros2_ws/install/custom_interfaces/share/custom_interfaces/environment/ament_prefix_path.dsv
-- Up-to-date: /home/shan/ros2_ws/install/custom_interfaces/share/custom_interfaces/environment/path.sh
-- Installing: /home/shan/ros2_ws/install/custom_interfaces/share/custom_interfaces/environment/path.dsv
-- Up-to-date: /home/shan/ros2_ws/install/custom_interfaces/share/custom_interfaces/local_setup.bash
-- Up-to-date: /home/shan/ros2_ws/install/custom_interfaces/share/custom_interfaces/local_setup.sh
-- Up-to-date: /home/shan/ros2_ws/install/custom_interfaces/share/custom_interfaces/local_setup.zsh
-- Installing: /home/shan/ros2_ws/install/custom_interfaces/share/custom_interfaces/local_setup.dsv
-- Installing: /home/shan/ros2_ws/install/custom_interfaces/share/custom_interfaces/package.dsv
-- Up-to-date: /home/shan/ros2_ws/install/custom_interfaces/share/ament_index/resource_index/packages/custom_interfaces
-- Up-to-date: /home/shan/ros2_ws/install/custom_interfaces/share/custom_interfaces/cmake/export_custom_interfaces__rosidl_generator_cExport.cmake
-- Up-to-date: /home/shan/ros2_ws/install/custom_interfaces/share/custom_interfaces/cmake/export_custom_interfaces__rosidl_generator_cExport-noconfig.cmake
-- Up-to-date: /home/shan/ros2_ws/install/custom_interfaces/share/custom_interfaces/cmake/export_custom_interfaces__rosidl_typesupport_fastrtps_cExport.cmake
-- Up-to-date: /home/shan/ros2_ws/install/custom_interfaces/share/custom_interfaces/cmake/export_custom_interfaces__rosidl_typesupport_fastrtps_cExport-noconfig.cmake
-- Up-to-date: /home/shan/ros2_ws/install/custom_interfaces/share/custom_interfaces/cmake/custom_interfaces__rosidl_typesupport_introspection_cExport.cmake
-- Up-to-date: /home/shan/ros2_ws/install/custom_interfaces/share/custom_interfaces/cmake/custom_interfaces__rosidl_typesupport_introspection_cExport-noconfig.cmake
-- Up-to-date: /home/shan/ros2_ws/install/custom_interfaces/share/custom_interfaces/cmake/custom_interfaces__rosidl_typesupport_cExport.cmake
-- Up-to-date: /home/shan/ros2_ws/install/custom_interfaces/share/custom_interfaces/cmake/custom_interfaces__rosidl_typesupport_cExport-noconfig.cmake
-- Up-to-date: /home/shan/ros2_ws/install/custom_interfaces/share/custom_interfaces/cmake/export_custom_interfaces__rosidl_generator_cppExport.cmake
-- Up-to-date: /home/shan/ros2_ws/install/custom_interfaces/share/custom_interfaces/cmake/export_custom_interfaces__rosidl_typesupport_fastrtps_cppExport.cmake
-- Up-to-date: /home/shan/ros2_ws/install/custom_interfaces/share/custom_interfaces/cmake/export_custom_interfaces__rosidl_typesupport_fastrtps_cppExport-noconfig.cmake
-- Up-to-date: /home/shan/ros2_ws/install/custom_interfaces/share/custom_interfaces/cmake/custom_interfaces__rosidl_typesupport_introspection_cppExport.cmake
-- Up-to-date: /home/shan/ros2_ws/install/custom_interfaces/share/custom_interfaces/cmake/custom_interfaces__rosidl_typesupport_introspection_cppExport-noconfig.cmake
-- Up-to-date: /home/shan/ros2_ws/install/custom_interfaces/share/custom_interfaces/cmake/custom_interfaces__rosidl_typesupport_cppExport.cmake
-- Up-to-date: /home/shan/ros2_ws/install/custom_interfaces/share/custom_interfaces/cmake/custom_interfaces__rosidl_typesupport_cppExport-noconfig.cmake
-- Up-to-date: /home/shan/ros2_ws/install/custom_interfaces/share/custom_interfaces/cmake/export_custom_interfaces__rosidl_generator_pyExport.cmake
-- Up-to-date: /home/shan/ros2_ws/install/custom_interfaces/share/custom_interfaces/cmake/export_custom_interfaces__rosidl_generator_pyExport-noconfig.cmake
-- Up-to-date: /home/shan/ros2_ws/install/custom_interfaces/share/custom_interfaces/cmake/rosidl_cmake-extras.cmake
-- Up-to-date: /home/shan/ros2_ws/install/custom_interfaces/share/custom_interfaces/cmake/ament_cmake_export_include_directories-extras.cmake
-- Up-to-date: /home/shan/ros2_ws/install/custom_interfaces/share/custom_interfaces/cmake/ament_cmake_export_libraries-extras.cmake
-- Up-to-date: /home/shan/ros2_ws/install/custom_interfaces/share/custom_interfaces/cmake/ament_cmake_export_targets-extras.cmake
-- Up-to-date: /home/shan/ros2_ws/install/custom_interfaces/share/custom_interfaces/cmake/rosidl_cmake_export_typesupport_targets-extras.cmake
-- Up-to-date: /home/shan/ros2_ws/install/custom_interfaces/share/custom_interfaces/cmake/ament_cmake_export_dependencies-extras.cmake
-- Up-to-date: /home/shan/ros2_ws/install/custom_interfaces/share/custom_interfaces/cmake/rosidl_cmake_export_typesupport_libraries-extras.cmake
-- Up-to-date: /home/shan/ros2_ws/install/custom_interfaces/share/custom_interfaces/cmake/custom_interfacesConfig.cmake
-- Up-to-date: /home/shan/ros2_ws/install/custom_interfaces/share/custom_interfaces/cmake/custom_interfacesConfig-version.cmake
-- Up-to-date: /home/shan/ros2_ws/install/custom_interfaces/share/custom_interfaces/package.xml
