[0.035s] Invoking command in '/home/shan/ros2_ws/build/custom_interfaces': CMAKE_PREFIX_PATH=${CMAKE_PREFIX_PATH}:/home/shan/ros2_ws/install/myturtlectrl:/home/shan/ros2_ws/install/mypypkg:/opt/ros/humble /usr/bin/cmake --build /home/shan/ros2_ws/build/custom_interfaces -- -j16 -l16
[0.099s] -- Found ament_cmake: 1.3.12 (/opt/ros/humble/share/ament_cmake/cmake)
[0.387s] -- Found rosidl_default_generators: 1.2.0 (/opt/ros/humble/share/rosidl_default_generators/cmake)
[0.390s] -- Using all available rosidl_typesupport_c: rosidl_typesupport_fastrtps_c;rosidl_typesupport_introspection_c
[0.397s] -- Found rosidl_adapter: 3.1.8 (/opt/ros/humble/share/rosidl_adapter/cmake)
[0.466s] -- Using all available rosidl_typesupport_cpp: rosidl_typesupport_fastrtps_cpp;rosidl_typesupport_introspection_cpp
[1.163s] -- Found ament_cmake_ros: 0.10.0 (/opt/ros/humble/share/ament_cmake_ros/cmake)
[1.593s] -- Using all available rosidl_typesupport_c: rosidl_typesupport_fastrtps_c;rosidl_typesupport_introspection_c
[2.145s] -- Using all available rosidl_typesupport_cpp: rosidl_typesupport_fastrtps_cpp;rosidl_typesupport_introspection_cpp
[2.199s] -- Found python_cmake_module: 0.10.0 (/opt/ros/humble/share/python_cmake_module/cmake)
[2.254s] -- Using PYTHON_EXECUTABLE: /usr/bin/python3
[2.254s] -- Using PYTHON_INCLUDE_DIRS: /usr/include/python3.10
[2.254s] -- Using PYTHON_LIBRARIES: /usr/lib/x86_64-linux-gnu/libpython3.10.so
[2.280s] -- Found ament_lint_auto: 0.12.14 (/opt/ros/humble/share/ament_lint_auto/cmake)
[2.419s] -- Added test 'cppcheck' to perform static code analysis on C / C++ code
[2.420s] -- Configured cppcheck include dirs: 
[2.421s] -- Configured cppcheck exclude dirs and/or files: 
[2.436s] -- Added test 'flake8' to check Python code syntax and style conventions
[2.464s] -- Added test 'lint_cmake' to check CMake code style
[2.479s] -- Added test 'pep257' to check Python code against some of the docstring style conventions in PEP 257
[2.587s] -- Added test 'uncrustify' to check C / C++ code style
[2.587s] -- Configured uncrustify additional arguments: 
[2.604s] -- Added test 'xmllint' to check XML markup files
[2.611s] -- Configuring done
[2.716s] -- Generating done
[2.739s] -- Build files have been written to: /home/shan/ros2_ws/build/custom_interfaces
[2.801s] [  1%] [34m[1mGenerating C code for ROS interfaces[0m
[2.827s] [  2%] [34m[1mGenerating C++ code for ROS interfaces[0m
[2.856s] [  2%] Built target ament_cmake_python_copy_custom_interfaces
[3.409s] running egg_info
[3.411s] writing custom_interfaces.egg-info/PKG-INFO
[3.411s] writing dependency_links to custom_interfaces.egg-info/dependency_links.txt
[3.411s] writing top-level names to custom_interfaces.egg-info/top_level.txt
[3.416s] reading manifest file 'custom_interfaces.egg-info/SOURCES.txt'
[3.418s] writing manifest file 'custom_interfaces.egg-info/SOURCES.txt'
[3.472s] [  2%] Built target ament_cmake_python_build_custom_interfaces_egg
[4.153s] [  2%] Built target custom_interfaces__cpp
[4.179s] [  5%] [34m[1mGenerating C++ type support dispatch for ROS interfaces[0m
[4.180s] [  5%] [34m[1mGenerating C++ type support for eProsima Fast-RTPS[0m
[4.180s] [  6%] [34m[1mGenerating C++ introspection for ROS interfaces[0m
[4.201s] [35m[1mConsolidate compiler generated dependencies of target custom_interfaces__rosidl_generator_c[0m
[4.233s] [  8%] [32mBuilding C object CMakeFiles/custom_interfaces__rosidl_generator_c.dir/rosidl_generator_c/custom_interfaces/msg/detail/vector4__functions.c.o[0m
[4.233s] [  8%] [32mBuilding C object CMakeFiles/custom_interfaces__rosidl_generator_c.dir/rosidl_generator_c/custom_interfaces/msg/detail/hardwarestatus__functions.c.o[0m
[4.234s] [ 10%] [32mBuilding C object CMakeFiles/custom_interfaces__rosidl_generator_c.dir/rosidl_generator_c/custom_interfaces/msg/detail/pose__functions.c.o[0m
[4.234s] [ 11%] [32mBuilding C object CMakeFiles/custom_interfaces__rosidl_generator_c.dir/rosidl_generator_c/custom_interfaces/msg/detail/quaternion__functions.c.o[0m
[4.236s] [ 12%] [32mBuilding C object CMakeFiles/custom_interfaces__rosidl_generator_c.dir/rosidl_generator_c/custom_interfaces/srv/detail/multiply_two_ints__functions.c.o[0m
[4.237s] [ 13%] [32mBuilding C object CMakeFiles/custom_interfaces__rosidl_generator_c.dir/rosidl_generator_c/custom_interfaces/srv/detail/dotproduct__functions.c.o[0m
[4.239s] [ 15%] [32mBuilding C object CMakeFiles/custom_interfaces__rosidl_generator_c.dir/rosidl_generator_c/custom_interfaces/msg/detail/point__functions.c.o[0m
[4.396s] [ 16%] [32m[1mLinking C shared library libcustom_interfaces__rosidl_generator_c.so[0m
[4.497s] [ 16%] Built target custom_interfaces__rosidl_generator_c
[4.522s] [ 20%] [34m[1mGenerating C type support for eProsima Fast-RTPS[0m
[4.522s] [ 20%] [34m[1mGenerating C introspection for ROS interfaces[0m
[4.523s] [ 20%] [34m[1mGenerating C type support dispatch for ROS interfaces[0m
[5.052s] [35m[1mConsolidate compiler generated dependencies of target custom_interfaces__rosidl_typesupport_cpp[0m
[5.092s] [ 22%] [32mBuilding CXX object CMakeFiles/custom_interfaces__rosidl_typesupport_cpp.dir/rosidl_typesupport_cpp/custom_interfaces/msg/pose__type_support.cpp.o[0m
[5.092s] [ 22%] [32mBuilding CXX object CMakeFiles/custom_interfaces__rosidl_typesupport_cpp.dir/rosidl_typesupport_cpp/custom_interfaces/msg/point__type_support.cpp.o[0m
[5.094s] [ 24%] [32mBuilding CXX object CMakeFiles/custom_interfaces__rosidl_typesupport_cpp.dir/rosidl_typesupport_cpp/custom_interfaces/msg/vector4__type_support.cpp.o[0m
[5.097s] [ 25%] [32mBuilding CXX object CMakeFiles/custom_interfaces__rosidl_typesupport_cpp.dir/rosidl_typesupport_cpp/custom_interfaces/msg/hardwarestatus__type_support.cpp.o[0m
[5.099s] [ 26%] [32mBuilding CXX object CMakeFiles/custom_interfaces__rosidl_typesupport_cpp.dir/rosidl_typesupport_cpp/custom_interfaces/srv/multiply_two_ints__type_support.cpp.o[0m
[5.101s] [ 27%] [32mBuilding CXX object CMakeFiles/custom_interfaces__rosidl_typesupport_cpp.dir/rosidl_typesupport_cpp/custom_interfaces/msg/quaternion__type_support.cpp.o[0m
[5.102s] [ 29%] [32mBuilding CXX object CMakeFiles/custom_interfaces__rosidl_typesupport_cpp.dir/rosidl_typesupport_cpp/custom_interfaces/srv/dotproduct__type_support.cpp.o[0m
[5.258s] [35m[1mConsolidate compiler generated dependencies of target custom_interfaces__rosidl_typesupport_introspection_cpp[0m
[5.311s] [ 30%] [32mBuilding CXX object CMakeFiles/custom_interfaces__rosidl_typesupport_introspection_cpp.dir/rosidl_typesupport_introspection_cpp/custom_interfaces/msg/detail/vector4__type_support.cpp.o[0m
[5.312s] [ 31%] [32mBuilding CXX object CMakeFiles/custom_interfaces__rosidl_typesupport_introspection_cpp.dir/rosidl_typesupport_introspection_cpp/custom_interfaces/msg/detail/point__type_support.cpp.o[0m
[5.312s] [ 32%] [32mBuilding CXX object CMakeFiles/custom_interfaces__rosidl_typesupport_introspection_cpp.dir/rosidl_typesupport_introspection_cpp/custom_interfaces/msg/detail/pose__type_support.cpp.o[0m
[5.312s] [ 34%] [32mBuilding CXX object CMakeFiles/custom_interfaces__rosidl_typesupport_introspection_cpp.dir/rosidl_typesupport_introspection_cpp/custom_interfaces/msg/detail/hardwarestatus__type_support.cpp.o[0m
[5.312s] [ 35%] [32mBuilding CXX object CMakeFiles/custom_interfaces__rosidl_typesupport_introspection_cpp.dir/rosidl_typesupport_introspection_cpp/custom_interfaces/msg/detail/quaternion__type_support.cpp.o[0m
[5.757s] [35m[1mConsolidate compiler generated dependencies of target custom_interfaces__rosidl_typesupport_c[0m
[5.802s] [ 36%] [32mBuilding CXX object CMakeFiles/custom_interfaces__rosidl_typesupport_c.dir/rosidl_typesupport_c/custom_interfaces/msg/vector4__type_support.cpp.o[0m
[5.821s] [35m[1mConsolidate compiler generated dependencies of target custom_interfaces__rosidl_typesupport_fastrtps_cpp[0m
[5.893s] [ 37%] [32mBuilding CXX object CMakeFiles/custom_interfaces__rosidl_typesupport_fastrtps_cpp.dir/rosidl_typesupport_fastrtps_cpp/custom_interfaces/msg/detail/dds_fastrtps/vector4__type_support.cpp.o[0m
[5.919s] [ 39%] [32mBuilding CXX object CMakeFiles/custom_interfaces__rosidl_typesupport_c.dir/rosidl_typesupport_c/custom_interfaces/msg/hardwarestatus__type_support.cpp.o[0m
[5.946s] [ 40%] [32mBuilding CXX object CMakeFiles/custom_interfaces__rosidl_typesupport_c.dir/rosidl_typesupport_c/custom_interfaces/msg/point__type_support.cpp.o[0m
[5.960s] [ 43%] [32mBuilding CXX object CMakeFiles/custom_interfaces__rosidl_typesupport_fastrtps_cpp.dir/rosidl_typesupport_fastrtps_cpp/custom_interfaces/msg/detail/dds_fastrtps/hardwarestatus__type_support.cpp.o[0m
[5.960s] [ 43%] [32mBuilding CXX object CMakeFiles/custom_interfaces__rosidl_typesupport_introspection_cpp.dir/rosidl_typesupport_introspection_cpp/custom_interfaces/srv/detail/multiply_two_ints__type_support.cpp.o[0m
[5.969s] [ 44%] [32mBuilding CXX object CMakeFiles/custom_interfaces__rosidl_typesupport_introspection_cpp.dir/rosidl_typesupport_introspection_cpp/custom_interfaces/srv/detail/dotproduct__type_support.cpp.o[0m
[5.971s] [ 45%] [32mBuilding CXX object CMakeFiles/custom_interfaces__rosidl_typesupport_c.dir/rosidl_typesupport_c/custom_interfaces/msg/pose__type_support.cpp.o[0m
[5.975s] [ 46%] [32m[1mLinking CXX shared library libcustom_interfaces__rosidl_typesupport_cpp.so[0m
[6.013s] [ 48%] [32mBuilding CXX object CMakeFiles/custom_interfaces__rosidl_typesupport_fastrtps_cpp.dir/rosidl_typesupport_fastrtps_cpp/custom_interfaces/msg/detail/dds_fastrtps/point__type_support.cpp.o[0m
[6.041s] [ 49%] [32mBuilding CXX object CMakeFiles/custom_interfaces__rosidl_typesupport_fastrtps_cpp.dir/rosidl_typesupport_fastrtps_cpp/custom_interfaces/msg/detail/dds_fastrtps/pose__type_support.cpp.o[0m
[6.089s] [ 50%] [32mBuilding CXX object CMakeFiles/custom_interfaces__rosidl_typesupport_c.dir/rosidl_typesupport_c/custom_interfaces/msg/quaternion__type_support.cpp.o[0m
[6.126s] [ 50%] Built target custom_interfaces__rosidl_typesupport_cpp
[6.158s] [ 51%] [32mBuilding CXX object CMakeFiles/custom_interfaces__rosidl_typesupport_c.dir/rosidl_typesupport_c/custom_interfaces/srv/multiply_two_ints__type_support.cpp.o[0m
[6.159s] [ 53%] [32mBuilding CXX object CMakeFiles/custom_interfaces__rosidl_typesupport_fastrtps_cpp.dir/rosidl_typesupport_fastrtps_cpp/custom_interfaces/msg/detail/dds_fastrtps/quaternion__type_support.cpp.o[0m
[6.225s] [ 54%] [32mBuilding CXX object CMakeFiles/custom_interfaces__rosidl_typesupport_fastrtps_cpp.dir/rosidl_typesupport_fastrtps_cpp/custom_interfaces/srv/detail/dds_fastrtps/multiply_two_ints__type_support.cpp.o[0m
[6.255s] [35m[1mConsolidate compiler generated dependencies of target custom_interfaces__rosidl_typesupport_introspection_c[0m
[6.279s] [35m[1mConsolidate compiler generated dependencies of target custom_interfaces__rosidl_typesupport_fastrtps_c[0m
[6.280s] [ 55%] [32mBuilding CXX object CMakeFiles/custom_interfaces__rosidl_typesupport_c.dir/rosidl_typesupport_c/custom_interfaces/srv/dotproduct__type_support.cpp.o[0m
[6.305s] [ 56%] [32mBuilding C object CMakeFiles/custom_interfaces__rosidl_typesupport_introspection_c.dir/rosidl_typesupport_introspection_c/custom_interfaces/msg/detail/vector4__type_support.c.o[0m
[6.351s] [ 58%] [32mBuilding CXX object CMakeFiles/custom_interfaces__rosidl_typesupport_fastrtps_c.dir/rosidl_typesupport_fastrtps_c/custom_interfaces/msg/detail/vector4__type_support_c.cpp.o[0m
[6.403s] [ 59%] [32m[1mLinking CXX shared library libcustom_interfaces__rosidl_typesupport_c.so[0m
[6.433s] [ 60%] [32mBuilding C object CMakeFiles/custom_interfaces__rosidl_typesupport_introspection_c.dir/rosidl_typesupport_introspection_c/custom_interfaces/msg/detail/hardwarestatus__type_support.c.o[0m
[6.509s] [ 62%] [32mBuilding CXX object CMakeFiles/custom_interfaces__rosidl_typesupport_fastrtps_c.dir/rosidl_typesupport_fastrtps_c/custom_interfaces/msg/detail/hardwarestatus__type_support_c.cpp.o[0m
[6.522s] [ 63%] [32mBuilding C object CMakeFiles/custom_interfaces__rosidl_typesupport_introspection_c.dir/rosidl_typesupport_introspection_c/custom_interfaces/msg/detail/point__type_support.c.o[0m
[6.530s] [ 64%] [32mBuilding CXX object CMakeFiles/custom_interfaces__rosidl_typesupport_fastrtps_c.dir/rosidl_typesupport_fastrtps_c/custom_interfaces/msg/detail/point__type_support_c.cpp.o[0m
[6.530s] [ 65%] [32mBuilding CXX object CMakeFiles/custom_interfaces__rosidl_typesupport_fastrtps_c.dir/rosidl_typesupport_fastrtps_c/custom_interfaces/msg/detail/pose__type_support_c.cpp.o[0m
[6.531s] [ 67%] [32mBuilding CXX object CMakeFiles/custom_interfaces__rosidl_typesupport_fastrtps_cpp.dir/rosidl_typesupport_fastrtps_cpp/custom_interfaces/srv/detail/dds_fastrtps/dotproduct__type_support.cpp.o[0m
[6.565s] [ 68%] [32mBuilding CXX object CMakeFiles/custom_interfaces__rosidl_typesupport_fastrtps_c.dir/rosidl_typesupport_fastrtps_c/custom_interfaces/msg/detail/quaternion__type_support_c.cpp.o[0m
[6.568s] [ 68%] Built target custom_interfaces__rosidl_typesupport_c
[6.603s] [ 69%] [32mBuilding C object CMakeFiles/custom_interfaces__rosidl_typesupport_introspection_c.dir/rosidl_typesupport_introspection_c/custom_interfaces/msg/detail/pose__type_support.c.o[0m
[6.651s] [ 70%] [32mBuilding C object CMakeFiles/custom_interfaces__rosidl_typesupport_introspection_c.dir/rosidl_typesupport_introspection_c/custom_interfaces/msg/detail/quaternion__type_support.c.o[0m
[6.730s] [ 72%] [32mBuilding C object CMakeFiles/custom_interfaces__rosidl_typesupport_introspection_c.dir/rosidl_typesupport_introspection_c/custom_interfaces/srv/detail/multiply_two_ints__type_support.c.o[0m
[6.773s] [ 73%] [32mBuilding C object CMakeFiles/custom_interfaces__rosidl_typesupport_introspection_c.dir/rosidl_typesupport_introspection_c/custom_interfaces/srv/detail/dotproduct__type_support.c.o[0m
[6.863s] [ 74%] [32mBuilding CXX object CMakeFiles/custom_interfaces__rosidl_typesupport_fastrtps_c.dir/rosidl_typesupport_fastrtps_c/custom_interfaces/srv/detail/multiply_two_ints__type_support_c.cpp.o[0m
[6.910s] [ 75%] [32m[1mLinking C shared library libcustom_interfaces__rosidl_typesupport_introspection_c.so[0m
[7.036s] [ 75%] Built target custom_interfaces__rosidl_typesupport_introspection_c
[7.070s] [ 77%] [32mBuilding CXX object CMakeFiles/custom_interfaces__rosidl_typesupport_fastrtps_c.dir/rosidl_typesupport_fastrtps_c/custom_interfaces/srv/detail/dotproduct__type_support_c.cpp.o[0m
[7.208s] [ 78%] [32m[1mLinking CXX shared library libcustom_interfaces__rosidl_typesupport_introspection_cpp.so[0m
[7.420s] [ 78%] Built target custom_interfaces__rosidl_typesupport_introspection_cpp
[7.644s] [ 79%] [32m[1mLinking CXX shared library libcustom_interfaces__rosidl_typesupport_fastrtps_cpp.so[0m
[7.805s] [ 79%] Built target custom_interfaces__rosidl_typesupport_fastrtps_cpp
[7.853s] [ 81%] [32m[1mLinking CXX shared library libcustom_interfaces__rosidl_typesupport_fastrtps_c.so[0m
[7.998s] [ 81%] Built target custom_interfaces__rosidl_typesupport_fastrtps_c
[8.044s] [ 81%] Built target custom_interfaces
[8.085s] [ 82%] [34m[1mGenerating Python code for ROS interfaces[0m
[9.254s] [ 82%] Built target custom_interfaces__py
[9.269s] [35m[1mConsolidate compiler generated dependencies of target custom_interfaces__rosidl_generator_py[0m
[9.288s] [ 84%] [32mBuilding C object CMakeFiles/custom_interfaces__rosidl_generator_py.dir/rosidl_generator_py/custom_interfaces/msg/_point_s.c.o[0m
[9.289s] [ 84%] [32mBuilding C object CMakeFiles/custom_interfaces__rosidl_generator_py.dir/rosidl_generator_py/custom_interfaces/msg/_vector4_s.c.o[0m
[9.289s] [ 86%] [32mBuilding C object CMakeFiles/custom_interfaces__rosidl_generator_py.dir/rosidl_generator_py/custom_interfaces/msg/_quaternion_s.c.o[0m
[9.289s] [ 87%] [32mBuilding C object CMakeFiles/custom_interfaces__rosidl_generator_py.dir/rosidl_generator_py/custom_interfaces/msg/_hardwarestatus_s.c.o[0m
[9.289s] [ 88%] [32mBuilding C object CMakeFiles/custom_interfaces__rosidl_generator_py.dir/rosidl_generator_py/custom_interfaces/msg/_pose_s.c.o[0m
[9.289s] [ 89%] [32mBuilding C object CMakeFiles/custom_interfaces__rosidl_generator_py.dir/rosidl_generator_py/custom_interfaces/srv/_multiply_two_ints_s.c.o[0m
[9.290s] [ 91%] [32mBuilding C object CMakeFiles/custom_interfaces__rosidl_generator_py.dir/rosidl_generator_py/custom_interfaces/srv/_dotproduct_s.c.o[0m
[9.407s] [ 92%] [32m[1mLinking C shared library rosidl_generator_py/custom_interfaces/libcustom_interfaces__rosidl_generator_py.so[0m
[9.453s] [ 92%] Built target custom_interfaces__rosidl_generator_py
[9.465s] [35m[1mConsolidate compiler generated dependencies of target custom_interfaces__rosidl_typesupport_introspection_c__pyext[0m
[9.465s] [35m[1mConsolidate compiler generated dependencies of target custom_interfaces__rosidl_typesupport_fastrtps_c__pyext[0m
[9.468s] [35m[1mConsolidate compiler generated dependencies of target custom_interfaces__rosidl_typesupport_c__pyext[0m
[9.480s] [ 93%] [32mBuilding C object CMakeFiles/custom_interfaces__rosidl_typesupport_fastrtps_c__pyext.dir/rosidl_generator_py/custom_interfaces/_custom_interfaces_s.ep.rosidl_typesupport_fastrtps_c.c.o[0m
[9.480s] [ 94%] [32mBuilding C object CMakeFiles/custom_interfaces__rosidl_typesupport_introspection_c__pyext.dir/rosidl_generator_py/custom_interfaces/_custom_interfaces_s.ep.rosidl_typesupport_introspection_c.c.o[0m
[9.482s] [ 96%] [32mBuilding C object CMakeFiles/custom_interfaces__rosidl_typesupport_c__pyext.dir/rosidl_generator_py/custom_interfaces/_custom_interfaces_s.ep.rosidl_typesupport_c.c.o[0m
[9.584s] [ 98%] [32m[1mLinking C shared library rosidl_generator_py/custom_interfaces/custom_interfaces_s__rosidl_typesupport_c.cpython-310-x86_64-linux-gnu.so[0m
[9.584s] [ 98%] [32m[1mLinking C shared library rosidl_generator_py/custom_interfaces/custom_interfaces_s__rosidl_typesupport_introspection_c.cpython-310-x86_64-linux-gnu.so[0m
[9.588s] [100%] [32m[1mLinking C shared library rosidl_generator_py/custom_interfaces/custom_interfaces_s__rosidl_typesupport_fastrtps_c.cpython-310-x86_64-linux-gnu.so[0m
[9.619s] [100%] Built target custom_interfaces__rosidl_typesupport_introspection_c__pyext
[9.620s] [100%] Built target custom_interfaces__rosidl_typesupport_c__pyext
[9.625s] [100%] Built target custom_interfaces__rosidl_typesupport_fastrtps_c__pyext
[9.638s] Invoked command in '/home/shan/ros2_ws/build/custom_interfaces' returned '0': CMAKE_PREFIX_PATH=${CMAKE_PREFIX_PATH}:/home/shan/ros2_ws/install/myturtlectrl:/home/shan/ros2_ws/install/mypypkg:/opt/ros/humble /usr/bin/cmake --build /home/shan/ros2_ws/build/custom_interfaces -- -j16 -l16
[9.648s] Invoking command in '/home/shan/ros2_ws/build/custom_interfaces': CMAKE_PREFIX_PATH=${CMAKE_PREFIX_PATH}:/home/shan/ros2_ws/install/myturtlectrl:/home/shan/ros2_ws/install/mypypkg:/opt/ros/humble /usr/bin/cmake --install /home/shan/ros2_ws/build/custom_interfaces
[9.656s] -- Install configuration: ""
[9.656s] -- Installing: /home/shan/ros2_ws/install/custom_interfaces/share/ament_index/resource_index/rosidl_interfaces/custom_interfaces
[9.657s] -- Up-to-date: /home/shan/ros2_ws/install/custom_interfaces/include/custom_interfaces/custom_interfaces
[9.657s] -- Up-to-date: /home/shan/ros2_ws/install/custom_interfaces/include/custom_interfaces/custom_interfaces/srv
[9.657s] -- Up-to-date: /home/shan/ros2_ws/install/custom_interfaces/include/custom_interfaces/custom_interfaces/srv/detail
[9.657s] -- Installing: /home/shan/ros2_ws/install/custom_interfaces/include/custom_interfaces/custom_interfaces/srv/detail/multiply_two_ints__type_support.h
[9.657s] -- Installing: /home/shan/ros2_ws/install/custom_interfaces/include/custom_interfaces/custom_interfaces/srv/detail/dotproduct__type_support.h
[9.657s] -- Installing: /home/shan/ros2_ws/install/custom_interfaces/include/custom_interfaces/custom_interfaces/srv/detail/dotproduct__struct.h
[9.657s] -- Installing: /home/shan/ros2_ws/install/custom_interfaces/include/custom_interfaces/custom_interfaces/srv/detail/multiply_two_ints__struct.h
[9.658s] -- Installing: /home/shan/ros2_ws/install/custom_interfaces/include/custom_interfaces/custom_interfaces/srv/detail/multiply_two_ints__functions.h
[9.658s] -- Installing: /home/shan/ros2_ws/install/custom_interfaces/include/custom_interfaces/custom_interfaces/srv/detail/dotproduct__functions.c
[9.658s] -- Installing: /home/shan/ros2_ws/install/custom_interfaces/include/custom_interfaces/custom_interfaces/srv/detail/dotproduct__functions.h
[9.658s] -- Installing: /home/shan/ros2_ws/install/custom_interfaces/include/custom_interfaces/custom_interfaces/srv/detail/multiply_two_ints__functions.c
[9.658s] -- Installing: /home/shan/ros2_ws/install/custom_interfaces/include/custom_interfaces/custom_interfaces/srv/multiply_two_ints.h
[9.659s] -- Installing: /home/shan/ros2_ws/install/custom_interfaces/include/custom_interfaces/custom_interfaces/srv/dotproduct.h
[9.659s] -- Up-to-date: /home/shan/ros2_ws/install/custom_interfaces/include/custom_interfaces/custom_interfaces/msg
[9.659s] -- Installing: /home/shan/ros2_ws/install/custom_interfaces/include/custom_interfaces/custom_interfaces/msg/vector4.h
[9.659s] -- Up-to-date: /home/shan/ros2_ws/install/custom_interfaces/include/custom_interfaces/custom_interfaces/msg/detail
[9.659s] -- Installing: /home/shan/ros2_ws/install/custom_interfaces/include/custom_interfaces/custom_interfaces/msg/detail/quaternion__struct.h
[9.659s] -- Installing: /home/shan/ros2_ws/install/custom_interfaces/include/custom_interfaces/custom_interfaces/msg/detail/hardwarestatus__type_support.h
[9.659s] -- Installing: /home/shan/ros2_ws/install/custom_interfaces/include/custom_interfaces/custom_interfaces/msg/detail/hardwarestatus__functions.c
[9.659s] -- Installing: /home/shan/ros2_ws/install/custom_interfaces/include/custom_interfaces/custom_interfaces/msg/detail/point__struct.h
[9.659s] -- Installing: /home/shan/ros2_ws/install/custom_interfaces/include/custom_interfaces/custom_interfaces/msg/detail/vector4__type_support.h
[9.660s] -- Installing: /home/shan/ros2_ws/install/custom_interfaces/include/custom_interfaces/custom_interfaces/msg/detail/point__functions.c
[9.660s] -- Installing: /home/shan/ros2_ws/install/custom_interfaces/include/custom_interfaces/custom_interfaces/msg/detail/pose__type_support.h
[9.660s] -- Installing: /home/shan/ros2_ws/install/custom_interfaces/include/custom_interfaces/custom_interfaces/msg/detail/hardwarestatus__functions.h
[9.660s] -- Installing: /home/shan/ros2_ws/install/custom_interfaces/include/custom_interfaces/custom_interfaces/msg/detail/point__functions.h
[9.660s] -- Installing: /home/shan/ros2_ws/install/custom_interfaces/include/custom_interfaces/custom_interfaces/msg/detail/quaternion__functions.c
[9.660s] -- Installing: /home/shan/ros2_ws/install/custom_interfaces/include/custom_interfaces/custom_interfaces/msg/detail/quaternion__functions.h
[9.660s] -- Installing: /home/shan/ros2_ws/install/custom_interfaces/include/custom_interfaces/custom_interfaces/msg/detail/pose__functions.h
[9.661s] -- Installing: /home/shan/ros2_ws/install/custom_interfaces/include/custom_interfaces/custom_interfaces/msg/detail/pose__functions.c
[9.661s] -- Installing: /home/shan/ros2_ws/install/custom_interfaces/include/custom_interfaces/custom_interfaces/msg/detail/vector4__struct.h
[9.661s] -- Installing: /home/shan/ros2_ws/install/custom_interfaces/include/custom_interfaces/custom_interfaces/msg/detail/vector4__functions.h
[9.661s] -- Installing: /home/shan/ros2_ws/install/custom_interfaces/include/custom_interfaces/custom_interfaces/msg/detail/point__type_support.h
[9.661s] -- Installing: /home/shan/ros2_ws/install/custom_interfaces/include/custom_interfaces/custom_interfaces/msg/detail/quaternion__type_support.h
[9.661s] -- Installing: /home/shan/ros2_ws/install/custom_interfaces/include/custom_interfaces/custom_interfaces/msg/detail/hardwarestatus__struct.h
[9.662s] -- Installing: /home/shan/ros2_ws/install/custom_interfaces/include/custom_interfaces/custom_interfaces/msg/detail/pose__struct.h
[9.662s] -- Installing: /home/shan/ros2_ws/install/custom_interfaces/include/custom_interfaces/custom_interfaces/msg/detail/vector4__functions.c
[9.662s] -- Installing: /home/shan/ros2_ws/install/custom_interfaces/include/custom_interfaces/custom_interfaces/msg/hardwarestatus.h
[9.662s] -- Installing: /home/shan/ros2_ws/install/custom_interfaces/include/custom_interfaces/custom_interfaces/msg/point.h
[9.662s] -- Installing: /home/shan/ros2_ws/install/custom_interfaces/include/custom_interfaces/custom_interfaces/msg/quaternion.h
[9.662s] -- Up-to-date: /home/shan/ros2_ws/install/custom_interfaces/include/custom_interfaces/custom_interfaces/msg/rosidl_generator_c__visibility_control.h
[9.662s] -- Installing: /home/shan/ros2_ws/install/custom_interfaces/include/custom_interfaces/custom_interfaces/msg/pose.h
[9.662s] -- Up-to-date: /home/shan/ros2_ws/install/custom_interfaces/share/custom_interfaces/environment/library_path.sh
[9.662s] -- Installing: /home/shan/ros2_ws/install/custom_interfaces/share/custom_interfaces/environment/library_path.dsv
[9.663s] -- Installing: /home/shan/ros2_ws/install/custom_interfaces/lib/libcustom_interfaces__rosidl_generator_c.so
[9.663s] -- Set runtime path of "/home/shan/ros2_ws/install/custom_interfaces/lib/libcustom_interfaces__rosidl_generator_c.so" to ""
[9.663s] -- Up-to-date: /home/shan/ros2_ws/install/custom_interfaces/include/custom_interfaces/custom_interfaces
[9.663s] -- Up-to-date: /home/shan/ros2_ws/install/custom_interfaces/include/custom_interfaces/custom_interfaces/srv
[9.663s] -- Up-to-date: /home/shan/ros2_ws/install/custom_interfaces/include/custom_interfaces/custom_interfaces/srv/detail
[9.664s] -- Installing: /home/shan/ros2_ws/install/custom_interfaces/include/custom_interfaces/custom_interfaces/srv/detail/multiply_two_ints__rosidl_typesupport_fastrtps_c.h
[9.664s] -- Installing: /home/shan/ros2_ws/install/custom_interfaces/include/custom_interfaces/custom_interfaces/srv/detail/dotproduct__rosidl_typesupport_fastrtps_c.h
[9.664s] -- Up-to-date: /home/shan/ros2_ws/install/custom_interfaces/include/custom_interfaces/custom_interfaces/msg
[9.664s] -- Up-to-date: /home/shan/ros2_ws/install/custom_interfaces/include/custom_interfaces/custom_interfaces/msg/detail
[9.664s] -- Installing: /home/shan/ros2_ws/install/custom_interfaces/include/custom_interfaces/custom_interfaces/msg/detail/pose__rosidl_typesupport_fastrtps_c.h
[9.664s] -- Installing: /home/shan/ros2_ws/install/custom_interfaces/include/custom_interfaces/custom_interfaces/msg/detail/quaternion__rosidl_typesupport_fastrtps_c.h
[9.664s] -- Installing: /home/shan/ros2_ws/install/custom_interfaces/include/custom_interfaces/custom_interfaces/msg/detail/hardwarestatus__rosidl_typesupport_fastrtps_c.h
[9.664s] -- Installing: /home/shan/ros2_ws/install/custom_interfaces/include/custom_interfaces/custom_interfaces/msg/detail/point__rosidl_typesupport_fastrtps_c.h
[9.664s] -- Installing: /home/shan/ros2_ws/install/custom_interfaces/include/custom_interfaces/custom_interfaces/msg/detail/vector4__rosidl_typesupport_fastrtps_c.h
[9.664s] -- Up-to-date: /home/shan/ros2_ws/install/custom_interfaces/include/custom_interfaces/custom_interfaces/msg/rosidl_typesupport_fastrtps_c__visibility_control.h
[9.665s] -- Installing: /home/shan/ros2_ws/install/custom_interfaces/lib/libcustom_interfaces__rosidl_typesupport_fastrtps_c.so
[9.665s] -- Set runtime path of "/home/shan/ros2_ws/install/custom_interfaces/lib/libcustom_interfaces__rosidl_typesupport_fastrtps_c.so" to ""
[9.665s] -- Up-to-date: /home/shan/ros2_ws/install/custom_interfaces/include/custom_interfaces/custom_interfaces
[9.665s] -- Up-to-date: /home/shan/ros2_ws/install/custom_interfaces/include/custom_interfaces/custom_interfaces/srv
[9.665s] -- Up-to-date: /home/shan/ros2_ws/install/custom_interfaces/include/custom_interfaces/custom_interfaces/srv/detail
[9.665s] -- Installing: /home/shan/ros2_ws/install/custom_interfaces/include/custom_interfaces/custom_interfaces/srv/detail/multiply_two_ints__type_support.c
[9.665s] -- Installing: /home/shan/ros2_ws/install/custom_interfaces/include/custom_interfaces/custom_interfaces/srv/detail/dotproduct__rosidl_typesupport_introspection_c.h
[9.666s] -- Installing: /home/shan/ros2_ws/install/custom_interfaces/include/custom_interfaces/custom_interfaces/srv/detail/multiply_two_ints__rosidl_typesupport_introspection_c.h
[9.666s] -- Installing: /home/shan/ros2_ws/install/custom_interfaces/include/custom_interfaces/custom_interfaces/srv/detail/dotproduct__type_support.c
[9.666s] -- Up-to-date: /home/shan/ros2_ws/install/custom_interfaces/include/custom_interfaces/custom_interfaces/msg
[9.666s] -- Up-to-date: /home/shan/ros2_ws/install/custom_interfaces/include/custom_interfaces/custom_interfaces/msg/detail
[9.666s] -- Installing: /home/shan/ros2_ws/install/custom_interfaces/include/custom_interfaces/custom_interfaces/msg/detail/hardwarestatus__rosidl_typesupport_introspection_c.h
[9.666s] -- Installing: /home/shan/ros2_ws/install/custom_interfaces/include/custom_interfaces/custom_interfaces/msg/detail/point__type_support.c
[9.666s] -- Installing: /home/shan/ros2_ws/install/custom_interfaces/include/custom_interfaces/custom_interfaces/msg/detail/quaternion__type_support.c
[9.666s] -- Installing: /home/shan/ros2_ws/install/custom_interfaces/include/custom_interfaces/custom_interfaces/msg/detail/vector4__rosidl_typesupport_introspection_c.h
[9.667s] -- Installing: /home/shan/ros2_ws/install/custom_interfaces/include/custom_interfaces/custom_interfaces/msg/detail/vector4__type_support.c
[9.667s] -- Installing: /home/shan/ros2_ws/install/custom_interfaces/include/custom_interfaces/custom_interfaces/msg/detail/hardwarestatus__type_support.c
[9.667s] -- Installing: /home/shan/ros2_ws/install/custom_interfaces/include/custom_interfaces/custom_interfaces/msg/detail/pose__rosidl_typesupport_introspection_c.h
[9.667s] -- Installing: /home/shan/ros2_ws/install/custom_interfaces/include/custom_interfaces/custom_interfaces/msg/detail/quaternion__rosidl_typesupport_introspection_c.h
[9.667s] -- Installing: /home/shan/ros2_ws/install/custom_interfaces/include/custom_interfaces/custom_interfaces/msg/detail/pose__type_support.c
[9.667s] -- Installing: /home/shan/ros2_ws/install/custom_interfaces/include/custom_interfaces/custom_interfaces/msg/detail/point__rosidl_typesupport_introspection_c.h
[9.667s] -- Up-to-date: /home/shan/ros2_ws/install/custom_interfaces/include/custom_interfaces/custom_interfaces/msg/rosidl_typesupport_introspection_c__visibility_control.h
[9.668s] -- Installing: /home/shan/ros2_ws/install/custom_interfaces/lib/libcustom_interfaces__rosidl_typesupport_introspection_c.so
[9.668s] -- Set runtime path of "/home/shan/ros2_ws/install/custom_interfaces/lib/libcustom_interfaces__rosidl_typesupport_introspection_c.so" to ""
[9.668s] -- Installing: /home/shan/ros2_ws/install/custom_interfaces/lib/libcustom_interfaces__rosidl_typesupport_c.so
[9.669s] -- Set runtime path of "/home/shan/ros2_ws/install/custom_interfaces/lib/libcustom_interfaces__rosidl_typesupport_c.so" to ""
[9.669s] -- Up-to-date: /home/shan/ros2_ws/install/custom_interfaces/include/custom_interfaces/custom_interfaces
[9.669s] -- Up-to-date: /home/shan/ros2_ws/install/custom_interfaces/include/custom_interfaces/custom_interfaces/srv
[9.669s] -- Installing: /home/shan/ros2_ws/install/custom_interfaces/include/custom_interfaces/custom_interfaces/srv/multiply_two_ints.hpp
[9.669s] -- Up-to-date: /home/shan/ros2_ws/install/custom_interfaces/include/custom_interfaces/custom_interfaces/srv/detail
[9.669s] -- Installing: /home/shan/ros2_ws/install/custom_interfaces/include/custom_interfaces/custom_interfaces/srv/detail/dotproduct__type_support.hpp
[9.669s] -- Installing: /home/shan/ros2_ws/install/custom_interfaces/include/custom_interfaces/custom_interfaces/srv/detail/dotproduct__traits.hpp
[9.669s] -- Installing: /home/shan/ros2_ws/install/custom_interfaces/include/custom_interfaces/custom_interfaces/srv/detail/multiply_two_ints__builder.hpp
[9.669s] -- Installing: /home/shan/ros2_ws/install/custom_interfaces/include/custom_interfaces/custom_interfaces/srv/detail/dotproduct__struct.hpp
[9.669s] -- Installing: /home/shan/ros2_ws/install/custom_interfaces/include/custom_interfaces/custom_interfaces/srv/detail/dotproduct__builder.hpp
[9.669s] -- Installing: /home/shan/ros2_ws/install/custom_interfaces/include/custom_interfaces/custom_interfaces/srv/detail/multiply_two_ints__struct.hpp
[9.670s] -- Installing: /home/shan/ros2_ws/install/custom_interfaces/include/custom_interfaces/custom_interfaces/srv/detail/multiply_two_ints__type_support.hpp
[9.670s] -- Installing: /home/shan/ros2_ws/install/custom_interfaces/include/custom_interfaces/custom_interfaces/srv/detail/multiply_two_ints__traits.hpp
[9.670s] -- Installing: /home/shan/ros2_ws/install/custom_interfaces/include/custom_interfaces/custom_interfaces/srv/dotproduct.hpp
[9.670s] -- Up-to-date: /home/shan/ros2_ws/install/custom_interfaces/include/custom_interfaces/custom_interfaces/msg
[9.670s] -- Installing: /home/shan/ros2_ws/install/custom_interfaces/include/custom_interfaces/custom_interfaces/msg/point.hpp
[9.670s] -- Installing: /home/shan/ros2_ws/install/custom_interfaces/include/custom_interfaces/custom_interfaces/msg/hardwarestatus.hpp
[9.670s] -- Up-to-date: /home/shan/ros2_ws/install/custom_interfaces/include/custom_interfaces/custom_interfaces/msg/detail
[9.670s] -- Installing: /home/shan/ros2_ws/install/custom_interfaces/include/custom_interfaces/custom_interfaces/msg/detail/hardwarestatus__struct.hpp
[9.671s] -- Installing: /home/shan/ros2_ws/install/custom_interfaces/include/custom_interfaces/custom_interfaces/msg/detail/hardwarestatus__builder.hpp
[9.671s] -- Installing: /home/shan/ros2_ws/install/custom_interfaces/include/custom_interfaces/custom_interfaces/msg/detail/quaternion__traits.hpp
[9.671s] -- Installing: /home/shan/ros2_ws/install/custom_interfaces/include/custom_interfaces/custom_interfaces/msg/detail/point__type_support.hpp
[9.671s] -- Installing: /home/shan/ros2_ws/install/custom_interfaces/include/custom_interfaces/custom_interfaces/msg/detail/quaternion__struct.hpp
[9.671s] -- Installing: /home/shan/ros2_ws/install/custom_interfaces/include/custom_interfaces/custom_interfaces/msg/detail/vector4__traits.hpp
[9.671s] -- Installing: /home/shan/ros2_ws/install/custom_interfaces/include/custom_interfaces/custom_interfaces/msg/detail/hardwarestatus__traits.hpp
[9.671s] -- Installing: /home/shan/ros2_ws/install/custom_interfaces/include/custom_interfaces/custom_interfaces/msg/detail/vector4__builder.hpp
[9.672s] -- Installing: /home/shan/ros2_ws/install/custom_interfaces/include/custom_interfaces/custom_interfaces/msg/detail/point__struct.hpp
[9.672s] -- Installing: /home/shan/ros2_ws/install/custom_interfaces/include/custom_interfaces/custom_interfaces/msg/detail/vector4__struct.hpp
[9.672s] -- Installing: /home/shan/ros2_ws/install/custom_interfaces/include/custom_interfaces/custom_interfaces/msg/detail/pose__type_support.hpp
[9.672s] -- Installing: /home/shan/ros2_ws/install/custom_interfaces/include/custom_interfaces/custom_interfaces/msg/detail/pose__builder.hpp
[9.672s] -- Installing: /home/shan/ros2_ws/install/custom_interfaces/include/custom_interfaces/custom_interfaces/msg/detail/quaternion__type_support.hpp
[9.672s] -- Installing: /home/shan/ros2_ws/install/custom_interfaces/include/custom_interfaces/custom_interfaces/msg/detail/hardwarestatus__type_support.hpp
[9.672s] -- Installing: /home/shan/ros2_ws/install/custom_interfaces/include/custom_interfaces/custom_interfaces/msg/detail/pose__struct.hpp
[9.673s] -- Installing: /home/shan/ros2_ws/install/custom_interfaces/include/custom_interfaces/custom_interfaces/msg/detail/quaternion__builder.hpp
[9.673s] -- Installing: /home/shan/ros2_ws/install/custom_interfaces/include/custom_interfaces/custom_interfaces/msg/detail/point__traits.hpp
[9.673s] -- Installing: /home/shan/ros2_ws/install/custom_interfaces/include/custom_interfaces/custom_interfaces/msg/detail/vector4__type_support.hpp
[9.673s] -- Installing: /home/shan/ros2_ws/install/custom_interfaces/include/custom_interfaces/custom_interfaces/msg/detail/point__builder.hpp
[9.673s] -- Installing: /home/shan/ros2_ws/install/custom_interfaces/include/custom_interfaces/custom_interfaces/msg/detail/pose__traits.hpp
[9.673s] -- Installing: /home/shan/ros2_ws/install/custom_interfaces/include/custom_interfaces/custom_interfaces/msg/pose.hpp
[9.673s] -- Installing: /home/shan/ros2_ws/install/custom_interfaces/include/custom_interfaces/custom_interfaces/msg/quaternion.hpp
[9.674s] -- Up-to-date: /home/shan/ros2_ws/install/custom_interfaces/include/custom_interfaces/custom_interfaces/msg/rosidl_generator_cpp__visibility_control.hpp
[9.674s] -- Installing: /home/shan/ros2_ws/install/custom_interfaces/include/custom_interfaces/custom_interfaces/msg/vector4.hpp
[9.674s] -- Up-to-date: /home/shan/ros2_ws/install/custom_interfaces/include/custom_interfaces/custom_interfaces
[9.674s] -- Up-to-date: /home/shan/ros2_ws/install/custom_interfaces/include/custom_interfaces/custom_interfaces/srv
[9.674s] -- Up-to-date: /home/shan/ros2_ws/install/custom_interfaces/include/custom_interfaces/custom_interfaces/srv/detail
[9.674s] -- Installing: /home/shan/ros2_ws/install/custom_interfaces/include/custom_interfaces/custom_interfaces/srv/detail/multiply_two_ints__rosidl_typesupport_fastrtps_cpp.hpp
[9.674s] -- Installing: /home/shan/ros2_ws/install/custom_interfaces/include/custom_interfaces/custom_interfaces/srv/detail/dotproduct__rosidl_typesupport_fastrtps_cpp.hpp
[9.674s] -- Up-to-date: /home/shan/ros2_ws/install/custom_interfaces/include/custom_interfaces/custom_interfaces/srv/detail/dds_fastrtps
[9.674s] -- Up-to-date: /home/shan/ros2_ws/install/custom_interfaces/include/custom_interfaces/custom_interfaces/msg
[9.674s] -- Up-to-date: /home/shan/ros2_ws/install/custom_interfaces/include/custom_interfaces/custom_interfaces/msg/rosidl_typesupport_fastrtps_cpp__visibility_control.h
[9.674s] -- Up-to-date: /home/shan/ros2_ws/install/custom_interfaces/include/custom_interfaces/custom_interfaces/msg/detail
[9.674s] -- Installing: /home/shan/ros2_ws/install/custom_interfaces/include/custom_interfaces/custom_interfaces/msg/detail/point__rosidl_typesupport_fastrtps_cpp.hpp
[9.674s] -- Installing: /home/shan/ros2_ws/install/custom_interfaces/include/custom_interfaces/custom_interfaces/msg/detail/quaternion__rosidl_typesupport_fastrtps_cpp.hpp
[9.675s] -- Installing: /home/shan/ros2_ws/install/custom_interfaces/include/custom_interfaces/custom_interfaces/msg/detail/pose__rosidl_typesupport_fastrtps_cpp.hpp
[9.675s] -- Installing: /home/shan/ros2_ws/install/custom_interfaces/include/custom_interfaces/custom_interfaces/msg/detail/hardwarestatus__rosidl_typesupport_fastrtps_cpp.hpp
[9.675s] -- Up-to-date: /home/shan/ros2_ws/install/custom_interfaces/include/custom_interfaces/custom_interfaces/msg/detail/dds_fastrtps
[9.675s] -- Installing: /home/shan/ros2_ws/install/custom_interfaces/include/custom_interfaces/custom_interfaces/msg/detail/vector4__rosidl_typesupport_fastrtps_cpp.hpp
[9.675s] -- Installing: /home/shan/ros2_ws/install/custom_interfaces/lib/libcustom_interfaces__rosidl_typesupport_fastrtps_cpp.so
[9.676s] -- Set runtime path of "/home/shan/ros2_ws/install/custom_interfaces/lib/libcustom_interfaces__rosidl_typesupport_fastrtps_cpp.so" to ""
[9.676s] -- Up-to-date: /home/shan/ros2_ws/install/custom_interfaces/include/custom_interfaces/custom_interfaces
[9.676s] -- Up-to-date: /home/shan/ros2_ws/install/custom_interfaces/include/custom_interfaces/custom_interfaces/srv
[9.676s] -- Up-to-date: /home/shan/ros2_ws/install/custom_interfaces/include/custom_interfaces/custom_interfaces/srv/detail
[9.676s] -- Installing: /home/shan/ros2_ws/install/custom_interfaces/include/custom_interfaces/custom_interfaces/srv/detail/multiply_two_ints__rosidl_typesupport_introspection_cpp.hpp
[9.676s] -- Installing: /home/shan/ros2_ws/install/custom_interfaces/include/custom_interfaces/custom_interfaces/srv/detail/dotproduct__rosidl_typesupport_introspection_cpp.hpp
[9.676s] -- Installing: /home/shan/ros2_ws/install/custom_interfaces/include/custom_interfaces/custom_interfaces/srv/detail/multiply_two_ints__type_support.cpp
[9.676s] -- Installing: /home/shan/ros2_ws/install/custom_interfaces/include/custom_interfaces/custom_interfaces/srv/detail/dotproduct__type_support.cpp
[9.676s] -- Up-to-date: /home/shan/ros2_ws/install/custom_interfaces/include/custom_interfaces/custom_interfaces/msg
[9.676s] -- Up-to-date: /home/shan/ros2_ws/install/custom_interfaces/include/custom_interfaces/custom_interfaces/msg/detail
[9.676s] -- Installing: /home/shan/ros2_ws/install/custom_interfaces/include/custom_interfaces/custom_interfaces/msg/detail/quaternion__type_support.cpp
[9.677s] -- Installing: /home/shan/ros2_ws/install/custom_interfaces/include/custom_interfaces/custom_interfaces/msg/detail/vector4__type_support.cpp
[9.677s] -- Installing: /home/shan/ros2_ws/install/custom_interfaces/include/custom_interfaces/custom_interfaces/msg/detail/point__rosidl_typesupport_introspection_cpp.hpp
[9.677s] -- Installing: /home/shan/ros2_ws/install/custom_interfaces/include/custom_interfaces/custom_interfaces/msg/detail/pose__type_support.cpp
[9.677s] -- Installing: /home/shan/ros2_ws/install/custom_interfaces/include/custom_interfaces/custom_interfaces/msg/detail/hardwarestatus__rosidl_typesupport_introspection_cpp.hpp
[9.677s] -- Installing: /home/shan/ros2_ws/install/custom_interfaces/include/custom_interfaces/custom_interfaces/msg/detail/point__type_support.cpp
[9.677s] -- Installing: /home/shan/ros2_ws/install/custom_interfaces/include/custom_interfaces/custom_interfaces/msg/detail/quaternion__rosidl_typesupport_introspection_cpp.hpp
[9.677s] -- Installing: /home/shan/ros2_ws/install/custom_interfaces/include/custom_interfaces/custom_interfaces/msg/detail/hardwarestatus__type_support.cpp
[9.678s] -- Installing: /home/shan/ros2_ws/install/custom_interfaces/include/custom_interfaces/custom_interfaces/msg/detail/pose__rosidl_typesupport_introspection_cpp.hpp
[9.678s] -- Installing: /home/shan/ros2_ws/install/custom_interfaces/include/custom_interfaces/custom_interfaces/msg/detail/vector4__rosidl_typesupport_introspection_cpp.hpp
[9.678s] -- Installing: /home/shan/ros2_ws/install/custom_interfaces/lib/libcustom_interfaces__rosidl_typesupport_introspection_cpp.so
[9.678s] -- Set runtime path of "/home/shan/ros2_ws/install/custom_interfaces/lib/libcustom_interfaces__rosidl_typesupport_introspection_cpp.so" to ""
[9.679s] -- Installing: /home/shan/ros2_ws/install/custom_interfaces/lib/libcustom_interfaces__rosidl_typesupport_cpp.so
[9.679s] -- Set runtime path of "/home/shan/ros2_ws/install/custom_interfaces/lib/libcustom_interfaces__rosidl_typesupport_cpp.so" to ""
[9.679s] -- Up-to-date: /home/shan/ros2_ws/install/custom_interfaces/share/custom_interfaces/environment/pythonpath.sh
[9.679s] -- Installing: /home/shan/ros2_ws/install/custom_interfaces/share/custom_interfaces/environment/pythonpath.dsv
[9.679s] -- Up-to-date: /home/shan/ros2_ws/install/custom_interfaces/local/lib/python3.10/dist-packages/custom_interfaces-0.0.0-py3.10.egg-info
[9.679s] -- Installing: /home/shan/ros2_ws/install/custom_interfaces/local/lib/python3.10/dist-packages/custom_interfaces-0.0.0-py3.10.egg-info/SOURCES.txt
[9.679s] -- Installing: /home/shan/ros2_ws/install/custom_interfaces/local/lib/python3.10/dist-packages/custom_interfaces-0.0.0-py3.10.egg-info/dependency_links.txt
[9.680s] -- Installing: /home/shan/ros2_ws/install/custom_interfaces/local/lib/python3.10/dist-packages/custom_interfaces-0.0.0-py3.10.egg-info/top_level.txt
[9.680s] -- Installing: /home/shan/ros2_ws/install/custom_interfaces/local/lib/python3.10/dist-packages/custom_interfaces-0.0.0-py3.10.egg-info/PKG-INFO
[9.680s] -- Up-to-date: /home/shan/ros2_ws/install/custom_interfaces/local/lib/python3.10/dist-packages/custom_interfaces
[9.680s] -- Installing: /home/shan/ros2_ws/install/custom_interfaces/local/lib/python3.10/dist-packages/custom_interfaces/__init__.py
[9.680s] -- Installing: /home/shan/ros2_ws/install/custom_interfaces/local/lib/python3.10/dist-packages/custom_interfaces/custom_interfaces_s__rosidl_typesupport_fastrtps_c.cpython-310-x86_64-linux-gnu.so
[9.680s] -- Installing: /home/shan/ros2_ws/install/custom_interfaces/local/lib/python3.10/dist-packages/custom_interfaces/custom_interfaces_s__rosidl_typesupport_introspection_c.cpython-310-x86_64-linux-gnu.so
[9.681s] -- Installing: /home/shan/ros2_ws/install/custom_interfaces/local/lib/python3.10/dist-packages/custom_interfaces/_custom_interfaces_s.ep.rosidl_typesupport_c.c
[9.681s] -- Up-to-date: /home/shan/ros2_ws/install/custom_interfaces/local/lib/python3.10/dist-packages/custom_interfaces/srv
[9.681s] -- Installing: /home/shan/ros2_ws/install/custom_interfaces/local/lib/python3.10/dist-packages/custom_interfaces/srv/__init__.py
[9.681s] -- Installing: /home/shan/ros2_ws/install/custom_interfaces/local/lib/python3.10/dist-packages/custom_interfaces/srv/_multiply_two_ints_s.c
[9.681s] -- Installing: /home/shan/ros2_ws/install/custom_interfaces/local/lib/python3.10/dist-packages/custom_interfaces/srv/_dotproduct.py
[9.681s] -- Installing: /home/shan/ros2_ws/install/custom_interfaces/local/lib/python3.10/dist-packages/custom_interfaces/srv/_dotproduct_s.c
[9.682s] -- Installing: /home/shan/ros2_ws/install/custom_interfaces/local/lib/python3.10/dist-packages/custom_interfaces/srv/_multiply_two_ints.py
[9.682s] -- Up-to-date: /home/shan/ros2_ws/install/custom_interfaces/local/lib/python3.10/dist-packages/custom_interfaces/msg
[9.682s] -- Installing: /home/shan/ros2_ws/install/custom_interfaces/local/lib/python3.10/dist-packages/custom_interfaces/msg/__init__.py
[9.682s] -- Installing: /home/shan/ros2_ws/install/custom_interfaces/local/lib/python3.10/dist-packages/custom_interfaces/msg/_hardwarestatus_s.c
[9.682s] -- Installing: /home/shan/ros2_ws/install/custom_interfaces/local/lib/python3.10/dist-packages/custom_interfaces/msg/_point.py
[9.682s] -- Installing: /home/shan/ros2_ws/install/custom_interfaces/local/lib/python3.10/dist-packages/custom_interfaces/msg/_quaternion.py
[9.682s] -- Installing: /home/shan/ros2_ws/install/custom_interfaces/local/lib/python3.10/dist-packages/custom_interfaces/msg/_point_s.c
[9.683s] -- Installing: /home/shan/ros2_ws/install/custom_interfaces/local/lib/python3.10/dist-packages/custom_interfaces/msg/_pose.py
[9.683s] -- Installing: /home/shan/ros2_ws/install/custom_interfaces/local/lib/python3.10/dist-packages/custom_interfaces/msg/_hardwarestatus.py
[9.683s] -- Installing: /home/shan/ros2_ws/install/custom_interfaces/local/lib/python3.10/dist-packages/custom_interfaces/msg/_vector4.py
[9.683s] -- Installing: /home/shan/ros2_ws/install/custom_interfaces/local/lib/python3.10/dist-packages/custom_interfaces/msg/_quaternion_s.c
[9.683s] -- Installing: /home/shan/ros2_ws/install/custom_interfaces/local/lib/python3.10/dist-packages/custom_interfaces/msg/_vector4_s.c
[9.683s] -- Installing: /home/shan/ros2_ws/install/custom_interfaces/local/lib/python3.10/dist-packages/custom_interfaces/msg/_pose_s.c
[9.683s] -- Installing: /home/shan/ros2_ws/install/custom_interfaces/local/lib/python3.10/dist-packages/custom_interfaces/_custom_interfaces_s.ep.rosidl_typesupport_fastrtps_c.c
[9.684s] -- Installing: /home/shan/ros2_ws/install/custom_interfaces/local/lib/python3.10/dist-packages/custom_interfaces/_custom_interfaces_s.ep.rosidl_typesupport_introspection_c.c
[9.684s] -- Installing: /home/shan/ros2_ws/install/custom_interfaces/local/lib/python3.10/dist-packages/custom_interfaces/custom_interfaces_s__rosidl_typesupport_c.cpython-310-x86_64-linux-gnu.so
[9.684s] -- Installing: /home/shan/ros2_ws/install/custom_interfaces/local/lib/python3.10/dist-packages/custom_interfaces/libcustom_interfaces__rosidl_generator_py.so
[9.720s] Listing '/home/shan/ros2_ws/install/custom_interfaces/local/lib/python3.10/dist-packages/custom_interfaces'...
[9.720s] Compiling '/home/shan/ros2_ws/install/custom_interfaces/local/lib/python3.10/dist-packages/custom_interfaces/__init__.py'...
[9.720s] Listing '/home/shan/ros2_ws/install/custom_interfaces/local/lib/python3.10/dist-packages/custom_interfaces/msg'...
[9.720s] Compiling '/home/shan/ros2_ws/install/custom_interfaces/local/lib/python3.10/dist-packages/custom_interfaces/msg/__init__.py'...
[9.721s] Compiling '/home/shan/ros2_ws/install/custom_interfaces/local/lib/python3.10/dist-packages/custom_interfaces/msg/_hardwarestatus.py'...
[9.721s] Compiling '/home/shan/ros2_ws/install/custom_interfaces/local/lib/python3.10/dist-packages/custom_interfaces/msg/_point.py'...
[9.721s] Compiling '/home/shan/ros2_ws/install/custom_interfaces/local/lib/python3.10/dist-packages/custom_interfaces/msg/_pose.py'...
[9.721s] Compiling '/home/shan/ros2_ws/install/custom_interfaces/local/lib/python3.10/dist-packages/custom_interfaces/msg/_quaternion.py'...
[9.721s] Compiling '/home/shan/ros2_ws/install/custom_interfaces/local/lib/python3.10/dist-packages/custom_interfaces/msg/_vector4.py'...
[9.721s] Listing '/home/shan/ros2_ws/install/custom_interfaces/local/lib/python3.10/dist-packages/custom_interfaces/srv'...
[9.721s] Compiling '/home/shan/ros2_ws/install/custom_interfaces/local/lib/python3.10/dist-packages/custom_interfaces/srv/__init__.py'...
[9.721s] Compiling '/home/shan/ros2_ws/install/custom_interfaces/local/lib/python3.10/dist-packages/custom_interfaces/srv/_dotproduct.py'...
[9.721s] Compiling '/home/shan/ros2_ws/install/custom_interfaces/local/lib/python3.10/dist-packages/custom_interfaces/srv/_multiply_two_ints.py'...
[9.724s] -- Installing: /home/shan/ros2_ws/install/custom_interfaces/local/lib/python3.10/dist-packages/custom_interfaces/custom_interfaces_s__rosidl_typesupport_fastrtps_c.cpython-310-x86_64-linux-gnu.so
[9.724s] -- Set runtime path of "/home/shan/ros2_ws/install/custom_interfaces/local/lib/python3.10/dist-packages/custom_interfaces/custom_interfaces_s__rosidl_typesupport_fastrtps_c.cpython-310-x86_64-linux-gnu.so" to ""
[9.725s] -- Installing: /home/shan/ros2_ws/install/custom_interfaces/local/lib/python3.10/dist-packages/custom_interfaces/custom_interfaces_s__rosidl_typesupport_introspection_c.cpython-310-x86_64-linux-gnu.so
[9.725s] -- Set runtime path of "/home/shan/ros2_ws/install/custom_interfaces/local/lib/python3.10/dist-packages/custom_interfaces/custom_interfaces_s__rosidl_typesupport_introspection_c.cpython-310-x86_64-linux-gnu.so" to ""
[9.725s] -- Installing: /home/shan/ros2_ws/install/custom_interfaces/local/lib/python3.10/dist-packages/custom_interfaces/custom_interfaces_s__rosidl_typesupport_c.cpython-310-x86_64-linux-gnu.so
[9.726s] -- Set runtime path of "/home/shan/ros2_ws/install/custom_interfaces/local/lib/python3.10/dist-packages/custom_interfaces/custom_interfaces_s__rosidl_typesupport_c.cpython-310-x86_64-linux-gnu.so" to ""
[9.726s] -- Installing: /home/shan/ros2_ws/install/custom_interfaces/lib/libcustom_interfaces__rosidl_generator_py.so
[9.726s] -- Set runtime path of "/home/shan/ros2_ws/install/custom_interfaces/lib/libcustom_interfaces__rosidl_generator_py.so" to ""
[9.726s] -- Up-to-date: /home/shan/ros2_ws/install/custom_interfaces/share/custom_interfaces/msg/Vector4.idl
[9.727s] -- Up-to-date: /home/shan/ros2_ws/install/custom_interfaces/share/custom_interfaces/msg/Hardwarestatus.idl
[9.727s] -- Up-to-date: /home/shan/ros2_ws/install/custom_interfaces/share/custom_interfaces/msg/Point.idl
[9.727s] -- Up-to-date: /home/shan/ros2_ws/install/custom_interfaces/share/custom_interfaces/msg/Pose.idl
[9.727s] -- Up-to-date: /home/shan/ros2_ws/install/custom_interfaces/share/custom_interfaces/msg/Quaternion.idl
[9.727s] -- Up-to-date: /home/shan/ros2_ws/install/custom_interfaces/share/custom_interfaces/srv/MultiplyTwoInts.idl
[9.727s] -- Installing: /home/shan/ros2_ws/install/custom_interfaces/share/custom_interfaces/srv/Dotproduct.idl
[9.727s] -- Up-to-date: /home/shan/ros2_ws/install/custom_interfaces/share/custom_interfaces/msg/Vector4.msg
[9.727s] -- Up-to-date: /home/shan/ros2_ws/install/custom_interfaces/share/custom_interfaces/msg/Hardwarestatus.msg
[9.727s] -- Up-to-date: /home/shan/ros2_ws/install/custom_interfaces/share/custom_interfaces/msg/Point.msg
[9.727s] -- Up-to-date: /home/shan/ros2_ws/install/custom_interfaces/share/custom_interfaces/msg/Pose.msg
[9.727s] -- Up-to-date: /home/shan/ros2_ws/install/custom_interfaces/share/custom_interfaces/msg/Quaternion.msg
[9.727s] -- Up-to-date: /home/shan/ros2_ws/install/custom_interfaces/share/custom_interfaces/srv/MultiplyTwoInts.srv
[9.727s] -- Up-to-date: /home/shan/ros2_ws/install/custom_interfaces/share/custom_interfaces/srv/MultiplyTwoInts_Request.msg
[9.727s] -- Up-to-date: /home/shan/ros2_ws/install/custom_interfaces/share/custom_interfaces/srv/MultiplyTwoInts_Response.msg
[9.727s] -- Installing: /home/shan/ros2_ws/install/custom_interfaces/share/custom_interfaces/srv/Dotproduct.srv
[9.727s] -- Installing: /home/shan/ros2_ws/install/custom_interfaces/share/custom_interfaces/srv/Dotproduct_Request.msg
[9.728s] -- Installing: /home/shan/ros2_ws/install/custom_interfaces/share/custom_interfaces/srv/Dotproduct_Response.msg
[9.728s] -- Up-to-date: /home/shan/ros2_ws/install/custom_interfaces/share/ament_index/resource_index/package_run_dependencies/custom_interfaces
[9.728s] -- Up-to-date: /home/shan/ros2_ws/install/custom_interfaces/share/ament_index/resource_index/parent_prefix_path/custom_interfaces
[9.728s] -- Up-to-date: /home/shan/ros2_ws/install/custom_interfaces/share/custom_interfaces/environment/ament_prefix_path.sh
[9.728s] -- Installing: /home/shan/ros2_ws/install/custom_interfaces/share/custom_interfaces/environment/ament_prefix_path.dsv
[9.728s] -- Up-to-date: /home/shan/ros2_ws/install/custom_interfaces/share/custom_interfaces/environment/path.sh
[9.728s] -- Installing: /home/shan/ros2_ws/install/custom_interfaces/share/custom_interfaces/environment/path.dsv
[9.728s] -- Up-to-date: /home/shan/ros2_ws/install/custom_interfaces/share/custom_interfaces/local_setup.bash
[9.728s] -- Up-to-date: /home/shan/ros2_ws/install/custom_interfaces/share/custom_interfaces/local_setup.sh
[9.728s] -- Up-to-date: /home/shan/ros2_ws/install/custom_interfaces/share/custom_interfaces/local_setup.zsh
[9.728s] -- Installing: /home/shan/ros2_ws/install/custom_interfaces/share/custom_interfaces/local_setup.dsv
[9.728s] -- Installing: /home/shan/ros2_ws/install/custom_interfaces/share/custom_interfaces/package.dsv
[9.729s] -- Up-to-date: /home/shan/ros2_ws/install/custom_interfaces/share/ament_index/resource_index/packages/custom_interfaces
[9.729s] -- Up-to-date: /home/shan/ros2_ws/install/custom_interfaces/share/custom_interfaces/cmake/export_custom_interfaces__rosidl_generator_cExport.cmake
[9.729s] -- Up-to-date: /home/shan/ros2_ws/install/custom_interfaces/share/custom_interfaces/cmake/export_custom_interfaces__rosidl_generator_cExport-noconfig.cmake
[9.729s] -- Up-to-date: /home/shan/ros2_ws/install/custom_interfaces/share/custom_interfaces/cmake/export_custom_interfaces__rosidl_typesupport_fastrtps_cExport.cmake
[9.729s] -- Up-to-date: /home/shan/ros2_ws/install/custom_interfaces/share/custom_interfaces/cmake/export_custom_interfaces__rosidl_typesupport_fastrtps_cExport-noconfig.cmake
[9.729s] -- Up-to-date: /home/shan/ros2_ws/install/custom_interfaces/share/custom_interfaces/cmake/custom_interfaces__rosidl_typesupport_introspection_cExport.cmake
[9.729s] -- Up-to-date: /home/shan/ros2_ws/install/custom_interfaces/share/custom_interfaces/cmake/custom_interfaces__rosidl_typesupport_introspection_cExport-noconfig.cmake
[9.729s] -- Up-to-date: /home/shan/ros2_ws/install/custom_interfaces/share/custom_interfaces/cmake/custom_interfaces__rosidl_typesupport_cExport.cmake
[9.729s] -- Up-to-date: /home/shan/ros2_ws/install/custom_interfaces/share/custom_interfaces/cmake/custom_interfaces__rosidl_typesupport_cExport-noconfig.cmake
[9.729s] -- Up-to-date: /home/shan/ros2_ws/install/custom_interfaces/share/custom_interfaces/cmake/export_custom_interfaces__rosidl_generator_cppExport.cmake
[9.729s] -- Up-to-date: /home/shan/ros2_ws/install/custom_interfaces/share/custom_interfaces/cmake/export_custom_interfaces__rosidl_typesupport_fastrtps_cppExport.cmake
[9.729s] -- Up-to-date: /home/shan/ros2_ws/install/custom_interfaces/share/custom_interfaces/cmake/export_custom_interfaces__rosidl_typesupport_fastrtps_cppExport-noconfig.cmake
[9.729s] -- Up-to-date: /home/shan/ros2_ws/install/custom_interfaces/share/custom_interfaces/cmake/custom_interfaces__rosidl_typesupport_introspection_cppExport.cmake
[9.729s] -- Up-to-date: /home/shan/ros2_ws/install/custom_interfaces/share/custom_interfaces/cmake/custom_interfaces__rosidl_typesupport_introspection_cppExport-noconfig.cmake
[9.729s] -- Up-to-date: /home/shan/ros2_ws/install/custom_interfaces/share/custom_interfaces/cmake/custom_interfaces__rosidl_typesupport_cppExport.cmake
[9.729s] -- Up-to-date: /home/shan/ros2_ws/install/custom_interfaces/share/custom_interfaces/cmake/custom_interfaces__rosidl_typesupport_cppExport-noconfig.cmake
[9.729s] -- Up-to-date: /home/shan/ros2_ws/install/custom_interfaces/share/custom_interfaces/cmake/export_custom_interfaces__rosidl_generator_pyExport.cmake
[9.730s] -- Up-to-date: /home/shan/ros2_ws/install/custom_interfaces/share/custom_interfaces/cmake/export_custom_interfaces__rosidl_generator_pyExport-noconfig.cmake
[9.730s] -- Installing: /home/shan/ros2_ws/install/custom_interfaces/share/custom_interfaces/cmake/rosidl_cmake-extras.cmake
[9.730s] -- Up-to-date: /home/shan/ros2_ws/install/custom_interfaces/share/custom_interfaces/cmake/ament_cmake_export_include_directories-extras.cmake
[9.730s] -- Up-to-date: /home/shan/ros2_ws/install/custom_interfaces/share/custom_interfaces/cmake/ament_cmake_export_libraries-extras.cmake
[9.730s] -- Up-to-date: /home/shan/ros2_ws/install/custom_interfaces/share/custom_interfaces/cmake/ament_cmake_export_targets-extras.cmake
[9.730s] -- Up-to-date: /home/shan/ros2_ws/install/custom_interfaces/share/custom_interfaces/cmake/rosidl_cmake_export_typesupport_targets-extras.cmake
[9.730s] -- Up-to-date: /home/shan/ros2_ws/install/custom_interfaces/share/custom_interfaces/cmake/ament_cmake_export_dependencies-extras.cmake
[9.730s] -- Up-to-date: /home/shan/ros2_ws/install/custom_interfaces/share/custom_interfaces/cmake/rosidl_cmake_export_typesupport_libraries-extras.cmake
[9.730s] -- Up-to-date: /home/shan/ros2_ws/install/custom_interfaces/share/custom_interfaces/cmake/custom_interfacesConfig.cmake
[9.730s] -- Up-to-date: /home/shan/ros2_ws/install/custom_interfaces/share/custom_interfaces/cmake/custom_interfacesConfig-version.cmake
[9.730s] -- Up-to-date: /home/shan/ros2_ws/install/custom_interfaces/share/custom_interfaces/package.xml
[9.733s] Invoked command in '/home/shan/ros2_ws/build/custom_interfaces' returned '0': CMAKE_PREFIX_PATH=${CMAKE_PREFIX_PATH}:/home/shan/ros2_ws/install/myturtlectrl:/home/shan/ros2_ws/install/mypypkg:/opt/ros/humble /usr/bin/cmake --install /home/shan/ros2_ws/build/custom_interfaces
