[0.224s] DEBUG:colcon:Command line arguments: ['/usr/bin/colcon', 'build']
[0.224s] DEBUG:colcon:Parsed command line arguments: Namespace(log_base=None, log_level=None, verb_name='build', build_base='build', install_base='install', merge_install=False, symlink_install=False, test_result_base=None, continue_on_error=False, executor='parallel', parallel_workers=16, event_handlers=None, ignore_user_meta=False, metas=['./colcon.meta'], base_paths=['.'], packages_ignore=None, packages_ignore_regex=None, paths=None, packages_up_to=None, packages_up_to_regex=None, packages_above=None, packages_above_and_dependencies=None, packages_above_depth=None, packages_select_by_dep=None, packages_skip_by_dep=None, packages_skip_up_to=None, packages_select_build_failed=False, packages_skip_build_finished=False, packages_select_test_failures=False, packages_skip_test_passed=False, packages_select=None, packages_skip=None, packages_select_regex=None, packages_skip_regex=None, packages_start=None, packages_end=None, allow_overriding=[], cmake_args=None, cmake_target=None, cmake_target_skip_unavailable=False, cmake_clean_cache=False, cmake_clean_first=False, cmake_force_configure=False, ament_cmake_args=None, catkin_cmake_args=None, catkin_skip_building_tests=False, verb_parser=<colcon_defaults.argument_parser.defaults.DefaultArgumentsDecorator object at 0x7f7e2de33fa0>, verb_extension=<colcon_core.verb.build.BuildVerb object at 0x7f7e2de33a90>, main=<bound method BuildVerb.main of <colcon_core.verb.build.BuildVerb object at 0x7f7e2de33a90>>)
[0.587s] Level 1:colcon.colcon_core.package_discovery:discover_packages(colcon_meta) check parameters
[0.588s] Level 1:colcon.colcon_core.package_discovery:discover_packages(recursive) check parameters
[0.588s] Level 1:colcon.colcon_core.package_discovery:discover_packages(ignore) check parameters
[0.588s] Level 1:colcon.colcon_core.package_discovery:discover_packages(path) check parameters
[0.588s] Level 1:colcon.colcon_core.package_discovery:discover_packages(colcon_meta) discover
[0.588s] Level 1:colcon.colcon_core.package_discovery:discover_packages(recursive) discover
[0.588s] INFO:colcon.colcon_core.package_discovery:Crawling recursively for packages in '/home/shan/ros2_ws'
[0.588s] Level 1:colcon.colcon_core.package_identification:_identify(.) by extensions ['ignore', 'ignore_ament_install']
[0.588s] Level 1:colcon.colcon_core.package_identification:_identify(.) by extension 'ignore'
[0.589s] Level 1:colcon.colcon_core.package_identification:_identify(.) by extension 'ignore_ament_install'
[0.589s] Level 1:colcon.colcon_core.package_identification:_identify(.) by extensions ['colcon_pkg']
[0.589s] Level 1:colcon.colcon_core.package_identification:_identify(.) by extension 'colcon_pkg'
[0.589s] Level 1:colcon.colcon_core.package_identification:_identify(.) by extensions ['colcon_meta']
[0.589s] Level 1:colcon.colcon_core.package_identification:_identify(.) by extension 'colcon_meta'
[0.589s] Level 1:colcon.colcon_core.package_identification:_identify(.) by extensions ['ros']
[0.589s] Level 1:colcon.colcon_core.package_identification:_identify(.) by extension 'ros'
[0.613s] Level 1:colcon.colcon_core.package_identification:_identify(.) by extensions ['cmake', 'python']
[0.613s] Level 1:colcon.colcon_core.package_identification:_identify(.) by extension 'cmake'
[0.613s] Level 1:colcon.colcon_core.package_identification:_identify(.) by extension 'python'
[0.613s] Level 1:colcon.colcon_core.package_identification:_identify(.) by extensions ['python_setup_py']
[0.613s] Level 1:colcon.colcon_core.package_identification:_identify(.) by extension 'python_setup_py'
[0.613s] Level 1:colcon.colcon_core.package_identification:_identify(build) by extensions ['ignore', 'ignore_ament_install']
[0.614s] Level 1:colcon.colcon_core.package_identification:_identify(build) by extension 'ignore'
[0.614s] Level 1:colcon.colcon_core.package_identification:_identify(build) ignored
[0.614s] Level 1:colcon.colcon_core.package_identification:_identify(install) by extensions ['ignore', 'ignore_ament_install']
[0.614s] Level 1:colcon.colcon_core.package_identification:_identify(install) by extension 'ignore'
[0.614s] Level 1:colcon.colcon_core.package_identification:_identify(install) ignored
[0.615s] Level 1:colcon.colcon_core.package_identification:_identify(log) by extensions ['ignore', 'ignore_ament_install']
[0.615s] Level 1:colcon.colcon_core.package_identification:_identify(log) by extension 'ignore'
[0.615s] Level 1:colcon.colcon_core.package_identification:_identify(log) ignored
[0.615s] Level 1:colcon.colcon_core.package_identification:_identify(src) by extensions ['ignore', 'ignore_ament_install']
[0.615s] Level 1:colcon.colcon_core.package_identification:_identify(src) by extension 'ignore'
[0.615s] Level 1:colcon.colcon_core.package_identification:_identify(src) by extension 'ignore_ament_install'
[0.615s] Level 1:colcon.colcon_core.package_identification:_identify(src) by extensions ['colcon_pkg']
[0.615s] Level 1:colcon.colcon_core.package_identification:_identify(src) by extension 'colcon_pkg'
[0.616s] Level 1:colcon.colcon_core.package_identification:_identify(src) by extensions ['colcon_meta']
[0.616s] Level 1:colcon.colcon_core.package_identification:_identify(src) by extension 'colcon_meta'
[0.616s] Level 1:colcon.colcon_core.package_identification:_identify(src) by extensions ['ros']
[0.616s] Level 1:colcon.colcon_core.package_identification:_identify(src) by extension 'ros'
[0.616s] Level 1:colcon.colcon_core.package_identification:_identify(src) by extensions ['cmake', 'python']
[0.616s] Level 1:colcon.colcon_core.package_identification:_identify(src) by extension 'cmake'
[0.616s] Level 1:colcon.colcon_core.package_identification:_identify(src) by extension 'python'
[0.616s] Level 1:colcon.colcon_core.package_identification:_identify(src) by extensions ['python_setup_py']
[0.616s] Level 1:colcon.colcon_core.package_identification:_identify(src) by extension 'python_setup_py'
[0.616s] Level 1:colcon.colcon_core.package_identification:_identify(src/log) by extensions ['ignore', 'ignore_ament_install']
[0.617s] Level 1:colcon.colcon_core.package_identification:_identify(src/log) by extension 'ignore'
[0.617s] Level 1:colcon.colcon_core.package_identification:_identify(src/log) ignored
[0.617s] Level 1:colcon.colcon_core.package_identification:_identify(src/mypypkg) by extensions ['ignore', 'ignore_ament_install']
[0.617s] Level 1:colcon.colcon_core.package_identification:_identify(src/mypypkg) by extension 'ignore'
[0.617s] Level 1:colcon.colcon_core.package_identification:_identify(src/mypypkg) by extension 'ignore_ament_install'
[0.617s] Level 1:colcon.colcon_core.package_identification:_identify(src/mypypkg) by extensions ['colcon_pkg']
[0.617s] Level 1:colcon.colcon_core.package_identification:_identify(src/mypypkg) by extension 'colcon_pkg'
[0.617s] Level 1:colcon.colcon_core.package_identification:_identify(src/mypypkg) by extensions ['colcon_meta']
[0.618s] Level 1:colcon.colcon_core.package_identification:_identify(src/mypypkg) by extension 'colcon_meta'
[0.618s] Level 1:colcon.colcon_core.package_identification:_identify(src/mypypkg) by extensions ['ros']
[0.618s] Level 1:colcon.colcon_core.package_identification:_identify(src/mypypkg) by extension 'ros'
[0.623s] DEBUG:colcon.colcon_core.package_identification:Package 'src/mypypkg' with type 'ros.ament_python' and name 'mypypkg'
[0.623s] Level 1:colcon.colcon_core.package_discovery:discover_packages(recursive) using defaults
[0.623s] Level 1:colcon.colcon_core.package_discovery:discover_packages(ignore) discover
[0.623s] Level 1:colcon.colcon_core.package_discovery:discover_packages(ignore) using defaults
[0.623s] Level 1:colcon.colcon_core.package_discovery:discover_packages(path) discover
[0.623s] Level 1:colcon.colcon_core.package_discovery:discover_packages(path) using defaults
[0.665s] Level 1:colcon.colcon_core.package_discovery:discover_packages(prefix_path) check parameters
[0.666s] Level 1:colcon.colcon_core.package_discovery:discover_packages(prefix_path) discover
[0.669s] DEBUG:colcon.colcon_installed_package_information.package_discovery:Found 0 installed packages in /home/shan/ros2_ws/install
[0.672s] DEBUG:colcon.colcon_installed_package_information.package_discovery:Found 330 installed packages in /opt/ros/humble
[0.695s] Level 1:colcon.colcon_core.package_discovery:discover_packages(prefix_path) using defaults
[0.789s] Level 5:colcon.colcon_core.verb:set package 'mypypkg' build argument 'cmake_args' from command line to 'None'
[0.789s] Level 5:colcon.colcon_core.verb:set package 'mypypkg' build argument 'cmake_target' from command line to 'None'
[0.789s] Level 5:colcon.colcon_core.verb:set package 'mypypkg' build argument 'cmake_target_skip_unavailable' from command line to 'False'
[0.789s] Level 5:colcon.colcon_core.verb:set package 'mypypkg' build argument 'cmake_clean_cache' from command line to 'False'
[0.789s] Level 5:colcon.colcon_core.verb:set package 'mypypkg' build argument 'cmake_clean_first' from command line to 'False'
[0.789s] Level 5:colcon.colcon_core.verb:set package 'mypypkg' build argument 'cmake_force_configure' from command line to 'False'
[0.789s] Level 5:colcon.colcon_core.verb:set package 'mypypkg' build argument 'ament_cmake_args' from command line to 'None'
[0.789s] Level 5:colcon.colcon_core.verb:set package 'mypypkg' build argument 'catkin_cmake_args' from command line to 'None'
[0.789s] Level 5:colcon.colcon_core.verb:set package 'mypypkg' build argument 'catkin_skip_building_tests' from command line to 'False'
[0.790s] DEBUG:colcon.colcon_core.verb:Building package 'mypypkg' with the following arguments: {'ament_cmake_args': None, 'build_base': '/home/shan/ros2_ws/build/mypypkg', 'catkin_cmake_args': None, 'catkin_skip_building_tests': False, 'cmake_args': None, 'cmake_clean_cache': False, 'cmake_clean_first': False, 'cmake_force_configure': False, 'cmake_target': None, 'cmake_target_skip_unavailable': False, 'install_base': '/home/shan/ros2_ws/install/mypypkg', 'merge_install': False, 'path': '/home/shan/ros2_ws/src/mypypkg', 'symlink_install': False, 'test_result_base': None}
[0.790s] INFO:colcon.colcon_core.executor:Executing jobs using 'parallel' executor
[0.792s] DEBUG:colcon.colcon_parallel_executor.executor.parallel:run_until_complete
[0.793s] INFO:colcon.colcon_ros.task.ament_python.build:Building ROS package in '/home/shan/ros2_ws/src/mypypkg' with build type 'ament_python'
[0.793s] Level 1:colcon.colcon_core.shell:create_environment_hook('mypypkg', 'ament_prefix_path')
[0.797s] INFO:colcon.colcon_core.plugin_system:Skipping extension 'colcon_core.shell.bat': Not used on non-Windows systems
[0.797s] INFO:colcon.colcon_core.shell:Creating environment hook '/home/shan/ros2_ws/install/mypypkg/share/mypypkg/hook/ament_prefix_path.ps1'
[0.808s] INFO:colcon.colcon_core.shell:Creating environment descriptor '/home/shan/ros2_ws/install/mypypkg/share/mypypkg/hook/ament_prefix_path.dsv'
[0.810s] INFO:colcon.colcon_core.shell:Creating environment hook '/home/shan/ros2_ws/install/mypypkg/share/mypypkg/hook/ament_prefix_path.sh'
[0.812s] INFO:colcon.colcon_core.shell:Skip shell extension 'powershell' for command environment: Not usable outside of PowerShell
[0.812s] DEBUG:colcon.colcon_core.shell:Skip shell extension 'dsv' for command environment
[1.370s] INFO:colcon.colcon_core.task.python.build:Building Python package in '/home/shan/ros2_ws/src/mypypkg'
[1.371s] INFO:colcon.colcon_core.shell:Skip shell extension 'powershell' for command environment: Not usable outside of PowerShell
[1.371s] DEBUG:colcon.colcon_core.shell:Skip shell extension 'dsv' for command environment
[2.195s] DEBUG:colcon.colcon_core.event_handler.log_command:Invoking command in '/home/shan/ros2_ws/src/mypypkg': PYTHONPATH=/home/shan/ros2_ws/build/mypypkg/prefix_override:/usr/lib/python3/dist-packages/colcon_core/task/python/colcon_distutils_commands:/home/shan/ros2_ws/install/mypypkg/lib/python3.10/site-packages:${PYTHONPATH} /usr/bin/python3 -W ignore:setup.py install is deprecated -W ignore:easy_install command is deprecated setup.py egg_info --egg-base ../../build/mypypkg build --build-base /home/shan/ros2_ws/build/mypypkg/build install --record /home/shan/ros2_ws/build/mypypkg/install.log --single-version-externally-managed install_data
[2.827s] DEBUG:colcon.colcon_core.event_handler.log_command:Invoked command in '/home/shan/ros2_ws/src/mypypkg' returned '0': PYTHONPATH=/home/shan/ros2_ws/build/mypypkg/prefix_override:/usr/lib/python3/dist-packages/colcon_core/task/python/colcon_distutils_commands:/home/shan/ros2_ws/install/mypypkg/lib/python3.10/site-packages:${PYTHONPATH} /usr/bin/python3 -W ignore:setup.py install is deprecated -W ignore:easy_install command is deprecated setup.py egg_info --egg-base ../../build/mypypkg build --build-base /home/shan/ros2_ws/build/mypypkg/build install --record /home/shan/ros2_ws/build/mypypkg/install.log --single-version-externally-managed install_data
[2.836s] Level 1:colcon.colcon_core.environment:checking '/home/shan/ros2_ws/install/mypypkg' for CMake module files
[2.836s] Level 1:colcon.colcon_core.environment:checking '/home/shan/ros2_ws/install/mypypkg' for CMake config files
[2.838s] Level 1:colcon.colcon_core.environment:checking '/home/shan/ros2_ws/install/mypypkg/lib'
[2.838s] Level 1:colcon.colcon_core.environment:checking '/home/shan/ros2_ws/install/mypypkg/bin'
[2.838s] Level 1:colcon.colcon_core.environment:checking '/home/shan/ros2_ws/install/mypypkg/lib/pkgconfig/mypypkg.pc'
[2.839s] Level 1:colcon.colcon_core.environment:checking '/home/shan/ros2_ws/install/mypypkg/lib/python3.10/site-packages'
[2.839s] Level 1:colcon.colcon_core.shell:create_environment_hook('mypypkg', 'pythonpath')
[2.839s] INFO:colcon.colcon_core.shell:Creating environment hook '/home/shan/ros2_ws/install/mypypkg/share/mypypkg/hook/pythonpath.ps1'
[2.840s] INFO:colcon.colcon_core.shell:Creating environment descriptor '/home/shan/ros2_ws/install/mypypkg/share/mypypkg/hook/pythonpath.dsv'
[2.841s] INFO:colcon.colcon_core.shell:Creating environment hook '/home/shan/ros2_ws/install/mypypkg/share/mypypkg/hook/pythonpath.sh'
[2.842s] Level 1:colcon.colcon_core.environment:checking '/home/shan/ros2_ws/install/mypypkg/bin'
[2.843s] Level 1:colcon.colcon_core.environment:create_environment_scripts_only(mypypkg)
[2.843s] INFO:colcon.colcon_core.shell:Creating package script '/home/shan/ros2_ws/install/mypypkg/share/mypypkg/package.ps1'
[2.845s] INFO:colcon.colcon_core.shell:Creating package descriptor '/home/shan/ros2_ws/install/mypypkg/share/mypypkg/package.dsv'
[2.846s] INFO:colcon.colcon_core.shell:Creating package script '/home/shan/ros2_ws/install/mypypkg/share/mypypkg/package.sh'
[2.848s] INFO:colcon.colcon_core.shell:Creating package script '/home/shan/ros2_ws/install/mypypkg/share/mypypkg/package.bash'
[2.849s] INFO:colcon.colcon_core.shell:Creating package script '/home/shan/ros2_ws/install/mypypkg/share/mypypkg/package.zsh'
[2.851s] Level 1:colcon.colcon_core.environment:create_file_with_runtime_dependencies(/home/shan/ros2_ws/install/mypypkg/share/colcon-core/packages/mypypkg)
[2.852s] DEBUG:colcon.colcon_parallel_executor.executor.parallel:closing loop
[2.852s] DEBUG:colcon.colcon_parallel_executor.executor.parallel:loop closed
[2.852s] DEBUG:colcon.colcon_parallel_executor.executor.parallel:run_until_complete finished with '0'
[2.853s] DEBUG:colcon.colcon_core.event_reactor:joining thread
[2.862s] INFO:colcon.colcon_core.plugin_system:Skipping extension 'colcon_notification.desktop_notification.terminal_notifier': Not used on non-Darwin systems
[2.862s] INFO:colcon.colcon_core.plugin_system:Skipping extension 'colcon_notification.desktop_notification.win32': Not used on non-Windows systems
[2.862s] INFO:colcon.colcon_notification.desktop_notification:Sending desktop notification using 'notify2'
[2.886s] DEBUG:colcon.colcon_core.event_reactor:joined thread
[2.887s] INFO:colcon.colcon_core.shell:Creating prefix script '/home/shan/ros2_ws/install/local_setup.ps1'
[2.889s] INFO:colcon.colcon_core.shell:Creating prefix util module '/home/shan/ros2_ws/install/_local_setup_util_ps1.py'
[2.892s] INFO:colcon.colcon_core.shell:Creating prefix chain script '/home/shan/ros2_ws/install/setup.ps1'
[2.894s] INFO:colcon.colcon_core.shell:Creating prefix script '/home/shan/ros2_ws/install/local_setup.sh'
[2.895s] INFO:colcon.colcon_core.shell:Creating prefix util module '/home/shan/ros2_ws/install/_local_setup_util_sh.py'
[2.896s] INFO:colcon.colcon_core.shell:Creating prefix chain script '/home/shan/ros2_ws/install/setup.sh'
[2.898s] INFO:colcon.colcon_core.shell:Creating prefix script '/home/shan/ros2_ws/install/local_setup.bash'
[2.899s] INFO:colcon.colcon_core.shell:Creating prefix chain script '/home/shan/ros2_ws/install/setup.bash'
[2.901s] INFO:colcon.colcon_core.shell:Creating prefix script '/home/shan/ros2_ws/install/local_setup.zsh'
[2.902s] INFO:colcon.colcon_core.shell:Creating prefix chain script '/home/shan/ros2_ws/install/setup.zsh'
