[1.153s] Invoking command in '/home/shan/ros2_ws/src/mypypkg': PYTHONPATH=/home/shan/ros2_ws/build/mypypkg/prefix_override:/usr/lib/python3/dist-packages/colcon_core/task/python/colcon_distutils_commands:/home/shan/ros2_ws/install/mypypkg/lib/python3.10/site-packages:${PYTHONPATH} /usr/bin/python3 -W ignore:setup.py install is deprecated -W ignore:easy_install command is deprecated setup.py egg_info --egg-base ../../build/mypypkg build --build-base /home/shan/ros2_ws/build/mypypkg/build install --record /home/shan/ros2_ws/build/mypypkg/install.log --single-version-externally-managed install_data
[1.647s] running egg_info
[1.648s] writing ../../build/mypypkg/mypypkg.egg-info/PKG-INFO
[1.648s] writing dependency_links to ../../build/mypypkg/mypypkg.egg-info/dependency_links.txt
[1.649s] writing entry points to ../../build/mypypkg/mypypkg.egg-info/entry_points.txt
[1.649s] writing requirements to ../../build/mypypkg/mypypkg.egg-info/requires.txt
[1.649s] writing top-level names to ../../build/mypypkg/mypypkg.egg-info/top_level.txt
[1.653s] reading manifest file '../../build/mypypkg/mypypkg.egg-info/SOURCES.txt'
[1.655s] writing manifest file '../../build/mypypkg/mypypkg.egg-info/SOURCES.txt'
[1.655s] running build
[1.655s] running build_py
[1.656s] running install
[1.657s] running install_lib
[1.660s] running install_data
[1.660s] running install_egg_info
[1.665s] removing '/home/shan/ros2_ws/install/mypypkg/lib/python3.10/site-packages/mypypkg-0.0.0-py3.10.egg-info' (and everything under it)
[1.666s] Copying ../../build/mypypkg/mypypkg.egg-info to /home/shan/ros2_ws/install/mypypkg/lib/python3.10/site-packages/mypypkg-0.0.0-py3.10.egg-info
[1.668s] running install_scripts
[1.710s] Installing testclient script to /home/shan/ros2_ws/install/mypypkg/lib/mypypkg
[1.710s] Installing testexec script to /home/shan/ros2_ws/install/mypypkg/lib/mypypkg
[1.710s] Installing testpub script to /home/shan/ros2_ws/install/mypypkg/lib/mypypkg
[1.711s] Installing testserver script to /home/shan/ros2_ws/install/mypypkg/lib/mypypkg
[1.711s] Installing testsub script to /home/shan/ros2_ws/install/mypypkg/lib/mypypkg
[1.712s] writing list of installed files to '/home/shan/ros2_ws/build/mypypkg/install.log'
[1.754s] Invoked command in '/home/shan/ros2_ws/src/mypypkg' returned '0': PYTHONPATH=/home/shan/ros2_ws/build/mypypkg/prefix_override:/usr/lib/python3/dist-packages/colcon_core/task/python/colcon_distutils_commands:/home/shan/ros2_ws/install/mypypkg/lib/python3.10/site-packages:${PYTHONPATH} /usr/bin/python3 -W ignore:setup.py install is deprecated -W ignore:easy_install command is deprecated setup.py egg_info --egg-base ../../build/mypypkg build --build-base /home/shan/ros2_ws/build/mypypkg/build install --record /home/shan/ros2_ws/build/mypypkg/install.log --single-version-externally-managed install_data
