[0.875s] Invoking command in '/home/shan/ros2_ws/src/mypypkg': PYTHONPATH=/home/shan/ros2_ws/build/mypypkg/prefix_override:/usr/lib/python3/dist-packages/colcon_core/task/python/colcon_distutils_commands:/home/shan/ros2_ws/install/mypypkg/lib/python3.10/site-packages:${PYTHONPATH} /usr/bin/python3 -W ignore:setup.py install is deprecated -W ignore:easy_install command is deprecated setup.py egg_info --egg-base ../../build/mypypkg build --build-base /home/shan/ros2_ws/build/mypypkg/build install --record /home/shan/ros2_ws/build/mypypkg/install.log --single-version-externally-managed install_data
[1.200s] running egg_info
[1.200s] writing ../../build/mypypkg/mypypkg.egg-info/PKG-INFO
[1.201s] writing dependency_links to ../../build/mypypkg/mypypkg.egg-info/dependency_links.txt
[1.202s] writing entry points to ../../build/mypypkg/mypypkg.egg-info/entry_points.txt
[1.202s] writing requirements to ../../build/mypypkg/mypypkg.egg-info/requires.txt
[1.203s] writing top-level names to ../../build/mypypkg/mypypkg.egg-info/top_level.txt
[1.203s] reading manifest file '../../build/mypypkg/mypypkg.egg-info/SOURCES.txt'
[1.203s] writing manifest file '../../build/mypypkg/mypypkg.egg-info/SOURCES.txt'
[1.203s] running build
[1.203s] running build_py
[1.204s] copying mypypkg/psub.py -> /home/shan/ros2_ws/build/mypypkg/build/lib/mypypkg
[1.204s] copying mypypkg/ppub.py -> /home/shan/ros2_ws/build/mypypkg/build/lib/mypypkg
[1.205s] running install
[1.205s] running install_lib
[1.207s] copying /home/shan/ros2_ws/build/mypypkg/build/lib/mypypkg/psub.py -> /home/shan/ros2_ws/install/mypypkg/lib/python3.10/site-packages/mypypkg
[1.208s] copying /home/shan/ros2_ws/build/mypypkg/build/lib/mypypkg/ppub.py -> /home/shan/ros2_ws/install/mypypkg/lib/python3.10/site-packages/mypypkg
[1.209s] byte-compiling /home/shan/ros2_ws/install/mypypkg/lib/python3.10/site-packages/mypypkg/psub.py to psub.cpython-310.pyc
[1.211s] byte-compiling /home/shan/ros2_ws/install/mypypkg/lib/python3.10/site-packages/mypypkg/ppub.py to ppub.cpython-310.pyc
[1.212s] running install_data
[1.213s] running install_egg_info
[1.220s] removing '/home/shan/ros2_ws/install/mypypkg/lib/python3.10/site-packages/mypypkg-0.0.0-py3.10.egg-info' (and everything under it)
[1.221s] Copying ../../build/mypypkg/mypypkg.egg-info to /home/shan/ros2_ws/install/mypypkg/lib/python3.10/site-packages/mypypkg-0.0.0-py3.10.egg-info
[1.224s] running install_scripts
[1.264s] Installing hpub script to /home/shan/ros2_ws/install/mypypkg/lib/mypypkg
[1.264s] Installing hsub script to /home/shan/ros2_ws/install/mypypkg/lib/mypypkg
[1.264s] Installing ppub script to /home/shan/ros2_ws/install/mypypkg/lib/mypypkg
[1.264s] Installing psub script to /home/shan/ros2_ws/install/mypypkg/lib/mypypkg
[1.265s] Installing testclient script to /home/shan/ros2_ws/install/mypypkg/lib/mypypkg
[1.265s] Installing testexec script to /home/shan/ros2_ws/install/mypypkg/lib/mypypkg
[1.265s] Installing testpub script to /home/shan/ros2_ws/install/mypypkg/lib/mypypkg
[1.265s] Installing testserver script to /home/shan/ros2_ws/install/mypypkg/lib/mypypkg
[1.265s] Installing testsub script to /home/shan/ros2_ws/install/mypypkg/lib/mypypkg
[1.265s] Installing vectorpub script to /home/shan/ros2_ws/install/mypypkg/lib/mypypkg
[1.266s] Installing vectorsub script to /home/shan/ros2_ws/install/mypypkg/lib/mypypkg
[1.266s] writing list of installed files to '/home/shan/ros2_ws/build/mypypkg/install.log'
[1.304s] Invoked command in '/home/shan/ros2_ws/src/mypypkg' returned '0': PYTHONPATH=/home/shan/ros2_ws/build/mypypkg/prefix_override:/usr/lib/python3/dist-packages/colcon_core/task/python/colcon_distutils_commands:/home/shan/ros2_ws/install/mypypkg/lib/python3.10/site-packages:${PYTHONPATH} /usr/bin/python3 -W ignore:setup.py install is deprecated -W ignore:easy_install command is deprecated setup.py egg_info --egg-base ../../build/mypypkg build --build-base /home/shan/ros2_ws/build/mypypkg/build install --record /home/shan/ros2_ws/build/mypypkg/install.log --single-version-externally-managed install_data
