[1.442s] Invoking command in '/home/shan/ros2_ws/src/mypypkg': CMAKE_PREFIX_PATH=/home/shan/ros2_ws/install/custom_interfaces:/home/shan/ros2_ws/install/my_robot_bringup PYTHONPATH=/home/shan/ros2_ws/build/mypypkg/prefix_override:/usr/lib/python3/dist-packages/colcon_core/task/python/colcon_distutils_commands:/home/shan/ros2_ws/install/mypypkg/lib/python3.10/site-packages:${PYTHONPATH} /usr/bin/python3 -W ignore:setup.py install is deprecated -W ignore:easy_install command is deprecated setup.py egg_info --egg-base ../../build/mypypkg build --build-base /home/shan/ros2_ws/build/mypypkg/build install --record /home/shan/ros2_ws/build/mypypkg/install.log --single-version-externally-managed install_data
[1.997s] running egg_info
[1.998s] writing ../../build/mypypkg/mypypkg.egg-info/PKG-INFO
[1.999s] writing dependency_links to ../../build/mypypkg/mypypkg.egg-info/dependency_links.txt
[1.999s] writing entry points to ../../build/mypypkg/mypypkg.egg-info/entry_points.txt
[2.000s] writing requirements to ../../build/mypypkg/mypypkg.egg-info/requires.txt
[2.000s] writing top-level names to ../../build/mypypkg/mypypkg.egg-info/top_level.txt
[2.004s] reading manifest file '../../build/mypypkg/mypypkg.egg-info/SOURCES.txt'
[2.007s] writing manifest file '../../build/mypypkg/mypypkg.egg-info/SOURCES.txt'
[2.007s] running build
[2.007s] running build_py
[2.010s] running install
[2.011s] running install_lib
[2.016s] running install_data
[2.016s] running install_egg_info
[2.022s] removing '/home/shan/ros2_ws/install/mypypkg/lib/python3.10/site-packages/mypypkg-0.0.0-py3.10.egg-info' (and everything under it)
[2.023s] Copying ../../build/mypypkg/mypypkg.egg-info to /home/shan/ros2_ws/install/mypypkg/lib/python3.10/site-packages/mypypkg-0.0.0-py3.10.egg-info
[2.025s] running install_scripts
[2.070s] Installing boolnode script to /home/shan/ros2_ws/install/mypypkg/lib/mypypkg
[2.070s] Installing cameranode script to /home/shan/ros2_ws/install/mypypkg/lib/mypypkg
[2.071s] Installing dpclient script to /home/shan/ros2_ws/install/mypypkg/lib/mypypkg
[2.071s] Installing dpserver script to /home/shan/ros2_ws/install/mypypkg/lib/mypypkg
[2.071s] Installing dpserver2 script to /home/shan/ros2_ws/install/mypypkg/lib/mypypkg
[2.072s] Installing hpub script to /home/shan/ros2_ws/install/mypypkg/lib/mypypkg
[2.072s] Installing hsub script to /home/shan/ros2_ws/install/mypypkg/lib/mypypkg
[2.072s] Installing mitclient script to /home/shan/ros2_ws/install/mypypkg/lib/mypypkg
[2.073s] Installing mtiserver script to /home/shan/ros2_ws/install/mypypkg/lib/mypypkg
[2.073s] Installing paramexnode script to /home/shan/ros2_ws/install/mypypkg/lib/mypypkg
[2.073s] Installing ppub script to /home/shan/ros2_ws/install/mypypkg/lib/mypypkg
[2.073s] Installing psub script to /home/shan/ros2_ws/install/mypypkg/lib/mypypkg
[2.073s] Installing pub1 script to /home/shan/ros2_ws/install/mypypkg/lib/mypypkg
[2.074s] Installing sub1 script to /home/shan/ros2_ws/install/mypypkg/lib/mypypkg
[2.074s] Installing testclient script to /home/shan/ros2_ws/install/mypypkg/lib/mypypkg
[2.074s] Installing testexec script to /home/shan/ros2_ws/install/mypypkg/lib/mypypkg
[2.075s] Installing testpub script to /home/shan/ros2_ws/install/mypypkg/lib/mypypkg
[2.075s] Installing testserver script to /home/shan/ros2_ws/install/mypypkg/lib/mypypkg
[2.075s] Installing testsub script to /home/shan/ros2_ws/install/mypypkg/lib/mypypkg
[2.076s] Installing vectorpub script to /home/shan/ros2_ws/install/mypypkg/lib/mypypkg
[2.076s] Installing vectorsub script to /home/shan/ros2_ws/install/mypypkg/lib/mypypkg
[2.077s] writing list of installed files to '/home/shan/ros2_ws/build/mypypkg/install.log'
[2.122s] Invoked command in '/home/shan/ros2_ws/src/mypypkg' returned '0': CMAKE_PREFIX_PATH=/home/shan/ros2_ws/install/custom_interfaces:/home/shan/ros2_ws/install/my_robot_bringup PYTHONPATH=/home/shan/ros2_ws/build/mypypkg/prefix_override:/usr/lib/python3/dist-packages/colcon_core/task/python/colcon_distutils_commands:/home/shan/ros2_ws/install/mypypkg/lib/python3.10/site-packages:${PYTHONPATH} /usr/bin/python3 -W ignore:setup.py install is deprecated -W ignore:easy_install command is deprecated setup.py egg_info --egg-base ../../build/mypypkg build --build-base /home/shan/ros2_ws/build/mypypkg/build install --record /home/shan/ros2_ws/build/mypypkg/install.log --single-version-externally-managed install_data
