[0.443s] Invoking command in '/home/shan/ros2_ws/src/mypypkg': CMAKE_PREFIX_PATH=/home/shan/ros2_ws/install/custom_interfaces:/home/shan/ros2_ws/install/my_robot_bringup PYTHONPATH=/home/shan/ros2_ws/build/mypypkg/prefix_override:/usr/lib/python3/dist-packages/colcon_core/task/python/colcon_distutils_commands:/home/shan/ros2_ws/install/mypypkg/lib/python3.10/site-packages:${PYTHONPATH} /usr/bin/python3 -W ignore:setup.py install is deprecated -W ignore:easy_install command is deprecated setup.py egg_info --egg-base ../../build/mypypkg build --build-base /home/shan/ros2_ws/build/mypypkg/build install --record /home/shan/ros2_ws/build/mypypkg/install.log --single-version-externally-managed install_data
[0.608s] running egg_info
[0.609s] writing ../../build/mypypkg/mypypkg.egg-info/PKG-INFO
[0.609s] writing dependency_links to ../../build/mypypkg/mypypkg.egg-info/dependency_links.txt
[0.609s] writing entry points to ../../build/mypypkg/mypypkg.egg-info/entry_points.txt
[0.609s] writing requirements to ../../build/mypypkg/mypypkg.egg-info/requires.txt
[0.609s] writing top-level names to ../../build/mypypkg/mypypkg.egg-info/top_level.txt
[0.610s] reading manifest file '../../build/mypypkg/mypypkg.egg-info/SOURCES.txt'
[0.611s] writing manifest file '../../build/mypypkg/mypypkg.egg-info/SOURCES.txt'
[0.611s] running build
[0.611s] running build_py
[0.612s] running install
[0.612s] running install_lib
[0.614s] running install_data
[0.614s] running install_egg_info
[0.615s] removing '/home/shan/ros2_ws/install/mypypkg/lib/python3.10/site-packages/mypypkg-0.0.0-py3.10.egg-info' (and everything under it)
[0.616s] Copying ../../build/mypypkg/mypypkg.egg-info to /home/shan/ros2_ws/install/mypypkg/lib/python3.10/site-packages/mypypkg-0.0.0-py3.10.egg-info
[0.616s] running install_scripts
[0.630s] Installing boolnode script to /home/shan/ros2_ws/install/mypypkg/lib/mypypkg
[0.631s] Installing cameranode script to /home/shan/ros2_ws/install/mypypkg/lib/mypypkg
[0.631s] Installing dpclient script to /home/shan/ros2_ws/install/mypypkg/lib/mypypkg
[0.631s] Installing dpserver script to /home/shan/ros2_ws/install/mypypkg/lib/mypypkg
[0.631s] Installing dpserver2 script to /home/shan/ros2_ws/install/mypypkg/lib/mypypkg
[0.631s] Installing hpub script to /home/shan/ros2_ws/install/mypypkg/lib/mypypkg
[0.631s] Installing hsub script to /home/shan/ros2_ws/install/mypypkg/lib/mypypkg
[0.631s] Installing mitclient script to /home/shan/ros2_ws/install/mypypkg/lib/mypypkg
[0.631s] Installing mtiserver script to /home/shan/ros2_ws/install/mypypkg/lib/mypypkg
[0.631s] Installing paramexnode script to /home/shan/ros2_ws/install/mypypkg/lib/mypypkg
[0.631s] Installing ppub script to /home/shan/ros2_ws/install/mypypkg/lib/mypypkg
[0.631s] Installing psub script to /home/shan/ros2_ws/install/mypypkg/lib/mypypkg
[0.631s] Installing pub1 script to /home/shan/ros2_ws/install/mypypkg/lib/mypypkg
[0.631s] Installing sub1 script to /home/shan/ros2_ws/install/mypypkg/lib/mypypkg
[0.631s] Installing testclient script to /home/shan/ros2_ws/install/mypypkg/lib/mypypkg
[0.631s] Installing testexec script to /home/shan/ros2_ws/install/mypypkg/lib/mypypkg
[0.631s] Installing testpub script to /home/shan/ros2_ws/install/mypypkg/lib/mypypkg
[0.632s] Installing testserver script to /home/shan/ros2_ws/install/mypypkg/lib/mypypkg
[0.632s] Installing testsub script to /home/shan/ros2_ws/install/mypypkg/lib/mypypkg
[0.632s] Installing vectorpub script to /home/shan/ros2_ws/install/mypypkg/lib/mypypkg
[0.632s] Installing vectorsub script to /home/shan/ros2_ws/install/mypypkg/lib/mypypkg
[0.632s] writing list of installed files to '/home/shan/ros2_ws/build/mypypkg/install.log'
[0.649s] Invoked command in '/home/shan/ros2_ws/src/mypypkg' returned '0': CMAKE_PREFIX_PATH=/home/shan/ros2_ws/install/custom_interfaces:/home/shan/ros2_ws/install/my_robot_bringup PYTHONPATH=/home/shan/ros2_ws/build/mypypkg/prefix_override:/usr/lib/python3/dist-packages/colcon_core/task/python/colcon_distutils_commands:/home/shan/ros2_ws/install/mypypkg/lib/python3.10/site-packages:${PYTHONPATH} /usr/bin/python3 -W ignore:setup.py install is deprecated -W ignore:easy_install command is deprecated setup.py egg_info --egg-base ../../build/mypypkg build --build-base /home/shan/ros2_ws/build/mypypkg/build install --record /home/shan/ros2_ws/build/mypypkg/install.log --single-version-externally-managed install_data
