[1.065s] Invoking command in '/home/shan/ros2_ws/src/mypypkg': PYTHONPATH=/home/shan/ros2_ws/build/mypypkg/prefix_override:/usr/lib/python3/dist-packages/colcon_core/task/python/colcon_distutils_commands:/home/shan/ros2_ws/install/mypypkg/lib/python3.10/site-packages:${PYTHONPATH} /usr/bin/python3 -W ignore:setup.py install is deprecated -W ignore:easy_install command is deprecated setup.py egg_info --egg-base ../../build/mypypkg build --build-base /home/shan/ros2_ws/build/mypypkg/build install --record /home/shan/ros2_ws/build/mypypkg/install.log --single-version-externally-managed install_data
[1.478s] running egg_info
[1.479s] writing ../../build/mypypkg/mypypkg.egg-info/PKG-INFO
[1.479s] writing dependency_links to ../../build/mypypkg/mypypkg.egg-info/dependency_links.txt
[1.480s] writing entry points to ../../build/mypypkg/mypypkg.egg-info/entry_points.txt
[1.480s] writing requirements to ../../build/mypypkg/mypypkg.egg-info/requires.txt
[1.481s] writing top-level names to ../../build/mypypkg/mypypkg.egg-info/top_level.txt
[1.485s] reading manifest file '../../build/mypypkg/mypypkg.egg-info/SOURCES.txt'
[1.487s] writing manifest file '../../build/mypypkg/mypypkg.egg-info/SOURCES.txt'
[1.487s] running build
[1.488s] running build_py
[1.488s] copying mypypkg/customserver1.py -> /home/shan/ros2_ws/build/mypypkg/build/lib/mypypkg
[1.489s] running install
[1.490s] running install_lib
[1.491s] copying /home/shan/ros2_ws/build/mypypkg/build/lib/mypypkg/customserver1.py -> /home/shan/ros2_ws/install/mypypkg/lib/python3.10/site-packages/mypypkg
[1.493s] byte-compiling /home/shan/ros2_ws/install/mypypkg/lib/python3.10/site-packages/mypypkg/customserver1.py to customserver1.cpython-310.pyc
[1.495s] running install_data
[1.495s] running install_egg_info
[1.500s] removing '/home/shan/ros2_ws/install/mypypkg/lib/python3.10/site-packages/mypypkg-0.0.0-py3.10.egg-info' (and everything under it)
[1.501s] Copying ../../build/mypypkg/mypypkg.egg-info to /home/shan/ros2_ws/install/mypypkg/lib/python3.10/site-packages/mypypkg-0.0.0-py3.10.egg-info
[1.503s] running install_scripts
[1.540s] Installing hpub script to /home/shan/ros2_ws/install/mypypkg/lib/mypypkg
[1.541s] Installing hsub script to /home/shan/ros2_ws/install/mypypkg/lib/mypypkg
[1.541s] Installing mtiserver script to /home/shan/ros2_ws/install/mypypkg/lib/mypypkg
[1.541s] Installing ppub script to /home/shan/ros2_ws/install/mypypkg/lib/mypypkg
[1.542s] Installing psub script to /home/shan/ros2_ws/install/mypypkg/lib/mypypkg
[1.542s] Installing testclient script to /home/shan/ros2_ws/install/mypypkg/lib/mypypkg
[1.542s] Installing testexec script to /home/shan/ros2_ws/install/mypypkg/lib/mypypkg
[1.542s] Installing testpub script to /home/shan/ros2_ws/install/mypypkg/lib/mypypkg
[1.543s] Installing testserver script to /home/shan/ros2_ws/install/mypypkg/lib/mypypkg
[1.543s] Installing testsub script to /home/shan/ros2_ws/install/mypypkg/lib/mypypkg
[1.543s] Installing vectorpub script to /home/shan/ros2_ws/install/mypypkg/lib/mypypkg
[1.543s] Installing vectorsub script to /home/shan/ros2_ws/install/mypypkg/lib/mypypkg
[1.544s] writing list of installed files to '/home/shan/ros2_ws/build/mypypkg/install.log'
[1.579s] Invoked command in '/home/shan/ros2_ws/src/mypypkg' returned '0': PYTHONPATH=/home/shan/ros2_ws/build/mypypkg/prefix_override:/usr/lib/python3/dist-packages/colcon_core/task/python/colcon_distutils_commands:/home/shan/ros2_ws/install/mypypkg/lib/python3.10/site-packages:${PYTHONPATH} /usr/bin/python3 -W ignore:setup.py install is deprecated -W ignore:easy_install command is deprecated setup.py egg_info --egg-base ../../build/mypypkg build --build-base /home/shan/ros2_ws/build/mypypkg/build install --record /home/shan/ros2_ws/build/mypypkg/install.log --single-version-externally-managed install_data
