[0.011s] Invoking command in '/home/shan/ros2_ws/build/my_robot_bringup': AMENT_PREFIX_PATH=/home/shan/ros2_ws/install/mypypkg:/home/shan/ros2_ws/install/my_robot_bringup:/home/shan/ros2_ws/install/myturtlectrl:/home/shan/ros2_ws/install/custom_interfaces:/opt/ros/humble CMAKE_PREFIX_PATH=/home/shan/ros2_ws/install/custom_interfaces:/home/shan/ros2_ws/install/my_robot_bringup:/home/shan/ros2_ws/install/myturtlectrl:/home/shan/ros2_ws/install/mypypkg:/opt/ros/humble PYTHONPATH=/home/shan/ros2_ws/install/mypypkg/lib/python3.10/site-packages:/home/shan/ros2_ws/install/myturtlectrl/lib/python3.10/site-packages:/home/shan/ros2_ws/install/custom_interfaces/local/lib/python3.10/dist-packages:/opt/ros/humble/lib/python3.10/site-packages:/opt/ros/humble/local/lib/python3.10/dist-packages /usr/bin/cmake --build /home/shan/ros2_ws/build/my_robot_bringup -- -j16 -l16
[0.048s] Invoked command in '/home/shan/ros2_ws/build/my_robot_bringup' returned '0': AMENT_PREFIX_PATH=/home/shan/ros2_ws/install/mypypkg:/home/shan/ros2_ws/install/my_robot_bringup:/home/shan/ros2_ws/install/myturtlectrl:/home/shan/ros2_ws/install/custom_interfaces:/opt/ros/humble CMAKE_PREFIX_PATH=/home/shan/ros2_ws/install/custom_interfaces:/home/shan/ros2_ws/install/my_robot_bringup:/home/shan/ros2_ws/install/myturtlectrl:/home/shan/ros2_ws/install/mypypkg:/opt/ros/humble PYTHONPATH=/home/shan/ros2_ws/install/mypypkg/lib/python3.10/site-packages:/home/shan/ros2_ws/install/myturtlectrl/lib/python3.10/site-packages:/home/shan/ros2_ws/install/custom_interfaces/local/lib/python3.10/dist-packages:/opt/ros/humble/lib/python3.10/site-packages:/opt/ros/humble/local/lib/python3.10/dist-packages /usr/bin/cmake --build /home/shan/ros2_ws/build/my_robot_bringup -- -j16 -l16
[0.049s] Invoking command in '/home/shan/ros2_ws/build/my_robot_bringup': AMENT_PREFIX_PATH=/home/shan/ros2_ws/install/mypypkg:/home/shan/ros2_ws/install/my_robot_bringup:/home/shan/ros2_ws/install/myturtlectrl:/home/shan/ros2_ws/install/custom_interfaces:/opt/ros/humble CMAKE_PREFIX_PATH=/home/shan/ros2_ws/install/custom_interfaces:/home/shan/ros2_ws/install/my_robot_bringup:/home/shan/ros2_ws/install/myturtlectrl:/home/shan/ros2_ws/install/mypypkg:/opt/ros/humble PYTHONPATH=/home/shan/ros2_ws/install/mypypkg/lib/python3.10/site-packages:/home/shan/ros2_ws/install/myturtlectrl/lib/python3.10/site-packages:/home/shan/ros2_ws/install/custom_interfaces/local/lib/python3.10/dist-packages:/opt/ros/humble/lib/python3.10/site-packages:/opt/ros/humble/local/lib/python3.10/dist-packages /usr/bin/cmake --install /home/shan/ros2_ws/build/my_robot_bringup
[0.057s] -- Install configuration: ""
[0.057s] -- Up-to-date: /home/shan/ros2_ws/install/my_robot_bringup/share/my_robot_bringup/launch
[0.057s] -- Installing: /home/shan/ros2_ws/install/my_robot_bringup/share/my_robot_bringup/launch/exec.launch.py
[0.057s] -- Up-to-date: /home/shan/ros2_ws/install/my_robot_bringup/share/my_robot_bringup/launch/myrobot.launch.py
[0.057s] -- Up-to-date: /home/shan/ros2_ws/install/my_robot_bringup/share/ament_index/resource_index/package_run_dependencies/my_robot_bringup
[0.057s] -- Up-to-date: /home/shan/ros2_ws/install/my_robot_bringup/share/ament_index/resource_index/parent_prefix_path/my_robot_bringup
[0.057s] -- Up-to-date: /home/shan/ros2_ws/install/my_robot_bringup/share/my_robot_bringup/environment/ament_prefix_path.sh
[0.057s] -- Up-to-date: /home/shan/ros2_ws/install/my_robot_bringup/share/my_robot_bringup/environment/ament_prefix_path.dsv
[0.058s] -- Up-to-date: /home/shan/ros2_ws/install/my_robot_bringup/share/my_robot_bringup/environment/path.sh
[0.058s] -- Up-to-date: /home/shan/ros2_ws/install/my_robot_bringup/share/my_robot_bringup/environment/path.dsv
[0.058s] -- Up-to-date: /home/shan/ros2_ws/install/my_robot_bringup/share/my_robot_bringup/local_setup.bash
[0.058s] -- Up-to-date: /home/shan/ros2_ws/install/my_robot_bringup/share/my_robot_bringup/local_setup.sh
[0.058s] -- Up-to-date: /home/shan/ros2_ws/install/my_robot_bringup/share/my_robot_bringup/local_setup.zsh
[0.058s] -- Up-to-date: /home/shan/ros2_ws/install/my_robot_bringup/share/my_robot_bringup/local_setup.dsv
[0.058s] -- Installing: /home/shan/ros2_ws/install/my_robot_bringup/share/my_robot_bringup/package.dsv
[0.058s] -- Up-to-date: /home/shan/ros2_ws/install/my_robot_bringup/share/ament_index/resource_index/packages/my_robot_bringup
[0.058s] -- Up-to-date: /home/shan/ros2_ws/install/my_robot_bringup/share/my_robot_bringup/cmake/my_robot_bringupConfig.cmake
[0.058s] -- Up-to-date: /home/shan/ros2_ws/install/my_robot_bringup/share/my_robot_bringup/cmake/my_robot_bringupConfig-version.cmake
[0.058s] -- Up-to-date: /home/shan/ros2_ws/install/my_robot_bringup/share/my_robot_bringup/package.xml
[0.060s] Invoked command in '/home/shan/ros2_ws/build/my_robot_bringup' returned '0': AMENT_PREFIX_PATH=/home/shan/ros2_ws/install/mypypkg:/home/shan/ros2_ws/install/my_robot_bringup:/home/shan/ros2_ws/install/myturtlectrl:/home/shan/ros2_ws/install/custom_interfaces:/opt/ros/humble CMAKE_PREFIX_PATH=/home/shan/ros2_ws/install/custom_interfaces:/home/shan/ros2_ws/install/my_robot_bringup:/home/shan/ros2_ws/install/myturtlectrl:/home/shan/ros2_ws/install/mypypkg:/opt/ros/humble PYTHONPATH=/home/shan/ros2_ws/install/mypypkg/lib/python3.10/site-packages:/home/shan/ros2_ws/install/myturtlectrl/lib/python3.10/site-packages:/home/shan/ros2_ws/install/custom_interfaces/local/lib/python3.10/dist-packages:/opt/ros/humble/lib/python3.10/site-packages:/opt/ros/humble/local/lib/python3.10/dist-packages /usr/bin/cmake --install /home/shan/ros2_ws/build/my_robot_bringup
