[0.232s] DEBUG:colcon:Command line arguments: ['/usr/bin/colcon', 'build']
[0.233s] DEBUG:colcon:Parsed command line arguments: Namespace(log_base=None, log_level=None, verb_name='build', build_base='build', install_base='install', merge_install=False, symlink_install=False, test_result_base=None, continue_on_error=False, executor='parallel', parallel_workers=16, event_handlers=None, ignore_user_meta=False, metas=['./colcon.meta'], base_paths=['.'], packages_ignore=None, packages_ignore_regex=None, paths=None, packages_up_to=None, packages_up_to_regex=None, packages_above=None, packages_above_and_dependencies=None, packages_above_depth=None, packages_select_by_dep=None, packages_skip_by_dep=None, packages_skip_up_to=None, packages_select_build_failed=False, packages_skip_build_finished=False, packages_select_test_failures=False, packages_skip_test_passed=False, packages_select=None, packages_skip=None, packages_select_regex=None, packages_skip_regex=None, packages_start=None, packages_end=None, allow_overriding=[], cmake_args=None, cmake_target=None, cmake_target_skip_unavailable=False, cmake_clean_cache=False, cmake_clean_first=False, cmake_force_configure=False, ament_cmake_args=None, catkin_cmake_args=None, catkin_skip_building_tests=False, verb_parser=<colcon_defaults.argument_parser.defaults.DefaultArgumentsDecorator object at 0x70396e621000>, verb_extension=<colcon_core.verb.build.BuildVerb object at 0x70396e620af0>, main=<bound method BuildVerb.main of <colcon_core.verb.build.BuildVerb object at 0x70396e620af0>>)
[0.608s] Level 1:colcon.colcon_core.package_discovery:discover_packages(colcon_meta) check parameters
[0.608s] Level 1:colcon.colcon_core.package_discovery:discover_packages(recursive) check parameters
[0.608s] Level 1:colcon.colcon_core.package_discovery:discover_packages(ignore) check parameters
[0.608s] Level 1:colcon.colcon_core.package_discovery:discover_packages(path) check parameters
[0.608s] Level 1:colcon.colcon_core.package_discovery:discover_packages(colcon_meta) discover
[0.608s] Level 1:colcon.colcon_core.package_discovery:discover_packages(recursive) discover
[0.608s] INFO:colcon.colcon_core.package_discovery:Crawling recursively for packages in '/home/shan/ros2_ws'
[0.610s] Level 1:colcon.colcon_core.package_identification:_identify(.) by extensions ['ignore', 'ignore_ament_install']
[0.611s] Level 1:colcon.colcon_core.package_identification:_identify(.) by extension 'ignore'
[0.611s] Level 1:colcon.colcon_core.package_identification:_identify(.) by extension 'ignore_ament_install'
[0.611s] Level 1:colcon.colcon_core.package_identification:_identify(.) by extensions ['colcon_pkg']
[0.611s] Level 1:colcon.colcon_core.package_identification:_identify(.) by extension 'colcon_pkg'
[0.611s] Level 1:colcon.colcon_core.package_identification:_identify(.) by extensions ['colcon_meta']
[0.611s] Level 1:colcon.colcon_core.package_identification:_identify(.) by extension 'colcon_meta'
[0.611s] Level 1:colcon.colcon_core.package_identification:_identify(.) by extensions ['ros']
[0.611s] Level 1:colcon.colcon_core.package_identification:_identify(.) by extension 'ros'
[0.637s] Level 1:colcon.colcon_core.package_identification:_identify(.) by extensions ['cmake', 'python']
[0.637s] Level 1:colcon.colcon_core.package_identification:_identify(.) by extension 'cmake'
[0.637s] Level 1:colcon.colcon_core.package_identification:_identify(.) by extension 'python'
[0.637s] Level 1:colcon.colcon_core.package_identification:_identify(.) by extensions ['python_setup_py']
[0.637s] Level 1:colcon.colcon_core.package_identification:_identify(.) by extension 'python_setup_py'
[0.637s] Level 1:colcon.colcon_core.package_identification:_identify(build) by extensions ['ignore', 'ignore_ament_install']
[0.638s] Level 1:colcon.colcon_core.package_identification:_identify(build) by extension 'ignore'
[0.638s] Level 1:colcon.colcon_core.package_identification:_identify(build) ignored
[0.638s] Level 1:colcon.colcon_core.package_identification:_identify(install) by extensions ['ignore', 'ignore_ament_install']
[0.638s] Level 1:colcon.colcon_core.package_identification:_identify(install) by extension 'ignore'
[0.638s] Level 1:colcon.colcon_core.package_identification:_identify(install) ignored
[0.638s] Level 1:colcon.colcon_core.package_identification:_identify(log) by extensions ['ignore', 'ignore_ament_install']
[0.639s] Level 1:colcon.colcon_core.package_identification:_identify(log) by extension 'ignore'
[0.639s] Level 1:colcon.colcon_core.package_identification:_identify(log) ignored
[0.639s] Level 1:colcon.colcon_core.package_identification:_identify(src) by extensions ['ignore', 'ignore_ament_install']
[0.639s] Level 1:colcon.colcon_core.package_identification:_identify(src) by extension 'ignore'
[0.639s] Level 1:colcon.colcon_core.package_identification:_identify(src) by extension 'ignore_ament_install'
[0.639s] Level 1:colcon.colcon_core.package_identification:_identify(src) by extensions ['colcon_pkg']
[0.639s] Level 1:colcon.colcon_core.package_identification:_identify(src) by extension 'colcon_pkg'
[0.640s] Level 1:colcon.colcon_core.package_identification:_identify(src) by extensions ['colcon_meta']
[0.640s] Level 1:colcon.colcon_core.package_identification:_identify(src) by extension 'colcon_meta'
[0.640s] Level 1:colcon.colcon_core.package_identification:_identify(src) by extensions ['ros']
[0.640s] Level 1:colcon.colcon_core.package_identification:_identify(src) by extension 'ros'
[0.640s] Level 1:colcon.colcon_core.package_identification:_identify(src) by extensions ['cmake', 'python']
[0.640s] Level 1:colcon.colcon_core.package_identification:_identify(src) by extension 'cmake'
[0.640s] Level 1:colcon.colcon_core.package_identification:_identify(src) by extension 'python'
[0.640s] Level 1:colcon.colcon_core.package_identification:_identify(src) by extensions ['python_setup_py']
[0.640s] Level 1:colcon.colcon_core.package_identification:_identify(src) by extension 'python_setup_py'
[0.640s] Level 1:colcon.colcon_core.package_identification:_identify(src/custom_interfaces) by extensions ['ignore', 'ignore_ament_install']
[0.641s] Level 1:colcon.colcon_core.package_identification:_identify(src/custom_interfaces) by extension 'ignore'
[0.641s] Level 1:colcon.colcon_core.package_identification:_identify(src/custom_interfaces) by extension 'ignore_ament_install'
[0.641s] Level 1:colcon.colcon_core.package_identification:_identify(src/custom_interfaces) by extensions ['colcon_pkg']
[0.641s] Level 1:colcon.colcon_core.package_identification:_identify(src/custom_interfaces) by extension 'colcon_pkg'
[0.641s] Level 1:colcon.colcon_core.package_identification:_identify(src/custom_interfaces) by extensions ['colcon_meta']
[0.641s] Level 1:colcon.colcon_core.package_identification:_identify(src/custom_interfaces) by extension 'colcon_meta'
[0.641s] Level 1:colcon.colcon_core.package_identification:_identify(src/custom_interfaces) by extensions ['ros']
[0.641s] Level 1:colcon.colcon_core.package_identification:_identify(src/custom_interfaces) by extension 'ros'
[0.646s] DEBUG:colcon.colcon_core.package_identification:Package 'src/custom_interfaces' with type 'ros.ament_cmake' and name 'custom_interfaces'
[0.646s] Level 1:colcon.colcon_core.package_identification:_identify(src/log) by extensions ['ignore', 'ignore_ament_install']
[0.647s] Level 1:colcon.colcon_core.package_identification:_identify(src/log) by extension 'ignore'
[0.647s] Level 1:colcon.colcon_core.package_identification:_identify(src/log) ignored
[0.647s] Level 1:colcon.colcon_core.package_identification:_identify(src/mypypkg) by extensions ['ignore', 'ignore_ament_install']
[0.647s] Level 1:colcon.colcon_core.package_identification:_identify(src/mypypkg) by extension 'ignore'
[0.647s] Level 1:colcon.colcon_core.package_identification:_identify(src/mypypkg) by extension 'ignore_ament_install'
[0.647s] Level 1:colcon.colcon_core.package_identification:_identify(src/mypypkg) by extensions ['colcon_pkg']
[0.647s] Level 1:colcon.colcon_core.package_identification:_identify(src/mypypkg) by extension 'colcon_pkg'
[0.648s] Level 1:colcon.colcon_core.package_identification:_identify(src/mypypkg) by extensions ['colcon_meta']
[0.648s] Level 1:colcon.colcon_core.package_identification:_identify(src/mypypkg) by extension 'colcon_meta'
[0.648s] Level 1:colcon.colcon_core.package_identification:_identify(src/mypypkg) by extensions ['ros']
[0.648s] Level 1:colcon.colcon_core.package_identification:_identify(src/mypypkg) by extension 'ros'
[0.649s] DEBUG:colcon.colcon_core.package_identification:Package 'src/mypypkg' with type 'ros.ament_python' and name 'mypypkg'
[0.650s] Level 1:colcon.colcon_core.package_identification:_identify(src/myturtlectrl) by extensions ['ignore', 'ignore_ament_install']
[0.650s] Level 1:colcon.colcon_core.package_identification:_identify(src/myturtlectrl) by extension 'ignore'
[0.650s] Level 1:colcon.colcon_core.package_identification:_identify(src/myturtlectrl) by extension 'ignore_ament_install'
[0.650s] Level 1:colcon.colcon_core.package_identification:_identify(src/myturtlectrl) by extensions ['colcon_pkg']
[0.650s] Level 1:colcon.colcon_core.package_identification:_identify(src/myturtlectrl) by extension 'colcon_pkg'
[0.650s] Level 1:colcon.colcon_core.package_identification:_identify(src/myturtlectrl) by extensions ['colcon_meta']
[0.650s] Level 1:colcon.colcon_core.package_identification:_identify(src/myturtlectrl) by extension 'colcon_meta'
[0.650s] Level 1:colcon.colcon_core.package_identification:_identify(src/myturtlectrl) by extensions ['ros']
[0.650s] Level 1:colcon.colcon_core.package_identification:_identify(src/myturtlectrl) by extension 'ros'
[0.652s] DEBUG:colcon.colcon_core.package_identification:Package 'src/myturtlectrl' with type 'ros.ament_python' and name 'myturtlectrl'
[0.652s] Level 1:colcon.colcon_core.package_discovery:discover_packages(recursive) using defaults
[0.652s] Level 1:colcon.colcon_core.package_discovery:discover_packages(ignore) discover
[0.652s] Level 1:colcon.colcon_core.package_discovery:discover_packages(ignore) using defaults
[0.652s] Level 1:colcon.colcon_core.package_discovery:discover_packages(path) discover
[0.652s] Level 1:colcon.colcon_core.package_discovery:discover_packages(path) using defaults
[0.697s] Level 1:colcon.colcon_core.package_discovery:discover_packages(prefix_path) check parameters
[0.697s] Level 1:colcon.colcon_core.package_discovery:discover_packages(prefix_path) discover
[0.721s] DEBUG:colcon.colcon_installed_package_information.package_discovery:Found 3 installed packages in /home/shan/ros2_ws/install
[0.725s] DEBUG:colcon.colcon_installed_package_information.package_discovery:Found 330 installed packages in /opt/ros/humble
[0.728s] Level 1:colcon.colcon_core.package_discovery:discover_packages(prefix_path) using defaults
[0.824s] Level 5:colcon.colcon_core.verb:set package 'custom_interfaces' build argument 'cmake_args' from command line to 'None'
[0.824s] Level 5:colcon.colcon_core.verb:set package 'custom_interfaces' build argument 'cmake_target' from command line to 'None'
[0.825s] Level 5:colcon.colcon_core.verb:set package 'custom_interfaces' build argument 'cmake_target_skip_unavailable' from command line to 'False'
[0.825s] Level 5:colcon.colcon_core.verb:set package 'custom_interfaces' build argument 'cmake_clean_cache' from command line to 'False'
[0.825s] Level 5:colcon.colcon_core.verb:set package 'custom_interfaces' build argument 'cmake_clean_first' from command line to 'False'
[0.825s] Level 5:colcon.colcon_core.verb:set package 'custom_interfaces' build argument 'cmake_force_configure' from command line to 'False'
[0.825s] Level 5:colcon.colcon_core.verb:set package 'custom_interfaces' build argument 'ament_cmake_args' from command line to 'None'
[0.825s] Level 5:colcon.colcon_core.verb:set package 'custom_interfaces' build argument 'catkin_cmake_args' from command line to 'None'
[0.825s] Level 5:colcon.colcon_core.verb:set package 'custom_interfaces' build argument 'catkin_skip_building_tests' from command line to 'False'
[0.825s] DEBUG:colcon.colcon_core.verb:Building package 'custom_interfaces' with the following arguments: {'ament_cmake_args': None, 'build_base': '/home/shan/ros2_ws/build/custom_interfaces', 'catkin_cmake_args': None, 'catkin_skip_building_tests': False, 'cmake_args': None, 'cmake_clean_cache': False, 'cmake_clean_first': False, 'cmake_force_configure': False, 'cmake_target': None, 'cmake_target_skip_unavailable': False, 'install_base': '/home/shan/ros2_ws/install/custom_interfaces', 'merge_install': False, 'path': '/home/shan/ros2_ws/src/custom_interfaces', 'symlink_install': False, 'test_result_base': None}
[0.826s] Level 5:colcon.colcon_core.verb:set package 'myturtlectrl' build argument 'cmake_args' from command line to 'None'
[0.826s] Level 5:colcon.colcon_core.verb:set package 'myturtlectrl' build argument 'cmake_target' from command line to 'None'
[0.826s] Level 5:colcon.colcon_core.verb:set package 'myturtlectrl' build argument 'cmake_target_skip_unavailable' from command line to 'False'
[0.826s] Level 5:colcon.colcon_core.verb:set package 'myturtlectrl' build argument 'cmake_clean_cache' from command line to 'False'
[0.826s] Level 5:colcon.colcon_core.verb:set package 'myturtlectrl' build argument 'cmake_clean_first' from command line to 'False'
[0.826s] Level 5:colcon.colcon_core.verb:set package 'myturtlectrl' build argument 'cmake_force_configure' from command line to 'False'
[0.826s] Level 5:colcon.colcon_core.verb:set package 'myturtlectrl' build argument 'ament_cmake_args' from command line to 'None'
[0.826s] Level 5:colcon.colcon_core.verb:set package 'myturtlectrl' build argument 'catkin_cmake_args' from command line to 'None'
[0.826s] Level 5:colcon.colcon_core.verb:set package 'myturtlectrl' build argument 'catkin_skip_building_tests' from command line to 'False'
[0.826s] DEBUG:colcon.colcon_core.verb:Building package 'myturtlectrl' with the following arguments: {'ament_cmake_args': None, 'build_base': '/home/shan/ros2_ws/build/myturtlectrl', 'catkin_cmake_args': None, 'catkin_skip_building_tests': False, 'cmake_args': None, 'cmake_clean_cache': False, 'cmake_clean_first': False, 'cmake_force_configure': False, 'cmake_target': None, 'cmake_target_skip_unavailable': False, 'install_base': '/home/shan/ros2_ws/install/myturtlectrl', 'merge_install': False, 'path': '/home/shan/ros2_ws/src/myturtlectrl', 'symlink_install': False, 'test_result_base': None}
[0.827s] Level 5:colcon.colcon_core.verb:set package 'mypypkg' build argument 'cmake_args' from command line to 'None'
[0.827s] Level 5:colcon.colcon_core.verb:set package 'mypypkg' build argument 'cmake_target' from command line to 'None'
[0.827s] Level 5:colcon.colcon_core.verb:set package 'mypypkg' build argument 'cmake_target_skip_unavailable' from command line to 'False'
[0.827s] Level 5:colcon.colcon_core.verb:set package 'mypypkg' build argument 'cmake_clean_cache' from command line to 'False'
[0.827s] Level 5:colcon.colcon_core.verb:set package 'mypypkg' build argument 'cmake_clean_first' from command line to 'False'
[0.827s] Level 5:colcon.colcon_core.verb:set package 'mypypkg' build argument 'cmake_force_configure' from command line to 'False'
[0.827s] Level 5:colcon.colcon_core.verb:set package 'mypypkg' build argument 'ament_cmake_args' from command line to 'None'
[0.827s] Level 5:colcon.colcon_core.verb:set package 'mypypkg' build argument 'catkin_cmake_args' from command line to 'None'
[0.827s] Level 5:colcon.colcon_core.verb:set package 'mypypkg' build argument 'catkin_skip_building_tests' from command line to 'False'
[0.827s] DEBUG:colcon.colcon_core.verb:Building package 'mypypkg' with the following arguments: {'ament_cmake_args': None, 'build_base': '/home/shan/ros2_ws/build/mypypkg', 'catkin_cmake_args': None, 'catkin_skip_building_tests': False, 'cmake_args': None, 'cmake_clean_cache': False, 'cmake_clean_first': False, 'cmake_force_configure': False, 'cmake_target': None, 'cmake_target_skip_unavailable': False, 'install_base': '/home/shan/ros2_ws/install/mypypkg', 'merge_install': False, 'path': '/home/shan/ros2_ws/src/mypypkg', 'symlink_install': False, 'test_result_base': None}
[0.828s] INFO:colcon.colcon_core.executor:Executing jobs using 'parallel' executor
[0.830s] DEBUG:colcon.colcon_parallel_executor.executor.parallel:run_until_complete
[0.831s] INFO:colcon.colcon_ros.task.ament_cmake.build:Building ROS package in '/home/shan/ros2_ws/src/custom_interfaces' with build type 'ament_cmake'
[0.831s] INFO:colcon.colcon_cmake.task.cmake.build:Building CMake package in '/home/shan/ros2_ws/src/custom_interfaces'
[0.835s] INFO:colcon.colcon_core.plugin_system:Skipping extension 'colcon_core.shell.bat': Not used on non-Windows systems
[0.836s] INFO:colcon.colcon_core.shell:Skip shell extension 'powershell' for command environment: Not usable outside of PowerShell
[0.836s] DEBUG:colcon.colcon_core.shell:Skip shell extension 'dsv' for command environment
[0.844s] INFO:colcon.colcon_ros.task.ament_python.build:Building ROS package in '/home/shan/ros2_ws/src/myturtlectrl' with build type 'ament_python'
[0.845s] Level 1:colcon.colcon_core.shell:create_environment_hook('myturtlectrl', 'ament_prefix_path')
[0.845s] INFO:colcon.colcon_core.shell:Creating environment hook '/home/shan/ros2_ws/install/myturtlectrl/share/myturtlectrl/hook/ament_prefix_path.ps1'
[0.847s] INFO:colcon.colcon_core.shell:Creating environment descriptor '/home/shan/ros2_ws/install/myturtlectrl/share/myturtlectrl/hook/ament_prefix_path.dsv'
[0.848s] INFO:colcon.colcon_core.shell:Creating environment hook '/home/shan/ros2_ws/install/myturtlectrl/share/myturtlectrl/hook/ament_prefix_path.sh'
[0.850s] INFO:colcon.colcon_core.shell:Skip shell extension 'powershell' for command environment: Not usable outside of PowerShell
[0.850s] DEBUG:colcon.colcon_core.shell:Skip shell extension 'dsv' for command environment
[0.868s] DEBUG:colcon.colcon_core.event_handler.log_command:Invoking command in '/home/shan/ros2_ws/build/custom_interfaces': CMAKE_PREFIX_PATH=${CMAKE_PREFIX_PATH}:/home/shan/ros2_ws/install/myturtlectrl:/home/shan/ros2_ws/install/mypypkg:/opt/ros/humble /usr/bin/cmake --build /home/shan/ros2_ws/build/custom_interfaces -- -j16 -l16
[1.460s] INFO:colcon.colcon_core.task.python.build:Building Python package in '/home/shan/ros2_ws/src/myturtlectrl'
[1.460s] INFO:colcon.colcon_core.shell:Skip shell extension 'powershell' for command environment: Not usable outside of PowerShell
[1.461s] DEBUG:colcon.colcon_core.shell:Skip shell extension 'dsv' for command environment
[1.715s] DEBUG:colcon.colcon_core.event_handler.log_command:Invoked command in '/home/shan/ros2_ws/build/custom_interfaces' returned '0': CMAKE_PREFIX_PATH=${CMAKE_PREFIX_PATH}:/home/shan/ros2_ws/install/myturtlectrl:/home/shan/ros2_ws/install/mypypkg:/opt/ros/humble /usr/bin/cmake --build /home/shan/ros2_ws/build/custom_interfaces -- -j16 -l16
[1.740s] DEBUG:colcon.colcon_core.event_handler.log_command:Invoking command in '/home/shan/ros2_ws/build/custom_interfaces': CMAKE_PREFIX_PATH=${CMAKE_PREFIX_PATH}:/home/shan/ros2_ws/install/myturtlectrl:/home/shan/ros2_ws/install/mypypkg:/opt/ros/humble /usr/bin/cmake --install /home/shan/ros2_ws/build/custom_interfaces
[1.884s] Level 1:colcon.colcon_core.environment:create_environment_scripts_only(custom_interfaces)
[1.885s] DEBUG:colcon.colcon_core.event_handler.log_command:Invoked command in '/home/shan/ros2_ws/build/custom_interfaces' returned '0': CMAKE_PREFIX_PATH=${CMAKE_PREFIX_PATH}:/home/shan/ros2_ws/install/myturtlectrl:/home/shan/ros2_ws/install/mypypkg:/opt/ros/humble /usr/bin/cmake --install /home/shan/ros2_ws/build/custom_interfaces
[1.890s] Level 1:colcon.colcon_core.environment:checking '/home/shan/ros2_ws/install/custom_interfaces' for CMake module files
[1.891s] Level 1:colcon.colcon_core.environment:checking '/home/shan/ros2_ws/install/custom_interfaces' for CMake config files
[1.893s] Level 1:colcon.colcon_core.shell:create_environment_hook('custom_interfaces', 'cmake_prefix_path')
[1.893s] INFO:colcon.colcon_core.shell:Creating environment hook '/home/shan/ros2_ws/install/custom_interfaces/share/custom_interfaces/hook/cmake_prefix_path.ps1'
[1.894s] INFO:colcon.colcon_core.shell:Creating environment descriptor '/home/shan/ros2_ws/install/custom_interfaces/share/custom_interfaces/hook/cmake_prefix_path.dsv'
[1.895s] INFO:colcon.colcon_core.shell:Creating environment hook '/home/shan/ros2_ws/install/custom_interfaces/share/custom_interfaces/hook/cmake_prefix_path.sh'
[1.896s] Level 1:colcon.colcon_core.environment:checking '/home/shan/ros2_ws/install/custom_interfaces/lib'
[1.897s] Level 1:colcon.colcon_core.shell:create_environment_hook('custom_interfaces', 'ld_library_path_lib')
[1.897s] INFO:colcon.colcon_core.shell:Creating environment hook '/home/shan/ros2_ws/install/custom_interfaces/share/custom_interfaces/hook/ld_library_path_lib.ps1'
[1.898s] INFO:colcon.colcon_core.shell:Creating environment descriptor '/home/shan/ros2_ws/install/custom_interfaces/share/custom_interfaces/hook/ld_library_path_lib.dsv'
[1.899s] INFO:colcon.colcon_core.shell:Creating environment hook '/home/shan/ros2_ws/install/custom_interfaces/share/custom_interfaces/hook/ld_library_path_lib.sh'
[1.900s] Level 1:colcon.colcon_core.environment:checking '/home/shan/ros2_ws/install/custom_interfaces/bin'
[1.900s] Level 1:colcon.colcon_core.environment:checking '/home/shan/ros2_ws/install/custom_interfaces/lib/pkgconfig/custom_interfaces.pc'
[1.901s] Level 1:colcon.colcon_core.environment:checking '/home/shan/ros2_ws/install/custom_interfaces/lib/python3.10/site-packages'
[1.902s] Level 1:colcon.colcon_core.environment:checking '/home/shan/ros2_ws/install/custom_interfaces/bin'
[1.902s] INFO:colcon.colcon_core.shell:Creating package script '/home/shan/ros2_ws/install/custom_interfaces/share/custom_interfaces/package.ps1'
[1.904s] INFO:colcon.colcon_core.shell:Creating package descriptor '/home/shan/ros2_ws/install/custom_interfaces/share/custom_interfaces/package.dsv'
[1.905s] INFO:colcon.colcon_core.shell:Creating package script '/home/shan/ros2_ws/install/custom_interfaces/share/custom_interfaces/package.sh'
[1.907s] INFO:colcon.colcon_core.shell:Creating package script '/home/shan/ros2_ws/install/custom_interfaces/share/custom_interfaces/package.bash'
[1.908s] INFO:colcon.colcon_core.shell:Creating package script '/home/shan/ros2_ws/install/custom_interfaces/share/custom_interfaces/package.zsh'
[1.909s] Level 1:colcon.colcon_core.environment:create_file_with_runtime_dependencies(/home/shan/ros2_ws/install/custom_interfaces/share/colcon-core/packages/custom_interfaces)
[1.911s] Level 1:colcon.colcon_core.environment:create_environment_scripts_only(custom_interfaces)
[1.911s] Level 1:colcon.colcon_core.environment:checking '/home/shan/ros2_ws/install/custom_interfaces' for CMake module files
[1.913s] Level 1:colcon.colcon_core.environment:checking '/home/shan/ros2_ws/install/custom_interfaces' for CMake config files
[1.914s] Level 1:colcon.colcon_core.shell:create_environment_hook('custom_interfaces', 'cmake_prefix_path')
[1.914s] INFO:colcon.colcon_core.shell:Creating environment hook '/home/shan/ros2_ws/install/custom_interfaces/share/custom_interfaces/hook/cmake_prefix_path.ps1'
[1.915s] INFO:colcon.colcon_core.shell:Creating environment descriptor '/home/shan/ros2_ws/install/custom_interfaces/share/custom_interfaces/hook/cmake_prefix_path.dsv'
[1.916s] INFO:colcon.colcon_core.shell:Creating environment hook '/home/shan/ros2_ws/install/custom_interfaces/share/custom_interfaces/hook/cmake_prefix_path.sh'
[1.917s] Level 1:colcon.colcon_core.environment:checking '/home/shan/ros2_ws/install/custom_interfaces/lib'
[1.917s] Level 1:colcon.colcon_core.shell:create_environment_hook('custom_interfaces', 'ld_library_path_lib')
[1.918s] INFO:colcon.colcon_core.shell:Creating environment hook '/home/shan/ros2_ws/install/custom_interfaces/share/custom_interfaces/hook/ld_library_path_lib.ps1'
[1.919s] INFO:colcon.colcon_core.shell:Creating environment descriptor '/home/shan/ros2_ws/install/custom_interfaces/share/custom_interfaces/hook/ld_library_path_lib.dsv'
[1.919s] INFO:colcon.colcon_core.shell:Creating environment hook '/home/shan/ros2_ws/install/custom_interfaces/share/custom_interfaces/hook/ld_library_path_lib.sh'
[1.920s] Level 1:colcon.colcon_core.environment:checking '/home/shan/ros2_ws/install/custom_interfaces/bin'
[1.921s] Level 1:colcon.colcon_core.environment:checking '/home/shan/ros2_ws/install/custom_interfaces/lib/pkgconfig/custom_interfaces.pc'
[1.921s] Level 1:colcon.colcon_core.environment:checking '/home/shan/ros2_ws/install/custom_interfaces/lib/python3.10/site-packages'
[1.922s] Level 1:colcon.colcon_core.environment:checking '/home/shan/ros2_ws/install/custom_interfaces/bin'
[1.922s] INFO:colcon.colcon_core.shell:Creating package script '/home/shan/ros2_ws/install/custom_interfaces/share/custom_interfaces/package.ps1'
[1.923s] INFO:colcon.colcon_core.shell:Creating package descriptor '/home/shan/ros2_ws/install/custom_interfaces/share/custom_interfaces/package.dsv'
[1.925s] INFO:colcon.colcon_core.shell:Creating package script '/home/shan/ros2_ws/install/custom_interfaces/share/custom_interfaces/package.sh'
[1.925s] INFO:colcon.colcon_core.shell:Creating package script '/home/shan/ros2_ws/install/custom_interfaces/share/custom_interfaces/package.bash'
[1.926s] INFO:colcon.colcon_core.shell:Creating package script '/home/shan/ros2_ws/install/custom_interfaces/share/custom_interfaces/package.zsh'
[1.927s] Level 1:colcon.colcon_core.environment:create_file_with_runtime_dependencies(/home/shan/ros2_ws/install/custom_interfaces/share/colcon-core/packages/custom_interfaces)
[1.928s] INFO:colcon.colcon_ros.task.ament_python.build:Building ROS package in '/home/shan/ros2_ws/src/mypypkg' with build type 'ament_python'
[1.928s] Level 1:colcon.colcon_core.shell:create_environment_hook('mypypkg', 'ament_prefix_path')
[1.929s] INFO:colcon.colcon_core.shell:Creating environment hook '/home/shan/ros2_ws/install/mypypkg/share/mypypkg/hook/ament_prefix_path.ps1'
[1.930s] INFO:colcon.colcon_core.shell:Creating environment descriptor '/home/shan/ros2_ws/install/mypypkg/share/mypypkg/hook/ament_prefix_path.dsv'
[1.932s] INFO:colcon.colcon_core.shell:Creating environment hook '/home/shan/ros2_ws/install/mypypkg/share/mypypkg/hook/ament_prefix_path.sh'
[1.933s] INFO:colcon.colcon_core.shell:Skip shell extension 'powershell' for command environment: Not usable outside of PowerShell
[1.933s] DEBUG:colcon.colcon_core.shell:Skip shell extension 'dsv' for command environment
[2.527s] INFO:colcon.colcon_core.task.python.build:Building Python package in '/home/shan/ros2_ws/src/mypypkg'
[2.528s] INFO:colcon.colcon_core.shell:Skip shell extension 'powershell' for command environment: Not usable outside of PowerShell
[2.528s] DEBUG:colcon.colcon_core.shell:Skip shell extension 'dsv' for command environment
[2.542s] DEBUG:colcon.colcon_core.event_handler.log_command:Invoking command in '/home/shan/ros2_ws/src/myturtlectrl': PYTHONPATH=/home/shan/ros2_ws/build/myturtlectrl/prefix_override:/usr/lib/python3/dist-packages/colcon_core/task/python/colcon_distutils_commands:/home/shan/ros2_ws/install/myturtlectrl/lib/python3.10/site-packages:${PYTHONPATH} /usr/bin/python3 -W ignore:setup.py install is deprecated -W ignore:easy_install command is deprecated setup.py egg_info --egg-base ../../build/myturtlectrl build --build-base /home/shan/ros2_ws/build/myturtlectrl/build install --record /home/shan/ros2_ws/build/myturtlectrl/install.log --single-version-externally-managed install_data
[3.198s] Level 1:colcon.colcon_core.environment:checking '/home/shan/ros2_ws/install/myturtlectrl' for CMake module files
[3.200s] DEBUG:colcon.colcon_core.event_handler.log_command:Invoked command in '/home/shan/ros2_ws/src/myturtlectrl' returned '0': PYTHONPATH=/home/shan/ros2_ws/build/myturtlectrl/prefix_override:/usr/lib/python3/dist-packages/colcon_core/task/python/colcon_distutils_commands:/home/shan/ros2_ws/install/myturtlectrl/lib/python3.10/site-packages:${PYTHONPATH} /usr/bin/python3 -W ignore:setup.py install is deprecated -W ignore:easy_install command is deprecated setup.py egg_info --egg-base ../../build/myturtlectrl build --build-base /home/shan/ros2_ws/build/myturtlectrl/build install --record /home/shan/ros2_ws/build/myturtlectrl/install.log --single-version-externally-managed install_data
[3.200s] Level 1:colcon.colcon_core.environment:checking '/home/shan/ros2_ws/install/myturtlectrl' for CMake config files
[3.201s] Level 1:colcon.colcon_core.environment:checking '/home/shan/ros2_ws/install/myturtlectrl/lib'
[3.202s] Level 1:colcon.colcon_core.environment:checking '/home/shan/ros2_ws/install/myturtlectrl/bin'
[3.202s] Level 1:colcon.colcon_core.environment:checking '/home/shan/ros2_ws/install/myturtlectrl/lib/pkgconfig/myturtlectrl.pc'
[3.202s] Level 1:colcon.colcon_core.environment:checking '/home/shan/ros2_ws/install/myturtlectrl/lib/python3.10/site-packages'
[3.202s] Level 1:colcon.colcon_core.shell:create_environment_hook('myturtlectrl', 'pythonpath')
[3.203s] INFO:colcon.colcon_core.shell:Creating environment hook '/home/shan/ros2_ws/install/myturtlectrl/share/myturtlectrl/hook/pythonpath.ps1'
[3.204s] INFO:colcon.colcon_core.shell:Creating environment descriptor '/home/shan/ros2_ws/install/myturtlectrl/share/myturtlectrl/hook/pythonpath.dsv'
[3.205s] INFO:colcon.colcon_core.shell:Creating environment hook '/home/shan/ros2_ws/install/myturtlectrl/share/myturtlectrl/hook/pythonpath.sh'
[3.206s] Level 1:colcon.colcon_core.environment:checking '/home/shan/ros2_ws/install/myturtlectrl/bin'
[3.206s] Level 1:colcon.colcon_core.environment:create_environment_scripts_only(myturtlectrl)
[3.207s] INFO:colcon.colcon_core.shell:Creating package script '/home/shan/ros2_ws/install/myturtlectrl/share/myturtlectrl/package.ps1'
[3.208s] INFO:colcon.colcon_core.shell:Creating package descriptor '/home/shan/ros2_ws/install/myturtlectrl/share/myturtlectrl/package.dsv'
[3.209s] INFO:colcon.colcon_core.shell:Creating package script '/home/shan/ros2_ws/install/myturtlectrl/share/myturtlectrl/package.sh'
[3.210s] INFO:colcon.colcon_core.shell:Creating package script '/home/shan/ros2_ws/install/myturtlectrl/share/myturtlectrl/package.bash'
[3.211s] INFO:colcon.colcon_core.shell:Creating package script '/home/shan/ros2_ws/install/myturtlectrl/share/myturtlectrl/package.zsh'
[3.211s] Level 1:colcon.colcon_core.environment:create_file_with_runtime_dependencies(/home/shan/ros2_ws/install/myturtlectrl/share/colcon-core/packages/myturtlectrl)
[3.322s] DEBUG:colcon.colcon_core.event_handler.log_command:Invoking command in '/home/shan/ros2_ws/src/mypypkg': PYTHONPATH=/home/shan/ros2_ws/build/mypypkg/prefix_override:/usr/lib/python3/dist-packages/colcon_core/task/python/colcon_distutils_commands:/home/shan/ros2_ws/install/mypypkg/lib/python3.10/site-packages:${PYTHONPATH} /usr/bin/python3 -W ignore:setup.py install is deprecated -W ignore:easy_install command is deprecated setup.py egg_info --egg-base ../../build/mypypkg build --build-base /home/shan/ros2_ws/build/mypypkg/build install --record /home/shan/ros2_ws/build/mypypkg/install.log --single-version-externally-managed install_data
[3.961s] Level 1:colcon.colcon_core.environment:checking '/home/shan/ros2_ws/install/mypypkg' for CMake module files
[3.962s] DEBUG:colcon.colcon_core.event_handler.log_command:Invoked command in '/home/shan/ros2_ws/src/mypypkg' returned '0': PYTHONPATH=/home/shan/ros2_ws/build/mypypkg/prefix_override:/usr/lib/python3/dist-packages/colcon_core/task/python/colcon_distutils_commands:/home/shan/ros2_ws/install/mypypkg/lib/python3.10/site-packages:${PYTHONPATH} /usr/bin/python3 -W ignore:setup.py install is deprecated -W ignore:easy_install command is deprecated setup.py egg_info --egg-base ../../build/mypypkg build --build-base /home/shan/ros2_ws/build/mypypkg/build install --record /home/shan/ros2_ws/build/mypypkg/install.log --single-version-externally-managed install_data
[3.963s] Level 1:colcon.colcon_core.environment:checking '/home/shan/ros2_ws/install/mypypkg' for CMake config files
[3.964s] Level 1:colcon.colcon_core.environment:checking '/home/shan/ros2_ws/install/mypypkg/lib'
[3.965s] Level 1:colcon.colcon_core.environment:checking '/home/shan/ros2_ws/install/mypypkg/bin'
[3.965s] Level 1:colcon.colcon_core.environment:checking '/home/shan/ros2_ws/install/mypypkg/lib/pkgconfig/mypypkg.pc'
[3.965s] Level 1:colcon.colcon_core.environment:checking '/home/shan/ros2_ws/install/mypypkg/lib/python3.10/site-packages'
[3.965s] Level 1:colcon.colcon_core.shell:create_environment_hook('mypypkg', 'pythonpath')
[3.966s] INFO:colcon.colcon_core.shell:Creating environment hook '/home/shan/ros2_ws/install/mypypkg/share/mypypkg/hook/pythonpath.ps1'
[3.967s] INFO:colcon.colcon_core.shell:Creating environment descriptor '/home/shan/ros2_ws/install/mypypkg/share/mypypkg/hook/pythonpath.dsv'
[3.968s] INFO:colcon.colcon_core.shell:Creating environment hook '/home/shan/ros2_ws/install/mypypkg/share/mypypkg/hook/pythonpath.sh'
[3.969s] Level 1:colcon.colcon_core.environment:checking '/home/shan/ros2_ws/install/mypypkg/bin'
[3.969s] Level 1:colcon.colcon_core.environment:create_environment_scripts_only(mypypkg)
[3.970s] INFO:colcon.colcon_core.shell:Creating package script '/home/shan/ros2_ws/install/mypypkg/share/mypypkg/package.ps1'
[3.971s] INFO:colcon.colcon_core.shell:Creating package descriptor '/home/shan/ros2_ws/install/mypypkg/share/mypypkg/package.dsv'
[3.972s] INFO:colcon.colcon_core.shell:Creating package script '/home/shan/ros2_ws/install/mypypkg/share/mypypkg/package.sh'
[3.973s] INFO:colcon.colcon_core.shell:Creating package script '/home/shan/ros2_ws/install/mypypkg/share/mypypkg/package.bash'
[3.974s] INFO:colcon.colcon_core.shell:Creating package script '/home/shan/ros2_ws/install/mypypkg/share/mypypkg/package.zsh'
[3.975s] Level 1:colcon.colcon_core.environment:create_file_with_runtime_dependencies(/home/shan/ros2_ws/install/mypypkg/share/colcon-core/packages/mypypkg)
[3.976s] DEBUG:colcon.colcon_parallel_executor.executor.parallel:closing loop
[3.976s] DEBUG:colcon.colcon_parallel_executor.executor.parallel:loop closed
[3.977s] DEBUG:colcon.colcon_parallel_executor.executor.parallel:run_until_complete finished with '0'
[3.977s] DEBUG:colcon.colcon_core.event_reactor:joining thread
[3.987s] INFO:colcon.colcon_core.plugin_system:Skipping extension 'colcon_notification.desktop_notification.terminal_notifier': Not used on non-Darwin systems
[3.988s] INFO:colcon.colcon_core.plugin_system:Skipping extension 'colcon_notification.desktop_notification.win32': Not used on non-Windows systems
[3.988s] INFO:colcon.colcon_notification.desktop_notification:Sending desktop notification using 'notify2'
[4.012s] DEBUG:colcon.colcon_core.event_reactor:joined thread
[4.013s] INFO:colcon.colcon_core.shell:Creating prefix script '/home/shan/ros2_ws/install/local_setup.ps1'
[4.015s] INFO:colcon.colcon_core.shell:Creating prefix util module '/home/shan/ros2_ws/install/_local_setup_util_ps1.py'
[4.018s] INFO:colcon.colcon_core.shell:Creating prefix chain script '/home/shan/ros2_ws/install/setup.ps1'
[4.020s] INFO:colcon.colcon_core.shell:Creating prefix script '/home/shan/ros2_ws/install/local_setup.sh'
[4.021s] INFO:colcon.colcon_core.shell:Creating prefix util module '/home/shan/ros2_ws/install/_local_setup_util_sh.py'
[4.023s] INFO:colcon.colcon_core.shell:Creating prefix chain script '/home/shan/ros2_ws/install/setup.sh'
[4.025s] INFO:colcon.colcon_core.shell:Creating prefix script '/home/shan/ros2_ws/install/local_setup.bash'
[4.026s] INFO:colcon.colcon_core.shell:Creating prefix chain script '/home/shan/ros2_ws/install/setup.bash'
[4.028s] INFO:colcon.colcon_core.shell:Creating prefix script '/home/shan/ros2_ws/install/local_setup.zsh'
[4.029s] INFO:colcon.colcon_core.shell:Creating prefix chain script '/home/shan/ros2_ws/install/setup.zsh'
