[1.773s] Invoking command in '/home/shan/ros2_ws/src/myturtlectrl': PYTHONPATH=/home/shan/ros2_ws/build/myturtlectrl/prefix_override:/usr/lib/python3/dist-packages/colcon_core/task/python/colcon_distutils_commands:/home/shan/ros2_ws/install/myturtlectrl/lib/python3.10/site-packages:${PYTHONPATH} /usr/bin/python3 -W ignore:setup.py install is deprecated -W ignore:easy_install command is deprecated setup.py egg_info --egg-base ../../build/myturtlectrl build --build-base /home/shan/ros2_ws/build/myturtlectrl/build install --record /home/shan/ros2_ws/build/myturtlectrl/install.log --single-version-externally-managed install_data
[2.309s] running egg_info
[2.310s] writing ../../build/myturtlectrl/myturtlectrl.egg-info/PKG-INFO
[2.311s] writing dependency_links to ../../build/myturtlectrl/myturtlectrl.egg-info/dependency_links.txt
[2.311s] writing entry points to ../../build/myturtlectrl/myturtlectrl.egg-info/entry_points.txt
[2.311s] writing requirements to ../../build/myturtlectrl/myturtlectrl.egg-info/requires.txt
[2.312s] writing top-level names to ../../build/myturtlectrl/myturtlectrl.egg-info/top_level.txt
[2.316s] reading manifest file '../../build/myturtlectrl/myturtlectrl.egg-info/SOURCES.txt'
[2.318s] writing manifest file '../../build/myturtlectrl/myturtlectrl.egg-info/SOURCES.txt'
[2.318s] running build
[2.318s] running build_py
[2.319s] running install
[2.319s] running install_lib
[2.322s] running install_data
[2.322s] running install_egg_info
[2.327s] removing '/home/shan/ros2_ws/install/myturtlectrl/lib/python3.10/site-packages/myturtlectrl-0.0.0-py3.10.egg-info' (and everything under it)
[2.328s] Copying ../../build/myturtlectrl/myturtlectrl.egg-info to /home/shan/ros2_ws/install/myturtlectrl/lib/python3.10/site-packages/myturtlectrl-0.0.0-py3.10.egg-info
[2.331s] running install_scripts
[2.373s] Installing turtlecatcher script to /home/shan/ros2_ws/install/myturtlectrl/lib/myturtlectrl
[2.373s] Installing turtlespawner script to /home/shan/ros2_ws/install/myturtlectrl/lib/myturtlectrl
[2.374s] writing list of installed files to '/home/shan/ros2_ws/build/myturtlectrl/install.log'
[2.417s] Invoked command in '/home/shan/ros2_ws/src/myturtlectrl' returned '0': PYTHONPATH=/home/shan/ros2_ws/build/myturtlectrl/prefix_override:/usr/lib/python3/dist-packages/colcon_core/task/python/colcon_distutils_commands:/home/shan/ros2_ws/install/myturtlectrl/lib/python3.10/site-packages:${PYTHONPATH} /usr/bin/python3 -W ignore:setup.py install is deprecated -W ignore:easy_install command is deprecated setup.py egg_info --egg-base ../../build/myturtlectrl build --build-base /home/shan/ros2_ws/build/myturtlectrl/build install --record /home/shan/ros2_ws/build/myturtlectrl/install.log --single-version-externally-managed install_data
