[0.233s] DEBUG:colcon:Command line arguments: ['/usr/bin/colcon', 'build']
[0.233s] DEBUG:colcon:Parsed command line arguments: Namespace(log_base=None, log_level=None, verb_name='build', build_base='build', install_base='install', merge_install=False, symlink_install=False, test_result_base=None, continue_on_error=False, executor='parallel', parallel_workers=16, event_handlers=None, ignore_user_meta=False, metas=['./colcon.meta'], base_paths=['.'], packages_ignore=None, packages_ignore_regex=None, paths=None, packages_up_to=None, packages_up_to_regex=None, packages_above=None, packages_above_and_dependencies=None, packages_above_depth=None, packages_select_by_dep=None, packages_skip_by_dep=None, packages_skip_up_to=None, packages_select_build_failed=False, packages_skip_build_finished=False, packages_select_test_failures=False, packages_skip_test_passed=False, packages_select=None, packages_skip=None, packages_select_regex=None, packages_skip_regex=None, packages_start=None, packages_end=None, allow_overriding=[], cmake_args=None, cmake_target=None, cmake_target_skip_unavailable=False, cmake_clean_cache=False, cmake_clean_first=False, cmake_force_configure=False, ament_cmake_args=None, catkin_cmake_args=None, catkin_skip_building_tests=False, verb_parser=<colcon_defaults.argument_parser.defaults.DefaultArgumentsDecorator object at 0x70a5df218f70>, verb_extension=<colcon_core.verb.build.BuildVerb object at 0x70a5df218a60>, main=<bound method BuildVerb.main of <colcon_core.verb.build.BuildVerb object at 0x70a5df218a60>>)
[0.609s] Level 1:colcon.colcon_core.package_discovery:discover_packages(colcon_meta) check parameters
[0.609s] Level 1:colcon.colcon_core.package_discovery:discover_packages(recursive) check parameters
[0.609s] Level 1:colcon.colcon_core.package_discovery:discover_packages(ignore) check parameters
[0.609s] Level 1:colcon.colcon_core.package_discovery:discover_packages(path) check parameters
[0.609s] Level 1:colcon.colcon_core.package_discovery:discover_packages(colcon_meta) discover
[0.609s] Level 1:colcon.colcon_core.package_discovery:discover_packages(recursive) discover
[0.609s] INFO:colcon.colcon_core.package_discovery:Crawling recursively for packages in '/home/shan/ros2_ws'
[0.610s] Level 1:colcon.colcon_core.package_identification:_identify(.) by extensions ['ignore', 'ignore_ament_install']
[0.610s] Level 1:colcon.colcon_core.package_identification:_identify(.) by extension 'ignore'
[0.610s] Level 1:colcon.colcon_core.package_identification:_identify(.) by extension 'ignore_ament_install'
[0.610s] Level 1:colcon.colcon_core.package_identification:_identify(.) by extensions ['colcon_pkg']
[0.610s] Level 1:colcon.colcon_core.package_identification:_identify(.) by extension 'colcon_pkg'
[0.610s] Level 1:colcon.colcon_core.package_identification:_identify(.) by extensions ['colcon_meta']
[0.610s] Level 1:colcon.colcon_core.package_identification:_identify(.) by extension 'colcon_meta'
[0.610s] Level 1:colcon.colcon_core.package_identification:_identify(.) by extensions ['ros']
[0.610s] Level 1:colcon.colcon_core.package_identification:_identify(.) by extension 'ros'
[0.634s] Level 1:colcon.colcon_core.package_identification:_identify(.) by extensions ['cmake', 'python']
[0.634s] Level 1:colcon.colcon_core.package_identification:_identify(.) by extension 'cmake'
[0.634s] Level 1:colcon.colcon_core.package_identification:_identify(.) by extension 'python'
[0.635s] Level 1:colcon.colcon_core.package_identification:_identify(.) by extensions ['python_setup_py']
[0.635s] Level 1:colcon.colcon_core.package_identification:_identify(.) by extension 'python_setup_py'
[0.635s] Level 1:colcon.colcon_core.package_identification:_identify(build) by extensions ['ignore', 'ignore_ament_install']
[0.635s] Level 1:colcon.colcon_core.package_identification:_identify(build) by extension 'ignore'
[0.635s] Level 1:colcon.colcon_core.package_identification:_identify(build) ignored
[0.635s] Level 1:colcon.colcon_core.package_identification:_identify(install) by extensions ['ignore', 'ignore_ament_install']
[0.636s] Level 1:colcon.colcon_core.package_identification:_identify(install) by extension 'ignore'
[0.636s] Level 1:colcon.colcon_core.package_identification:_identify(install) ignored
[0.636s] Level 1:colcon.colcon_core.package_identification:_identify(log) by extensions ['ignore', 'ignore_ament_install']
[0.636s] Level 1:colcon.colcon_core.package_identification:_identify(log) by extension 'ignore'
[0.636s] Level 1:colcon.colcon_core.package_identification:_identify(log) ignored
[0.636s] Level 1:colcon.colcon_core.package_identification:_identify(src) by extensions ['ignore', 'ignore_ament_install']
[0.637s] Level 1:colcon.colcon_core.package_identification:_identify(src) by extension 'ignore'
[0.637s] Level 1:colcon.colcon_core.package_identification:_identify(src) by extension 'ignore_ament_install'
[0.637s] Level 1:colcon.colcon_core.package_identification:_identify(src) by extensions ['colcon_pkg']
[0.637s] Level 1:colcon.colcon_core.package_identification:_identify(src) by extension 'colcon_pkg'
[0.637s] Level 1:colcon.colcon_core.package_identification:_identify(src) by extensions ['colcon_meta']
[0.637s] Level 1:colcon.colcon_core.package_identification:_identify(src) by extension 'colcon_meta'
[0.637s] Level 1:colcon.colcon_core.package_identification:_identify(src) by extensions ['ros']
[0.637s] Level 1:colcon.colcon_core.package_identification:_identify(src) by extension 'ros'
[0.637s] Level 1:colcon.colcon_core.package_identification:_identify(src) by extensions ['cmake', 'python']
[0.638s] Level 1:colcon.colcon_core.package_identification:_identify(src) by extension 'cmake'
[0.638s] Level 1:colcon.colcon_core.package_identification:_identify(src) by extension 'python'
[0.638s] Level 1:colcon.colcon_core.package_identification:_identify(src) by extensions ['python_setup_py']
[0.638s] Level 1:colcon.colcon_core.package_identification:_identify(src) by extension 'python_setup_py'
[0.638s] Level 1:colcon.colcon_core.package_identification:_identify(src/custom_interfaces) by extensions ['ignore', 'ignore_ament_install']
[0.638s] Level 1:colcon.colcon_core.package_identification:_identify(src/custom_interfaces) by extension 'ignore'
[0.638s] Level 1:colcon.colcon_core.package_identification:_identify(src/custom_interfaces) by extension 'ignore_ament_install'
[0.638s] Level 1:colcon.colcon_core.package_identification:_identify(src/custom_interfaces) by extensions ['colcon_pkg']
[0.638s] Level 1:colcon.colcon_core.package_identification:_identify(src/custom_interfaces) by extension 'colcon_pkg'
[0.639s] Level 1:colcon.colcon_core.package_identification:_identify(src/custom_interfaces) by extensions ['colcon_meta']
[0.639s] Level 1:colcon.colcon_core.package_identification:_identify(src/custom_interfaces) by extension 'colcon_meta'
[0.639s] Level 1:colcon.colcon_core.package_identification:_identify(src/custom_interfaces) by extensions ['ros']
[0.639s] Level 1:colcon.colcon_core.package_identification:_identify(src/custom_interfaces) by extension 'ros'
[0.644s] DEBUG:colcon.colcon_core.package_identification:Package 'src/custom_interfaces' with type 'ros.ament_cmake' and name 'custom_interfaces'
[0.644s] Level 1:colcon.colcon_core.package_identification:_identify(src/log) by extensions ['ignore', 'ignore_ament_install']
[0.644s] Level 1:colcon.colcon_core.package_identification:_identify(src/log) by extension 'ignore'
[0.644s] Level 1:colcon.colcon_core.package_identification:_identify(src/log) ignored
[0.645s] Level 1:colcon.colcon_core.package_identification:_identify(src/mypypkg) by extensions ['ignore', 'ignore_ament_install']
[0.645s] Level 1:colcon.colcon_core.package_identification:_identify(src/mypypkg) by extension 'ignore'
[0.645s] Level 1:colcon.colcon_core.package_identification:_identify(src/mypypkg) by extension 'ignore_ament_install'
[0.645s] Level 1:colcon.colcon_core.package_identification:_identify(src/mypypkg) by extensions ['colcon_pkg']
[0.645s] Level 1:colcon.colcon_core.package_identification:_identify(src/mypypkg) by extension 'colcon_pkg'
[0.645s] Level 1:colcon.colcon_core.package_identification:_identify(src/mypypkg) by extensions ['colcon_meta']
[0.645s] Level 1:colcon.colcon_core.package_identification:_identify(src/mypypkg) by extension 'colcon_meta'
[0.645s] Level 1:colcon.colcon_core.package_identification:_identify(src/mypypkg) by extensions ['ros']
[0.645s] Level 1:colcon.colcon_core.package_identification:_identify(src/mypypkg) by extension 'ros'
[0.647s] DEBUG:colcon.colcon_core.package_identification:Package 'src/mypypkg' with type 'ros.ament_python' and name 'mypypkg'
[0.647s] Level 1:colcon.colcon_core.package_identification:_identify(src/myturtlectrl) by extensions ['ignore', 'ignore_ament_install']
[0.647s] Level 1:colcon.colcon_core.package_identification:_identify(src/myturtlectrl) by extension 'ignore'
[0.647s] Level 1:colcon.colcon_core.package_identification:_identify(src/myturtlectrl) by extension 'ignore_ament_install'
[0.648s] Level 1:colcon.colcon_core.package_identification:_identify(src/myturtlectrl) by extensions ['colcon_pkg']
[0.648s] Level 1:colcon.colcon_core.package_identification:_identify(src/myturtlectrl) by extension 'colcon_pkg'
[0.648s] Level 1:colcon.colcon_core.package_identification:_identify(src/myturtlectrl) by extensions ['colcon_meta']
[0.648s] Level 1:colcon.colcon_core.package_identification:_identify(src/myturtlectrl) by extension 'colcon_meta'
[0.648s] Level 1:colcon.colcon_core.package_identification:_identify(src/myturtlectrl) by extensions ['ros']
[0.648s] Level 1:colcon.colcon_core.package_identification:_identify(src/myturtlectrl) by extension 'ros'
[0.649s] DEBUG:colcon.colcon_core.package_identification:Package 'src/myturtlectrl' with type 'ros.ament_python' and name 'myturtlectrl'
[0.649s] Level 1:colcon.colcon_core.package_discovery:discover_packages(recursive) using defaults
[0.650s] Level 1:colcon.colcon_core.package_discovery:discover_packages(ignore) discover
[0.650s] Level 1:colcon.colcon_core.package_discovery:discover_packages(ignore) using defaults
[0.650s] Level 1:colcon.colcon_core.package_discovery:discover_packages(path) discover
[0.650s] Level 1:colcon.colcon_core.package_discovery:discover_packages(path) using defaults
[0.694s] Level 1:colcon.colcon_core.package_discovery:discover_packages(prefix_path) check parameters
[0.694s] Level 1:colcon.colcon_core.package_discovery:discover_packages(prefix_path) discover
[0.712s] DEBUG:colcon.colcon_installed_package_information.package_discovery:Found 3 installed packages in /home/shan/ros2_ws/install
[0.716s] DEBUG:colcon.colcon_installed_package_information.package_discovery:Found 330 installed packages in /opt/ros/humble
[0.719s] Level 1:colcon.colcon_core.package_discovery:discover_packages(prefix_path) using defaults
[0.817s] Level 5:colcon.colcon_core.verb:set package 'custom_interfaces' build argument 'cmake_args' from command line to 'None'
[0.817s] Level 5:colcon.colcon_core.verb:set package 'custom_interfaces' build argument 'cmake_target' from command line to 'None'
[0.817s] Level 5:colcon.colcon_core.verb:set package 'custom_interfaces' build argument 'cmake_target_skip_unavailable' from command line to 'False'
[0.817s] Level 5:colcon.colcon_core.verb:set package 'custom_interfaces' build argument 'cmake_clean_cache' from command line to 'False'
[0.818s] Level 5:colcon.colcon_core.verb:set package 'custom_interfaces' build argument 'cmake_clean_first' from command line to 'False'
[0.818s] Level 5:colcon.colcon_core.verb:set package 'custom_interfaces' build argument 'cmake_force_configure' from command line to 'False'
[0.818s] Level 5:colcon.colcon_core.verb:set package 'custom_interfaces' build argument 'ament_cmake_args' from command line to 'None'
[0.818s] Level 5:colcon.colcon_core.verb:set package 'custom_interfaces' build argument 'catkin_cmake_args' from command line to 'None'
[0.818s] Level 5:colcon.colcon_core.verb:set package 'custom_interfaces' build argument 'catkin_skip_building_tests' from command line to 'False'
[0.818s] DEBUG:colcon.colcon_core.verb:Building package 'custom_interfaces' with the following arguments: {'ament_cmake_args': None, 'build_base': '/home/shan/ros2_ws/build/custom_interfaces', 'catkin_cmake_args': None, 'catkin_skip_building_tests': False, 'cmake_args': None, 'cmake_clean_cache': False, 'cmake_clean_first': False, 'cmake_force_configure': False, 'cmake_target': None, 'cmake_target_skip_unavailable': False, 'install_base': '/home/shan/ros2_ws/install/custom_interfaces', 'merge_install': False, 'path': '/home/shan/ros2_ws/src/custom_interfaces', 'symlink_install': False, 'test_result_base': None}
[0.819s] Level 5:colcon.colcon_core.verb:set package 'myturtlectrl' build argument 'cmake_args' from command line to 'None'
[0.819s] Level 5:colcon.colcon_core.verb:set package 'myturtlectrl' build argument 'cmake_target' from command line to 'None'
[0.819s] Level 5:colcon.colcon_core.verb:set package 'myturtlectrl' build argument 'cmake_target_skip_unavailable' from command line to 'False'
[0.819s] Level 5:colcon.colcon_core.verb:set package 'myturtlectrl' build argument 'cmake_clean_cache' from command line to 'False'
[0.819s] Level 5:colcon.colcon_core.verb:set package 'myturtlectrl' build argument 'cmake_clean_first' from command line to 'False'
[0.819s] Level 5:colcon.colcon_core.verb:set package 'myturtlectrl' build argument 'cmake_force_configure' from command line to 'False'
[0.819s] Level 5:colcon.colcon_core.verb:set package 'myturtlectrl' build argument 'ament_cmake_args' from command line to 'None'
[0.819s] Level 5:colcon.colcon_core.verb:set package 'myturtlectrl' build argument 'catkin_cmake_args' from command line to 'None'
[0.819s] Level 5:colcon.colcon_core.verb:set package 'myturtlectrl' build argument 'catkin_skip_building_tests' from command line to 'False'
[0.819s] DEBUG:colcon.colcon_core.verb:Building package 'myturtlectrl' with the following arguments: {'ament_cmake_args': None, 'build_base': '/home/shan/ros2_ws/build/myturtlectrl', 'catkin_cmake_args': None, 'catkin_skip_building_tests': False, 'cmake_args': None, 'cmake_clean_cache': False, 'cmake_clean_first': False, 'cmake_force_configure': False, 'cmake_target': None, 'cmake_target_skip_unavailable': False, 'install_base': '/home/shan/ros2_ws/install/myturtlectrl', 'merge_install': False, 'path': '/home/shan/ros2_ws/src/myturtlectrl', 'symlink_install': False, 'test_result_base': None}
[0.820s] Level 5:colcon.colcon_core.verb:set package 'mypypkg' build argument 'cmake_args' from command line to 'None'
[0.820s] Level 5:colcon.colcon_core.verb:set package 'mypypkg' build argument 'cmake_target' from command line to 'None'
[0.820s] Level 5:colcon.colcon_core.verb:set package 'mypypkg' build argument 'cmake_target_skip_unavailable' from command line to 'False'
[0.820s] Level 5:colcon.colcon_core.verb:set package 'mypypkg' build argument 'cmake_clean_cache' from command line to 'False'
[0.820s] Level 5:colcon.colcon_core.verb:set package 'mypypkg' build argument 'cmake_clean_first' from command line to 'False'
[0.820s] Level 5:colcon.colcon_core.verb:set package 'mypypkg' build argument 'cmake_force_configure' from command line to 'False'
[0.820s] Level 5:colcon.colcon_core.verb:set package 'mypypkg' build argument 'ament_cmake_args' from command line to 'None'
[0.820s] Level 5:colcon.colcon_core.verb:set package 'mypypkg' build argument 'catkin_cmake_args' from command line to 'None'
[0.820s] Level 5:colcon.colcon_core.verb:set package 'mypypkg' build argument 'catkin_skip_building_tests' from command line to 'False'
[0.820s] DEBUG:colcon.colcon_core.verb:Building package 'mypypkg' with the following arguments: {'ament_cmake_args': None, 'build_base': '/home/shan/ros2_ws/build/mypypkg', 'catkin_cmake_args': None, 'catkin_skip_building_tests': False, 'cmake_args': None, 'cmake_clean_cache': False, 'cmake_clean_first': False, 'cmake_force_configure': False, 'cmake_target': None, 'cmake_target_skip_unavailable': False, 'install_base': '/home/shan/ros2_ws/install/mypypkg', 'merge_install': False, 'path': '/home/shan/ros2_ws/src/mypypkg', 'symlink_install': False, 'test_result_base': None}
[0.821s] INFO:colcon.colcon_core.executor:Executing jobs using 'parallel' executor
[0.822s] DEBUG:colcon.colcon_parallel_executor.executor.parallel:run_until_complete
[0.823s] INFO:colcon.colcon_ros.task.ament_cmake.build:Building ROS package in '/home/shan/ros2_ws/src/custom_interfaces' with build type 'ament_cmake'
[0.823s] INFO:colcon.colcon_cmake.task.cmake.build:Building CMake package in '/home/shan/ros2_ws/src/custom_interfaces'
[0.827s] INFO:colcon.colcon_core.plugin_system:Skipping extension 'colcon_core.shell.bat': Not used on non-Windows systems
[0.828s] INFO:colcon.colcon_core.shell:Skip shell extension 'powershell' for command environment: Not usable outside of PowerShell
[0.828s] DEBUG:colcon.colcon_core.shell:Skip shell extension 'dsv' for command environment
[0.836s] INFO:colcon.colcon_ros.task.ament_python.build:Building ROS package in '/home/shan/ros2_ws/src/myturtlectrl' with build type 'ament_python'
[0.836s] Level 1:colcon.colcon_core.shell:create_environment_hook('myturtlectrl', 'ament_prefix_path')
[0.837s] INFO:colcon.colcon_core.shell:Creating environment hook '/home/shan/ros2_ws/install/myturtlectrl/share/myturtlectrl/hook/ament_prefix_path.ps1'
[0.838s] INFO:colcon.colcon_core.shell:Creating environment descriptor '/home/shan/ros2_ws/install/myturtlectrl/share/myturtlectrl/hook/ament_prefix_path.dsv'
[0.839s] INFO:colcon.colcon_core.shell:Creating environment hook '/home/shan/ros2_ws/install/myturtlectrl/share/myturtlectrl/hook/ament_prefix_path.sh'
[0.841s] INFO:colcon.colcon_core.shell:Skip shell extension 'powershell' for command environment: Not usable outside of PowerShell
[0.841s] DEBUG:colcon.colcon_core.shell:Skip shell extension 'dsv' for command environment
[0.858s] DEBUG:colcon.colcon_core.event_handler.log_command:Invoking command in '/home/shan/ros2_ws/build/custom_interfaces': CMAKE_PREFIX_PATH=${CMAKE_PREFIX_PATH}:/home/shan/ros2_ws/install/myturtlectrl:/home/shan/ros2_ws/install/mypypkg:/opt/ros/humble /usr/bin/cmake --build /home/shan/ros2_ws/build/custom_interfaces -- -j16 -l16
[1.407s] INFO:colcon.colcon_core.task.python.build:Building Python package in '/home/shan/ros2_ws/src/myturtlectrl'
[1.408s] INFO:colcon.colcon_core.shell:Skip shell extension 'powershell' for command environment: Not usable outside of PowerShell
[1.408s] DEBUG:colcon.colcon_core.shell:Skip shell extension 'dsv' for command environment
[2.184s] DEBUG:colcon.colcon_core.event_handler.log_command:Invoking command in '/home/shan/ros2_ws/src/myturtlectrl': PYTHONPATH=/home/shan/ros2_ws/build/myturtlectrl/prefix_override:/usr/lib/python3/dist-packages/colcon_core/task/python/colcon_distutils_commands:/home/shan/ros2_ws/install/myturtlectrl/lib/python3.10/site-packages:${PYTHONPATH} /usr/bin/python3 -W ignore:setup.py install is deprecated -W ignore:easy_install command is deprecated setup.py egg_info --egg-base ../../build/myturtlectrl build --build-base /home/shan/ros2_ws/build/myturtlectrl/build install --record /home/shan/ros2_ws/build/myturtlectrl/install.log --single-version-externally-managed install_data
[2.618s] DEBUG:colcon.colcon_core.event_handler.log_command:Invoked command in '/home/shan/ros2_ws/src/myturtlectrl' returned '0': PYTHONPATH=/home/shan/ros2_ws/build/myturtlectrl/prefix_override:/usr/lib/python3/dist-packages/colcon_core/task/python/colcon_distutils_commands:/home/shan/ros2_ws/install/myturtlectrl/lib/python3.10/site-packages:${PYTHONPATH} /usr/bin/python3 -W ignore:setup.py install is deprecated -W ignore:easy_install command is deprecated setup.py egg_info --egg-base ../../build/myturtlectrl build --build-base /home/shan/ros2_ws/build/myturtlectrl/build install --record /home/shan/ros2_ws/build/myturtlectrl/install.log --single-version-externally-managed install_data
[2.623s] Level 1:colcon.colcon_core.environment:checking '/home/shan/ros2_ws/install/myturtlectrl' for CMake module files
[2.624s] Level 1:colcon.colcon_core.environment:checking '/home/shan/ros2_ws/install/myturtlectrl' for CMake config files
[2.625s] Level 1:colcon.colcon_core.environment:checking '/home/shan/ros2_ws/install/myturtlectrl/lib'
[2.626s] Level 1:colcon.colcon_core.environment:checking '/home/shan/ros2_ws/install/myturtlectrl/bin'
[2.626s] Level 1:colcon.colcon_core.environment:checking '/home/shan/ros2_ws/install/myturtlectrl/lib/pkgconfig/myturtlectrl.pc'
[2.626s] Level 1:colcon.colcon_core.environment:checking '/home/shan/ros2_ws/install/myturtlectrl/lib/python3.10/site-packages'
[2.626s] Level 1:colcon.colcon_core.shell:create_environment_hook('myturtlectrl', 'pythonpath')
[2.627s] INFO:colcon.colcon_core.shell:Creating environment hook '/home/shan/ros2_ws/install/myturtlectrl/share/myturtlectrl/hook/pythonpath.ps1'
[2.628s] INFO:colcon.colcon_core.shell:Creating environment descriptor '/home/shan/ros2_ws/install/myturtlectrl/share/myturtlectrl/hook/pythonpath.dsv'
[2.629s] INFO:colcon.colcon_core.shell:Creating environment hook '/home/shan/ros2_ws/install/myturtlectrl/share/myturtlectrl/hook/pythonpath.sh'
[2.631s] Level 1:colcon.colcon_core.environment:checking '/home/shan/ros2_ws/install/myturtlectrl/bin'
[2.631s] Level 1:colcon.colcon_core.environment:create_environment_scripts_only(myturtlectrl)
[2.632s] INFO:colcon.colcon_core.shell:Creating package script '/home/shan/ros2_ws/install/myturtlectrl/share/myturtlectrl/package.ps1'
[2.634s] INFO:colcon.colcon_core.shell:Creating package descriptor '/home/shan/ros2_ws/install/myturtlectrl/share/myturtlectrl/package.dsv'
[2.635s] INFO:colcon.colcon_core.shell:Creating package script '/home/shan/ros2_ws/install/myturtlectrl/share/myturtlectrl/package.sh'
[2.635s] INFO:colcon.colcon_core.shell:Creating package script '/home/shan/ros2_ws/install/myturtlectrl/share/myturtlectrl/package.bash'
[2.636s] INFO:colcon.colcon_core.shell:Creating package script '/home/shan/ros2_ws/install/myturtlectrl/share/myturtlectrl/package.zsh'
[2.637s] Level 1:colcon.colcon_core.environment:create_file_with_runtime_dependencies(/home/shan/ros2_ws/install/myturtlectrl/share/colcon-core/packages/myturtlectrl)
[8.272s] DEBUG:colcon.colcon_core.event_handler.log_command:Invoked command in '/home/shan/ros2_ws/build/custom_interfaces' returned '0': CMAKE_PREFIX_PATH=${CMAKE_PREFIX_PATH}:/home/shan/ros2_ws/install/myturtlectrl:/home/shan/ros2_ws/install/mypypkg:/opt/ros/humble /usr/bin/cmake --build /home/shan/ros2_ws/build/custom_interfaces -- -j16 -l16
[8.297s] DEBUG:colcon.colcon_core.event_handler.log_command:Invoking command in '/home/shan/ros2_ws/build/custom_interfaces': CMAKE_PREFIX_PATH=${CMAKE_PREFIX_PATH}:/home/shan/ros2_ws/install/myturtlectrl:/home/shan/ros2_ws/install/mypypkg:/opt/ros/humble /usr/bin/cmake --install /home/shan/ros2_ws/build/custom_interfaces
[8.458s] Level 1:colcon.colcon_core.environment:create_environment_scripts_only(custom_interfaces)
[8.459s] DEBUG:colcon.colcon_core.event_handler.log_command:Invoked command in '/home/shan/ros2_ws/build/custom_interfaces' returned '0': CMAKE_PREFIX_PATH=${CMAKE_PREFIX_PATH}:/home/shan/ros2_ws/install/myturtlectrl:/home/shan/ros2_ws/install/mypypkg:/opt/ros/humble /usr/bin/cmake --install /home/shan/ros2_ws/build/custom_interfaces
[8.459s] Level 1:colcon.colcon_core.environment:checking '/home/shan/ros2_ws/install/custom_interfaces' for CMake module files
[8.460s] Level 1:colcon.colcon_core.environment:checking '/home/shan/ros2_ws/install/custom_interfaces' for CMake config files
[8.461s] Level 1:colcon.colcon_core.shell:create_environment_hook('custom_interfaces', 'cmake_prefix_path')
[8.461s] INFO:colcon.colcon_core.shell:Creating environment hook '/home/shan/ros2_ws/install/custom_interfaces/share/custom_interfaces/hook/cmake_prefix_path.ps1'
[8.462s] INFO:colcon.colcon_core.shell:Creating environment descriptor '/home/shan/ros2_ws/install/custom_interfaces/share/custom_interfaces/hook/cmake_prefix_path.dsv'
[8.462s] INFO:colcon.colcon_core.shell:Creating environment hook '/home/shan/ros2_ws/install/custom_interfaces/share/custom_interfaces/hook/cmake_prefix_path.sh'
[8.463s] Level 1:colcon.colcon_core.environment:checking '/home/shan/ros2_ws/install/custom_interfaces/lib'
[8.463s] Level 1:colcon.colcon_core.shell:create_environment_hook('custom_interfaces', 'ld_library_path_lib')
[8.463s] INFO:colcon.colcon_core.shell:Creating environment hook '/home/shan/ros2_ws/install/custom_interfaces/share/custom_interfaces/hook/ld_library_path_lib.ps1'
[8.464s] INFO:colcon.colcon_core.shell:Creating environment descriptor '/home/shan/ros2_ws/install/custom_interfaces/share/custom_interfaces/hook/ld_library_path_lib.dsv'
[8.464s] INFO:colcon.colcon_core.shell:Creating environment hook '/home/shan/ros2_ws/install/custom_interfaces/share/custom_interfaces/hook/ld_library_path_lib.sh'
[8.465s] Level 1:colcon.colcon_core.environment:checking '/home/shan/ros2_ws/install/custom_interfaces/bin'
[8.465s] Level 1:colcon.colcon_core.environment:checking '/home/shan/ros2_ws/install/custom_interfaces/lib/pkgconfig/custom_interfaces.pc'
[8.465s] Level 1:colcon.colcon_core.environment:checking '/home/shan/ros2_ws/install/custom_interfaces/lib/python3.10/site-packages'
[8.465s] Level 1:colcon.colcon_core.environment:checking '/home/shan/ros2_ws/install/custom_interfaces/bin'
[8.466s] INFO:colcon.colcon_core.shell:Creating package script '/home/shan/ros2_ws/install/custom_interfaces/share/custom_interfaces/package.ps1'
[8.466s] INFO:colcon.colcon_core.shell:Creating package descriptor '/home/shan/ros2_ws/install/custom_interfaces/share/custom_interfaces/package.dsv'
[8.467s] INFO:colcon.colcon_core.shell:Creating package script '/home/shan/ros2_ws/install/custom_interfaces/share/custom_interfaces/package.sh'
[8.467s] INFO:colcon.colcon_core.shell:Creating package script '/home/shan/ros2_ws/install/custom_interfaces/share/custom_interfaces/package.bash'
[8.468s] INFO:colcon.colcon_core.shell:Creating package script '/home/shan/ros2_ws/install/custom_interfaces/share/custom_interfaces/package.zsh'
[8.468s] Level 1:colcon.colcon_core.environment:create_file_with_runtime_dependencies(/home/shan/ros2_ws/install/custom_interfaces/share/colcon-core/packages/custom_interfaces)
[8.469s] Level 1:colcon.colcon_core.environment:create_environment_scripts_only(custom_interfaces)
[8.469s] Level 1:colcon.colcon_core.environment:checking '/home/shan/ros2_ws/install/custom_interfaces' for CMake module files
[8.470s] Level 1:colcon.colcon_core.environment:checking '/home/shan/ros2_ws/install/custom_interfaces' for CMake config files
[8.471s] Level 1:colcon.colcon_core.shell:create_environment_hook('custom_interfaces', 'cmake_prefix_path')
[8.471s] INFO:colcon.colcon_core.shell:Creating environment hook '/home/shan/ros2_ws/install/custom_interfaces/share/custom_interfaces/hook/cmake_prefix_path.ps1'
[8.471s] INFO:colcon.colcon_core.shell:Creating environment descriptor '/home/shan/ros2_ws/install/custom_interfaces/share/custom_interfaces/hook/cmake_prefix_path.dsv'
[8.472s] INFO:colcon.colcon_core.shell:Creating environment hook '/home/shan/ros2_ws/install/custom_interfaces/share/custom_interfaces/hook/cmake_prefix_path.sh'
[8.473s] Level 1:colcon.colcon_core.environment:checking '/home/shan/ros2_ws/install/custom_interfaces/lib'
[8.473s] Level 1:colcon.colcon_core.shell:create_environment_hook('custom_interfaces', 'ld_library_path_lib')
[8.473s] INFO:colcon.colcon_core.shell:Creating environment hook '/home/shan/ros2_ws/install/custom_interfaces/share/custom_interfaces/hook/ld_library_path_lib.ps1'
[8.473s] INFO:colcon.colcon_core.shell:Creating environment descriptor '/home/shan/ros2_ws/install/custom_interfaces/share/custom_interfaces/hook/ld_library_path_lib.dsv'
[8.474s] INFO:colcon.colcon_core.shell:Creating environment hook '/home/shan/ros2_ws/install/custom_interfaces/share/custom_interfaces/hook/ld_library_path_lib.sh'
[8.474s] Level 1:colcon.colcon_core.environment:checking '/home/shan/ros2_ws/install/custom_interfaces/bin'
[8.474s] Level 1:colcon.colcon_core.environment:checking '/home/shan/ros2_ws/install/custom_interfaces/lib/pkgconfig/custom_interfaces.pc'
[8.475s] Level 1:colcon.colcon_core.environment:checking '/home/shan/ros2_ws/install/custom_interfaces/lib/python3.10/site-packages'
[8.475s] Level 1:colcon.colcon_core.environment:checking '/home/shan/ros2_ws/install/custom_interfaces/bin'
[8.475s] INFO:colcon.colcon_core.shell:Creating package script '/home/shan/ros2_ws/install/custom_interfaces/share/custom_interfaces/package.ps1'
[8.477s] INFO:colcon.colcon_core.shell:Creating package descriptor '/home/shan/ros2_ws/install/custom_interfaces/share/custom_interfaces/package.dsv'
[8.477s] INFO:colcon.colcon_core.shell:Creating package script '/home/shan/ros2_ws/install/custom_interfaces/share/custom_interfaces/package.sh'
[8.478s] INFO:colcon.colcon_core.shell:Creating package script '/home/shan/ros2_ws/install/custom_interfaces/share/custom_interfaces/package.bash'
[8.478s] INFO:colcon.colcon_core.shell:Creating package script '/home/shan/ros2_ws/install/custom_interfaces/share/custom_interfaces/package.zsh'
[8.479s] Level 1:colcon.colcon_core.environment:create_file_with_runtime_dependencies(/home/shan/ros2_ws/install/custom_interfaces/share/colcon-core/packages/custom_interfaces)
[8.479s] INFO:colcon.colcon_ros.task.ament_python.build:Building ROS package in '/home/shan/ros2_ws/src/mypypkg' with build type 'ament_python'
[8.480s] Level 1:colcon.colcon_core.shell:create_environment_hook('mypypkg', 'ament_prefix_path')
[8.480s] INFO:colcon.colcon_core.shell:Creating environment hook '/home/shan/ros2_ws/install/mypypkg/share/mypypkg/hook/ament_prefix_path.ps1'
[8.481s] INFO:colcon.colcon_core.shell:Creating environment descriptor '/home/shan/ros2_ws/install/mypypkg/share/mypypkg/hook/ament_prefix_path.dsv'
[8.481s] INFO:colcon.colcon_core.shell:Creating environment hook '/home/shan/ros2_ws/install/mypypkg/share/mypypkg/hook/ament_prefix_path.sh'
[8.482s] INFO:colcon.colcon_core.shell:Skip shell extension 'powershell' for command environment: Not usable outside of PowerShell
[8.482s] DEBUG:colcon.colcon_core.shell:Skip shell extension 'dsv' for command environment
[9.035s] INFO:colcon.colcon_core.task.python.build:Building Python package in '/home/shan/ros2_ws/src/mypypkg'
[9.035s] INFO:colcon.colcon_core.shell:Skip shell extension 'powershell' for command environment: Not usable outside of PowerShell
[9.035s] DEBUG:colcon.colcon_core.shell:Skip shell extension 'dsv' for command environment
[9.697s] DEBUG:colcon.colcon_core.event_handler.log_command:Invoking command in '/home/shan/ros2_ws/src/mypypkg': PYTHONPATH=/home/shan/ros2_ws/build/mypypkg/prefix_override:/usr/lib/python3/dist-packages/colcon_core/task/python/colcon_distutils_commands:/home/shan/ros2_ws/install/mypypkg/lib/python3.10/site-packages:${PYTHONPATH} /usr/bin/python3 -W ignore:setup.py install is deprecated -W ignore:easy_install command is deprecated setup.py egg_info --egg-base ../../build/mypypkg build --build-base /home/shan/ros2_ws/build/mypypkg/build install --record /home/shan/ros2_ws/build/mypypkg/install.log --single-version-externally-managed install_data
[10.125s] Level 1:colcon.colcon_core.environment:checking '/home/shan/ros2_ws/install/mypypkg' for CMake module files
[10.126s] DEBUG:colcon.colcon_core.event_handler.log_command:Invoked command in '/home/shan/ros2_ws/src/mypypkg' returned '0': PYTHONPATH=/home/shan/ros2_ws/build/mypypkg/prefix_override:/usr/lib/python3/dist-packages/colcon_core/task/python/colcon_distutils_commands:/home/shan/ros2_ws/install/mypypkg/lib/python3.10/site-packages:${PYTHONPATH} /usr/bin/python3 -W ignore:setup.py install is deprecated -W ignore:easy_install command is deprecated setup.py egg_info --egg-base ../../build/mypypkg build --build-base /home/shan/ros2_ws/build/mypypkg/build install --record /home/shan/ros2_ws/build/mypypkg/install.log --single-version-externally-managed install_data
[10.127s] Level 1:colcon.colcon_core.environment:checking '/home/shan/ros2_ws/install/mypypkg' for CMake config files
[10.127s] Level 1:colcon.colcon_core.environment:checking '/home/shan/ros2_ws/install/mypypkg/lib'
[10.127s] Level 1:colcon.colcon_core.environment:checking '/home/shan/ros2_ws/install/mypypkg/bin'
[10.128s] Level 1:colcon.colcon_core.environment:checking '/home/shan/ros2_ws/install/mypypkg/lib/pkgconfig/mypypkg.pc'
[10.128s] Level 1:colcon.colcon_core.environment:checking '/home/shan/ros2_ws/install/mypypkg/lib/python3.10/site-packages'
[10.128s] Level 1:colcon.colcon_core.shell:create_environment_hook('mypypkg', 'pythonpath')
[10.129s] INFO:colcon.colcon_core.shell:Creating environment hook '/home/shan/ros2_ws/install/mypypkg/share/mypypkg/hook/pythonpath.ps1'
[10.129s] INFO:colcon.colcon_core.shell:Creating environment descriptor '/home/shan/ros2_ws/install/mypypkg/share/mypypkg/hook/pythonpath.dsv'
[10.130s] INFO:colcon.colcon_core.shell:Creating environment hook '/home/shan/ros2_ws/install/mypypkg/share/mypypkg/hook/pythonpath.sh'
[10.131s] Level 1:colcon.colcon_core.environment:checking '/home/shan/ros2_ws/install/mypypkg/bin'
[10.131s] Level 1:colcon.colcon_core.environment:create_environment_scripts_only(mypypkg)
[10.131s] INFO:colcon.colcon_core.shell:Creating package script '/home/shan/ros2_ws/install/mypypkg/share/mypypkg/package.ps1'
[10.132s] INFO:colcon.colcon_core.shell:Creating package descriptor '/home/shan/ros2_ws/install/mypypkg/share/mypypkg/package.dsv'
[10.132s] INFO:colcon.colcon_core.shell:Creating package script '/home/shan/ros2_ws/install/mypypkg/share/mypypkg/package.sh'
[10.133s] INFO:colcon.colcon_core.shell:Creating package script '/home/shan/ros2_ws/install/mypypkg/share/mypypkg/package.bash'
[10.133s] INFO:colcon.colcon_core.shell:Creating package script '/home/shan/ros2_ws/install/mypypkg/share/mypypkg/package.zsh'
[10.134s] Level 1:colcon.colcon_core.environment:create_file_with_runtime_dependencies(/home/shan/ros2_ws/install/mypypkg/share/colcon-core/packages/mypypkg)
[10.134s] DEBUG:colcon.colcon_parallel_executor.executor.parallel:closing loop
[10.135s] DEBUG:colcon.colcon_parallel_executor.executor.parallel:loop closed
[10.135s] DEBUG:colcon.colcon_parallel_executor.executor.parallel:run_until_complete finished with '0'
[10.135s] DEBUG:colcon.colcon_core.event_reactor:joining thread
[10.143s] INFO:colcon.colcon_core.plugin_system:Skipping extension 'colcon_notification.desktop_notification.terminal_notifier': Not used on non-Darwin systems
[10.143s] INFO:colcon.colcon_core.plugin_system:Skipping extension 'colcon_notification.desktop_notification.win32': Not used on non-Windows systems
[10.143s] INFO:colcon.colcon_notification.desktop_notification:Sending desktop notification using 'notify2'
[10.159s] DEBUG:colcon.colcon_core.event_reactor:joined thread
[10.160s] INFO:colcon.colcon_core.shell:Creating prefix script '/home/shan/ros2_ws/install/local_setup.ps1'
[10.161s] INFO:colcon.colcon_core.shell:Creating prefix util module '/home/shan/ros2_ws/install/_local_setup_util_ps1.py'
[10.163s] INFO:colcon.colcon_core.shell:Creating prefix chain script '/home/shan/ros2_ws/install/setup.ps1'
[10.164s] INFO:colcon.colcon_core.shell:Creating prefix script '/home/shan/ros2_ws/install/local_setup.sh'
[10.165s] INFO:colcon.colcon_core.shell:Creating prefix util module '/home/shan/ros2_ws/install/_local_setup_util_sh.py'
[10.166s] INFO:colcon.colcon_core.shell:Creating prefix chain script '/home/shan/ros2_ws/install/setup.sh'
[10.167s] INFO:colcon.colcon_core.shell:Creating prefix script '/home/shan/ros2_ws/install/local_setup.bash'
[10.168s] INFO:colcon.colcon_core.shell:Creating prefix chain script '/home/shan/ros2_ws/install/setup.bash'
[10.169s] INFO:colcon.colcon_core.shell:Creating prefix script '/home/shan/ros2_ws/install/local_setup.zsh'
[10.169s] INFO:colcon.colcon_core.shell:Creating prefix chain script '/home/shan/ros2_ws/install/setup.zsh'
