[0.026s] Invoking command in '/home/shan/ros2_ws/build/custom_interfaces': CMAKE_PREFIX_PATH=${CMAKE_PREFIX_PATH}:/home/shan/ros2_ws/install/myturtlectrl:/home/shan/ros2_ws/install/mypypkg:/opt/ros/humble /usr/bin/cmake --build /home/shan/ros2_ws/build/custom_interfaces -- -j16 -l16
[0.070s] -- Found ament_cmake: 1.3.12 (/opt/ros/humble/share/ament_cmake/cmake)
[0.275s] -- Found rosidl_default_generators: 1.2.0 (/opt/ros/humble/share/rosidl_default_generators/cmake)
[0.277s] -- Using all available rosidl_typesupport_c: rosidl_typesupport_fastrtps_c;rosidl_typesupport_introspection_c
[0.280s] -- Found rosidl_adapter: 3.1.8 (/opt/ros/humble/share/rosidl_adapter/cmake)
[0.328s] -- Using all available rosidl_typesupport_cpp: rosidl_typesupport_fastrtps_cpp;rosidl_typesupport_introspection_cpp
[0.671s] [31mCMake Error at /opt/ros/humble/share/rosidl_adapter/cmake/rosidl_adapt_interfaces.cmake:59 (message):
[0.671s]   execute_process(/usr/bin/python3 -m rosidl_adapter --package-name
[0.671s]   custom_interfaces --arguments-file
[0.671s]   /home/shan/ros2_ws/build/custom_interfaces/rosidl_adapter__arguments__custom_interfaces.json
[0.671s]   --output-dir
[0.672s]   /home/shan/ros2_ws/build/custom_interfaces/rosidl_adapter/custom_interfaces
[0.672s]   --output-file
[0.672s]   /home/shan/ros2_ws/build/custom_interfaces/rosidl_adapter/custom_interfaces.idls)
[0.672s]   returned error code 1:
[0.672s] 
[0.672s]   Error processing ' float64 x' of 'custom_interfaces/Pose': 'string index
[0.672s]   out of range'
[0.672s] 
[0.672s]   Traceback (most recent call last):
[0.673s] 
[0.673s]     File "/usr/lib/python3.10/runpy.py", line 196, in _run_module_as_main
[0.673s]       return _run_code(code, main_globals, None,
[0.673s]     File "/usr/lib/python3.10/runpy.py", line 86, in _run_code
[0.673s]       exec(code, run_globals)
[0.673s]     File "/opt/ros/humble/local/lib/python3.10/dist-packages/rosidl_adapter/__main__.py", line 19, in <module>
[0.673s]       sys.exit(main())
[0.673s]     File "/opt/ros/humble/local/lib/python3.10/dist-packages/rosidl_adapter/main.py", line 53, in main
[0.674s]       abs_idl_file = convert_to_idl(
[0.674s]     File "/opt/ros/humble/local/lib/python3.10/dist-packages/rosidl_adapter/__init__.py", line 19, in convert_to_idl
[0.674s]       return convert_msg_to_idl(
[0.674s]     File "/opt/ros/humble/local/lib/python3.10/dist-packages/rosidl_adapter/msg/__init__.py", line 28, in convert_msg_to_idl
[0.674s]       msg = parse_message_string(package_name, input_file.stem, content)
[0.674s]     File "/opt/ros/humble/local/lib/python3.10/dist-packages/rosidl_adapter/parser.py", line 520, in parse_message_string
[0.674s]       Type(type_string, context_package_name=pkg_name),
[0.674s]     File "/opt/ros/humble/local/lib/python3.10/dist-packages/rosidl_adapter/parser.py", line 241, in __init__
[0.674s]       self.is_array = type_string[-1] == ']'
[0.675s] 
[0.675s]   IndexError: string index out of range
[0.675s] 
[0.675s] Call Stack (most recent call first):
[0.675s]   /opt/ros/humble/share/rosidl_cmake/cmake/rosidl_generate_interfaces.cmake:130 (rosidl_adapt_interfaces)
[0.675s]   CMakeLists.txt:12 (rosidl_generate_interfaces)
[0.675s] 
[0.675s] [0m
[0.675s] -- Configuring incomplete, errors occurred!
[0.676s] See also "/home/shan/ros2_ws/build/custom_interfaces/CMakeFiles/CMakeOutput.log".
[0.678s] gmake: *** [Makefile:1395: cmake_check_build_system] Error 1
[0.682s] Invoked command in '/home/shan/ros2_ws/build/custom_interfaces' returned '2': CMAKE_PREFIX_PATH=${CMAKE_PREFIX_PATH}:/home/shan/ros2_ws/install/myturtlectrl:/home/shan/ros2_ws/install/mypypkg:/opt/ros/humble /usr/bin/cmake --build /home/shan/ros2_ws/build/custom_interfaces -- -j16 -l16
