[0.027s] Invoking command in '/home/shan/ros2_ws/build/custom_interfaces': CMAKE_PREFIX_PATH=${CMAKE_PREFIX_PATH}:/home/shan/ros2_ws/install/myturtlectrl:/home/shan/ros2_ws/install/mypypkg:/opt/ros/humble /usr/bin/cmake --build /home/shan/ros2_ws/build/custom_interfaces -- -j16 -l16
[0.084s] -- Found ament_cmake: 1.3.12 (/opt/ros/humble/share/ament_cmake/cmake)
[0.366s] -- Found rosidl_default_generators: 1.2.0 (/opt/ros/humble/share/rosidl_default_generators/cmake)
[0.369s] -- Using all available rosidl_typesupport_c: rosidl_typesupport_fastrtps_c;rosidl_typesupport_introspection_c
[0.376s] -- Found rosidl_adapter: 3.1.8 (/opt/ros/humble/share/rosidl_adapter/cmake)
[0.446s] -- Using all available rosidl_typesupport_cpp: rosidl_typesupport_fastrtps_cpp;rosidl_typesupport_introspection_cpp
[0.899s] [31mCMake Error at /opt/ros/humble/share/rosidl_adapter/cmake/rosidl_adapt_interfaces.cmake:59 (message):
[0.899s]   execute_process(/usr/bin/python3 -m rosidl_adapter --package-name
[0.899s]   custom_interfaces --arguments-file
[0.899s]   /home/shan/ros2_ws/build/custom_interfaces/rosidl_adapter__arguments__custom_interfaces.json
[0.899s]   --output-dir
[0.899s]   /home/shan/ros2_ws/build/custom_interfaces/rosidl_adapter/custom_interfaces
[0.899s]   --output-file
[0.899s]   /home/shan/ros2_ws/build/custom_interfaces/rosidl_adapter/custom_interfaces.idls)
[0.900s]   returned error code 1:
[0.900s] 
[0.900s]   Traceback (most recent call last):
[0.900s] 
[0.900s]     File "/usr/lib/python3.10/runpy.py", line 196, in _run_module_as_main
[0.900s]       return _run_code(code, main_globals, None,
[0.900s]     File "/usr/lib/python3.10/runpy.py", line 86, in _run_code
[0.900s]       exec(code, run_globals)
[0.900s]     File "/opt/ros/humble/local/lib/python3.10/dist-packages/rosidl_adapter/__main__.py", line 19, in <module>
[0.900s]       sys.exit(main())
[0.900s]     File "/opt/ros/humble/local/lib/python3.10/dist-packages/rosidl_adapter/main.py", line 53, in main
[0.900s]       abs_idl_file = convert_to_idl(
[0.900s]     File "/opt/ros/humble/local/lib/python3.10/dist-packages/rosidl_adapter/__init__.py", line 19, in convert_to_idl
[0.900s]       return convert_msg_to_idl(
[0.901s]     File "/opt/ros/humble/local/lib/python3.10/dist-packages/rosidl_adapter/msg/__init__.py", line 28, in convert_msg_to_idl
[0.901s]       msg = parse_message_string(package_name, input_file.stem, content)
[0.901s]     File "/opt/ros/humble/local/lib/python3.10/dist-packages/rosidl_adapter/parser.py", line 544, in parse_message_string
[0.901s]       msg = MessageSpecification(pkg_name, msg_name, fields, constants)
[0.901s]     File "/opt/ros/humble/local/lib/python3.10/dist-packages/rosidl_adapter/parser.py", line 403, in __init__
[0.901s]       raise ValueError(
[0.901s] 
[0.901s]   ValueError: the fields iterable contains duplicate names: x, y, z
[0.901s] 
[0.901s] Call Stack (most recent call first):
[0.901s]   /opt/ros/humble/share/rosidl_cmake/cmake/rosidl_generate_interfaces.cmake:130 (rosidl_adapt_interfaces)
[0.902s]   CMakeLists.txt:12 (rosidl_generate_interfaces)
[0.902s] 
[0.902s] [0m
[0.902s] -- Configuring incomplete, errors occurred!
[0.902s] See also "/home/shan/ros2_ws/build/custom_interfaces/CMakeFiles/CMakeOutput.log".
[0.911s] gmake: *** [Makefile:963: cmake_check_build_system] Error 1
[0.916s] Invoked command in '/home/shan/ros2_ws/build/custom_interfaces' returned '2': CMAKE_PREFIX_PATH=${CMAKE_PREFIX_PATH}:/home/shan/ros2_ws/install/myturtlectrl:/home/shan/ros2_ws/install/mypypkg:/opt/ros/humble /usr/bin/cmake --build /home/shan/ros2_ws/build/custom_interfaces -- -j16 -l16
