[1.350s] Invoking command in '/home/shan/ros2_ws/src/myturtlectrl': PYTHONPATH=/home/shan/ros2_ws/build/myturtlectrl/prefix_override:/usr/lib/python3/dist-packages/colcon_core/task/python/colcon_distutils_commands:/home/shan/ros2_ws/install/myturtlectrl/lib/python3.10/site-packages:${PYTHONPATH} /usr/bin/python3 -W ignore:setup.py install is deprecated -W ignore:easy_install command is deprecated setup.py egg_info --egg-base ../../build/myturtlectrl build --build-base /home/shan/ros2_ws/build/myturtlectrl/build install --record /home/shan/ros2_ws/build/myturtlectrl/install.log --single-version-externally-managed install_data
[1.880s] running egg_info
[1.881s] writing ../../build/myturtlectrl/myturtlectrl.egg-info/PKG-INFO
[1.882s] writing dependency_links to ../../build/myturtlectrl/myturtlectrl.egg-info/dependency_links.txt
[1.882s] writing entry points to ../../build/myturtlectrl/myturtlectrl.egg-info/entry_points.txt
[1.882s] writing requirements to ../../build/myturtlectrl/myturtlectrl.egg-info/requires.txt
[1.883s] writing top-level names to ../../build/myturtlectrl/myturtlectrl.egg-info/top_level.txt
[1.885s] reading manifest file '../../build/myturtlectrl/myturtlectrl.egg-info/SOURCES.txt'
[1.887s] writing manifest file '../../build/myturtlectrl/myturtlectrl.egg-info/SOURCES.txt'
[1.887s] running build
[1.887s] running build_py
[1.887s] running install
[1.888s] running install_lib
[1.889s] running install_data
[1.890s] running install_egg_info
[1.892s] removing '/home/shan/ros2_ws/install/myturtlectrl/lib/python3.10/site-packages/myturtlectrl-0.0.0-py3.10.egg-info' (and everything under it)
[1.893s] Copying ../../build/myturtlectrl/myturtlectrl.egg-info to /home/shan/ros2_ws/install/myturtlectrl/lib/python3.10/site-packages/myturtlectrl-0.0.0-py3.10.egg-info
[1.894s] running install_scripts
[1.920s] Installing turtlecatcher script to /home/shan/ros2_ws/install/myturtlectrl/lib/myturtlectrl
[1.921s] Installing turtlespawner script to /home/shan/ros2_ws/install/myturtlectrl/lib/myturtlectrl
[1.921s] writing list of installed files to '/home/shan/ros2_ws/build/myturtlectrl/install.log'
[1.952s] Invoked command in '/home/shan/ros2_ws/src/myturtlectrl' returned '0': PYTHONPATH=/home/shan/ros2_ws/build/myturtlectrl/prefix_override:/usr/lib/python3/dist-packages/colcon_core/task/python/colcon_distutils_commands:/home/shan/ros2_ws/install/myturtlectrl/lib/python3.10/site-packages:${PYTHONPATH} /usr/bin/python3 -W ignore:setup.py install is deprecated -W ignore:easy_install command is deprecated setup.py egg_info --egg-base ../../build/myturtlectrl build --build-base /home/shan/ros2_ws/build/myturtlectrl/build install --record /home/shan/ros2_ws/build/myturtlectrl/install.log --single-version-externally-managed install_data
