[0.012s] Invoking command in '/home/shan/ros2_ws/build/custom_interfaces': CMAKE_PREFIX_PATH=${CMAKE_PREFIX_PATH}:/home/shan/ros2_ws/install/myturtlectrl:/home/shan/ros2_ws/install/mypypkg:/opt/ros/humble /usr/bin/cmake --build /home/shan/ros2_ws/build/custom_interfaces -- -j16 -l16
[0.060s] [  3%] Built target custom_interfaces__cpp
[0.060s] [ 12%] Built target custom_interfaces__rosidl_generator_c
[0.068s] [ 12%] Built target ament_cmake_python_copy_custom_interfaces
[0.079s] [ 24%] Built target custom_interfaces__rosidl_typesupport_cpp
[0.079s] [ 40%] Built target custom_interfaces__rosidl_typesupport_introspection_cpp
[0.079s] [ 46%] Built target custom_interfaces__rosidl_typesupport_fastrtps_cpp
[0.087s] [ 67%] Built target custom_interfaces__rosidl_typesupport_c
[0.088s] [ 69%] Built target custom_interfaces__rosidl_typesupport_introspection_c
[0.089s] [ 81%] Built target custom_interfaces__rosidl_typesupport_fastrtps_c
[0.109s] [ 81%] Built target custom_interfaces
[0.129s] [ 82%] Built target custom_interfaces__py
[0.153s] [ 92%] Built target custom_interfaces__rosidl_generator_py
[0.173s] [100%] Built target custom_interfaces__rosidl_typesupport_introspection_c__pyext
[0.173s] [100%] Built target custom_interfaces__rosidl_typesupport_fastrtps_c__pyext
[0.173s] [100%] Built target custom_interfaces__rosidl_typesupport_c__pyext
[0.245s] running egg_info
[0.245s] writing custom_interfaces.egg-info/PKG-INFO
[0.245s] writing dependency_links to custom_interfaces.egg-info/dependency_links.txt
[0.245s] writing top-level names to custom_interfaces.egg-info/top_level.txt
[0.247s] reading manifest file 'custom_interfaces.egg-info/SOURCES.txt'
[0.247s] writing manifest file 'custom_interfaces.egg-info/SOURCES.txt'
[0.269s] [100%] Built target ament_cmake_python_build_custom_interfaces_egg
[0.282s] Invoked command in '/home/shan/ros2_ws/build/custom_interfaces' returned '0': CMAKE_PREFIX_PATH=${CMAKE_PREFIX_PATH}:/home/shan/ros2_ws/install/myturtlectrl:/home/shan/ros2_ws/install/mypypkg:/opt/ros/humble /usr/bin/cmake --build /home/shan/ros2_ws/build/custom_interfaces -- -j16 -l16
[0.291s] Invoking command in '/home/shan/ros2_ws/build/custom_interfaces': CMAKE_PREFIX_PATH=${CMAKE_PREFIX_PATH}:/home/shan/ros2_ws/install/myturtlectrl:/home/shan/ros2_ws/install/mypypkg:/opt/ros/humble /usr/bin/cmake --install /home/shan/ros2_ws/build/custom_interfaces
[0.301s] -- Install configuration: ""
[0.301s] -- Up-to-date: /home/shan/ros2_ws/install/custom_interfaces/share/ament_index/resource_index/rosidl_interfaces/custom_interfaces
[0.301s] -- Up-to-date: /home/shan/ros2_ws/install/custom_interfaces/include/custom_interfaces/custom_interfaces
[0.301s] -- Up-to-date: /home/shan/ros2_ws/install/custom_interfaces/include/custom_interfaces/custom_interfaces/srv
[0.301s] -- Up-to-date: /home/shan/ros2_ws/install/custom_interfaces/include/custom_interfaces/custom_interfaces/srv/detail
[0.301s] -- Up-to-date: /home/shan/ros2_ws/install/custom_interfaces/include/custom_interfaces/custom_interfaces/srv/detail/multiply_two_ints__type_support.h
[0.301s] -- Up-to-date: /home/shan/ros2_ws/install/custom_interfaces/include/custom_interfaces/custom_interfaces/srv/detail/dotproduct__type_support.h
[0.301s] -- Up-to-date: /home/shan/ros2_ws/install/custom_interfaces/include/custom_interfaces/custom_interfaces/srv/detail/dotproduct__struct.h
[0.302s] -- Up-to-date: /home/shan/ros2_ws/install/custom_interfaces/include/custom_interfaces/custom_interfaces/srv/detail/multiply_two_ints__struct.h
[0.302s] -- Up-to-date: /home/shan/ros2_ws/install/custom_interfaces/include/custom_interfaces/custom_interfaces/srv/detail/multiply_two_ints__functions.h
[0.302s] -- Up-to-date: /home/shan/ros2_ws/install/custom_interfaces/include/custom_interfaces/custom_interfaces/srv/detail/dotproduct__functions.c
[0.302s] -- Up-to-date: /home/shan/ros2_ws/install/custom_interfaces/include/custom_interfaces/custom_interfaces/srv/detail/dotproduct__functions.h
[0.302s] -- Up-to-date: /home/shan/ros2_ws/install/custom_interfaces/include/custom_interfaces/custom_interfaces/srv/detail/multiply_two_ints__functions.c
[0.302s] -- Up-to-date: /home/shan/ros2_ws/install/custom_interfaces/include/custom_interfaces/custom_interfaces/srv/multiply_two_ints.h
[0.302s] -- Up-to-date: /home/shan/ros2_ws/install/custom_interfaces/include/custom_interfaces/custom_interfaces/srv/dotproduct.h
[0.302s] -- Up-to-date: /home/shan/ros2_ws/install/custom_interfaces/include/custom_interfaces/custom_interfaces/msg
[0.302s] -- Up-to-date: /home/shan/ros2_ws/install/custom_interfaces/include/custom_interfaces/custom_interfaces/msg/vector4.h
[0.302s] -- Up-to-date: /home/shan/ros2_ws/install/custom_interfaces/include/custom_interfaces/custom_interfaces/msg/detail
[0.302s] -- Up-to-date: /home/shan/ros2_ws/install/custom_interfaces/include/custom_interfaces/custom_interfaces/msg/detail/quaternion__struct.h
[0.303s] -- Up-to-date: /home/shan/ros2_ws/install/custom_interfaces/include/custom_interfaces/custom_interfaces/msg/detail/hardwarestatus__type_support.h
[0.303s] -- Up-to-date: /home/shan/ros2_ws/install/custom_interfaces/include/custom_interfaces/custom_interfaces/msg/detail/hardwarestatus__functions.c
[0.303s] -- Up-to-date: /home/shan/ros2_ws/install/custom_interfaces/include/custom_interfaces/custom_interfaces/msg/detail/point__struct.h
[0.303s] -- Up-to-date: /home/shan/ros2_ws/install/custom_interfaces/include/custom_interfaces/custom_interfaces/msg/detail/vector4__type_support.h
[0.303s] -- Up-to-date: /home/shan/ros2_ws/install/custom_interfaces/include/custom_interfaces/custom_interfaces/msg/detail/point__functions.c
[0.303s] -- Up-to-date: /home/shan/ros2_ws/install/custom_interfaces/include/custom_interfaces/custom_interfaces/msg/detail/pose__type_support.h
[0.303s] -- Up-to-date: /home/shan/ros2_ws/install/custom_interfaces/include/custom_interfaces/custom_interfaces/msg/detail/hardwarestatus__functions.h
[0.303s] -- Up-to-date: /home/shan/ros2_ws/install/custom_interfaces/include/custom_interfaces/custom_interfaces/msg/detail/point__functions.h
[0.303s] -- Up-to-date: /home/shan/ros2_ws/install/custom_interfaces/include/custom_interfaces/custom_interfaces/msg/detail/quaternion__functions.c
[0.303s] -- Up-to-date: /home/shan/ros2_ws/install/custom_interfaces/include/custom_interfaces/custom_interfaces/msg/detail/quaternion__functions.h
[0.304s] -- Up-to-date: /home/shan/ros2_ws/install/custom_interfaces/include/custom_interfaces/custom_interfaces/msg/detail/pose__functions.h
[0.304s] -- Up-to-date: /home/shan/ros2_ws/install/custom_interfaces/include/custom_interfaces/custom_interfaces/msg/detail/pose__functions.c
[0.304s] -- Up-to-date: /home/shan/ros2_ws/install/custom_interfaces/include/custom_interfaces/custom_interfaces/msg/detail/vector4__struct.h
[0.304s] -- Up-to-date: /home/shan/ros2_ws/install/custom_interfaces/include/custom_interfaces/custom_interfaces/msg/detail/vector4__functions.h
[0.304s] -- Up-to-date: /home/shan/ros2_ws/install/custom_interfaces/include/custom_interfaces/custom_interfaces/msg/detail/point__type_support.h
[0.304s] -- Up-to-date: /home/shan/ros2_ws/install/custom_interfaces/include/custom_interfaces/custom_interfaces/msg/detail/quaternion__type_support.h
[0.304s] -- Up-to-date: /home/shan/ros2_ws/install/custom_interfaces/include/custom_interfaces/custom_interfaces/msg/detail/hardwarestatus__struct.h
[0.304s] -- Up-to-date: /home/shan/ros2_ws/install/custom_interfaces/include/custom_interfaces/custom_interfaces/msg/detail/pose__struct.h
[0.304s] -- Up-to-date: /home/shan/ros2_ws/install/custom_interfaces/include/custom_interfaces/custom_interfaces/msg/detail/vector4__functions.c
[0.304s] -- Up-to-date: /home/shan/ros2_ws/install/custom_interfaces/include/custom_interfaces/custom_interfaces/msg/hardwarestatus.h
[0.304s] -- Up-to-date: /home/shan/ros2_ws/install/custom_interfaces/include/custom_interfaces/custom_interfaces/msg/point.h
[0.304s] -- Up-to-date: /home/shan/ros2_ws/install/custom_interfaces/include/custom_interfaces/custom_interfaces/msg/quaternion.h
[0.304s] -- Up-to-date: /home/shan/ros2_ws/install/custom_interfaces/include/custom_interfaces/custom_interfaces/msg/rosidl_generator_c__visibility_control.h
[0.304s] -- Up-to-date: /home/shan/ros2_ws/install/custom_interfaces/include/custom_interfaces/custom_interfaces/msg/pose.h
[0.304s] -- Up-to-date: /home/shan/ros2_ws/install/custom_interfaces/share/custom_interfaces/environment/library_path.sh
[0.304s] -- Up-to-date: /home/shan/ros2_ws/install/custom_interfaces/share/custom_interfaces/environment/library_path.dsv
[0.304s] -- Up-to-date: /home/shan/ros2_ws/install/custom_interfaces/lib/libcustom_interfaces__rosidl_generator_c.so
[0.304s] -- Up-to-date: /home/shan/ros2_ws/install/custom_interfaces/include/custom_interfaces/custom_interfaces
[0.304s] -- Up-to-date: /home/shan/ros2_ws/install/custom_interfaces/include/custom_interfaces/custom_interfaces/srv
[0.304s] -- Up-to-date: /home/shan/ros2_ws/install/custom_interfaces/include/custom_interfaces/custom_interfaces/srv/detail
[0.305s] -- Up-to-date: /home/shan/ros2_ws/install/custom_interfaces/include/custom_interfaces/custom_interfaces/srv/detail/multiply_two_ints__rosidl_typesupport_fastrtps_c.h
[0.305s] -- Up-to-date: /home/shan/ros2_ws/install/custom_interfaces/include/custom_interfaces/custom_interfaces/srv/detail/dotproduct__rosidl_typesupport_fastrtps_c.h
[0.305s] -- Up-to-date: /home/shan/ros2_ws/install/custom_interfaces/include/custom_interfaces/custom_interfaces/msg
[0.305s] -- Up-to-date: /home/shan/ros2_ws/install/custom_interfaces/include/custom_interfaces/custom_interfaces/msg/detail
[0.305s] -- Up-to-date: /home/shan/ros2_ws/install/custom_interfaces/include/custom_interfaces/custom_interfaces/msg/detail/pose__rosidl_typesupport_fastrtps_c.h
[0.305s] -- Up-to-date: /home/shan/ros2_ws/install/custom_interfaces/include/custom_interfaces/custom_interfaces/msg/detail/quaternion__rosidl_typesupport_fastrtps_c.h
[0.305s] -- Up-to-date: /home/shan/ros2_ws/install/custom_interfaces/include/custom_interfaces/custom_interfaces/msg/detail/hardwarestatus__rosidl_typesupport_fastrtps_c.h
[0.305s] -- Up-to-date: /home/shan/ros2_ws/install/custom_interfaces/include/custom_interfaces/custom_interfaces/msg/detail/point__rosidl_typesupport_fastrtps_c.h
[0.305s] -- Up-to-date: /home/shan/ros2_ws/install/custom_interfaces/include/custom_interfaces/custom_interfaces/msg/detail/vector4__rosidl_typesupport_fastrtps_c.h
[0.305s] -- Up-to-date: /home/shan/ros2_ws/install/custom_interfaces/include/custom_interfaces/custom_interfaces/msg/rosidl_typesupport_fastrtps_c__visibility_control.h
[0.305s] -- Up-to-date: /home/shan/ros2_ws/install/custom_interfaces/lib/libcustom_interfaces__rosidl_typesupport_fastrtps_c.so
[0.305s] -- Up-to-date: /home/shan/ros2_ws/install/custom_interfaces/include/custom_interfaces/custom_interfaces
[0.305s] -- Up-to-date: /home/shan/ros2_ws/install/custom_interfaces/include/custom_interfaces/custom_interfaces/srv
[0.305s] -- Up-to-date: /home/shan/ros2_ws/install/custom_interfaces/include/custom_interfaces/custom_interfaces/srv/detail
[0.305s] -- Up-to-date: /home/shan/ros2_ws/install/custom_interfaces/include/custom_interfaces/custom_interfaces/srv/detail/multiply_two_ints__type_support.c
[0.305s] -- Up-to-date: /home/shan/ros2_ws/install/custom_interfaces/include/custom_interfaces/custom_interfaces/srv/detail/dotproduct__rosidl_typesupport_introspection_c.h
[0.305s] -- Up-to-date: /home/shan/ros2_ws/install/custom_interfaces/include/custom_interfaces/custom_interfaces/srv/detail/multiply_two_ints__rosidl_typesupport_introspection_c.h
[0.305s] -- Up-to-date: /home/shan/ros2_ws/install/custom_interfaces/include/custom_interfaces/custom_interfaces/srv/detail/dotproduct__type_support.c
[0.305s] -- Up-to-date: /home/shan/ros2_ws/install/custom_interfaces/include/custom_interfaces/custom_interfaces/msg
[0.305s] -- Up-to-date: /home/shan/ros2_ws/install/custom_interfaces/include/custom_interfaces/custom_interfaces/msg/detail
[0.305s] -- Up-to-date: /home/shan/ros2_ws/install/custom_interfaces/include/custom_interfaces/custom_interfaces/msg/detail/hardwarestatus__rosidl_typesupport_introspection_c.h
[0.305s] -- Up-to-date: /home/shan/ros2_ws/install/custom_interfaces/include/custom_interfaces/custom_interfaces/msg/detail/point__type_support.c
[0.305s] -- Up-to-date: /home/shan/ros2_ws/install/custom_interfaces/include/custom_interfaces/custom_interfaces/msg/detail/quaternion__type_support.c
[0.305s] -- Up-to-date: /home/shan/ros2_ws/install/custom_interfaces/include/custom_interfaces/custom_interfaces/msg/detail/vector4__rosidl_typesupport_introspection_c.h
[0.306s] -- Up-to-date: /home/shan/ros2_ws/install/custom_interfaces/include/custom_interfaces/custom_interfaces/msg/detail/vector4__type_support.c
[0.306s] -- Up-to-date: /home/shan/ros2_ws/install/custom_interfaces/include/custom_interfaces/custom_interfaces/msg/detail/hardwarestatus__type_support.c
[0.306s] -- Up-to-date: /home/shan/ros2_ws/install/custom_interfaces/include/custom_interfaces/custom_interfaces/msg/detail/pose__rosidl_typesupport_introspection_c.h
[0.306s] -- Up-to-date: /home/shan/ros2_ws/install/custom_interfaces/include/custom_interfaces/custom_interfaces/msg/detail/quaternion__rosidl_typesupport_introspection_c.h
[0.306s] -- Up-to-date: /home/shan/ros2_ws/install/custom_interfaces/include/custom_interfaces/custom_interfaces/msg/detail/pose__type_support.c
[0.306s] -- Up-to-date: /home/shan/ros2_ws/install/custom_interfaces/include/custom_interfaces/custom_interfaces/msg/detail/point__rosidl_typesupport_introspection_c.h
[0.306s] -- Up-to-date: /home/shan/ros2_ws/install/custom_interfaces/include/custom_interfaces/custom_interfaces/msg/rosidl_typesupport_introspection_c__visibility_control.h
[0.306s] -- Up-to-date: /home/shan/ros2_ws/install/custom_interfaces/lib/libcustom_interfaces__rosidl_typesupport_introspection_c.so
[0.306s] -- Up-to-date: /home/shan/ros2_ws/install/custom_interfaces/lib/libcustom_interfaces__rosidl_typesupport_c.so
[0.306s] -- Up-to-date: /home/shan/ros2_ws/install/custom_interfaces/include/custom_interfaces/custom_interfaces
[0.306s] -- Up-to-date: /home/shan/ros2_ws/install/custom_interfaces/include/custom_interfaces/custom_interfaces/srv
[0.306s] -- Up-to-date: /home/shan/ros2_ws/install/custom_interfaces/include/custom_interfaces/custom_interfaces/srv/multiply_two_ints.hpp
[0.306s] -- Up-to-date: /home/shan/ros2_ws/install/custom_interfaces/include/custom_interfaces/custom_interfaces/srv/detail
[0.306s] -- Up-to-date: /home/shan/ros2_ws/install/custom_interfaces/include/custom_interfaces/custom_interfaces/srv/detail/dotproduct__type_support.hpp
[0.306s] -- Up-to-date: /home/shan/ros2_ws/install/custom_interfaces/include/custom_interfaces/custom_interfaces/srv/detail/dotproduct__traits.hpp
[0.306s] -- Up-to-date: /home/shan/ros2_ws/install/custom_interfaces/include/custom_interfaces/custom_interfaces/srv/detail/multiply_two_ints__builder.hpp
[0.306s] -- Up-to-date: /home/shan/ros2_ws/install/custom_interfaces/include/custom_interfaces/custom_interfaces/srv/detail/dotproduct__struct.hpp
[0.306s] -- Up-to-date: /home/shan/ros2_ws/install/custom_interfaces/include/custom_interfaces/custom_interfaces/srv/detail/dotproduct__builder.hpp
[0.306s] -- Up-to-date: /home/shan/ros2_ws/install/custom_interfaces/include/custom_interfaces/custom_interfaces/srv/detail/multiply_two_ints__struct.hpp
[0.306s] -- Up-to-date: /home/shan/ros2_ws/install/custom_interfaces/include/custom_interfaces/custom_interfaces/srv/detail/multiply_two_ints__type_support.hpp
[0.306s] -- Up-to-date: /home/shan/ros2_ws/install/custom_interfaces/include/custom_interfaces/custom_interfaces/srv/detail/multiply_two_ints__traits.hpp
[0.306s] -- Up-to-date: /home/shan/ros2_ws/install/custom_interfaces/include/custom_interfaces/custom_interfaces/srv/dotproduct.hpp
[0.306s] -- Up-to-date: /home/shan/ros2_ws/install/custom_interfaces/include/custom_interfaces/custom_interfaces/msg
[0.307s] -- Up-to-date: /home/shan/ros2_ws/install/custom_interfaces/include/custom_interfaces/custom_interfaces/msg/point.hpp
[0.307s] -- Up-to-date: /home/shan/ros2_ws/install/custom_interfaces/include/custom_interfaces/custom_interfaces/msg/hardwarestatus.hpp
[0.307s] -- Up-to-date: /home/shan/ros2_ws/install/custom_interfaces/include/custom_interfaces/custom_interfaces/msg/detail
[0.307s] -- Up-to-date: /home/shan/ros2_ws/install/custom_interfaces/include/custom_interfaces/custom_interfaces/msg/detail/hardwarestatus__struct.hpp
[0.307s] -- Up-to-date: /home/shan/ros2_ws/install/custom_interfaces/include/custom_interfaces/custom_interfaces/msg/detail/hardwarestatus__builder.hpp
[0.307s] -- Up-to-date: /home/shan/ros2_ws/install/custom_interfaces/include/custom_interfaces/custom_interfaces/msg/detail/quaternion__traits.hpp
[0.307s] -- Up-to-date: /home/shan/ros2_ws/install/custom_interfaces/include/custom_interfaces/custom_interfaces/msg/detail/point__type_support.hpp
[0.307s] -- Up-to-date: /home/shan/ros2_ws/install/custom_interfaces/include/custom_interfaces/custom_interfaces/msg/detail/quaternion__struct.hpp
[0.307s] -- Up-to-date: /home/shan/ros2_ws/install/custom_interfaces/include/custom_interfaces/custom_interfaces/msg/detail/vector4__traits.hpp
[0.307s] -- Up-to-date: /home/shan/ros2_ws/install/custom_interfaces/include/custom_interfaces/custom_interfaces/msg/detail/hardwarestatus__traits.hpp
[0.307s] -- Up-to-date: /home/shan/ros2_ws/install/custom_interfaces/include/custom_interfaces/custom_interfaces/msg/detail/vector4__builder.hpp
[0.307s] -- Up-to-date: /home/shan/ros2_ws/install/custom_interfaces/include/custom_interfaces/custom_interfaces/msg/detail/point__struct.hpp
[0.307s] -- Up-to-date: /home/shan/ros2_ws/install/custom_interfaces/include/custom_interfaces/custom_interfaces/msg/detail/vector4__struct.hpp
[0.307s] -- Up-to-date: /home/shan/ros2_ws/install/custom_interfaces/include/custom_interfaces/custom_interfaces/msg/detail/pose__type_support.hpp
[0.307s] -- Up-to-date: /home/shan/ros2_ws/install/custom_interfaces/include/custom_interfaces/custom_interfaces/msg/detail/pose__builder.hpp
[0.307s] -- Up-to-date: /home/shan/ros2_ws/install/custom_interfaces/include/custom_interfaces/custom_interfaces/msg/detail/quaternion__type_support.hpp
[0.307s] -- Up-to-date: /home/shan/ros2_ws/install/custom_interfaces/include/custom_interfaces/custom_interfaces/msg/detail/hardwarestatus__type_support.hpp
[0.307s] -- Up-to-date: /home/shan/ros2_ws/install/custom_interfaces/include/custom_interfaces/custom_interfaces/msg/detail/pose__struct.hpp
[0.307s] -- Up-to-date: /home/shan/ros2_ws/install/custom_interfaces/include/custom_interfaces/custom_interfaces/msg/detail/quaternion__builder.hpp
[0.307s] -- Up-to-date: /home/shan/ros2_ws/install/custom_interfaces/include/custom_interfaces/custom_interfaces/msg/detail/point__traits.hpp
[0.307s] -- Up-to-date: /home/shan/ros2_ws/install/custom_interfaces/include/custom_interfaces/custom_interfaces/msg/detail/vector4__type_support.hpp
[0.308s] -- Up-to-date: /home/shan/ros2_ws/install/custom_interfaces/include/custom_interfaces/custom_interfaces/msg/detail/point__builder.hpp
[0.308s] -- Up-to-date: /home/shan/ros2_ws/install/custom_interfaces/include/custom_interfaces/custom_interfaces/msg/detail/pose__traits.hpp
[0.308s] -- Up-to-date: /home/shan/ros2_ws/install/custom_interfaces/include/custom_interfaces/custom_interfaces/msg/pose.hpp
[0.308s] -- Up-to-date: /home/shan/ros2_ws/install/custom_interfaces/include/custom_interfaces/custom_interfaces/msg/quaternion.hpp
[0.308s] -- Up-to-date: /home/shan/ros2_ws/install/custom_interfaces/include/custom_interfaces/custom_interfaces/msg/rosidl_generator_cpp__visibility_control.hpp
[0.308s] -- Up-to-date: /home/shan/ros2_ws/install/custom_interfaces/include/custom_interfaces/custom_interfaces/msg/vector4.hpp
[0.308s] -- Up-to-date: /home/shan/ros2_ws/install/custom_interfaces/include/custom_interfaces/custom_interfaces
[0.308s] -- Up-to-date: /home/shan/ros2_ws/install/custom_interfaces/include/custom_interfaces/custom_interfaces/srv
[0.308s] -- Up-to-date: /home/shan/ros2_ws/install/custom_interfaces/include/custom_interfaces/custom_interfaces/srv/detail
[0.308s] -- Up-to-date: /home/shan/ros2_ws/install/custom_interfaces/include/custom_interfaces/custom_interfaces/srv/detail/multiply_two_ints__rosidl_typesupport_fastrtps_cpp.hpp
[0.308s] -- Up-to-date: /home/shan/ros2_ws/install/custom_interfaces/include/custom_interfaces/custom_interfaces/srv/detail/dotproduct__rosidl_typesupport_fastrtps_cpp.hpp
[0.308s] -- Up-to-date: /home/shan/ros2_ws/install/custom_interfaces/include/custom_interfaces/custom_interfaces/srv/detail/dds_fastrtps
[0.308s] -- Up-to-date: /home/shan/ros2_ws/install/custom_interfaces/include/custom_interfaces/custom_interfaces/msg
[0.308s] -- Up-to-date: /home/shan/ros2_ws/install/custom_interfaces/include/custom_interfaces/custom_interfaces/msg/rosidl_typesupport_fastrtps_cpp__visibility_control.h
[0.308s] -- Up-to-date: /home/shan/ros2_ws/install/custom_interfaces/include/custom_interfaces/custom_interfaces/msg/detail
[0.308s] -- Up-to-date: /home/shan/ros2_ws/install/custom_interfaces/include/custom_interfaces/custom_interfaces/msg/detail/point__rosidl_typesupport_fastrtps_cpp.hpp
[0.308s] -- Up-to-date: /home/shan/ros2_ws/install/custom_interfaces/include/custom_interfaces/custom_interfaces/msg/detail/quaternion__rosidl_typesupport_fastrtps_cpp.hpp
[0.308s] -- Up-to-date: /home/shan/ros2_ws/install/custom_interfaces/include/custom_interfaces/custom_interfaces/msg/detail/pose__rosidl_typesupport_fastrtps_cpp.hpp
[0.308s] -- Up-to-date: /home/shan/ros2_ws/install/custom_interfaces/include/custom_interfaces/custom_interfaces/msg/detail/hardwarestatus__rosidl_typesupport_fastrtps_cpp.hpp
[0.308s] -- Up-to-date: /home/shan/ros2_ws/install/custom_interfaces/include/custom_interfaces/custom_interfaces/msg/detail/dds_fastrtps
[0.308s] -- Up-to-date: /home/shan/ros2_ws/install/custom_interfaces/include/custom_interfaces/custom_interfaces/msg/detail/vector4__rosidl_typesupport_fastrtps_cpp.hpp
[0.308s] -- Up-to-date: /home/shan/ros2_ws/install/custom_interfaces/lib/libcustom_interfaces__rosidl_typesupport_fastrtps_cpp.so
[0.308s] -- Up-to-date: /home/shan/ros2_ws/install/custom_interfaces/include/custom_interfaces/custom_interfaces
[0.308s] -- Up-to-date: /home/shan/ros2_ws/install/custom_interfaces/include/custom_interfaces/custom_interfaces/srv
[0.308s] -- Up-to-date: /home/shan/ros2_ws/install/custom_interfaces/include/custom_interfaces/custom_interfaces/srv/detail
[0.308s] -- Up-to-date: /home/shan/ros2_ws/install/custom_interfaces/include/custom_interfaces/custom_interfaces/srv/detail/multiply_two_ints__rosidl_typesupport_introspection_cpp.hpp
[0.308s] -- Up-to-date: /home/shan/ros2_ws/install/custom_interfaces/include/custom_interfaces/custom_interfaces/srv/detail/dotproduct__rosidl_typesupport_introspection_cpp.hpp
[0.308s] -- Up-to-date: /home/shan/ros2_ws/install/custom_interfaces/include/custom_interfaces/custom_interfaces/srv/detail/multiply_two_ints__type_support.cpp
[0.308s] -- Up-to-date: /home/shan/ros2_ws/install/custom_interfaces/include/custom_interfaces/custom_interfaces/srv/detail/dotproduct__type_support.cpp
[0.308s] -- Up-to-date: /home/shan/ros2_ws/install/custom_interfaces/include/custom_interfaces/custom_interfaces/msg
[0.309s] -- Up-to-date: /home/shan/ros2_ws/install/custom_interfaces/include/custom_interfaces/custom_interfaces/msg/detail
[0.309s] -- Up-to-date: /home/shan/ros2_ws/install/custom_interfaces/include/custom_interfaces/custom_interfaces/msg/detail/quaternion__type_support.cpp
[0.309s] -- Up-to-date: /home/shan/ros2_ws/install/custom_interfaces/include/custom_interfaces/custom_interfaces/msg/detail/vector4__type_support.cpp
[0.309s] -- Up-to-date: /home/shan/ros2_ws/install/custom_interfaces/include/custom_interfaces/custom_interfaces/msg/detail/point__rosidl_typesupport_introspection_cpp.hpp
[0.309s] -- Up-to-date: /home/shan/ros2_ws/install/custom_interfaces/include/custom_interfaces/custom_interfaces/msg/detail/pose__type_support.cpp
[0.309s] -- Up-to-date: /home/shan/ros2_ws/install/custom_interfaces/include/custom_interfaces/custom_interfaces/msg/detail/hardwarestatus__rosidl_typesupport_introspection_cpp.hpp
[0.309s] -- Up-to-date: /home/shan/ros2_ws/install/custom_interfaces/include/custom_interfaces/custom_interfaces/msg/detail/point__type_support.cpp
[0.309s] -- Up-to-date: /home/shan/ros2_ws/install/custom_interfaces/include/custom_interfaces/custom_interfaces/msg/detail/quaternion__rosidl_typesupport_introspection_cpp.hpp
[0.309s] -- Up-to-date: /home/shan/ros2_ws/install/custom_interfaces/include/custom_interfaces/custom_interfaces/msg/detail/hardwarestatus__type_support.cpp
[0.309s] -- Up-to-date: /home/shan/ros2_ws/install/custom_interfaces/include/custom_interfaces/custom_interfaces/msg/detail/pose__rosidl_typesupport_introspection_cpp.hpp
[0.309s] -- Up-to-date: /home/shan/ros2_ws/install/custom_interfaces/include/custom_interfaces/custom_interfaces/msg/detail/vector4__rosidl_typesupport_introspection_cpp.hpp
[0.309s] -- Up-to-date: /home/shan/ros2_ws/install/custom_interfaces/lib/libcustom_interfaces__rosidl_typesupport_introspection_cpp.so
[0.309s] -- Up-to-date: /home/shan/ros2_ws/install/custom_interfaces/lib/libcustom_interfaces__rosidl_typesupport_cpp.so
[0.309s] -- Up-to-date: /home/shan/ros2_ws/install/custom_interfaces/share/custom_interfaces/environment/pythonpath.sh
[0.309s] -- Up-to-date: /home/shan/ros2_ws/install/custom_interfaces/share/custom_interfaces/environment/pythonpath.dsv
[0.309s] -- Up-to-date: /home/shan/ros2_ws/install/custom_interfaces/local/lib/python3.10/dist-packages/custom_interfaces-0.0.0-py3.10.egg-info
[0.309s] -- Installing: /home/shan/ros2_ws/install/custom_interfaces/local/lib/python3.10/dist-packages/custom_interfaces-0.0.0-py3.10.egg-info/SOURCES.txt
[0.309s] -- Installing: /home/shan/ros2_ws/install/custom_interfaces/local/lib/python3.10/dist-packages/custom_interfaces-0.0.0-py3.10.egg-info/dependency_links.txt
[0.309s] -- Installing: /home/shan/ros2_ws/install/custom_interfaces/local/lib/python3.10/dist-packages/custom_interfaces-0.0.0-py3.10.egg-info/top_level.txt
[0.309s] -- Installing: /home/shan/ros2_ws/install/custom_interfaces/local/lib/python3.10/dist-packages/custom_interfaces-0.0.0-py3.10.egg-info/PKG-INFO
[0.309s] -- Up-to-date: /home/shan/ros2_ws/install/custom_interfaces/local/lib/python3.10/dist-packages/custom_interfaces
[0.309s] -- Up-to-date: /home/shan/ros2_ws/install/custom_interfaces/local/lib/python3.10/dist-packages/custom_interfaces/__init__.py
[0.309s] -- Up-to-date: /home/shan/ros2_ws/install/custom_interfaces/local/lib/python3.10/dist-packages/custom_interfaces/custom_interfaces_s__rosidl_typesupport_fastrtps_c.cpython-310-x86_64-linux-gnu.so
[0.309s] -- Up-to-date: /home/shan/ros2_ws/install/custom_interfaces/local/lib/python3.10/dist-packages/custom_interfaces/custom_interfaces_s__rosidl_typesupport_introspection_c.cpython-310-x86_64-linux-gnu.so
[0.309s] -- Up-to-date: /home/shan/ros2_ws/install/custom_interfaces/local/lib/python3.10/dist-packages/custom_interfaces/_custom_interfaces_s.ep.rosidl_typesupport_c.c
[0.309s] -- Up-to-date: /home/shan/ros2_ws/install/custom_interfaces/local/lib/python3.10/dist-packages/custom_interfaces/srv
[0.309s] -- Up-to-date: /home/shan/ros2_ws/install/custom_interfaces/local/lib/python3.10/dist-packages/custom_interfaces/srv/__init__.py
[0.309s] -- Up-to-date: /home/shan/ros2_ws/install/custom_interfaces/local/lib/python3.10/dist-packages/custom_interfaces/srv/_multiply_two_ints_s.c
[0.309s] -- Up-to-date: /home/shan/ros2_ws/install/custom_interfaces/local/lib/python3.10/dist-packages/custom_interfaces/srv/_dotproduct.py
[0.309s] -- Up-to-date: /home/shan/ros2_ws/install/custom_interfaces/local/lib/python3.10/dist-packages/custom_interfaces/srv/_dotproduct_s.c
[0.309s] -- Up-to-date: /home/shan/ros2_ws/install/custom_interfaces/local/lib/python3.10/dist-packages/custom_interfaces/srv/_multiply_two_ints.py
[0.310s] -- Up-to-date: /home/shan/ros2_ws/install/custom_interfaces/local/lib/python3.10/dist-packages/custom_interfaces/msg
[0.310s] -- Up-to-date: /home/shan/ros2_ws/install/custom_interfaces/local/lib/python3.10/dist-packages/custom_interfaces/msg/__init__.py
[0.310s] -- Up-to-date: /home/shan/ros2_ws/install/custom_interfaces/local/lib/python3.10/dist-packages/custom_interfaces/msg/_hardwarestatus_s.c
[0.310s] -- Up-to-date: /home/shan/ros2_ws/install/custom_interfaces/local/lib/python3.10/dist-packages/custom_interfaces/msg/_point.py
[0.310s] -- Up-to-date: /home/shan/ros2_ws/install/custom_interfaces/local/lib/python3.10/dist-packages/custom_interfaces/msg/_quaternion.py
[0.310s] -- Up-to-date: /home/shan/ros2_ws/install/custom_interfaces/local/lib/python3.10/dist-packages/custom_interfaces/msg/_point_s.c
[0.310s] -- Up-to-date: /home/shan/ros2_ws/install/custom_interfaces/local/lib/python3.10/dist-packages/custom_interfaces/msg/_pose.py
[0.310s] -- Up-to-date: /home/shan/ros2_ws/install/custom_interfaces/local/lib/python3.10/dist-packages/custom_interfaces/msg/_hardwarestatus.py
[0.310s] -- Up-to-date: /home/shan/ros2_ws/install/custom_interfaces/local/lib/python3.10/dist-packages/custom_interfaces/msg/_vector4.py
[0.310s] -- Up-to-date: /home/shan/ros2_ws/install/custom_interfaces/local/lib/python3.10/dist-packages/custom_interfaces/msg/_quaternion_s.c
[0.310s] -- Up-to-date: /home/shan/ros2_ws/install/custom_interfaces/local/lib/python3.10/dist-packages/custom_interfaces/msg/_vector4_s.c
[0.310s] -- Up-to-date: /home/shan/ros2_ws/install/custom_interfaces/local/lib/python3.10/dist-packages/custom_interfaces/msg/_pose_s.c
[0.310s] -- Up-to-date: /home/shan/ros2_ws/install/custom_interfaces/local/lib/python3.10/dist-packages/custom_interfaces/_custom_interfaces_s.ep.rosidl_typesupport_fastrtps_c.c
[0.310s] -- Up-to-date: /home/shan/ros2_ws/install/custom_interfaces/local/lib/python3.10/dist-packages/custom_interfaces/_custom_interfaces_s.ep.rosidl_typesupport_introspection_c.c
[0.310s] -- Up-to-date: /home/shan/ros2_ws/install/custom_interfaces/local/lib/python3.10/dist-packages/custom_interfaces/custom_interfaces_s__rosidl_typesupport_c.cpython-310-x86_64-linux-gnu.so
[0.310s] -- Up-to-date: /home/shan/ros2_ws/install/custom_interfaces/local/lib/python3.10/dist-packages/custom_interfaces/libcustom_interfaces__rosidl_generator_py.so
[0.332s] Listing '/home/shan/ros2_ws/install/custom_interfaces/local/lib/python3.10/dist-packages/custom_interfaces'...
[0.332s] Listing '/home/shan/ros2_ws/install/custom_interfaces/local/lib/python3.10/dist-packages/custom_interfaces/msg'...
[0.332s] Listing '/home/shan/ros2_ws/install/custom_interfaces/local/lib/python3.10/dist-packages/custom_interfaces/srv'...
[0.335s] -- Up-to-date: /home/shan/ros2_ws/install/custom_interfaces/local/lib/python3.10/dist-packages/custom_interfaces/custom_interfaces_s__rosidl_typesupport_fastrtps_c.cpython-310-x86_64-linux-gnu.so
[0.335s] -- Up-to-date: /home/shan/ros2_ws/install/custom_interfaces/local/lib/python3.10/dist-packages/custom_interfaces/custom_interfaces_s__rosidl_typesupport_introspection_c.cpython-310-x86_64-linux-gnu.so
[0.335s] -- Up-to-date: /home/shan/ros2_ws/install/custom_interfaces/local/lib/python3.10/dist-packages/custom_interfaces/custom_interfaces_s__rosidl_typesupport_c.cpython-310-x86_64-linux-gnu.so
[0.336s] -- Up-to-date: /home/shan/ros2_ws/install/custom_interfaces/lib/libcustom_interfaces__rosidl_generator_py.so
[0.336s] -- Up-to-date: /home/shan/ros2_ws/install/custom_interfaces/share/custom_interfaces/msg/Vector4.idl
[0.336s] -- Up-to-date: /home/shan/ros2_ws/install/custom_interfaces/share/custom_interfaces/msg/Hardwarestatus.idl
[0.336s] -- Up-to-date: /home/shan/ros2_ws/install/custom_interfaces/share/custom_interfaces/msg/Point.idl
[0.336s] -- Up-to-date: /home/shan/ros2_ws/install/custom_interfaces/share/custom_interfaces/msg/Pose.idl
[0.336s] -- Up-to-date: /home/shan/ros2_ws/install/custom_interfaces/share/custom_interfaces/msg/Quaternion.idl
[0.336s] -- Up-to-date: /home/shan/ros2_ws/install/custom_interfaces/share/custom_interfaces/srv/MultiplyTwoInts.idl
[0.337s] -- Up-to-date: /home/shan/ros2_ws/install/custom_interfaces/share/custom_interfaces/srv/Dotproduct.idl
[0.337s] -- Up-to-date: /home/shan/ros2_ws/install/custom_interfaces/share/custom_interfaces/msg/Vector4.msg
[0.337s] -- Up-to-date: /home/shan/ros2_ws/install/custom_interfaces/share/custom_interfaces/msg/Hardwarestatus.msg
[0.337s] -- Up-to-date: /home/shan/ros2_ws/install/custom_interfaces/share/custom_interfaces/msg/Point.msg
[0.337s] -- Up-to-date: /home/shan/ros2_ws/install/custom_interfaces/share/custom_interfaces/msg/Pose.msg
[0.337s] -- Up-to-date: /home/shan/ros2_ws/install/custom_interfaces/share/custom_interfaces/msg/Quaternion.msg
[0.337s] -- Up-to-date: /home/shan/ros2_ws/install/custom_interfaces/share/custom_interfaces/srv/MultiplyTwoInts.srv
[0.337s] -- Up-to-date: /home/shan/ros2_ws/install/custom_interfaces/share/custom_interfaces/srv/MultiplyTwoInts_Request.msg
[0.337s] -- Up-to-date: /home/shan/ros2_ws/install/custom_interfaces/share/custom_interfaces/srv/MultiplyTwoInts_Response.msg
[0.337s] -- Up-to-date: /home/shan/ros2_ws/install/custom_interfaces/share/custom_interfaces/srv/Dotproduct.srv
[0.337s] -- Up-to-date: /home/shan/ros2_ws/install/custom_interfaces/share/custom_interfaces/srv/Dotproduct_Request.msg
[0.337s] -- Up-to-date: /home/shan/ros2_ws/install/custom_interfaces/share/custom_interfaces/srv/Dotproduct_Response.msg
[0.337s] -- Up-to-date: /home/shan/ros2_ws/install/custom_interfaces/share/ament_index/resource_index/package_run_dependencies/custom_interfaces
[0.337s] -- Up-to-date: /home/shan/ros2_ws/install/custom_interfaces/share/ament_index/resource_index/parent_prefix_path/custom_interfaces
[0.337s] -- Up-to-date: /home/shan/ros2_ws/install/custom_interfaces/share/custom_interfaces/environment/ament_prefix_path.sh
[0.337s] -- Up-to-date: /home/shan/ros2_ws/install/custom_interfaces/share/custom_interfaces/environment/ament_prefix_path.dsv
[0.337s] -- Up-to-date: /home/shan/ros2_ws/install/custom_interfaces/share/custom_interfaces/environment/path.sh
[0.337s] -- Up-to-date: /home/shan/ros2_ws/install/custom_interfaces/share/custom_interfaces/environment/path.dsv
[0.337s] -- Up-to-date: /home/shan/ros2_ws/install/custom_interfaces/share/custom_interfaces/local_setup.bash
[0.337s] -- Up-to-date: /home/shan/ros2_ws/install/custom_interfaces/share/custom_interfaces/local_setup.sh
[0.337s] -- Up-to-date: /home/shan/ros2_ws/install/custom_interfaces/share/custom_interfaces/local_setup.zsh
[0.337s] -- Up-to-date: /home/shan/ros2_ws/install/custom_interfaces/share/custom_interfaces/local_setup.dsv
[0.337s] -- Installing: /home/shan/ros2_ws/install/custom_interfaces/share/custom_interfaces/package.dsv
[0.337s] -- Up-to-date: /home/shan/ros2_ws/install/custom_interfaces/share/ament_index/resource_index/packages/custom_interfaces
[0.338s] -- Up-to-date: /home/shan/ros2_ws/install/custom_interfaces/share/custom_interfaces/cmake/export_custom_interfaces__rosidl_generator_cExport.cmake
[0.338s] -- Up-to-date: /home/shan/ros2_ws/install/custom_interfaces/share/custom_interfaces/cmake/export_custom_interfaces__rosidl_generator_cExport-noconfig.cmake
[0.338s] -- Up-to-date: /home/shan/ros2_ws/install/custom_interfaces/share/custom_interfaces/cmake/export_custom_interfaces__rosidl_typesupport_fastrtps_cExport.cmake
[0.338s] -- Up-to-date: /home/shan/ros2_ws/install/custom_interfaces/share/custom_interfaces/cmake/export_custom_interfaces__rosidl_typesupport_fastrtps_cExport-noconfig.cmake
[0.338s] -- Up-to-date: /home/shan/ros2_ws/install/custom_interfaces/share/custom_interfaces/cmake/custom_interfaces__rosidl_typesupport_introspection_cExport.cmake
[0.338s] -- Up-to-date: /home/shan/ros2_ws/install/custom_interfaces/share/custom_interfaces/cmake/custom_interfaces__rosidl_typesupport_introspection_cExport-noconfig.cmake
[0.338s] -- Up-to-date: /home/shan/ros2_ws/install/custom_interfaces/share/custom_interfaces/cmake/custom_interfaces__rosidl_typesupport_cExport.cmake
[0.338s] -- Up-to-date: /home/shan/ros2_ws/install/custom_interfaces/share/custom_interfaces/cmake/custom_interfaces__rosidl_typesupport_cExport-noconfig.cmake
[0.338s] -- Up-to-date: /home/shan/ros2_ws/install/custom_interfaces/share/custom_interfaces/cmake/export_custom_interfaces__rosidl_generator_cppExport.cmake
[0.338s] -- Up-to-date: /home/shan/ros2_ws/install/custom_interfaces/share/custom_interfaces/cmake/export_custom_interfaces__rosidl_typesupport_fastrtps_cppExport.cmake
[0.338s] -- Up-to-date: /home/shan/ros2_ws/install/custom_interfaces/share/custom_interfaces/cmake/export_custom_interfaces__rosidl_typesupport_fastrtps_cppExport-noconfig.cmake
[0.338s] -- Up-to-date: /home/shan/ros2_ws/install/custom_interfaces/share/custom_interfaces/cmake/custom_interfaces__rosidl_typesupport_introspection_cppExport.cmake
[0.338s] -- Up-to-date: /home/shan/ros2_ws/install/custom_interfaces/share/custom_interfaces/cmake/custom_interfaces__rosidl_typesupport_introspection_cppExport-noconfig.cmake
[0.338s] -- Up-to-date: /home/shan/ros2_ws/install/custom_interfaces/share/custom_interfaces/cmake/custom_interfaces__rosidl_typesupport_cppExport.cmake
[0.338s] -- Up-to-date: /home/shan/ros2_ws/install/custom_interfaces/share/custom_interfaces/cmake/custom_interfaces__rosidl_typesupport_cppExport-noconfig.cmake
[0.338s] -- Up-to-date: /home/shan/ros2_ws/install/custom_interfaces/share/custom_interfaces/cmake/export_custom_interfaces__rosidl_generator_pyExport.cmake
[0.338s] -- Up-to-date: /home/shan/ros2_ws/install/custom_interfaces/share/custom_interfaces/cmake/export_custom_interfaces__rosidl_generator_pyExport-noconfig.cmake
[0.338s] -- Up-to-date: /home/shan/ros2_ws/install/custom_interfaces/share/custom_interfaces/cmake/rosidl_cmake-extras.cmake
[0.338s] -- Up-to-date: /home/shan/ros2_ws/install/custom_interfaces/share/custom_interfaces/cmake/ament_cmake_export_include_directories-extras.cmake
[0.338s] -- Up-to-date: /home/shan/ros2_ws/install/custom_interfaces/share/custom_interfaces/cmake/ament_cmake_export_libraries-extras.cmake
[0.338s] -- Up-to-date: /home/shan/ros2_ws/install/custom_interfaces/share/custom_interfaces/cmake/ament_cmake_export_targets-extras.cmake
[0.338s] -- Up-to-date: /home/shan/ros2_ws/install/custom_interfaces/share/custom_interfaces/cmake/rosidl_cmake_export_typesupport_targets-extras.cmake
[0.338s] -- Up-to-date: /home/shan/ros2_ws/install/custom_interfaces/share/custom_interfaces/cmake/ament_cmake_export_dependencies-extras.cmake
[0.338s] -- Up-to-date: /home/shan/ros2_ws/install/custom_interfaces/share/custom_interfaces/cmake/rosidl_cmake_export_typesupport_libraries-extras.cmake
[0.338s] -- Up-to-date: /home/shan/ros2_ws/install/custom_interfaces/share/custom_interfaces/cmake/custom_interfacesConfig.cmake
[0.339s] -- Up-to-date: /home/shan/ros2_ws/install/custom_interfaces/share/custom_interfaces/cmake/custom_interfacesConfig-version.cmake
[0.339s] -- Up-to-date: /home/shan/ros2_ws/install/custom_interfaces/share/custom_interfaces/package.xml
[0.341s] Invoked command in '/home/shan/ros2_ws/build/custom_interfaces' returned '0': CMAKE_PREFIX_PATH=${CMAKE_PREFIX_PATH}:/home/shan/ros2_ws/install/myturtlectrl:/home/shan/ros2_ws/install/mypypkg:/opt/ros/humble /usr/bin/cmake --install /home/shan/ros2_ws/build/custom_interfaces
