[1.404s] Invoking command in '/home/shan/ros2_ws/src/mypypkg': PYTHONPATH=/home/shan/ros2_ws/build/mypypkg/prefix_override:/usr/lib/python3/dist-packages/colcon_core/task/python/colcon_distutils_commands:/home/shan/ros2_ws/install/mypypkg/lib/python3.10/site-packages:${PYTHONPATH} /usr/bin/python3 -W ignore:setup.py install is deprecated -W ignore:easy_install command is deprecated setup.py egg_info --egg-base ../../build/mypypkg build --build-base /home/shan/ros2_ws/build/mypypkg/build install --record /home/shan/ros2_ws/build/mypypkg/install.log --single-version-externally-managed install_data
[1.935s] running egg_info
[1.936s] writing ../../build/mypypkg/mypypkg.egg-info/PKG-INFO
[1.936s] writing dependency_links to ../../build/mypypkg/mypypkg.egg-info/dependency_links.txt
[1.937s] writing entry points to ../../build/mypypkg/mypypkg.egg-info/entry_points.txt
[1.937s] writing requirements to ../../build/mypypkg/mypypkg.egg-info/requires.txt
[1.937s] writing top-level names to ../../build/mypypkg/mypypkg.egg-info/top_level.txt
[1.941s] reading manifest file '../../build/mypypkg/mypypkg.egg-info/SOURCES.txt'
[1.944s] writing manifest file '../../build/mypypkg/mypypkg.egg-info/SOURCES.txt'
[1.944s] running build
[1.944s] running build_py
[1.945s] copying mypypkg/camerapub.py -> /home/shan/ros2_ws/build/mypypkg/build/lib/mypypkg
[1.947s] running install
[1.947s] running install_lib
[1.949s] copying /home/shan/ros2_ws/build/mypypkg/build/lib/mypypkg/camerapub.py -> /home/shan/ros2_ws/install/mypypkg/lib/python3.10/site-packages/mypypkg
[1.951s] byte-compiling /home/shan/ros2_ws/install/mypypkg/lib/python3.10/site-packages/mypypkg/camerapub.py to camerapub.cpython-310.pyc
[1.953s] running install_data
[1.953s] running install_egg_info
[1.958s] removing '/home/shan/ros2_ws/install/mypypkg/lib/python3.10/site-packages/mypypkg-0.0.0-py3.10.egg-info' (and everything under it)
[1.959s] Copying ../../build/mypypkg/mypypkg.egg-info to /home/shan/ros2_ws/install/mypypkg/lib/python3.10/site-packages/mypypkg-0.0.0-py3.10.egg-info
[1.961s] running install_scripts
[2.004s] Installing cameranode script to /home/shan/ros2_ws/install/mypypkg/lib/mypypkg
[2.004s] Installing dpclient script to /home/shan/ros2_ws/install/mypypkg/lib/mypypkg
[2.005s] Installing dpserver script to /home/shan/ros2_ws/install/mypypkg/lib/mypypkg
[2.005s] Installing hpub script to /home/shan/ros2_ws/install/mypypkg/lib/mypypkg
[2.005s] Installing hsub script to /home/shan/ros2_ws/install/mypypkg/lib/mypypkg
[2.005s] Installing mitclient script to /home/shan/ros2_ws/install/mypypkg/lib/mypypkg
[2.006s] Installing mtiserver script to /home/shan/ros2_ws/install/mypypkg/lib/mypypkg
[2.006s] Installing ppub script to /home/shan/ros2_ws/install/mypypkg/lib/mypypkg
[2.006s] Installing psub script to /home/shan/ros2_ws/install/mypypkg/lib/mypypkg
[2.007s] Installing testclient script to /home/shan/ros2_ws/install/mypypkg/lib/mypypkg
[2.007s] Installing testexec script to /home/shan/ros2_ws/install/mypypkg/lib/mypypkg
[2.007s] Installing testpub script to /home/shan/ros2_ws/install/mypypkg/lib/mypypkg
[2.007s] Installing testserver script to /home/shan/ros2_ws/install/mypypkg/lib/mypypkg
[2.008s] Installing testsub script to /home/shan/ros2_ws/install/mypypkg/lib/mypypkg
[2.008s] Installing vectorpub script to /home/shan/ros2_ws/install/mypypkg/lib/mypypkg
[2.008s] Installing vectorsub script to /home/shan/ros2_ws/install/mypypkg/lib/mypypkg
[2.009s] writing list of installed files to '/home/shan/ros2_ws/build/mypypkg/install.log'
[2.053s] Invoked command in '/home/shan/ros2_ws/src/mypypkg' returned '0': PYTHONPATH=/home/shan/ros2_ws/build/mypypkg/prefix_override:/usr/lib/python3/dist-packages/colcon_core/task/python/colcon_distutils_commands:/home/shan/ros2_ws/install/mypypkg/lib/python3.10/site-packages:${PYTHONPATH} /usr/bin/python3 -W ignore:setup.py install is deprecated -W ignore:easy_install command is deprecated setup.py egg_info --egg-base ../../build/mypypkg build --build-base /home/shan/ros2_ws/build/mypypkg/build install --record /home/shan/ros2_ws/build/mypypkg/install.log --single-version-externally-managed install_data
