[0.031s] Invoking command in '/home/shan/ros2_ws/build/custom_interfaces': CMAKE_PREFIX_PATH=${CMAKE_PREFIX_PATH}:/home/shan/ros2_ws/install/myturtlectrl:/home/shan/ros2_ws/install/mypypkg:/opt/ros/humble /usr/bin/cmake --build /home/shan/ros2_ws/build/custom_interfaces -- -j16 -l16
[0.086s] -- Found ament_cmake: 1.3.12 (/opt/ros/humble/share/ament_cmake/cmake)
[0.282s] -- Found rosidl_default_generators: 1.2.0 (/opt/ros/humble/share/rosidl_default_generators/cmake)
[0.284s] -- Using all available rosidl_typesupport_c: rosidl_typesupport_fastrtps_c;rosidl_typesupport_introspection_c
[0.288s] -- Found rosidl_adapter: 3.1.8 (/opt/ros/humble/share/rosidl_adapter/cmake)
[0.331s] -- Using all available rosidl_typesupport_cpp: rosidl_typesupport_fastrtps_cpp;rosidl_typesupport_introspection_cpp
[0.690s] [31mCMake Error at /opt/ros/humble/share/rosidl_adapter/cmake/rosidl_adapt_interfaces.cmake:59 (message):
[0.690s]   execute_process(/usr/bin/python3 -m rosidl_adapter --package-name
[0.690s]   custom_interfaces --arguments-file
[0.690s]   /home/shan/ros2_ws/build/custom_interfaces/rosidl_adapter__arguments__custom_interfaces.json
[0.691s]   --output-dir
[0.691s]   /home/shan/ros2_ws/build/custom_interfaces/rosidl_adapter/custom_interfaces
[0.691s]   --output-file
[0.691s]   /home/shan/ros2_ws/build/custom_interfaces/rosidl_adapter/custom_interfaces.idls)
[0.691s]   returned error code 1:
[0.691s] 
[0.691s]   Error processing 'custom_interfaces/msg/Point.msg position' of
[0.691s]   'custom_interfaces/Pose': 'custom_interfaces/msg/Point.msg'
[0.691s] 
[0.692s]   Traceback (most recent call last):
[0.692s] 
[0.692s]     File "/usr/lib/python3.10/runpy.py", line 196, in _run_module_as_main
[0.692s]       return _run_code(code, main_globals, None,
[0.692s]     File "/usr/lib/python3.10/runpy.py", line 86, in _run_code
[0.692s]       exec(code, run_globals)
[0.692s]     File "/opt/ros/humble/local/lib/python3.10/dist-packages/rosidl_adapter/__main__.py", line 19, in <module>
[0.692s]       sys.exit(main())
[0.692s]     File "/opt/ros/humble/local/lib/python3.10/dist-packages/rosidl_adapter/main.py", line 53, in main
[0.693s]       abs_idl_file = convert_to_idl(
[0.693s]     File "/opt/ros/humble/local/lib/python3.10/dist-packages/rosidl_adapter/__init__.py", line 19, in convert_to_idl
[0.693s]       return convert_msg_to_idl(
[0.693s]     File "/opt/ros/humble/local/lib/python3.10/dist-packages/rosidl_adapter/msg/__init__.py", line 28, in convert_msg_to_idl
[0.693s]       msg = parse_message_string(package_name, input_file.stem, content)
[0.693s]     File "/opt/ros/humble/local/lib/python3.10/dist-packages/rosidl_adapter/parser.py", line 520, in parse_message_string
[0.693s]       Type(type_string, context_package_name=pkg_name),
[0.693s]     File "/opt/ros/humble/local/lib/python3.10/dist-packages/rosidl_adapter/parser.py", line 277, in __init__
[0.694s]       super(Type, self).__init__(
[0.694s]     File "/opt/ros/humble/local/lib/python3.10/dist-packages/rosidl_adapter/parser.py", line 190, in __init__
[0.694s]       raise InvalidResourceName(type_string)
[0.694s] 
[0.694s]   rosidl_adapter.parser.InvalidResourceName: custom_interfaces/msg/Point.msg
[0.694s] 
[0.694s] Call Stack (most recent call first):
[0.694s]   /opt/ros/humble/share/rosidl_cmake/cmake/rosidl_generate_interfaces.cmake:130 (rosidl_adapt_interfaces)
[0.694s]   CMakeLists.txt:12 (rosidl_generate_interfaces)
[0.695s] 
[0.695s] [0m
[0.695s] -- Configuring incomplete, errors occurred!
[0.695s] See also "/home/shan/ros2_ws/build/custom_interfaces/CMakeFiles/CMakeOutput.log".
[0.701s] gmake: *** [Makefile:1395: cmake_check_build_system] Error 1
[0.707s] Invoked command in '/home/shan/ros2_ws/build/custom_interfaces' returned '2': CMAKE_PREFIX_PATH=${CMAKE_PREFIX_PATH}:/home/shan/ros2_ws/install/myturtlectrl:/home/shan/ros2_ws/install/mypypkg:/opt/ros/humble /usr/bin/cmake --build /home/shan/ros2_ws/build/custom_interfaces -- -j16 -l16
