[1.402s] Invoking command in '/home/shan/ros2_ws/src/mypypkg': PYTHONPATH=/home/shan/ros2_ws/build/mypypkg/prefix_override:/usr/lib/python3/dist-packages/colcon_core/task/python/colcon_distutils_commands:/home/shan/ros2_ws/install/mypypkg/lib/python3.10/site-packages:${PYTHONPATH} /usr/bin/python3 -W ignore:setup.py install is deprecated -W ignore:easy_install command is deprecated setup.py egg_info --egg-base ../../build/mypypkg build --build-base /home/shan/ros2_ws/build/mypypkg/build install --record /home/shan/ros2_ws/build/mypypkg/install.log --single-version-externally-managed install_data
[1.919s] running egg_info
[1.920s] creating ../../build/mypypkg/mypypkg.egg-info
[1.920s] writing ../../build/mypypkg/mypypkg.egg-info/PKG-INFO
[1.921s] writing dependency_links to ../../build/mypypkg/mypypkg.egg-info/dependency_links.txt
[1.921s] writing entry points to ../../build/mypypkg/mypypkg.egg-info/entry_points.txt
[1.921s] writing requirements to ../../build/mypypkg/mypypkg.egg-info/requires.txt
[1.922s] writing top-level names to ../../build/mypypkg/mypypkg.egg-info/top_level.txt
[1.922s] writing manifest file '../../build/mypypkg/mypypkg.egg-info/SOURCES.txt'
[1.925s] reading manifest file '../../build/mypypkg/mypypkg.egg-info/SOURCES.txt'
[1.927s] writing manifest file '../../build/mypypkg/mypypkg.egg-info/SOURCES.txt'
[1.927s] running build
[1.928s] running build_py
[1.928s] creating /home/shan/ros2_ws/build/mypypkg/build
[1.928s] creating /home/shan/ros2_ws/build/mypypkg/build/lib
[1.928s] creating /home/shan/ros2_ws/build/mypypkg/build/lib/mypypkg
[1.929s] copying mypypkg/__init__.py -> /home/shan/ros2_ws/build/mypypkg/build/lib/mypypkg
[1.929s] copying mypypkg/test1.py -> /home/shan/ros2_ws/build/mypypkg/build/lib/mypypkg
[1.929s] running install
[1.929s] running install_lib
[1.930s] creating /home/shan/ros2_ws/install/mypypkg/lib/python3.10/site-packages/mypypkg
[1.931s] copying /home/shan/ros2_ws/build/mypypkg/build/lib/mypypkg/__init__.py -> /home/shan/ros2_ws/install/mypypkg/lib/python3.10/site-packages/mypypkg
[1.931s] copying /home/shan/ros2_ws/build/mypypkg/build/lib/mypypkg/test1.py -> /home/shan/ros2_ws/install/mypypkg/lib/python3.10/site-packages/mypypkg
[1.932s] byte-compiling /home/shan/ros2_ws/install/mypypkg/lib/python3.10/site-packages/mypypkg/__init__.py to __init__.cpython-310.pyc
[1.933s] byte-compiling /home/shan/ros2_ws/install/mypypkg/lib/python3.10/site-packages/mypypkg/test1.py to test1.cpython-310.pyc
[1.933s] running install_data
[1.934s] creating /home/shan/ros2_ws/install/mypypkg/share/ament_index
[1.934s] creating /home/shan/ros2_ws/install/mypypkg/share/ament_index/resource_index
[1.934s] creating /home/shan/ros2_ws/install/mypypkg/share/ament_index/resource_index/packages
[1.934s] copying resource/mypypkg -> /home/shan/ros2_ws/install/mypypkg/share/ament_index/resource_index/packages
[1.934s] copying package.xml -> /home/shan/ros2_ws/install/mypypkg/share/mypypkg
[1.934s] running install_egg_info
[1.938s] Copying ../../build/mypypkg/mypypkg.egg-info to /home/shan/ros2_ws/install/mypypkg/lib/python3.10/site-packages/mypypkg-0.0.0-py3.10.egg-info
[1.940s] running install_scripts
[1.984s] Installing testexec script to /home/shan/ros2_ws/install/mypypkg/lib/mypypkg
[1.984s] writing list of installed files to '/home/shan/ros2_ws/build/mypypkg/install.log'
[2.033s] Invoked command in '/home/shan/ros2_ws/src/mypypkg' returned '0': PYTHONPATH=/home/shan/ros2_ws/build/mypypkg/prefix_override:/usr/lib/python3/dist-packages/colcon_core/task/python/colcon_distutils_commands:/home/shan/ros2_ws/install/mypypkg/lib/python3.10/site-packages:${PYTHONPATH} /usr/bin/python3 -W ignore:setup.py install is deprecated -W ignore:easy_install command is deprecated setup.py egg_info --egg-base ../../build/mypypkg build --build-base /home/shan/ros2_ws/build/mypypkg/build install --record /home/shan/ros2_ws/build/mypypkg/install.log --single-version-externally-managed install_data
