[0.225s] DEBUG:colcon:Command line arguments: ['/usr/bin/colcon', 'build', '--packages-select', 'custom_interfaces']
[0.225s] DEBUG:colcon:Parsed command line arguments: Namespace(log_base=None, log_level=None, verb_name='build', build_base='build', install_base='install', merge_install=False, symlink_install=False, test_result_base=None, continue_on_error=False, executor='parallel', parallel_workers=16, event_handlers=None, ignore_user_meta=False, metas=['./colcon.meta'], base_paths=['.'], packages_ignore=None, packages_ignore_regex=None, paths=None, packages_up_to=None, packages_up_to_regex=None, packages_above=None, packages_above_and_dependencies=None, packages_above_depth=None, packages_select_by_dep=None, packages_skip_by_dep=None, packages_skip_up_to=None, packages_select_build_failed=False, packages_skip_build_finished=False, packages_select_test_failures=False, packages_skip_test_passed=False, packages_select=['custom_interfaces'], packages_skip=None, packages_select_regex=None, packages_skip_regex=None, packages_start=None, packages_end=None, allow_overriding=[], cmake_args=None, cmake_target=None, cmake_target_skip_unavailable=False, cmake_clean_cache=False, cmake_clean_first=False, cmake_force_configure=False, ament_cmake_args=None, catkin_cmake_args=None, catkin_skip_building_tests=False, verb_parser=<colcon_defaults.argument_parser.defaults.DefaultArgumentsDecorator object at 0x75a0558f8370>, verb_extension=<colcon_core.verb.build.BuildVerb object at 0x75a0558cfe20>, main=<bound method BuildVerb.main of <colcon_core.verb.build.BuildVerb object at 0x75a0558cfe20>>)
[0.591s] Level 1:colcon.colcon_core.package_discovery:discover_packages(colcon_meta) check parameters
[0.591s] Level 1:colcon.colcon_core.package_discovery:discover_packages(recursive) check parameters
[0.591s] Level 1:colcon.colcon_core.package_discovery:discover_packages(ignore) check parameters
[0.591s] Level 1:colcon.colcon_core.package_discovery:discover_packages(path) check parameters
[0.591s] Level 1:colcon.colcon_core.package_discovery:discover_packages(colcon_meta) discover
[0.591s] Level 1:colcon.colcon_core.package_discovery:discover_packages(recursive) discover
[0.591s] INFO:colcon.colcon_core.package_discovery:Crawling recursively for packages in '/home/shan/ros2_ws/src/custom_interfaces'
[0.592s] Level 1:colcon.colcon_core.package_identification:_identify(.) by extensions ['ignore', 'ignore_ament_install']
[0.592s] Level 1:colcon.colcon_core.package_identification:_identify(.) by extension 'ignore'
[0.592s] Level 1:colcon.colcon_core.package_identification:_identify(.) by extension 'ignore_ament_install'
[0.592s] Level 1:colcon.colcon_core.package_identification:_identify(.) by extensions ['colcon_pkg']
[0.592s] Level 1:colcon.colcon_core.package_identification:_identify(.) by extension 'colcon_pkg'
[0.592s] Level 1:colcon.colcon_core.package_identification:_identify(.) by extensions ['colcon_meta']
[0.592s] Level 1:colcon.colcon_core.package_identification:_identify(.) by extension 'colcon_meta'
[0.593s] Level 1:colcon.colcon_core.package_identification:_identify(.) by extensions ['ros']
[0.593s] Level 1:colcon.colcon_core.package_identification:_identify(.) by extension 'ros'
[0.621s] DEBUG:colcon.colcon_core.package_identification:Package '.' with type 'ros.ament_cmake' and name 'custom_interfaces'
[0.621s] Level 1:colcon.colcon_core.package_discovery:discover_packages(recursive) using defaults
[0.621s] Level 1:colcon.colcon_core.package_discovery:discover_packages(ignore) discover
[0.621s] Level 1:colcon.colcon_core.package_discovery:discover_packages(ignore) using defaults
[0.621s] Level 1:colcon.colcon_core.package_discovery:discover_packages(path) discover
[0.621s] Level 1:colcon.colcon_core.package_discovery:discover_packages(path) using defaults
[0.662s] Level 1:colcon.colcon_core.package_discovery:discover_packages(prefix_path) check parameters
[0.662s] Level 1:colcon.colcon_core.package_discovery:discover_packages(prefix_path) discover
[0.665s] DEBUG:colcon.colcon_installed_package_information.package_discovery:Found 1 installed packages in /home/shan/ros2_ws/install
[0.669s] DEBUG:colcon.colcon_installed_package_information.package_discovery:Found 330 installed packages in /opt/ros/humble
[0.691s] Level 1:colcon.colcon_core.package_discovery:discover_packages(prefix_path) using defaults
[0.784s] Level 5:colcon.colcon_core.verb:set package 'custom_interfaces' build argument 'cmake_args' from command line to 'None'
[0.784s] Level 5:colcon.colcon_core.verb:set package 'custom_interfaces' build argument 'cmake_target' from command line to 'None'
[0.784s] Level 5:colcon.colcon_core.verb:set package 'custom_interfaces' build argument 'cmake_target_skip_unavailable' from command line to 'False'
[0.784s] Level 5:colcon.colcon_core.verb:set package 'custom_interfaces' build argument 'cmake_clean_cache' from command line to 'False'
[0.784s] Level 5:colcon.colcon_core.verb:set package 'custom_interfaces' build argument 'cmake_clean_first' from command line to 'False'
[0.784s] Level 5:colcon.colcon_core.verb:set package 'custom_interfaces' build argument 'cmake_force_configure' from command line to 'False'
[0.784s] Level 5:colcon.colcon_core.verb:set package 'custom_interfaces' build argument 'ament_cmake_args' from command line to 'None'
[0.784s] Level 5:colcon.colcon_core.verb:set package 'custom_interfaces' build argument 'catkin_cmake_args' from command line to 'None'
[0.784s] Level 5:colcon.colcon_core.verb:set package 'custom_interfaces' build argument 'catkin_skip_building_tests' from command line to 'False'
[0.784s] DEBUG:colcon.colcon_core.verb:Building package 'custom_interfaces' with the following arguments: {'ament_cmake_args': None, 'build_base': '/home/shan/ros2_ws/src/custom_interfaces/build/custom_interfaces', 'catkin_cmake_args': None, 'catkin_skip_building_tests': False, 'cmake_args': None, 'cmake_clean_cache': False, 'cmake_clean_first': False, 'cmake_force_configure': False, 'cmake_target': None, 'cmake_target_skip_unavailable': False, 'install_base': '/home/shan/ros2_ws/src/custom_interfaces/install/custom_interfaces', 'merge_install': False, 'path': '/home/shan/ros2_ws/src/custom_interfaces', 'symlink_install': False, 'test_result_base': None}
[0.785s] INFO:colcon.colcon_core.executor:Executing jobs using 'parallel' executor
[0.787s] DEBUG:colcon.colcon_parallel_executor.executor.parallel:run_until_complete
[0.788s] INFO:colcon.colcon_ros.task.ament_cmake.build:Building ROS package in '/home/shan/ros2_ws/src/custom_interfaces' with build type 'ament_cmake'
[0.788s] INFO:colcon.colcon_cmake.task.cmake.build:Building CMake package in '/home/shan/ros2_ws/src/custom_interfaces'
[0.792s] INFO:colcon.colcon_core.plugin_system:Skipping extension 'colcon_core.shell.bat': Not used on non-Windows systems
[0.792s] INFO:colcon.colcon_core.shell:Skip shell extension 'powershell' for command environment: Not usable outside of PowerShell
[0.792s] DEBUG:colcon.colcon_core.shell:Skip shell extension 'dsv' for command environment
[0.814s] DEBUG:colcon.colcon_core.event_handler.log_command:Invoking command in '/home/shan/ros2_ws/src/custom_interfaces/build/custom_interfaces': CMAKE_PREFIX_PATH=/home/shan/ros2_ws/install/mypypkg:/opt/ros/humble /usr/bin/cmake /home/shan/ros2_ws/src/custom_interfaces -DCMAKE_INSTALL_PREFIX=/home/shan/ros2_ws/src/custom_interfaces/install/custom_interfaces
[3.176s] DEBUG:colcon.colcon_core.event_handler.log_command:Invoked command in '/home/shan/ros2_ws/src/custom_interfaces/build/custom_interfaces' returned '0': CMAKE_PREFIX_PATH=/home/shan/ros2_ws/install/mypypkg:/opt/ros/humble /usr/bin/cmake /home/shan/ros2_ws/src/custom_interfaces -DCMAKE_INSTALL_PREFIX=/home/shan/ros2_ws/src/custom_interfaces/install/custom_interfaces
[3.180s] DEBUG:colcon.colcon_core.event_handler.log_command:Invoking command in '/home/shan/ros2_ws/src/custom_interfaces/build/custom_interfaces': CMAKE_PREFIX_PATH=/home/shan/ros2_ws/install/mypypkg:/opt/ros/humble /usr/bin/cmake --build /home/shan/ros2_ws/src/custom_interfaces/build/custom_interfaces -- -j16 -l16
[6.877s] DEBUG:colcon.colcon_core.event_handler.log_command:Invoked command in '/home/shan/ros2_ws/src/custom_interfaces/build/custom_interfaces' returned '0': CMAKE_PREFIX_PATH=/home/shan/ros2_ws/install/mypypkg:/opt/ros/humble /usr/bin/cmake --build /home/shan/ros2_ws/src/custom_interfaces/build/custom_interfaces -- -j16 -l16
[6.899s] DEBUG:colcon.colcon_core.event_handler.log_command:Invoking command in '/home/shan/ros2_ws/src/custom_interfaces/build/custom_interfaces': CMAKE_PREFIX_PATH=/home/shan/ros2_ws/install/mypypkg:/opt/ros/humble /usr/bin/cmake --install /home/shan/ros2_ws/src/custom_interfaces/build/custom_interfaces
[7.060s] Level 1:colcon.colcon_core.environment:create_environment_scripts_only(custom_interfaces)
[7.061s] DEBUG:colcon.colcon_core.event_handler.log_command:Invoked command in '/home/shan/ros2_ws/src/custom_interfaces/build/custom_interfaces' returned '0': CMAKE_PREFIX_PATH=/home/shan/ros2_ws/install/mypypkg:/opt/ros/humble /usr/bin/cmake --install /home/shan/ros2_ws/src/custom_interfaces/build/custom_interfaces
[7.070s] Level 1:colcon.colcon_core.environment:checking '/home/shan/ros2_ws/src/custom_interfaces/install/custom_interfaces' for CMake module files
[7.071s] Level 1:colcon.colcon_core.environment:checking '/home/shan/ros2_ws/src/custom_interfaces/install/custom_interfaces' for CMake config files
[7.072s] Level 1:colcon.colcon_core.shell:create_environment_hook('custom_interfaces', 'cmake_prefix_path')
[7.073s] INFO:colcon.colcon_core.shell:Creating environment hook '/home/shan/ros2_ws/src/custom_interfaces/install/custom_interfaces/share/custom_interfaces/hook/cmake_prefix_path.ps1'
[7.074s] INFO:colcon.colcon_core.shell:Creating environment descriptor '/home/shan/ros2_ws/src/custom_interfaces/install/custom_interfaces/share/custom_interfaces/hook/cmake_prefix_path.dsv'
[7.076s] INFO:colcon.colcon_core.shell:Creating environment hook '/home/shan/ros2_ws/src/custom_interfaces/install/custom_interfaces/share/custom_interfaces/hook/cmake_prefix_path.sh'
[7.077s] Level 1:colcon.colcon_core.environment:checking '/home/shan/ros2_ws/src/custom_interfaces/install/custom_interfaces/lib'
[7.078s] Level 1:colcon.colcon_core.shell:create_environment_hook('custom_interfaces', 'ld_library_path_lib')
[7.078s] INFO:colcon.colcon_core.shell:Creating environment hook '/home/shan/ros2_ws/src/custom_interfaces/install/custom_interfaces/share/custom_interfaces/hook/ld_library_path_lib.ps1'
[7.079s] INFO:colcon.colcon_core.shell:Creating environment descriptor '/home/shan/ros2_ws/src/custom_interfaces/install/custom_interfaces/share/custom_interfaces/hook/ld_library_path_lib.dsv'
[7.080s] INFO:colcon.colcon_core.shell:Creating environment hook '/home/shan/ros2_ws/src/custom_interfaces/install/custom_interfaces/share/custom_interfaces/hook/ld_library_path_lib.sh'
[7.081s] Level 1:colcon.colcon_core.environment:checking '/home/shan/ros2_ws/src/custom_interfaces/install/custom_interfaces/bin'
[7.081s] Level 1:colcon.colcon_core.environment:checking '/home/shan/ros2_ws/src/custom_interfaces/install/custom_interfaces/lib/pkgconfig/custom_interfaces.pc'
[7.081s] Level 1:colcon.colcon_core.environment:checking '/home/shan/ros2_ws/src/custom_interfaces/install/custom_interfaces/lib/python3.10/site-packages'
[7.082s] Level 1:colcon.colcon_core.environment:checking '/home/shan/ros2_ws/src/custom_interfaces/install/custom_interfaces/bin'
[7.083s] INFO:colcon.colcon_core.shell:Creating package script '/home/shan/ros2_ws/src/custom_interfaces/install/custom_interfaces/share/custom_interfaces/package.ps1'
[7.084s] INFO:colcon.colcon_core.shell:Creating package descriptor '/home/shan/ros2_ws/src/custom_interfaces/install/custom_interfaces/share/custom_interfaces/package.dsv'
[7.086s] INFO:colcon.colcon_core.shell:Creating package script '/home/shan/ros2_ws/src/custom_interfaces/install/custom_interfaces/share/custom_interfaces/package.sh'
[7.087s] INFO:colcon.colcon_core.shell:Creating package script '/home/shan/ros2_ws/src/custom_interfaces/install/custom_interfaces/share/custom_interfaces/package.bash'
[7.089s] INFO:colcon.colcon_core.shell:Creating package script '/home/shan/ros2_ws/src/custom_interfaces/install/custom_interfaces/share/custom_interfaces/package.zsh'
[7.091s] Level 1:colcon.colcon_core.environment:create_file_with_runtime_dependencies(/home/shan/ros2_ws/src/custom_interfaces/install/custom_interfaces/share/colcon-core/packages/custom_interfaces)
[7.092s] Level 1:colcon.colcon_core.environment:create_environment_scripts_only(custom_interfaces)
[7.092s] Level 1:colcon.colcon_core.environment:checking '/home/shan/ros2_ws/src/custom_interfaces/install/custom_interfaces' for CMake module files
[7.094s] Level 1:colcon.colcon_core.environment:checking '/home/shan/ros2_ws/src/custom_interfaces/install/custom_interfaces' for CMake config files
[7.095s] Level 1:colcon.colcon_core.shell:create_environment_hook('custom_interfaces', 'cmake_prefix_path')
[7.095s] INFO:colcon.colcon_core.shell:Creating environment hook '/home/shan/ros2_ws/src/custom_interfaces/install/custom_interfaces/share/custom_interfaces/hook/cmake_prefix_path.ps1'
[7.096s] INFO:colcon.colcon_core.shell:Creating environment descriptor '/home/shan/ros2_ws/src/custom_interfaces/install/custom_interfaces/share/custom_interfaces/hook/cmake_prefix_path.dsv'
[7.097s] INFO:colcon.colcon_core.shell:Creating environment hook '/home/shan/ros2_ws/src/custom_interfaces/install/custom_interfaces/share/custom_interfaces/hook/cmake_prefix_path.sh'
[7.098s] Level 1:colcon.colcon_core.environment:checking '/home/shan/ros2_ws/src/custom_interfaces/install/custom_interfaces/lib'
[7.098s] Level 1:colcon.colcon_core.shell:create_environment_hook('custom_interfaces', 'ld_library_path_lib')
[7.099s] INFO:colcon.colcon_core.shell:Creating environment hook '/home/shan/ros2_ws/src/custom_interfaces/install/custom_interfaces/share/custom_interfaces/hook/ld_library_path_lib.ps1'
[7.100s] INFO:colcon.colcon_core.shell:Creating environment descriptor '/home/shan/ros2_ws/src/custom_interfaces/install/custom_interfaces/share/custom_interfaces/hook/ld_library_path_lib.dsv'
[7.101s] INFO:colcon.colcon_core.shell:Creating environment hook '/home/shan/ros2_ws/src/custom_interfaces/install/custom_interfaces/share/custom_interfaces/hook/ld_library_path_lib.sh'
[7.101s] Level 1:colcon.colcon_core.environment:checking '/home/shan/ros2_ws/src/custom_interfaces/install/custom_interfaces/bin'
[7.102s] Level 1:colcon.colcon_core.environment:checking '/home/shan/ros2_ws/src/custom_interfaces/install/custom_interfaces/lib/pkgconfig/custom_interfaces.pc'
[7.102s] Level 1:colcon.colcon_core.environment:checking '/home/shan/ros2_ws/src/custom_interfaces/install/custom_interfaces/lib/python3.10/site-packages'
[7.103s] Level 1:colcon.colcon_core.environment:checking '/home/shan/ros2_ws/src/custom_interfaces/install/custom_interfaces/bin'
[7.103s] INFO:colcon.colcon_core.shell:Creating package script '/home/shan/ros2_ws/src/custom_interfaces/install/custom_interfaces/share/custom_interfaces/package.ps1'
[7.105s] INFO:colcon.colcon_core.shell:Creating package descriptor '/home/shan/ros2_ws/src/custom_interfaces/install/custom_interfaces/share/custom_interfaces/package.dsv'
[7.106s] INFO:colcon.colcon_core.shell:Creating package script '/home/shan/ros2_ws/src/custom_interfaces/install/custom_interfaces/share/custom_interfaces/package.sh'
[7.107s] INFO:colcon.colcon_core.shell:Creating package script '/home/shan/ros2_ws/src/custom_interfaces/install/custom_interfaces/share/custom_interfaces/package.bash'
[7.108s] INFO:colcon.colcon_core.shell:Creating package script '/home/shan/ros2_ws/src/custom_interfaces/install/custom_interfaces/share/custom_interfaces/package.zsh'
[7.109s] Level 1:colcon.colcon_core.environment:create_file_with_runtime_dependencies(/home/shan/ros2_ws/src/custom_interfaces/install/custom_interfaces/share/colcon-core/packages/custom_interfaces)
[7.110s] DEBUG:colcon.colcon_parallel_executor.executor.parallel:closing loop
[7.111s] DEBUG:colcon.colcon_parallel_executor.executor.parallel:loop closed
[7.111s] DEBUG:colcon.colcon_parallel_executor.executor.parallel:run_until_complete finished with '0'
[7.111s] DEBUG:colcon.colcon_core.event_reactor:joining thread
[7.121s] INFO:colcon.colcon_core.plugin_system:Skipping extension 'colcon_notification.desktop_notification.terminal_notifier': Not used on non-Darwin systems
[7.122s] INFO:colcon.colcon_core.plugin_system:Skipping extension 'colcon_notification.desktop_notification.win32': Not used on non-Windows systems
[7.122s] INFO:colcon.colcon_notification.desktop_notification:Sending desktop notification using 'notify2'
[7.144s] DEBUG:colcon.colcon_core.event_reactor:joined thread
[7.145s] INFO:colcon.colcon_core.shell:Creating prefix script '/home/shan/ros2_ws/src/custom_interfaces/install/local_setup.ps1'
[7.147s] INFO:colcon.colcon_core.shell:Creating prefix util module '/home/shan/ros2_ws/src/custom_interfaces/install/_local_setup_util_ps1.py'
[7.149s] INFO:colcon.colcon_core.shell:Creating prefix chain script '/home/shan/ros2_ws/src/custom_interfaces/install/setup.ps1'
[7.151s] INFO:colcon.colcon_core.shell:Creating prefix script '/home/shan/ros2_ws/src/custom_interfaces/install/local_setup.sh'
[7.153s] INFO:colcon.colcon_core.shell:Creating prefix util module '/home/shan/ros2_ws/src/custom_interfaces/install/_local_setup_util_sh.py'
[7.154s] INFO:colcon.colcon_core.shell:Creating prefix chain script '/home/shan/ros2_ws/src/custom_interfaces/install/setup.sh'
[7.156s] INFO:colcon.colcon_core.shell:Creating prefix script '/home/shan/ros2_ws/src/custom_interfaces/install/local_setup.bash'
[7.157s] INFO:colcon.colcon_core.shell:Creating prefix chain script '/home/shan/ros2_ws/src/custom_interfaces/install/setup.bash'
[7.159s] INFO:colcon.colcon_core.shell:Creating prefix script '/home/shan/ros2_ws/src/custom_interfaces/install/local_setup.zsh'
[7.160s] INFO:colcon.colcon_core.shell:Creating prefix chain script '/home/shan/ros2_ws/src/custom_interfaces/install/setup.zsh'
