[0.025s] Invoking command in '/home/shan/ros2_ws/src/custom_interfaces/build/custom_interfaces': CMAKE_PREFIX_PATH=/home/shan/ros2_ws/install/mypypkg:/opt/ros/humble /usr/bin/cmake /home/shan/ros2_ws/src/custom_interfaces -DCMAKE_INSTALL_PREFIX=/home/shan/ros2_ws/src/custom_interfaces/install/custom_interfaces
[0.053s] -- Found ament_cmake: 1.3.12 (/opt/ros/humble/share/ament_cmake/cmake)
[0.325s] -- Found rosidl_default_generators: 1.2.0 (/opt/ros/humble/share/rosidl_default_generators/cmake)
[0.329s] -- Using all available rosidl_typesupport_c: rosidl_typesupport_fastrtps_c;rosidl_typesupport_introspection_c
[0.335s] -- Found rosidl_adapter: 3.1.8 (/opt/ros/humble/share/rosidl_adapter/cmake)
[0.403s] -- Using all available rosidl_typesupport_cpp: rosidl_typesupport_fastrtps_cpp;rosidl_typesupport_introspection_cpp
[0.981s] -- Found ament_cmake_ros: 0.10.0 (/opt/ros/humble/share/ament_cmake_ros/cmake)
[1.385s] -- Using all available rosidl_typesupport_c: rosidl_typesupport_fastrtps_c;rosidl_typesupport_introspection_c
[1.901s] -- Using all available rosidl_typesupport_cpp: rosidl_typesupport_fastrtps_cpp;rosidl_typesupport_introspection_cpp
[1.952s] -- Found PythonInterp: /usr/bin/python3 (found suitable version "3.10.12", minimum required is "3.6") 
[1.959s] -- Found python_cmake_module: 0.10.0 (/opt/ros/humble/share/python_cmake_module/cmake)
[2.018s] -- Found PythonLibs: /usr/lib/x86_64-linux-gnu/libpython3.10.so (found suitable version "3.10.12", minimum required is "3.5") 
[2.019s] -- Using PYTHON_EXECUTABLE: /usr/bin/python3
[2.019s] -- Using PYTHON_INCLUDE_DIRS: /usr/include/python3.10
[2.019s] -- Using PYTHON_LIBRARIES: /usr/lib/x86_64-linux-gnu/libpython3.10.so
[2.065s] -- Found PythonExtra: .so  
[2.140s] -- Found ament_lint_auto: 0.12.14 (/opt/ros/humble/share/ament_lint_auto/cmake)
[2.222s] -- Added test 'cppcheck' to perform static code analysis on C / C++ code
[2.224s] -- Configured cppcheck include dirs: $<BUILD_INTERFACE:/home/shan/ros2_ws/src/custom_interfaces/build/custom_interfaces/rosidl_generator_c>;$<BUILD_INTERFACE:/home/shan/ros2_ws/src/custom_interfaces/build/custom_interfaces/rosidl_typesupport_fastrtps_c>;$<BUILD_INTERFACE:/home/shan/ros2_ws/src/custom_interfaces/build/custom_interfaces/rosidl_typesupport_introspection_c>;$<BUILD_INTERFACE:/home/shan/ros2_ws/src/custom_interfaces/build/custom_interfaces/rosidl_generator_cpp>;$<BUILD_INTERFACE:/home/shan/ros2_ws/src/custom_interfaces/build/custom_interfaces/rosidl_typesupport_fastrtps_cpp>;$<BUILD_INTERFACE:/home/shan/ros2_ws/src/custom_interfaces/build/custom_interfaces/rosidl_typesupport_introspection_cpp>;/home/shan/ros2_ws/src/custom_interfaces/build/custom_interfaces/rosidl_generator_c;/home/shan/ros2_ws/src/custom_interfaces/build/custom_interfaces/rosidl_generator_py
[2.224s] -- Configured cppcheck exclude dirs and/or files: 
[2.229s] -- Added test 'flake8' to check Python code syntax and style conventions
[2.237s] -- Added test 'lint_cmake' to check CMake code style
[2.241s] -- Added test 'pep257' to check Python code against some of the docstring style conventions in PEP 257
[2.268s] -- Added test 'uncrustify' to check C / C++ code style
[2.268s] -- Configured uncrustify additional arguments: 
[2.272s] -- Added test 'xmllint' to check XML markup files
[2.279s] -- Configuring done
[2.351s] -- Generating done
[2.374s] -- Build files have been written to: /home/shan/ros2_ws/src/custom_interfaces/build/custom_interfaces
[2.387s] Invoked command in '/home/shan/ros2_ws/src/custom_interfaces/build/custom_interfaces' returned '0': CMAKE_PREFIX_PATH=/home/shan/ros2_ws/install/mypypkg:/opt/ros/humble /usr/bin/cmake /home/shan/ros2_ws/src/custom_interfaces -DCMAKE_INSTALL_PREFIX=/home/shan/ros2_ws/src/custom_interfaces/install/custom_interfaces
[2.391s] Invoking command in '/home/shan/ros2_ws/src/custom_interfaces/build/custom_interfaces': CMAKE_PREFIX_PATH=/home/shan/ros2_ws/install/mypypkg:/opt/ros/humble /usr/bin/cmake --build /home/shan/ros2_ws/src/custom_interfaces/build/custom_interfaces -- -j16 -l16
[2.481s] [  3%] [34m[1mGenerating C code for ROS interfaces[0m
[2.504s] [  6%] [34m[1mGenerating C++ code for ROS interfaces[0m
[2.524s] [  6%] Built target ament_cmake_python_copy_custom_interfaces
[3.032s] [  6%] Built target custom_interfaces__cpp
[3.041s] [  9%] [32mBuilding C object CMakeFiles/custom_interfaces__rosidl_generator_c.dir/rosidl_generator_c/custom_interfaces/msg/detail/vector4__functions.c.o[0m
[3.056s] [ 16%] [34m[1mGenerating C++ type support dispatch for ROS interfaces[0m
[3.056s] [ 16%] [34m[1mGenerating C++ type support for eProsima Fast-RTPS[0m
[3.056s] [ 19%] [34m[1mGenerating C++ introspection for ROS interfaces[0m
[3.057s] running egg_info
[3.058s] creating custom_interfaces.egg-info
[3.059s] writing custom_interfaces.egg-info/PKG-INFO
[3.059s] writing dependency_links to custom_interfaces.egg-info/dependency_links.txt
[3.060s] writing top-level names to custom_interfaces.egg-info/top_level.txt
[3.060s] writing manifest file 'custom_interfaces.egg-info/SOURCES.txt'
[3.065s] reading manifest file 'custom_interfaces.egg-info/SOURCES.txt'
[3.066s] writing manifest file 'custom_interfaces.egg-info/SOURCES.txt'
[3.119s] [ 19%] Built target ament_cmake_python_build_custom_interfaces_egg
[3.154s] [ 22%] [32m[1mLinking C shared library libcustom_interfaces__rosidl_generator_c.so[0m
[3.239s] [ 22%] Built target custom_interfaces__rosidl_generator_c
[3.263s] [ 32%] [34m[1mGenerating C type support dispatch for ROS interfaces[0m
[3.263s] [ 32%] [34m[1mGenerating C introspection for ROS interfaces[0m
[3.263s] [ 32%] [34m[1mGenerating C type support for eProsima Fast-RTPS[0m
[3.535s] [ 35%] [32mBuilding CXX object CMakeFiles/custom_interfaces__rosidl_typesupport_cpp.dir/rosidl_typesupport_cpp/custom_interfaces/msg/vector4__type_support.cpp.o[0m
[3.586s] [ 38%] [32mBuilding CXX object CMakeFiles/custom_interfaces__rosidl_typesupport_introspection_cpp.dir/rosidl_typesupport_introspection_cpp/custom_interfaces/msg/detail/vector4__type_support.cpp.o[0m
[3.589s] [ 41%] [32mBuilding CXX object CMakeFiles/custom_interfaces__rosidl_typesupport_fastrtps_cpp.dir/rosidl_typesupport_fastrtps_cpp/custom_interfaces/msg/detail/dds_fastrtps/vector4__type_support.cpp.o[0m
[3.744s] [ 45%] [32mBuilding CXX object CMakeFiles/custom_interfaces__rosidl_typesupport_c.dir/rosidl_typesupport_c/custom_interfaces/msg/vector4__type_support.cpp.o[0m
[3.789s] [ 48%] [32mBuilding C object CMakeFiles/custom_interfaces__rosidl_typesupport_introspection_c.dir/rosidl_typesupport_introspection_c/custom_interfaces/msg/detail/vector4__type_support.c.o[0m
[3.793s] [ 51%] [32mBuilding CXX object CMakeFiles/custom_interfaces__rosidl_typesupport_fastrtps_c.dir/rosidl_typesupport_fastrtps_c/custom_interfaces/msg/detail/vector4__type_support_c.cpp.o[0m
[3.812s] [ 54%] [32m[1mLinking CXX shared library libcustom_interfaces__rosidl_typesupport_c.so[0m
[3.863s] [ 58%] [32m[1mLinking C shared library libcustom_interfaces__rosidl_typesupport_introspection_c.so[0m
[3.906s] [ 58%] Built target custom_interfaces__rosidl_typesupport_c
[3.938s] [ 58%] Built target custom_interfaces__rosidl_typesupport_introspection_c
[4.121s] [ 61%] [32m[1mLinking CXX shared library libcustom_interfaces__rosidl_typesupport_cpp.so[0m
[4.215s] [ 61%] Built target custom_interfaces__rosidl_typesupport_cpp
[4.362s] [ 64%] [32m[1mLinking CXX shared library libcustom_interfaces__rosidl_typesupport_introspection_cpp.so[0m
[4.401s] [ 67%] [32m[1mLinking CXX shared library libcustom_interfaces__rosidl_typesupport_fastrtps_cpp.so[0m
[4.458s] [ 67%] Built target custom_interfaces__rosidl_typesupport_introspection_cpp
[4.469s] [ 70%] [32m[1mLinking CXX shared library libcustom_interfaces__rosidl_typesupport_fastrtps_c.so[0m
[4.565s] [ 70%] Built target custom_interfaces__rosidl_typesupport_fastrtps_cpp
[4.629s] [ 70%] Built target custom_interfaces__rosidl_typesupport_fastrtps_c
[4.675s] [ 70%] Built target custom_interfaces
[4.720s] [ 74%] [34m[1mGenerating Python code for ROS interfaces[0m
[5.356s] [ 74%] Built target custom_interfaces__py
[5.402s] [ 77%] [32mBuilding C object CMakeFiles/custom_interfaces__rosidl_generator_py.dir/rosidl_generator_py/custom_interfaces/msg/_vector4_s.c.o[0m
[5.639s] [ 80%] [32m[1mLinking C shared library rosidl_generator_py/custom_interfaces/libcustom_interfaces__rosidl_generator_py.so[0m
[5.729s] [ 80%] Built target custom_interfaces__rosidl_generator_py
[5.778s] [ 90%] [32mBuilding C object CMakeFiles/custom_interfaces__rosidl_typesupport_fastrtps_c__pyext.dir/rosidl_generator_py/custom_interfaces/_custom_interfaces_s.ep.rosidl_typesupport_fastrtps_c.c.o[0m
[5.778s] [ 90%] [32mBuilding C object CMakeFiles/custom_interfaces__rosidl_typesupport_introspection_c__pyext.dir/rosidl_generator_py/custom_interfaces/_custom_interfaces_s.ep.rosidl_typesupport_introspection_c.c.o[0m
[5.778s] [ 90%] [32mBuilding C object CMakeFiles/custom_interfaces__rosidl_typesupport_c__pyext.dir/rosidl_generator_py/custom_interfaces/_custom_interfaces_s.ep.rosidl_typesupport_c.c.o[0m
[5.974s] [ 96%] [32m[1mLinking C shared library rosidl_generator_py/custom_interfaces/custom_interfaces_s__rosidl_typesupport_c.cpython-310-x86_64-linux-gnu.so[0m
[5.974s] [ 96%] [32m[1mLinking C shared library rosidl_generator_py/custom_interfaces/custom_interfaces_s__rosidl_typesupport_introspection_c.cpython-310-x86_64-linux-gnu.so[0m
[5.982s] [100%] [32m[1mLinking C shared library rosidl_generator_py/custom_interfaces/custom_interfaces_s__rosidl_typesupport_fastrtps_c.cpython-310-x86_64-linux-gnu.so[0m
[6.050s] [100%] Built target custom_interfaces__rosidl_typesupport_c__pyext
[6.051s] [100%] Built target custom_interfaces__rosidl_typesupport_introspection_c__pyext
[6.060s] [100%] Built target custom_interfaces__rosidl_typesupport_fastrtps_c__pyext
[6.088s] Invoked command in '/home/shan/ros2_ws/src/custom_interfaces/build/custom_interfaces' returned '0': CMAKE_PREFIX_PATH=/home/shan/ros2_ws/install/mypypkg:/opt/ros/humble /usr/bin/cmake --build /home/shan/ros2_ws/src/custom_interfaces/build/custom_interfaces -- -j16 -l16
[6.111s] Invoking command in '/home/shan/ros2_ws/src/custom_interfaces/build/custom_interfaces': CMAKE_PREFIX_PATH=/home/shan/ros2_ws/install/mypypkg:/opt/ros/humble /usr/bin/cmake --install /home/shan/ros2_ws/src/custom_interfaces/build/custom_interfaces
[6.128s] -- Install configuration: ""
[6.129s] -- Installing: /home/shan/ros2_ws/src/custom_interfaces/install/custom_interfaces/share/ament_index/resource_index/rosidl_interfaces/custom_interfaces
[6.129s] -- Installing: /home/shan/ros2_ws/src/custom_interfaces/install/custom_interfaces/include/custom_interfaces/custom_interfaces
[6.130s] -- Installing: /home/shan/ros2_ws/src/custom_interfaces/install/custom_interfaces/include/custom_interfaces/custom_interfaces/msg
[6.130s] -- Installing: /home/shan/ros2_ws/src/custom_interfaces/install/custom_interfaces/include/custom_interfaces/custom_interfaces/msg/vector4.h
[6.131s] -- Installing: /home/shan/ros2_ws/src/custom_interfaces/install/custom_interfaces/include/custom_interfaces/custom_interfaces/msg/detail
[6.131s] -- Installing: /home/shan/ros2_ws/src/custom_interfaces/install/custom_interfaces/include/custom_interfaces/custom_interfaces/msg/detail/vector4__type_support.h
[6.131s] -- Installing: /home/shan/ros2_ws/src/custom_interfaces/install/custom_interfaces/include/custom_interfaces/custom_interfaces/msg/detail/vector4__struct.h
[6.132s] -- Installing: /home/shan/ros2_ws/src/custom_interfaces/install/custom_interfaces/include/custom_interfaces/custom_interfaces/msg/detail/vector4__functions.h
[6.132s] -- Installing: /home/shan/ros2_ws/src/custom_interfaces/install/custom_interfaces/include/custom_interfaces/custom_interfaces/msg/detail/vector4__functions.c
[6.132s] -- Installing: /home/shan/ros2_ws/src/custom_interfaces/install/custom_interfaces/include/custom_interfaces/custom_interfaces/msg/rosidl_generator_c__visibility_control.h
[6.132s] -- Installing: /home/shan/ros2_ws/src/custom_interfaces/install/custom_interfaces/share/custom_interfaces/environment/library_path.sh
[6.133s] -- Installing: /home/shan/ros2_ws/src/custom_interfaces/install/custom_interfaces/share/custom_interfaces/environment/library_path.dsv
[6.134s] -- Installing: /home/shan/ros2_ws/src/custom_interfaces/install/custom_interfaces/lib/libcustom_interfaces__rosidl_generator_c.so
[6.135s] -- Set runtime path of "/home/shan/ros2_ws/src/custom_interfaces/install/custom_interfaces/lib/libcustom_interfaces__rosidl_generator_c.so" to ""
[6.135s] -- Up-to-date: /home/shan/ros2_ws/src/custom_interfaces/install/custom_interfaces/include/custom_interfaces/custom_interfaces
[6.135s] -- Up-to-date: /home/shan/ros2_ws/src/custom_interfaces/install/custom_interfaces/include/custom_interfaces/custom_interfaces/msg
[6.135s] -- Up-to-date: /home/shan/ros2_ws/src/custom_interfaces/install/custom_interfaces/include/custom_interfaces/custom_interfaces/msg/detail
[6.136s] -- Installing: /home/shan/ros2_ws/src/custom_interfaces/install/custom_interfaces/include/custom_interfaces/custom_interfaces/msg/detail/vector4__rosidl_typesupport_fastrtps_c.h
[6.136s] -- Installing: /home/shan/ros2_ws/src/custom_interfaces/install/custom_interfaces/include/custom_interfaces/custom_interfaces/msg/rosidl_typesupport_fastrtps_c__visibility_control.h
[6.136s] -- Installing: /home/shan/ros2_ws/src/custom_interfaces/install/custom_interfaces/lib/libcustom_interfaces__rosidl_typesupport_fastrtps_c.so
[6.137s] -- Set runtime path of "/home/shan/ros2_ws/src/custom_interfaces/install/custom_interfaces/lib/libcustom_interfaces__rosidl_typesupport_fastrtps_c.so" to ""
[6.137s] -- Up-to-date: /home/shan/ros2_ws/src/custom_interfaces/install/custom_interfaces/include/custom_interfaces/custom_interfaces
[6.137s] -- Up-to-date: /home/shan/ros2_ws/src/custom_interfaces/install/custom_interfaces/include/custom_interfaces/custom_interfaces/msg
[6.137s] -- Up-to-date: /home/shan/ros2_ws/src/custom_interfaces/install/custom_interfaces/include/custom_interfaces/custom_interfaces/msg/detail
[6.138s] -- Installing: /home/shan/ros2_ws/src/custom_interfaces/install/custom_interfaces/include/custom_interfaces/custom_interfaces/msg/detail/vector4__rosidl_typesupport_introspection_c.h
[6.138s] -- Installing: /home/shan/ros2_ws/src/custom_interfaces/install/custom_interfaces/include/custom_interfaces/custom_interfaces/msg/detail/vector4__type_support.c
[6.138s] -- Installing: /home/shan/ros2_ws/src/custom_interfaces/install/custom_interfaces/include/custom_interfaces/custom_interfaces/msg/rosidl_typesupport_introspection_c__visibility_control.h
[6.138s] -- Installing: /home/shan/ros2_ws/src/custom_interfaces/install/custom_interfaces/lib/libcustom_interfaces__rosidl_typesupport_introspection_c.so
[6.139s] -- Set runtime path of "/home/shan/ros2_ws/src/custom_interfaces/install/custom_interfaces/lib/libcustom_interfaces__rosidl_typesupport_introspection_c.so" to ""
[6.140s] -- Installing: /home/shan/ros2_ws/src/custom_interfaces/install/custom_interfaces/lib/libcustom_interfaces__rosidl_typesupport_c.so
[6.140s] -- Set runtime path of "/home/shan/ros2_ws/src/custom_interfaces/install/custom_interfaces/lib/libcustom_interfaces__rosidl_typesupport_c.so" to ""
[6.141s] -- Up-to-date: /home/shan/ros2_ws/src/custom_interfaces/install/custom_interfaces/include/custom_interfaces/custom_interfaces
[6.141s] -- Up-to-date: /home/shan/ros2_ws/src/custom_interfaces/install/custom_interfaces/include/custom_interfaces/custom_interfaces/msg
[6.141s] -- Up-to-date: /home/shan/ros2_ws/src/custom_interfaces/install/custom_interfaces/include/custom_interfaces/custom_interfaces/msg/detail
[6.141s] -- Installing: /home/shan/ros2_ws/src/custom_interfaces/install/custom_interfaces/include/custom_interfaces/custom_interfaces/msg/detail/vector4__traits.hpp
[6.141s] -- Installing: /home/shan/ros2_ws/src/custom_interfaces/install/custom_interfaces/include/custom_interfaces/custom_interfaces/msg/detail/vector4__builder.hpp
[6.141s] -- Installing: /home/shan/ros2_ws/src/custom_interfaces/install/custom_interfaces/include/custom_interfaces/custom_interfaces/msg/detail/vector4__struct.hpp
[6.142s] -- Installing: /home/shan/ros2_ws/src/custom_interfaces/install/custom_interfaces/include/custom_interfaces/custom_interfaces/msg/detail/vector4__type_support.hpp
[6.142s] -- Installing: /home/shan/ros2_ws/src/custom_interfaces/install/custom_interfaces/include/custom_interfaces/custom_interfaces/msg/rosidl_generator_cpp__visibility_control.hpp
[6.143s] -- Installing: /home/shan/ros2_ws/src/custom_interfaces/install/custom_interfaces/include/custom_interfaces/custom_interfaces/msg/vector4.hpp
[6.143s] -- Up-to-date: /home/shan/ros2_ws/src/custom_interfaces/install/custom_interfaces/include/custom_interfaces/custom_interfaces
[6.143s] -- Up-to-date: /home/shan/ros2_ws/src/custom_interfaces/install/custom_interfaces/include/custom_interfaces/custom_interfaces/msg
[6.143s] -- Installing: /home/shan/ros2_ws/src/custom_interfaces/install/custom_interfaces/include/custom_interfaces/custom_interfaces/msg/rosidl_typesupport_fastrtps_cpp__visibility_control.h
[6.143s] -- Up-to-date: /home/shan/ros2_ws/src/custom_interfaces/install/custom_interfaces/include/custom_interfaces/custom_interfaces/msg/detail
[6.144s] -- Installing: /home/shan/ros2_ws/src/custom_interfaces/install/custom_interfaces/include/custom_interfaces/custom_interfaces/msg/detail/dds_fastrtps
[6.144s] -- Installing: /home/shan/ros2_ws/src/custom_interfaces/install/custom_interfaces/include/custom_interfaces/custom_interfaces/msg/detail/vector4__rosidl_typesupport_fastrtps_cpp.hpp
[6.144s] -- Installing: /home/shan/ros2_ws/src/custom_interfaces/install/custom_interfaces/lib/libcustom_interfaces__rosidl_typesupport_fastrtps_cpp.so
[6.145s] -- Set runtime path of "/home/shan/ros2_ws/src/custom_interfaces/install/custom_interfaces/lib/libcustom_interfaces__rosidl_typesupport_fastrtps_cpp.so" to ""
[6.146s] -- Up-to-date: /home/shan/ros2_ws/src/custom_interfaces/install/custom_interfaces/include/custom_interfaces/custom_interfaces
[6.146s] -- Up-to-date: /home/shan/ros2_ws/src/custom_interfaces/install/custom_interfaces/include/custom_interfaces/custom_interfaces/msg
[6.146s] -- Up-to-date: /home/shan/ros2_ws/src/custom_interfaces/install/custom_interfaces/include/custom_interfaces/custom_interfaces/msg/detail
[6.146s] -- Installing: /home/shan/ros2_ws/src/custom_interfaces/install/custom_interfaces/include/custom_interfaces/custom_interfaces/msg/detail/vector4__type_support.cpp
[6.146s] -- Installing: /home/shan/ros2_ws/src/custom_interfaces/install/custom_interfaces/include/custom_interfaces/custom_interfaces/msg/detail/vector4__rosidl_typesupport_introspection_cpp.hpp
[6.146s] -- Installing: /home/shan/ros2_ws/src/custom_interfaces/install/custom_interfaces/lib/libcustom_interfaces__rosidl_typesupport_introspection_cpp.so
[6.148s] -- Set runtime path of "/home/shan/ros2_ws/src/custom_interfaces/install/custom_interfaces/lib/libcustom_interfaces__rosidl_typesupport_introspection_cpp.so" to ""
[6.148s] -- Installing: /home/shan/ros2_ws/src/custom_interfaces/install/custom_interfaces/lib/libcustom_interfaces__rosidl_typesupport_cpp.so
[6.149s] -- Set runtime path of "/home/shan/ros2_ws/src/custom_interfaces/install/custom_interfaces/lib/libcustom_interfaces__rosidl_typesupport_cpp.so" to ""
[6.149s] -- Installing: /home/shan/ros2_ws/src/custom_interfaces/install/custom_interfaces/share/custom_interfaces/environment/pythonpath.sh
[6.149s] -- Installing: /home/shan/ros2_ws/src/custom_interfaces/install/custom_interfaces/share/custom_interfaces/environment/pythonpath.dsv
[6.150s] -- Installing: /home/shan/ros2_ws/src/custom_interfaces/install/custom_interfaces/local/lib/python3.10/dist-packages/custom_interfaces-0.0.0-py3.10.egg-info
[6.150s] -- Installing: /home/shan/ros2_ws/src/custom_interfaces/install/custom_interfaces/local/lib/python3.10/dist-packages/custom_interfaces-0.0.0-py3.10.egg-info/SOURCES.txt
[6.150s] -- Installing: /home/shan/ros2_ws/src/custom_interfaces/install/custom_interfaces/local/lib/python3.10/dist-packages/custom_interfaces-0.0.0-py3.10.egg-info/dependency_links.txt
[6.151s] -- Installing: /home/shan/ros2_ws/src/custom_interfaces/install/custom_interfaces/local/lib/python3.10/dist-packages/custom_interfaces-0.0.0-py3.10.egg-info/top_level.txt
[6.151s] -- Installing: /home/shan/ros2_ws/src/custom_interfaces/install/custom_interfaces/local/lib/python3.10/dist-packages/custom_interfaces-0.0.0-py3.10.egg-info/PKG-INFO
[6.151s] -- Installing: /home/shan/ros2_ws/src/custom_interfaces/install/custom_interfaces/local/lib/python3.10/dist-packages/custom_interfaces
[6.151s] -- Installing: /home/shan/ros2_ws/src/custom_interfaces/install/custom_interfaces/local/lib/python3.10/dist-packages/custom_interfaces/__init__.py
[6.152s] -- Installing: /home/shan/ros2_ws/src/custom_interfaces/install/custom_interfaces/local/lib/python3.10/dist-packages/custom_interfaces/custom_interfaces_s__rosidl_typesupport_fastrtps_c.cpython-310-x86_64-linux-gnu.so
[6.152s] -- Installing: /home/shan/ros2_ws/src/custom_interfaces/install/custom_interfaces/local/lib/python3.10/dist-packages/custom_interfaces/custom_interfaces_s__rosidl_typesupport_introspection_c.cpython-310-x86_64-linux-gnu.so
[6.152s] -- Installing: /home/shan/ros2_ws/src/custom_interfaces/install/custom_interfaces/local/lib/python3.10/dist-packages/custom_interfaces/_custom_interfaces_s.ep.rosidl_typesupport_c.c
[6.153s] -- Installing: /home/shan/ros2_ws/src/custom_interfaces/install/custom_interfaces/local/lib/python3.10/dist-packages/custom_interfaces/msg
[6.153s] -- Installing: /home/shan/ros2_ws/src/custom_interfaces/install/custom_interfaces/local/lib/python3.10/dist-packages/custom_interfaces/msg/__init__.py
[6.153s] -- Installing: /home/shan/ros2_ws/src/custom_interfaces/install/custom_interfaces/local/lib/python3.10/dist-packages/custom_interfaces/msg/_vector4.py
[6.154s] -- Installing: /home/shan/ros2_ws/src/custom_interfaces/install/custom_interfaces/local/lib/python3.10/dist-packages/custom_interfaces/msg/_vector4_s.c
[6.154s] -- Installing: /home/shan/ros2_ws/src/custom_interfaces/install/custom_interfaces/local/lib/python3.10/dist-packages/custom_interfaces/_custom_interfaces_s.ep.rosidl_typesupport_fastrtps_c.c
[6.154s] -- Installing: /home/shan/ros2_ws/src/custom_interfaces/install/custom_interfaces/local/lib/python3.10/dist-packages/custom_interfaces/_custom_interfaces_s.ep.rosidl_typesupport_introspection_c.c
[6.155s] -- Installing: /home/shan/ros2_ws/src/custom_interfaces/install/custom_interfaces/local/lib/python3.10/dist-packages/custom_interfaces/custom_interfaces_s__rosidl_typesupport_c.cpython-310-x86_64-linux-gnu.so
[6.155s] -- Installing: /home/shan/ros2_ws/src/custom_interfaces/install/custom_interfaces/local/lib/python3.10/dist-packages/custom_interfaces/libcustom_interfaces__rosidl_generator_py.so
[6.232s] Listing '/home/shan/ros2_ws/src/custom_interfaces/install/custom_interfaces/local/lib/python3.10/dist-packages/custom_interfaces'...
[6.232s] Compiling '/home/shan/ros2_ws/src/custom_interfaces/install/custom_interfaces/local/lib/python3.10/dist-packages/custom_interfaces/__init__.py'...
[6.232s] Listing '/home/shan/ros2_ws/src/custom_interfaces/install/custom_interfaces/local/lib/python3.10/dist-packages/custom_interfaces/msg'...
[6.232s] Compiling '/home/shan/ros2_ws/src/custom_interfaces/install/custom_interfaces/local/lib/python3.10/dist-packages/custom_interfaces/msg/__init__.py'...
[6.233s] Compiling '/home/shan/ros2_ws/src/custom_interfaces/install/custom_interfaces/local/lib/python3.10/dist-packages/custom_interfaces/msg/_vector4.py'...
[6.242s] -- Installing: /home/shan/ros2_ws/src/custom_interfaces/install/custom_interfaces/local/lib/python3.10/dist-packages/custom_interfaces/custom_interfaces_s__rosidl_typesupport_fastrtps_c.cpython-310-x86_64-linux-gnu.so
[6.243s] -- Set runtime path of "/home/shan/ros2_ws/src/custom_interfaces/install/custom_interfaces/local/lib/python3.10/dist-packages/custom_interfaces/custom_interfaces_s__rosidl_typesupport_fastrtps_c.cpython-310-x86_64-linux-gnu.so" to ""
[6.243s] -- Installing: /home/shan/ros2_ws/src/custom_interfaces/install/custom_interfaces/local/lib/python3.10/dist-packages/custom_interfaces/custom_interfaces_s__rosidl_typesupport_introspection_c.cpython-310-x86_64-linux-gnu.so
[6.245s] -- Set runtime path of "/home/shan/ros2_ws/src/custom_interfaces/install/custom_interfaces/local/lib/python3.10/dist-packages/custom_interfaces/custom_interfaces_s__rosidl_typesupport_introspection_c.cpython-310-x86_64-linux-gnu.so" to ""
[6.245s] -- Installing: /home/shan/ros2_ws/src/custom_interfaces/install/custom_interfaces/local/lib/python3.10/dist-packages/custom_interfaces/custom_interfaces_s__rosidl_typesupport_c.cpython-310-x86_64-linux-gnu.so
[6.246s] -- Set runtime path of "/home/shan/ros2_ws/src/custom_interfaces/install/custom_interfaces/local/lib/python3.10/dist-packages/custom_interfaces/custom_interfaces_s__rosidl_typesupport_c.cpython-310-x86_64-linux-gnu.so" to ""
[6.247s] -- Installing: /home/shan/ros2_ws/src/custom_interfaces/install/custom_interfaces/lib/libcustom_interfaces__rosidl_generator_py.so
[6.248s] -- Set runtime path of "/home/shan/ros2_ws/src/custom_interfaces/install/custom_interfaces/lib/libcustom_interfaces__rosidl_generator_py.so" to ""
[6.248s] -- Installing: /home/shan/ros2_ws/src/custom_interfaces/install/custom_interfaces/share/custom_interfaces/msg/Vector4.idl
[6.248s] -- Installing: /home/shan/ros2_ws/src/custom_interfaces/install/custom_interfaces/share/custom_interfaces/msg/Vector4.msg
[6.249s] -- Installing: /home/shan/ros2_ws/src/custom_interfaces/install/custom_interfaces/share/ament_index/resource_index/package_run_dependencies/custom_interfaces
[6.250s] -- Installing: /home/shan/ros2_ws/src/custom_interfaces/install/custom_interfaces/share/ament_index/resource_index/parent_prefix_path/custom_interfaces
[6.250s] -- Installing: /home/shan/ros2_ws/src/custom_interfaces/install/custom_interfaces/share/custom_interfaces/environment/ament_prefix_path.sh
[6.250s] -- Installing: /home/shan/ros2_ws/src/custom_interfaces/install/custom_interfaces/share/custom_interfaces/environment/ament_prefix_path.dsv
[6.251s] -- Installing: /home/shan/ros2_ws/src/custom_interfaces/install/custom_interfaces/share/custom_interfaces/environment/path.sh
[6.251s] -- Installing: /home/shan/ros2_ws/src/custom_interfaces/install/custom_interfaces/share/custom_interfaces/environment/path.dsv
[6.252s] -- Installing: /home/shan/ros2_ws/src/custom_interfaces/install/custom_interfaces/share/custom_interfaces/local_setup.bash
[6.252s] -- Installing: /home/shan/ros2_ws/src/custom_interfaces/install/custom_interfaces/share/custom_interfaces/local_setup.sh
[6.253s] -- Installing: /home/shan/ros2_ws/src/custom_interfaces/install/custom_interfaces/share/custom_interfaces/local_setup.zsh
[6.253s] -- Installing: /home/shan/ros2_ws/src/custom_interfaces/install/custom_interfaces/share/custom_interfaces/local_setup.dsv
[6.253s] -- Installing: /home/shan/ros2_ws/src/custom_interfaces/install/custom_interfaces/share/custom_interfaces/package.dsv
[6.254s] -- Installing: /home/shan/ros2_ws/src/custom_interfaces/install/custom_interfaces/share/ament_index/resource_index/packages/custom_interfaces
[6.255s] -- Installing: /home/shan/ros2_ws/src/custom_interfaces/install/custom_interfaces/share/custom_interfaces/cmake/export_custom_interfaces__rosidl_generator_cExport.cmake
[6.255s] -- Installing: /home/shan/ros2_ws/src/custom_interfaces/install/custom_interfaces/share/custom_interfaces/cmake/export_custom_interfaces__rosidl_generator_cExport-noconfig.cmake
[6.255s] -- Installing: /home/shan/ros2_ws/src/custom_interfaces/install/custom_interfaces/share/custom_interfaces/cmake/export_custom_interfaces__rosidl_typesupport_fastrtps_cExport.cmake
[6.256s] -- Installing: /home/shan/ros2_ws/src/custom_interfaces/install/custom_interfaces/share/custom_interfaces/cmake/export_custom_interfaces__rosidl_typesupport_fastrtps_cExport-noconfig.cmake
[6.256s] -- Installing: /home/shan/ros2_ws/src/custom_interfaces/install/custom_interfaces/share/custom_interfaces/cmake/custom_interfaces__rosidl_typesupport_introspection_cExport.cmake
[6.257s] -- Installing: /home/shan/ros2_ws/src/custom_interfaces/install/custom_interfaces/share/custom_interfaces/cmake/custom_interfaces__rosidl_typesupport_introspection_cExport-noconfig.cmake
[6.257s] -- Installing: /home/shan/ros2_ws/src/custom_interfaces/install/custom_interfaces/share/custom_interfaces/cmake/custom_interfaces__rosidl_typesupport_cExport.cmake
[6.258s] -- Installing: /home/shan/ros2_ws/src/custom_interfaces/install/custom_interfaces/share/custom_interfaces/cmake/custom_interfaces__rosidl_typesupport_cExport-noconfig.cmake
[6.258s] -- Installing: /home/shan/ros2_ws/src/custom_interfaces/install/custom_interfaces/share/custom_interfaces/cmake/export_custom_interfaces__rosidl_generator_cppExport.cmake
[6.259s] -- Installing: /home/shan/ros2_ws/src/custom_interfaces/install/custom_interfaces/share/custom_interfaces/cmake/export_custom_interfaces__rosidl_typesupport_fastrtps_cppExport.cmake
[6.259s] -- Installing: /home/shan/ros2_ws/src/custom_interfaces/install/custom_interfaces/share/custom_interfaces/cmake/export_custom_interfaces__rosidl_typesupport_fastrtps_cppExport-noconfig.cmake
[6.260s] -- Installing: /home/shan/ros2_ws/src/custom_interfaces/install/custom_interfaces/share/custom_interfaces/cmake/custom_interfaces__rosidl_typesupport_introspection_cppExport.cmake
[6.260s] -- Installing: /home/shan/ros2_ws/src/custom_interfaces/install/custom_interfaces/share/custom_interfaces/cmake/custom_interfaces__rosidl_typesupport_introspection_cppExport-noconfig.cmake
[6.261s] -- Installing: /home/shan/ros2_ws/src/custom_interfaces/install/custom_interfaces/share/custom_interfaces/cmake/custom_interfaces__rosidl_typesupport_cppExport.cmake
[6.261s] -- Installing: /home/shan/ros2_ws/src/custom_interfaces/install/custom_interfaces/share/custom_interfaces/cmake/custom_interfaces__rosidl_typesupport_cppExport-noconfig.cmake
[6.262s] -- Installing: /home/shan/ros2_ws/src/custom_interfaces/install/custom_interfaces/share/custom_interfaces/cmake/export_custom_interfaces__rosidl_generator_pyExport.cmake
[6.262s] -- Installing: /home/shan/ros2_ws/src/custom_interfaces/install/custom_interfaces/share/custom_interfaces/cmake/export_custom_interfaces__rosidl_generator_pyExport-noconfig.cmake
[6.263s] -- Installing: /home/shan/ros2_ws/src/custom_interfaces/install/custom_interfaces/share/custom_interfaces/cmake/rosidl_cmake-extras.cmake
[6.263s] -- Installing: /home/shan/ros2_ws/src/custom_interfaces/install/custom_interfaces/share/custom_interfaces/cmake/ament_cmake_export_include_directories-extras.cmake
[6.263s] -- Installing: /home/shan/ros2_ws/src/custom_interfaces/install/custom_interfaces/share/custom_interfaces/cmake/ament_cmake_export_libraries-extras.cmake
[6.264s] -- Installing: /home/shan/ros2_ws/src/custom_interfaces/install/custom_interfaces/share/custom_interfaces/cmake/ament_cmake_export_targets-extras.cmake
[6.264s] -- Installing: /home/shan/ros2_ws/src/custom_interfaces/install/custom_interfaces/share/custom_interfaces/cmake/rosidl_cmake_export_typesupport_targets-extras.cmake
[6.265s] -- Installing: /home/shan/ros2_ws/src/custom_interfaces/install/custom_interfaces/share/custom_interfaces/cmake/ament_cmake_export_dependencies-extras.cmake
[6.265s] -- Installing: /home/shan/ros2_ws/src/custom_interfaces/install/custom_interfaces/share/custom_interfaces/cmake/rosidl_cmake_export_typesupport_libraries-extras.cmake
[6.265s] -- Installing: /home/shan/ros2_ws/src/custom_interfaces/install/custom_interfaces/share/custom_interfaces/cmake/custom_interfacesConfig.cmake
[6.266s] -- Installing: /home/shan/ros2_ws/src/custom_interfaces/install/custom_interfaces/share/custom_interfaces/cmake/custom_interfacesConfig-version.cmake
[6.266s] -- Installing: /home/shan/ros2_ws/src/custom_interfaces/install/custom_interfaces/share/custom_interfaces/package.xml
[6.272s] Invoked command in '/home/shan/ros2_ws/src/custom_interfaces/build/custom_interfaces' returned '0': CMAKE_PREFIX_PATH=/home/shan/ros2_ws/install/mypypkg:/opt/ros/humble /usr/bin/cmake --install /home/shan/ros2_ws/src/custom_interfaces/build/custom_interfaces
