[1.694s] Invoking command in '/home/shan/ros2_ws/src/mypypkg': PYTHONPATH=/home/shan/ros2_ws/build/mypypkg/prefix_override:/usr/lib/python3/dist-packages/colcon_core/task/python/colcon_distutils_commands:/home/shan/ros2_ws/install/mypypkg/lib/python3.10/site-packages:${PYTHONPATH} /usr/bin/python3 -W ignore:setup.py install is deprecated -W ignore:easy_install command is deprecated setup.py egg_info --egg-base ../../build/mypypkg build --build-base /home/shan/ros2_ws/build/mypypkg/build install --record /home/shan/ros2_ws/build/mypypkg/install.log --single-version-externally-managed install_data
[2.225s] running egg_info
[2.226s] writing ../../build/mypypkg/mypypkg.egg-info/PKG-INFO
[2.227s] writing dependency_links to ../../build/mypypkg/mypypkg.egg-info/dependency_links.txt
[2.227s] writing entry points to ../../build/mypypkg/mypypkg.egg-info/entry_points.txt
[2.228s] writing requirements to ../../build/mypypkg/mypypkg.egg-info/requires.txt
[2.228s] writing top-level names to ../../build/mypypkg/mypypkg.egg-info/top_level.txt
[2.232s] reading manifest file '../../build/mypypkg/mypypkg.egg-info/SOURCES.txt'
[2.235s] writing manifest file '../../build/mypypkg/mypypkg.egg-info/SOURCES.txt'
[2.235s] running build
[2.235s] running build_py
[2.238s] running install
[2.239s] running install_lib
[2.244s] running install_data
[2.244s] running install_egg_info
[2.249s] removing '/home/shan/ros2_ws/install/mypypkg/lib/python3.10/site-packages/mypypkg-0.0.0-py3.10.egg-info' (and everything under it)
[2.250s] Copying ../../build/mypypkg/mypypkg.egg-info to /home/shan/ros2_ws/install/mypypkg/lib/python3.10/site-packages/mypypkg-0.0.0-py3.10.egg-info
[2.252s] running install_scripts
[2.295s] Installing boolnode script to /home/shan/ros2_ws/install/mypypkg/lib/mypypkg
[2.295s] Installing cameranode script to /home/shan/ros2_ws/install/mypypkg/lib/mypypkg
[2.296s] Installing dpclient script to /home/shan/ros2_ws/install/mypypkg/lib/mypypkg
[2.296s] Installing dpserver script to /home/shan/ros2_ws/install/mypypkg/lib/mypypkg
[2.296s] Installing dpserver2 script to /home/shan/ros2_ws/install/mypypkg/lib/mypypkg
[2.297s] Installing hpub script to /home/shan/ros2_ws/install/mypypkg/lib/mypypkg
[2.297s] Installing hsub script to /home/shan/ros2_ws/install/mypypkg/lib/mypypkg
[2.297s] Installing mitclient script to /home/shan/ros2_ws/install/mypypkg/lib/mypypkg
[2.297s] Installing mtiserver script to /home/shan/ros2_ws/install/mypypkg/lib/mypypkg
[2.298s] Installing paramexnode script to /home/shan/ros2_ws/install/mypypkg/lib/mypypkg
[2.298s] Installing ppub script to /home/shan/ros2_ws/install/mypypkg/lib/mypypkg
[2.298s] Installing psub script to /home/shan/ros2_ws/install/mypypkg/lib/mypypkg
[2.299s] Installing pub1 script to /home/shan/ros2_ws/install/mypypkg/lib/mypypkg
[2.299s] Installing sub1 script to /home/shan/ros2_ws/install/mypypkg/lib/mypypkg
[2.299s] Installing testclient script to /home/shan/ros2_ws/install/mypypkg/lib/mypypkg
[2.300s] Installing testexec script to /home/shan/ros2_ws/install/mypypkg/lib/mypypkg
[2.300s] Installing testpub script to /home/shan/ros2_ws/install/mypypkg/lib/mypypkg
[2.300s] Installing testserver script to /home/shan/ros2_ws/install/mypypkg/lib/mypypkg
[2.300s] Installing testsub script to /home/shan/ros2_ws/install/mypypkg/lib/mypypkg
[2.301s] Installing vectorpub script to /home/shan/ros2_ws/install/mypypkg/lib/mypypkg
[2.301s] Installing vectorsub script to /home/shan/ros2_ws/install/mypypkg/lib/mypypkg
[2.303s] writing list of installed files to '/home/shan/ros2_ws/build/mypypkg/install.log'
[2.352s] Invoked command in '/home/shan/ros2_ws/src/mypypkg' returned '0': PYTHONPATH=/home/shan/ros2_ws/build/mypypkg/prefix_override:/usr/lib/python3/dist-packages/colcon_core/task/python/colcon_distutils_commands:/home/shan/ros2_ws/install/mypypkg/lib/python3.10/site-packages:${PYTHONPATH} /usr/bin/python3 -W ignore:setup.py install is deprecated -W ignore:easy_install command is deprecated setup.py egg_info --egg-base ../../build/mypypkg build --build-base /home/shan/ros2_ws/build/mypypkg/build install --record /home/shan/ros2_ws/build/mypypkg/install.log --single-version-externally-managed install_data
