[0.249s] DEBUG:colcon:Command line arguments: ['/usr/bin/colcon', 'build']
[0.250s] DEBUG:colcon:Parsed command line arguments: Namespace(log_base=None, log_level=None, verb_name='build', build_base='build', install_base='install', merge_install=False, symlink_install=False, test_result_base=None, continue_on_error=False, executor='parallel', parallel_workers=16, event_handlers=None, ignore_user_meta=False, metas=['./colcon.meta'], base_paths=['.'], packages_ignore=None, packages_ignore_regex=None, paths=None, packages_up_to=None, packages_up_to_regex=None, packages_above=None, packages_above_and_dependencies=None, packages_above_depth=None, packages_select_by_dep=None, packages_skip_by_dep=None, packages_skip_up_to=None, packages_select_build_failed=False, packages_skip_build_finished=False, packages_select_test_failures=False, packages_skip_test_passed=False, packages_select=None, packages_skip=None, packages_select_regex=None, packages_skip_regex=None, packages_start=None, packages_end=None, allow_overriding=[], cmake_args=None, cmake_target=None, cmake_target_skip_unavailable=False, cmake_clean_cache=False, cmake_clean_first=False, cmake_force_configure=False, ament_cmake_args=None, catkin_cmake_args=None, catkin_skip_building_tests=False, verb_parser=<colcon_defaults.argument_parser.defaults.DefaultArgumentsDecorator object at 0x777b060cd1b0>, verb_extension=<colcon_core.verb.build.BuildVerb object at 0x777b060ccca0>, main=<bound method BuildVerb.main of <colcon_core.verb.build.BuildVerb object at 0x777b060ccca0>>)
[0.648s] Level 1:colcon.colcon_core.package_discovery:discover_packages(colcon_meta) check parameters
[0.648s] Level 1:colcon.colcon_core.package_discovery:discover_packages(recursive) check parameters
[0.648s] Level 1:colcon.colcon_core.package_discovery:discover_packages(ignore) check parameters
[0.648s] Level 1:colcon.colcon_core.package_discovery:discover_packages(path) check parameters
[0.648s] Level 1:colcon.colcon_core.package_discovery:discover_packages(colcon_meta) discover
[0.649s] Level 1:colcon.colcon_core.package_discovery:discover_packages(recursive) discover
[0.649s] INFO:colcon.colcon_core.package_discovery:Crawling recursively for packages in '/home/shan/ros2_ws'
[0.649s] Level 1:colcon.colcon_core.package_identification:_identify(.) by extensions ['ignore', 'ignore_ament_install']
[0.649s] Level 1:colcon.colcon_core.package_identification:_identify(.) by extension 'ignore'
[0.649s] Level 1:colcon.colcon_core.package_identification:_identify(.) by extension 'ignore_ament_install'
[0.650s] Level 1:colcon.colcon_core.package_identification:_identify(.) by extensions ['colcon_pkg']
[0.650s] Level 1:colcon.colcon_core.package_identification:_identify(.) by extension 'colcon_pkg'
[0.650s] Level 1:colcon.colcon_core.package_identification:_identify(.) by extensions ['colcon_meta']
[0.650s] Level 1:colcon.colcon_core.package_identification:_identify(.) by extension 'colcon_meta'
[0.650s] Level 1:colcon.colcon_core.package_identification:_identify(.) by extensions ['ros']
[0.650s] Level 1:colcon.colcon_core.package_identification:_identify(.) by extension 'ros'
[0.676s] Level 1:colcon.colcon_core.package_identification:_identify(.) by extensions ['cmake', 'python']
[0.676s] Level 1:colcon.colcon_core.package_identification:_identify(.) by extension 'cmake'
[0.676s] Level 1:colcon.colcon_core.package_identification:_identify(.) by extension 'python'
[0.676s] Level 1:colcon.colcon_core.package_identification:_identify(.) by extensions ['python_setup_py']
[0.676s] Level 1:colcon.colcon_core.package_identification:_identify(.) by extension 'python_setup_py'
[0.677s] Level 1:colcon.colcon_core.package_identification:_identify(build) by extensions ['ignore', 'ignore_ament_install']
[0.677s] Level 1:colcon.colcon_core.package_identification:_identify(build) by extension 'ignore'
[0.677s] Level 1:colcon.colcon_core.package_identification:_identify(build) ignored
[0.677s] Level 1:colcon.colcon_core.package_identification:_identify(install) by extensions ['ignore', 'ignore_ament_install']
[0.677s] Level 1:colcon.colcon_core.package_identification:_identify(install) by extension 'ignore'
[0.678s] Level 1:colcon.colcon_core.package_identification:_identify(install) ignored
[0.678s] Level 1:colcon.colcon_core.package_identification:_identify(log) by extensions ['ignore', 'ignore_ament_install']
[0.678s] Level 1:colcon.colcon_core.package_identification:_identify(log) by extension 'ignore'
[0.678s] Level 1:colcon.colcon_core.package_identification:_identify(log) ignored
[0.678s] Level 1:colcon.colcon_core.package_identification:_identify(src) by extensions ['ignore', 'ignore_ament_install']
[0.679s] Level 1:colcon.colcon_core.package_identification:_identify(src) by extension 'ignore'
[0.679s] Level 1:colcon.colcon_core.package_identification:_identify(src) by extension 'ignore_ament_install'
[0.679s] Level 1:colcon.colcon_core.package_identification:_identify(src) by extensions ['colcon_pkg']
[0.679s] Level 1:colcon.colcon_core.package_identification:_identify(src) by extension 'colcon_pkg'
[0.679s] Level 1:colcon.colcon_core.package_identification:_identify(src) by extensions ['colcon_meta']
[0.679s] Level 1:colcon.colcon_core.package_identification:_identify(src) by extension 'colcon_meta'
[0.679s] Level 1:colcon.colcon_core.package_identification:_identify(src) by extensions ['ros']
[0.679s] Level 1:colcon.colcon_core.package_identification:_identify(src) by extension 'ros'
[0.679s] Level 1:colcon.colcon_core.package_identification:_identify(src) by extensions ['cmake', 'python']
[0.680s] Level 1:colcon.colcon_core.package_identification:_identify(src) by extension 'cmake'
[0.680s] Level 1:colcon.colcon_core.package_identification:_identify(src) by extension 'python'
[0.680s] Level 1:colcon.colcon_core.package_identification:_identify(src) by extensions ['python_setup_py']
[0.680s] Level 1:colcon.colcon_core.package_identification:_identify(src) by extension 'python_setup_py'
[0.680s] Level 1:colcon.colcon_core.package_identification:_identify(src/custom_interfaces) by extensions ['ignore', 'ignore_ament_install']
[0.680s] Level 1:colcon.colcon_core.package_identification:_identify(src/custom_interfaces) by extension 'ignore'
[0.680s] Level 1:colcon.colcon_core.package_identification:_identify(src/custom_interfaces) by extension 'ignore_ament_install'
[0.680s] Level 1:colcon.colcon_core.package_identification:_identify(src/custom_interfaces) by extensions ['colcon_pkg']
[0.680s] Level 1:colcon.colcon_core.package_identification:_identify(src/custom_interfaces) by extension 'colcon_pkg'
[0.681s] Level 1:colcon.colcon_core.package_identification:_identify(src/custom_interfaces) by extensions ['colcon_meta']
[0.681s] Level 1:colcon.colcon_core.package_identification:_identify(src/custom_interfaces) by extension 'colcon_meta'
[0.681s] Level 1:colcon.colcon_core.package_identification:_identify(src/custom_interfaces) by extensions ['ros']
[0.681s] Level 1:colcon.colcon_core.package_identification:_identify(src/custom_interfaces) by extension 'ros'
[0.686s] DEBUG:colcon.colcon_core.package_identification:Package 'src/custom_interfaces' with type 'ros.ament_cmake' and name 'custom_interfaces'
[0.687s] Level 1:colcon.colcon_core.package_identification:_identify(src/log) by extensions ['ignore', 'ignore_ament_install']
[0.687s] Level 1:colcon.colcon_core.package_identification:_identify(src/log) by extension 'ignore'
[0.687s] Level 1:colcon.colcon_core.package_identification:_identify(src/log) ignored
[0.687s] Level 1:colcon.colcon_core.package_identification:_identify(src/my_robot_bringup) by extensions ['ignore', 'ignore_ament_install']
[0.688s] Level 1:colcon.colcon_core.package_identification:_identify(src/my_robot_bringup) by extension 'ignore'
[0.688s] Level 1:colcon.colcon_core.package_identification:_identify(src/my_robot_bringup) by extension 'ignore_ament_install'
[0.688s] Level 1:colcon.colcon_core.package_identification:_identify(src/my_robot_bringup) by extensions ['colcon_pkg']
[0.688s] Level 1:colcon.colcon_core.package_identification:_identify(src/my_robot_bringup) by extension 'colcon_pkg'
[0.688s] Level 1:colcon.colcon_core.package_identification:_identify(src/my_robot_bringup) by extensions ['colcon_meta']
[0.688s] Level 1:colcon.colcon_core.package_identification:_identify(src/my_robot_bringup) by extension 'colcon_meta'
[0.688s] Level 1:colcon.colcon_core.package_identification:_identify(src/my_robot_bringup) by extensions ['ros']
[0.688s] Level 1:colcon.colcon_core.package_identification:_identify(src/my_robot_bringup) by extension 'ros'
[0.689s] DEBUG:colcon.colcon_core.package_identification:Package 'src/my_robot_bringup' with type 'ros.ament_cmake' and name 'my_robot_bringup'
[0.690s] Level 1:colcon.colcon_core.package_identification:_identify(src/mypypkg) by extensions ['ignore', 'ignore_ament_install']
[0.690s] Level 1:colcon.colcon_core.package_identification:_identify(src/mypypkg) by extension 'ignore'
[0.690s] Level 1:colcon.colcon_core.package_identification:_identify(src/mypypkg) by extension 'ignore_ament_install'
[0.690s] Level 1:colcon.colcon_core.package_identification:_identify(src/mypypkg) by extensions ['colcon_pkg']
[0.690s] Level 1:colcon.colcon_core.package_identification:_identify(src/mypypkg) by extension 'colcon_pkg'
[0.690s] Level 1:colcon.colcon_core.package_identification:_identify(src/mypypkg) by extensions ['colcon_meta']
[0.690s] Level 1:colcon.colcon_core.package_identification:_identify(src/mypypkg) by extension 'colcon_meta'
[0.690s] Level 1:colcon.colcon_core.package_identification:_identify(src/mypypkg) by extensions ['ros']
[0.690s] Level 1:colcon.colcon_core.package_identification:_identify(src/mypypkg) by extension 'ros'
[0.692s] DEBUG:colcon.colcon_core.package_identification:Package 'src/mypypkg' with type 'ros.ament_python' and name 'mypypkg'
[0.692s] Level 1:colcon.colcon_core.package_identification:_identify(src/myturtlectrl) by extensions ['ignore', 'ignore_ament_install']
[0.692s] Level 1:colcon.colcon_core.package_identification:_identify(src/myturtlectrl) by extension 'ignore'
[0.693s] Level 1:colcon.colcon_core.package_identification:_identify(src/myturtlectrl) by extension 'ignore_ament_install'
[0.693s] Level 1:colcon.colcon_core.package_identification:_identify(src/myturtlectrl) by extensions ['colcon_pkg']
[0.693s] Level 1:colcon.colcon_core.package_identification:_identify(src/myturtlectrl) by extension 'colcon_pkg'
[0.693s] Level 1:colcon.colcon_core.package_identification:_identify(src/myturtlectrl) by extensions ['colcon_meta']
[0.693s] Level 1:colcon.colcon_core.package_identification:_identify(src/myturtlectrl) by extension 'colcon_meta'
[0.693s] Level 1:colcon.colcon_core.package_identification:_identify(src/myturtlectrl) by extensions ['ros']
[0.693s] Level 1:colcon.colcon_core.package_identification:_identify(src/myturtlectrl) by extension 'ros'
[0.694s] DEBUG:colcon.colcon_core.package_identification:Package 'src/myturtlectrl' with type 'ros.ament_python' and name 'myturtlectrl'
[0.694s] Level 1:colcon.colcon_core.package_discovery:discover_packages(recursive) using defaults
[0.695s] Level 1:colcon.colcon_core.package_discovery:discover_packages(ignore) discover
[0.695s] Level 1:colcon.colcon_core.package_discovery:discover_packages(ignore) using defaults
[0.695s] Level 1:colcon.colcon_core.package_discovery:discover_packages(path) discover
[0.695s] Level 1:colcon.colcon_core.package_discovery:discover_packages(path) using defaults
[0.766s] Level 1:colcon.colcon_core.package_discovery:discover_packages(prefix_path) check parameters
[0.767s] Level 1:colcon.colcon_core.package_discovery:discover_packages(prefix_path) discover
[0.771s] DEBUG:colcon.colcon_installed_package_information.package_discovery:Found 4 installed packages in /home/shan/ros2_ws/install
[0.775s] DEBUG:colcon.colcon_installed_package_information.package_discovery:Found 330 installed packages in /opt/ros/humble
[0.779s] Level 1:colcon.colcon_core.package_discovery:discover_packages(prefix_path) using defaults
[0.880s] Level 5:colcon.colcon_core.verb:set package 'custom_interfaces' build argument 'cmake_args' from command line to 'None'
[0.880s] Level 5:colcon.colcon_core.verb:set package 'custom_interfaces' build argument 'cmake_target' from command line to 'None'
[0.881s] Level 5:colcon.colcon_core.verb:set package 'custom_interfaces' build argument 'cmake_target_skip_unavailable' from command line to 'False'
[0.881s] Level 5:colcon.colcon_core.verb:set package 'custom_interfaces' build argument 'cmake_clean_cache' from command line to 'False'
[0.881s] Level 5:colcon.colcon_core.verb:set package 'custom_interfaces' build argument 'cmake_clean_first' from command line to 'False'
[0.881s] Level 5:colcon.colcon_core.verb:set package 'custom_interfaces' build argument 'cmake_force_configure' from command line to 'False'
[0.881s] Level 5:colcon.colcon_core.verb:set package 'custom_interfaces' build argument 'ament_cmake_args' from command line to 'None'
[0.881s] Level 5:colcon.colcon_core.verb:set package 'custom_interfaces' build argument 'catkin_cmake_args' from command line to 'None'
[0.881s] Level 5:colcon.colcon_core.verb:set package 'custom_interfaces' build argument 'catkin_skip_building_tests' from command line to 'False'
[0.881s] DEBUG:colcon.colcon_core.verb:Building package 'custom_interfaces' with the following arguments: {'ament_cmake_args': None, 'build_base': '/home/shan/ros2_ws/build/custom_interfaces', 'catkin_cmake_args': None, 'catkin_skip_building_tests': False, 'cmake_args': None, 'cmake_clean_cache': False, 'cmake_clean_first': False, 'cmake_force_configure': False, 'cmake_target': None, 'cmake_target_skip_unavailable': False, 'install_base': '/home/shan/ros2_ws/install/custom_interfaces', 'merge_install': False, 'path': '/home/shan/ros2_ws/src/custom_interfaces', 'symlink_install': False, 'test_result_base': None}
[0.882s] Level 5:colcon.colcon_core.verb:set package 'myturtlectrl' build argument 'cmake_args' from command line to 'None'
[0.882s] Level 5:colcon.colcon_core.verb:set package 'myturtlectrl' build argument 'cmake_target' from command line to 'None'
[0.882s] Level 5:colcon.colcon_core.verb:set package 'myturtlectrl' build argument 'cmake_target_skip_unavailable' from command line to 'False'
[0.882s] Level 5:colcon.colcon_core.verb:set package 'myturtlectrl' build argument 'cmake_clean_cache' from command line to 'False'
[0.882s] Level 5:colcon.colcon_core.verb:set package 'myturtlectrl' build argument 'cmake_clean_first' from command line to 'False'
[0.882s] Level 5:colcon.colcon_core.verb:set package 'myturtlectrl' build argument 'cmake_force_configure' from command line to 'False'
[0.882s] Level 5:colcon.colcon_core.verb:set package 'myturtlectrl' build argument 'ament_cmake_args' from command line to 'None'
[0.882s] Level 5:colcon.colcon_core.verb:set package 'myturtlectrl' build argument 'catkin_cmake_args' from command line to 'None'
[0.882s] Level 5:colcon.colcon_core.verb:set package 'myturtlectrl' build argument 'catkin_skip_building_tests' from command line to 'False'
[0.883s] DEBUG:colcon.colcon_core.verb:Building package 'myturtlectrl' with the following arguments: {'ament_cmake_args': None, 'build_base': '/home/shan/ros2_ws/build/myturtlectrl', 'catkin_cmake_args': None, 'catkin_skip_building_tests': False, 'cmake_args': None, 'cmake_clean_cache': False, 'cmake_clean_first': False, 'cmake_force_configure': False, 'cmake_target': None, 'cmake_target_skip_unavailable': False, 'install_base': '/home/shan/ros2_ws/install/myturtlectrl', 'merge_install': False, 'path': '/home/shan/ros2_ws/src/myturtlectrl', 'symlink_install': False, 'test_result_base': None}
[0.883s] Level 5:colcon.colcon_core.verb:set package 'mypypkg' build argument 'cmake_args' from command line to 'None'
[0.884s] Level 5:colcon.colcon_core.verb:set package 'mypypkg' build argument 'cmake_target' from command line to 'None'
[0.884s] Level 5:colcon.colcon_core.verb:set package 'mypypkg' build argument 'cmake_target_skip_unavailable' from command line to 'False'
[0.884s] Level 5:colcon.colcon_core.verb:set package 'mypypkg' build argument 'cmake_clean_cache' from command line to 'False'
[0.884s] Level 5:colcon.colcon_core.verb:set package 'mypypkg' build argument 'cmake_clean_first' from command line to 'False'
[0.884s] Level 5:colcon.colcon_core.verb:set package 'mypypkg' build argument 'cmake_force_configure' from command line to 'False'
[0.884s] Level 5:colcon.colcon_core.verb:set package 'mypypkg' build argument 'ament_cmake_args' from command line to 'None'
[0.884s] Level 5:colcon.colcon_core.verb:set package 'mypypkg' build argument 'catkin_cmake_args' from command line to 'None'
[0.884s] Level 5:colcon.colcon_core.verb:set package 'mypypkg' build argument 'catkin_skip_building_tests' from command line to 'False'
[0.884s] DEBUG:colcon.colcon_core.verb:Building package 'mypypkg' with the following arguments: {'ament_cmake_args': None, 'build_base': '/home/shan/ros2_ws/build/mypypkg', 'catkin_cmake_args': None, 'catkin_skip_building_tests': False, 'cmake_args': None, 'cmake_clean_cache': False, 'cmake_clean_first': False, 'cmake_force_configure': False, 'cmake_target': None, 'cmake_target_skip_unavailable': False, 'install_base': '/home/shan/ros2_ws/install/mypypkg', 'merge_install': False, 'path': '/home/shan/ros2_ws/src/mypypkg', 'symlink_install': False, 'test_result_base': None}
[0.885s] Level 5:colcon.colcon_core.verb:set package 'my_robot_bringup' build argument 'cmake_args' from command line to 'None'
[0.885s] Level 5:colcon.colcon_core.verb:set package 'my_robot_bringup' build argument 'cmake_target' from command line to 'None'
[0.885s] Level 5:colcon.colcon_core.verb:set package 'my_robot_bringup' build argument 'cmake_target_skip_unavailable' from command line to 'False'
[0.885s] Level 5:colcon.colcon_core.verb:set package 'my_robot_bringup' build argument 'cmake_clean_cache' from command line to 'False'
[0.885s] Level 5:colcon.colcon_core.verb:set package 'my_robot_bringup' build argument 'cmake_clean_first' from command line to 'False'
[0.885s] Level 5:colcon.colcon_core.verb:set package 'my_robot_bringup' build argument 'cmake_force_configure' from command line to 'False'
[0.885s] Level 5:colcon.colcon_core.verb:set package 'my_robot_bringup' build argument 'ament_cmake_args' from command line to 'None'
[0.885s] Level 5:colcon.colcon_core.verb:set package 'my_robot_bringup' build argument 'catkin_cmake_args' from command line to 'None'
[0.885s] Level 5:colcon.colcon_core.verb:set package 'my_robot_bringup' build argument 'catkin_skip_building_tests' from command line to 'False'
[0.885s] DEBUG:colcon.colcon_core.verb:Building package 'my_robot_bringup' with the following arguments: {'ament_cmake_args': None, 'build_base': '/home/shan/ros2_ws/build/my_robot_bringup', 'catkin_cmake_args': None, 'catkin_skip_building_tests': False, 'cmake_args': None, 'cmake_clean_cache': False, 'cmake_clean_first': False, 'cmake_force_configure': False, 'cmake_target': None, 'cmake_target_skip_unavailable': False, 'install_base': '/home/shan/ros2_ws/install/my_robot_bringup', 'merge_install': False, 'path': '/home/shan/ros2_ws/src/my_robot_bringup', 'symlink_install': False, 'test_result_base': None}
[0.886s] INFO:colcon.colcon_core.executor:Executing jobs using 'parallel' executor
[0.888s] DEBUG:colcon.colcon_parallel_executor.executor.parallel:run_until_complete
[0.889s] INFO:colcon.colcon_ros.task.ament_cmake.build:Building ROS package in '/home/shan/ros2_ws/src/custom_interfaces' with build type 'ament_cmake'
[0.889s] INFO:colcon.colcon_cmake.task.cmake.build:Building CMake package in '/home/shan/ros2_ws/src/custom_interfaces'
[0.894s] INFO:colcon.colcon_core.plugin_system:Skipping extension 'colcon_core.shell.bat': Not used on non-Windows systems
[0.894s] INFO:colcon.colcon_core.shell:Skip shell extension 'powershell' for command environment: Not usable outside of PowerShell
[0.894s] DEBUG:colcon.colcon_core.shell:Skip shell extension 'dsv' for command environment
[0.903s] INFO:colcon.colcon_ros.task.ament_python.build:Building ROS package in '/home/shan/ros2_ws/src/myturtlectrl' with build type 'ament_python'
[0.904s] Level 1:colcon.colcon_core.shell:create_environment_hook('myturtlectrl', 'ament_prefix_path')
[0.904s] INFO:colcon.colcon_core.shell:Creating environment hook '/home/shan/ros2_ws/install/myturtlectrl/share/myturtlectrl/hook/ament_prefix_path.ps1'
[0.906s] INFO:colcon.colcon_core.shell:Creating environment descriptor '/home/shan/ros2_ws/install/myturtlectrl/share/myturtlectrl/hook/ament_prefix_path.dsv'
[0.907s] INFO:colcon.colcon_core.shell:Creating environment hook '/home/shan/ros2_ws/install/myturtlectrl/share/myturtlectrl/hook/ament_prefix_path.sh'
[0.909s] INFO:colcon.colcon_core.shell:Skip shell extension 'powershell' for command environment: Not usable outside of PowerShell
[0.909s] DEBUG:colcon.colcon_core.shell:Skip shell extension 'dsv' for command environment
[0.929s] DEBUG:colcon.colcon_core.event_handler.log_command:Invoking command in '/home/shan/ros2_ws/build/custom_interfaces': CMAKE_PREFIX_PATH=${CMAKE_PREFIX_PATH}:/home/shan/ros2_ws/install/myturtlectrl:/home/shan/ros2_ws/install/mypypkg:/opt/ros/humble /usr/bin/cmake --build /home/shan/ros2_ws/build/custom_interfaces -- -j16 -l16
[1.538s] INFO:colcon.colcon_core.task.python.build:Building Python package in '/home/shan/ros2_ws/src/myturtlectrl'
[1.539s] INFO:colcon.colcon_core.shell:Skip shell extension 'powershell' for command environment: Not usable outside of PowerShell
[1.539s] DEBUG:colcon.colcon_core.shell:Skip shell extension 'dsv' for command environment
[1.793s] DEBUG:colcon.colcon_core.event_handler.log_command:Invoked command in '/home/shan/ros2_ws/build/custom_interfaces' returned '0': CMAKE_PREFIX_PATH=${CMAKE_PREFIX_PATH}:/home/shan/ros2_ws/install/myturtlectrl:/home/shan/ros2_ws/install/mypypkg:/opt/ros/humble /usr/bin/cmake --build /home/shan/ros2_ws/build/custom_interfaces -- -j16 -l16
[1.818s] DEBUG:colcon.colcon_core.event_handler.log_command:Invoking command in '/home/shan/ros2_ws/build/custom_interfaces': CMAKE_PREFIX_PATH=${CMAKE_PREFIX_PATH}:/home/shan/ros2_ws/install/myturtlectrl:/home/shan/ros2_ws/install/mypypkg:/opt/ros/humble /usr/bin/cmake --install /home/shan/ros2_ws/build/custom_interfaces
[1.967s] Level 1:colcon.colcon_core.environment:create_environment_scripts_only(custom_interfaces)
[1.968s] DEBUG:colcon.colcon_core.event_handler.log_command:Invoked command in '/home/shan/ros2_ws/build/custom_interfaces' returned '0': CMAKE_PREFIX_PATH=${CMAKE_PREFIX_PATH}:/home/shan/ros2_ws/install/myturtlectrl:/home/shan/ros2_ws/install/mypypkg:/opt/ros/humble /usr/bin/cmake --install /home/shan/ros2_ws/build/custom_interfaces
[1.972s] Level 1:colcon.colcon_core.environment:checking '/home/shan/ros2_ws/install/custom_interfaces' for CMake module files
[1.974s] Level 1:colcon.colcon_core.environment:checking '/home/shan/ros2_ws/install/custom_interfaces' for CMake config files
[1.975s] Level 1:colcon.colcon_core.shell:create_environment_hook('custom_interfaces', 'cmake_prefix_path')
[1.976s] INFO:colcon.colcon_core.shell:Creating environment hook '/home/shan/ros2_ws/install/custom_interfaces/share/custom_interfaces/hook/cmake_prefix_path.ps1'
[1.977s] INFO:colcon.colcon_core.shell:Creating environment descriptor '/home/shan/ros2_ws/install/custom_interfaces/share/custom_interfaces/hook/cmake_prefix_path.dsv'
[1.977s] INFO:colcon.colcon_core.shell:Creating environment hook '/home/shan/ros2_ws/install/custom_interfaces/share/custom_interfaces/hook/cmake_prefix_path.sh'
[1.979s] Level 1:colcon.colcon_core.environment:checking '/home/shan/ros2_ws/install/custom_interfaces/lib'
[1.979s] Level 1:colcon.colcon_core.shell:create_environment_hook('custom_interfaces', 'ld_library_path_lib')
[1.980s] INFO:colcon.colcon_core.shell:Creating environment hook '/home/shan/ros2_ws/install/custom_interfaces/share/custom_interfaces/hook/ld_library_path_lib.ps1'
[1.980s] INFO:colcon.colcon_core.shell:Creating environment descriptor '/home/shan/ros2_ws/install/custom_interfaces/share/custom_interfaces/hook/ld_library_path_lib.dsv'
[1.981s] INFO:colcon.colcon_core.shell:Creating environment hook '/home/shan/ros2_ws/install/custom_interfaces/share/custom_interfaces/hook/ld_library_path_lib.sh'
[1.982s] Level 1:colcon.colcon_core.environment:checking '/home/shan/ros2_ws/install/custom_interfaces/bin'
[1.983s] Level 1:colcon.colcon_core.environment:checking '/home/shan/ros2_ws/install/custom_interfaces/lib/pkgconfig/custom_interfaces.pc'
[1.983s] Level 1:colcon.colcon_core.environment:checking '/home/shan/ros2_ws/install/custom_interfaces/lib/python3.10/site-packages'
[1.984s] Level 1:colcon.colcon_core.environment:checking '/home/shan/ros2_ws/install/custom_interfaces/bin'
[1.984s] INFO:colcon.colcon_core.shell:Creating package script '/home/shan/ros2_ws/install/custom_interfaces/share/custom_interfaces/package.ps1'
[1.986s] INFO:colcon.colcon_core.shell:Creating package descriptor '/home/shan/ros2_ws/install/custom_interfaces/share/custom_interfaces/package.dsv'
[1.987s] INFO:colcon.colcon_core.shell:Creating package script '/home/shan/ros2_ws/install/custom_interfaces/share/custom_interfaces/package.sh'
[1.989s] INFO:colcon.colcon_core.shell:Creating package script '/home/shan/ros2_ws/install/custom_interfaces/share/custom_interfaces/package.bash'
[1.991s] INFO:colcon.colcon_core.shell:Creating package script '/home/shan/ros2_ws/install/custom_interfaces/share/custom_interfaces/package.zsh'
[1.992s] Level 1:colcon.colcon_core.environment:create_file_with_runtime_dependencies(/home/shan/ros2_ws/install/custom_interfaces/share/colcon-core/packages/custom_interfaces)
[1.994s] Level 1:colcon.colcon_core.environment:create_environment_scripts_only(custom_interfaces)
[1.994s] Level 1:colcon.colcon_core.environment:checking '/home/shan/ros2_ws/install/custom_interfaces' for CMake module files
[1.995s] Level 1:colcon.colcon_core.environment:checking '/home/shan/ros2_ws/install/custom_interfaces' for CMake config files
[1.997s] Level 1:colcon.colcon_core.shell:create_environment_hook('custom_interfaces', 'cmake_prefix_path')
[1.997s] INFO:colcon.colcon_core.shell:Creating environment hook '/home/shan/ros2_ws/install/custom_interfaces/share/custom_interfaces/hook/cmake_prefix_path.ps1'
[1.998s] INFO:colcon.colcon_core.shell:Creating environment descriptor '/home/shan/ros2_ws/install/custom_interfaces/share/custom_interfaces/hook/cmake_prefix_path.dsv'
[1.999s] INFO:colcon.colcon_core.shell:Creating environment hook '/home/shan/ros2_ws/install/custom_interfaces/share/custom_interfaces/hook/cmake_prefix_path.sh'
[2.000s] Level 1:colcon.colcon_core.environment:checking '/home/shan/ros2_ws/install/custom_interfaces/lib'
[2.000s] Level 1:colcon.colcon_core.shell:create_environment_hook('custom_interfaces', 'ld_library_path_lib')
[2.001s] INFO:colcon.colcon_core.shell:Creating environment hook '/home/shan/ros2_ws/install/custom_interfaces/share/custom_interfaces/hook/ld_library_path_lib.ps1'
[2.001s] INFO:colcon.colcon_core.shell:Creating environment descriptor '/home/shan/ros2_ws/install/custom_interfaces/share/custom_interfaces/hook/ld_library_path_lib.dsv'
[2.002s] INFO:colcon.colcon_core.shell:Creating environment hook '/home/shan/ros2_ws/install/custom_interfaces/share/custom_interfaces/hook/ld_library_path_lib.sh'
[2.003s] Level 1:colcon.colcon_core.environment:checking '/home/shan/ros2_ws/install/custom_interfaces/bin'
[2.003s] Level 1:colcon.colcon_core.environment:checking '/home/shan/ros2_ws/install/custom_interfaces/lib/pkgconfig/custom_interfaces.pc'
[2.004s] Level 1:colcon.colcon_core.environment:checking '/home/shan/ros2_ws/install/custom_interfaces/lib/python3.10/site-packages'
[2.005s] Level 1:colcon.colcon_core.environment:checking '/home/shan/ros2_ws/install/custom_interfaces/bin'
[2.005s] INFO:colcon.colcon_core.shell:Creating package script '/home/shan/ros2_ws/install/custom_interfaces/share/custom_interfaces/package.ps1'
[2.007s] INFO:colcon.colcon_core.shell:Creating package descriptor '/home/shan/ros2_ws/install/custom_interfaces/share/custom_interfaces/package.dsv'
[2.008s] INFO:colcon.colcon_core.shell:Creating package script '/home/shan/ros2_ws/install/custom_interfaces/share/custom_interfaces/package.sh'
[2.009s] INFO:colcon.colcon_core.shell:Creating package script '/home/shan/ros2_ws/install/custom_interfaces/share/custom_interfaces/package.bash'
[2.010s] INFO:colcon.colcon_core.shell:Creating package script '/home/shan/ros2_ws/install/custom_interfaces/share/custom_interfaces/package.zsh'
[2.011s] Level 1:colcon.colcon_core.environment:create_file_with_runtime_dependencies(/home/shan/ros2_ws/install/custom_interfaces/share/colcon-core/packages/custom_interfaces)
[2.011s] INFO:colcon.colcon_ros.task.ament_python.build:Building ROS package in '/home/shan/ros2_ws/src/mypypkg' with build type 'ament_python'
[2.012s] Level 1:colcon.colcon_core.shell:create_environment_hook('mypypkg', 'ament_prefix_path')
[2.012s] INFO:colcon.colcon_core.shell:Creating environment hook '/home/shan/ros2_ws/install/mypypkg/share/mypypkg/hook/ament_prefix_path.ps1'
[2.014s] INFO:colcon.colcon_core.shell:Creating environment descriptor '/home/shan/ros2_ws/install/mypypkg/share/mypypkg/hook/ament_prefix_path.dsv'
[2.015s] INFO:colcon.colcon_core.shell:Creating environment hook '/home/shan/ros2_ws/install/mypypkg/share/mypypkg/hook/ament_prefix_path.sh'
[2.016s] INFO:colcon.colcon_core.shell:Skip shell extension 'powershell' for command environment: Not usable outside of PowerShell
[2.016s] DEBUG:colcon.colcon_core.shell:Skip shell extension 'dsv' for command environment
[2.623s] INFO:colcon.colcon_core.task.python.build:Building Python package in '/home/shan/ros2_ws/src/mypypkg'
[2.624s] INFO:colcon.colcon_core.shell:Skip shell extension 'powershell' for command environment: Not usable outside of PowerShell
[2.624s] DEBUG:colcon.colcon_core.shell:Skip shell extension 'dsv' for command environment
[2.638s] DEBUG:colcon.colcon_core.event_handler.log_command:Invoking command in '/home/shan/ros2_ws/src/myturtlectrl': PYTHONPATH=/home/shan/ros2_ws/build/myturtlectrl/prefix_override:/usr/lib/python3/dist-packages/colcon_core/task/python/colcon_distutils_commands:/home/shan/ros2_ws/install/myturtlectrl/lib/python3.10/site-packages:${PYTHONPATH} /usr/bin/python3 -W ignore:setup.py install is deprecated -W ignore:easy_install command is deprecated setup.py egg_info --egg-base ../../build/myturtlectrl build --build-base /home/shan/ros2_ws/build/myturtlectrl/build install --record /home/shan/ros2_ws/build/myturtlectrl/install.log --single-version-externally-managed install_data
[3.310s] Level 1:colcon.colcon_core.environment:checking '/home/shan/ros2_ws/install/myturtlectrl' for CMake module files
[3.311s] DEBUG:colcon.colcon_core.event_handler.log_command:Invoked command in '/home/shan/ros2_ws/src/myturtlectrl' returned '0': PYTHONPATH=/home/shan/ros2_ws/build/myturtlectrl/prefix_override:/usr/lib/python3/dist-packages/colcon_core/task/python/colcon_distutils_commands:/home/shan/ros2_ws/install/myturtlectrl/lib/python3.10/site-packages:${PYTHONPATH} /usr/bin/python3 -W ignore:setup.py install is deprecated -W ignore:easy_install command is deprecated setup.py egg_info --egg-base ../../build/myturtlectrl build --build-base /home/shan/ros2_ws/build/myturtlectrl/build install --record /home/shan/ros2_ws/build/myturtlectrl/install.log --single-version-externally-managed install_data
[3.311s] Level 1:colcon.colcon_core.environment:checking '/home/shan/ros2_ws/install/myturtlectrl' for CMake config files
[3.313s] Level 1:colcon.colcon_core.environment:checking '/home/shan/ros2_ws/install/myturtlectrl/lib'
[3.313s] Level 1:colcon.colcon_core.environment:checking '/home/shan/ros2_ws/install/myturtlectrl/bin'
[3.313s] Level 1:colcon.colcon_core.environment:checking '/home/shan/ros2_ws/install/myturtlectrl/lib/pkgconfig/myturtlectrl.pc'
[3.313s] Level 1:colcon.colcon_core.environment:checking '/home/shan/ros2_ws/install/myturtlectrl/lib/python3.10/site-packages'
[3.313s] Level 1:colcon.colcon_core.shell:create_environment_hook('myturtlectrl', 'pythonpath')
[3.314s] INFO:colcon.colcon_core.shell:Creating environment hook '/home/shan/ros2_ws/install/myturtlectrl/share/myturtlectrl/hook/pythonpath.ps1'
[3.315s] INFO:colcon.colcon_core.shell:Creating environment descriptor '/home/shan/ros2_ws/install/myturtlectrl/share/myturtlectrl/hook/pythonpath.dsv'
[3.316s] INFO:colcon.colcon_core.shell:Creating environment hook '/home/shan/ros2_ws/install/myturtlectrl/share/myturtlectrl/hook/pythonpath.sh'
[3.318s] Level 1:colcon.colcon_core.environment:checking '/home/shan/ros2_ws/install/myturtlectrl/bin'
[3.318s] Level 1:colcon.colcon_core.environment:create_environment_scripts_only(myturtlectrl)
[3.319s] INFO:colcon.colcon_core.shell:Creating package script '/home/shan/ros2_ws/install/myturtlectrl/share/myturtlectrl/package.ps1'
[3.320s] INFO:colcon.colcon_core.shell:Creating package descriptor '/home/shan/ros2_ws/install/myturtlectrl/share/myturtlectrl/package.dsv'
[3.321s] INFO:colcon.colcon_core.shell:Creating package script '/home/shan/ros2_ws/install/myturtlectrl/share/myturtlectrl/package.sh'
[3.322s] INFO:colcon.colcon_core.shell:Creating package script '/home/shan/ros2_ws/install/myturtlectrl/share/myturtlectrl/package.bash'
[3.323s] INFO:colcon.colcon_core.shell:Creating package script '/home/shan/ros2_ws/install/myturtlectrl/share/myturtlectrl/package.zsh'
[3.324s] Level 1:colcon.colcon_core.environment:create_file_with_runtime_dependencies(/home/shan/ros2_ws/install/myturtlectrl/share/colcon-core/packages/myturtlectrl)
[3.456s] DEBUG:colcon.colcon_core.event_handler.log_command:Invoking command in '/home/shan/ros2_ws/src/mypypkg': CMAKE_PREFIX_PATH=/home/shan/ros2_ws/install/custom_interfaces:/home/shan/ros2_ws/install/my_robot_bringup PYTHONPATH=/home/shan/ros2_ws/build/mypypkg/prefix_override:/usr/lib/python3/dist-packages/colcon_core/task/python/colcon_distutils_commands:/home/shan/ros2_ws/install/mypypkg/lib/python3.10/site-packages:${PYTHONPATH} /usr/bin/python3 -W ignore:setup.py install is deprecated -W ignore:easy_install command is deprecated setup.py egg_info --egg-base ../../build/mypypkg build --build-base /home/shan/ros2_ws/build/mypypkg/build install --record /home/shan/ros2_ws/build/mypypkg/install.log --single-version-externally-managed install_data
[4.135s] Level 1:colcon.colcon_core.environment:checking '/home/shan/ros2_ws/install/mypypkg' for CMake module files
[4.136s] DEBUG:colcon.colcon_core.event_handler.log_command:Invoked command in '/home/shan/ros2_ws/src/mypypkg' returned '0': CMAKE_PREFIX_PATH=/home/shan/ros2_ws/install/custom_interfaces:/home/shan/ros2_ws/install/my_robot_bringup PYTHONPATH=/home/shan/ros2_ws/build/mypypkg/prefix_override:/usr/lib/python3/dist-packages/colcon_core/task/python/colcon_distutils_commands:/home/shan/ros2_ws/install/mypypkg/lib/python3.10/site-packages:${PYTHONPATH} /usr/bin/python3 -W ignore:setup.py install is deprecated -W ignore:easy_install command is deprecated setup.py egg_info --egg-base ../../build/mypypkg build --build-base /home/shan/ros2_ws/build/mypypkg/build install --record /home/shan/ros2_ws/build/mypypkg/install.log --single-version-externally-managed install_data
[4.137s] Level 1:colcon.colcon_core.environment:checking '/home/shan/ros2_ws/install/mypypkg' for CMake config files
[4.139s] Level 1:colcon.colcon_core.environment:checking '/home/shan/ros2_ws/install/mypypkg/lib'
[4.139s] Level 1:colcon.colcon_core.environment:checking '/home/shan/ros2_ws/install/mypypkg/bin'
[4.139s] Level 1:colcon.colcon_core.environment:checking '/home/shan/ros2_ws/install/mypypkg/lib/pkgconfig/mypypkg.pc'
[4.140s] Level 1:colcon.colcon_core.environment:checking '/home/shan/ros2_ws/install/mypypkg/lib/python3.10/site-packages'
[4.140s] Level 1:colcon.colcon_core.shell:create_environment_hook('mypypkg', 'pythonpath')
[4.140s] INFO:colcon.colcon_core.shell:Creating environment hook '/home/shan/ros2_ws/install/mypypkg/share/mypypkg/hook/pythonpath.ps1'
[4.141s] INFO:colcon.colcon_core.shell:Creating environment descriptor '/home/shan/ros2_ws/install/mypypkg/share/mypypkg/hook/pythonpath.dsv'
[4.142s] INFO:colcon.colcon_core.shell:Creating environment hook '/home/shan/ros2_ws/install/mypypkg/share/mypypkg/hook/pythonpath.sh'
[4.143s] Level 1:colcon.colcon_core.environment:checking '/home/shan/ros2_ws/install/mypypkg/bin'
[4.144s] Level 1:colcon.colcon_core.environment:create_environment_scripts_only(mypypkg)
[4.144s] INFO:colcon.colcon_core.shell:Creating package script '/home/shan/ros2_ws/install/mypypkg/share/mypypkg/package.ps1'
[4.145s] INFO:colcon.colcon_core.shell:Creating package descriptor '/home/shan/ros2_ws/install/mypypkg/share/mypypkg/package.dsv'
[4.146s] INFO:colcon.colcon_core.shell:Creating package script '/home/shan/ros2_ws/install/mypypkg/share/mypypkg/package.sh'
[4.147s] INFO:colcon.colcon_core.shell:Creating package script '/home/shan/ros2_ws/install/mypypkg/share/mypypkg/package.bash'
[4.148s] INFO:colcon.colcon_core.shell:Creating package script '/home/shan/ros2_ws/install/mypypkg/share/mypypkg/package.zsh'
[4.148s] Level 1:colcon.colcon_core.environment:create_file_with_runtime_dependencies(/home/shan/ros2_ws/install/mypypkg/share/colcon-core/packages/mypypkg)
[4.150s] INFO:colcon.colcon_ros.task.ament_cmake.build:Building ROS package in '/home/shan/ros2_ws/src/my_robot_bringup' with build type 'ament_cmake'
[4.150s] INFO:colcon.colcon_cmake.task.cmake.build:Building CMake package in '/home/shan/ros2_ws/src/my_robot_bringup'
[4.151s] INFO:colcon.colcon_core.shell:Skip shell extension 'powershell' for command environment: Not usable outside of PowerShell
[4.151s] DEBUG:colcon.colcon_core.shell:Skip shell extension 'dsv' for command environment
[4.180s] DEBUG:colcon.colcon_core.event_handler.log_command:Invoking command in '/home/shan/ros2_ws/build/my_robot_bringup': AMENT_PREFIX_PATH=/home/shan/ros2_ws/install/mypypkg:/home/shan/ros2_ws/install/my_robot_bringup:/home/shan/ros2_ws/install/myturtlectrl:/home/shan/ros2_ws/install/custom_interfaces:/opt/ros/humble CMAKE_PREFIX_PATH=/home/shan/ros2_ws/install/custom_interfaces:/home/shan/ros2_ws/install/my_robot_bringup:/home/shan/ros2_ws/install/myturtlectrl:/home/shan/ros2_ws/install/mypypkg:/opt/ros/humble PYTHONPATH=/home/shan/ros2_ws/install/mypypkg/lib/python3.10/site-packages:/home/shan/ros2_ws/install/myturtlectrl/lib/python3.10/site-packages:/home/shan/ros2_ws/install/custom_interfaces/local/lib/python3.10/dist-packages:/opt/ros/humble/lib/python3.10/site-packages:/opt/ros/humble/local/lib/python3.10/dist-packages /usr/bin/cmake --build /home/shan/ros2_ws/build/my_robot_bringup -- -j16 -l16
[4.275s] DEBUG:colcon.colcon_core.event_handler.log_command:Invoked command in '/home/shan/ros2_ws/build/my_robot_bringup' returned '0': AMENT_PREFIX_PATH=/home/shan/ros2_ws/install/mypypkg:/home/shan/ros2_ws/install/my_robot_bringup:/home/shan/ros2_ws/install/myturtlectrl:/home/shan/ros2_ws/install/custom_interfaces:/opt/ros/humble CMAKE_PREFIX_PATH=/home/shan/ros2_ws/install/custom_interfaces:/home/shan/ros2_ws/install/my_robot_bringup:/home/shan/ros2_ws/install/myturtlectrl:/home/shan/ros2_ws/install/mypypkg:/opt/ros/humble PYTHONPATH=/home/shan/ros2_ws/install/mypypkg/lib/python3.10/site-packages:/home/shan/ros2_ws/install/myturtlectrl/lib/python3.10/site-packages:/home/shan/ros2_ws/install/custom_interfaces/local/lib/python3.10/dist-packages:/opt/ros/humble/lib/python3.10/site-packages:/opt/ros/humble/local/lib/python3.10/dist-packages /usr/bin/cmake --build /home/shan/ros2_ws/build/my_robot_bringup -- -j16 -l16
[4.278s] DEBUG:colcon.colcon_core.event_handler.log_command:Invoking command in '/home/shan/ros2_ws/build/my_robot_bringup': AMENT_PREFIX_PATH=/home/shan/ros2_ws/install/mypypkg:/home/shan/ros2_ws/install/my_robot_bringup:/home/shan/ros2_ws/install/myturtlectrl:/home/shan/ros2_ws/install/custom_interfaces:/opt/ros/humble CMAKE_PREFIX_PATH=/home/shan/ros2_ws/install/custom_interfaces:/home/shan/ros2_ws/install/my_robot_bringup:/home/shan/ros2_ws/install/myturtlectrl:/home/shan/ros2_ws/install/mypypkg:/opt/ros/humble PYTHONPATH=/home/shan/ros2_ws/install/mypypkg/lib/python3.10/site-packages:/home/shan/ros2_ws/install/myturtlectrl/lib/python3.10/site-packages:/home/shan/ros2_ws/install/custom_interfaces/local/lib/python3.10/dist-packages:/opt/ros/humble/lib/python3.10/site-packages:/opt/ros/humble/local/lib/python3.10/dist-packages /usr/bin/cmake --install /home/shan/ros2_ws/build/my_robot_bringup
[4.303s] Level 1:colcon.colcon_core.environment:create_environment_scripts_only(my_robot_bringup)
[4.304s] Level 1:colcon.colcon_core.environment:checking '/home/shan/ros2_ws/install/my_robot_bringup' for CMake module files
[4.305s] DEBUG:colcon.colcon_core.event_handler.log_command:Invoked command in '/home/shan/ros2_ws/build/my_robot_bringup' returned '0': AMENT_PREFIX_PATH=/home/shan/ros2_ws/install/mypypkg:/home/shan/ros2_ws/install/my_robot_bringup:/home/shan/ros2_ws/install/myturtlectrl:/home/shan/ros2_ws/install/custom_interfaces:/opt/ros/humble CMAKE_PREFIX_PATH=/home/shan/ros2_ws/install/custom_interfaces:/home/shan/ros2_ws/install/my_robot_bringup:/home/shan/ros2_ws/install/myturtlectrl:/home/shan/ros2_ws/install/mypypkg:/opt/ros/humble PYTHONPATH=/home/shan/ros2_ws/install/mypypkg/lib/python3.10/site-packages:/home/shan/ros2_ws/install/myturtlectrl/lib/python3.10/site-packages:/home/shan/ros2_ws/install/custom_interfaces/local/lib/python3.10/dist-packages:/opt/ros/humble/lib/python3.10/site-packages:/opt/ros/humble/local/lib/python3.10/dist-packages /usr/bin/cmake --install /home/shan/ros2_ws/build/my_robot_bringup
[4.306s] Level 1:colcon.colcon_core.environment:checking '/home/shan/ros2_ws/install/my_robot_bringup' for CMake config files
[4.307s] Level 1:colcon.colcon_core.shell:create_environment_hook('my_robot_bringup', 'cmake_prefix_path')
[4.307s] INFO:colcon.colcon_core.shell:Creating environment hook '/home/shan/ros2_ws/install/my_robot_bringup/share/my_robot_bringup/hook/cmake_prefix_path.ps1'
[4.308s] INFO:colcon.colcon_core.shell:Creating environment descriptor '/home/shan/ros2_ws/install/my_robot_bringup/share/my_robot_bringup/hook/cmake_prefix_path.dsv'
[4.309s] INFO:colcon.colcon_core.shell:Creating environment hook '/home/shan/ros2_ws/install/my_robot_bringup/share/my_robot_bringup/hook/cmake_prefix_path.sh'
[4.310s] Level 1:colcon.colcon_core.environment:checking '/home/shan/ros2_ws/install/my_robot_bringup/bin'
[4.310s] Level 1:colcon.colcon_core.environment:checking '/home/shan/ros2_ws/install/my_robot_bringup/lib/pkgconfig/my_robot_bringup.pc'
[4.311s] Level 1:colcon.colcon_core.environment:checking '/home/shan/ros2_ws/install/my_robot_bringup/lib/python3.10/site-packages'
[4.311s] Level 1:colcon.colcon_core.environment:checking '/home/shan/ros2_ws/install/my_robot_bringup/bin'
[4.312s] INFO:colcon.colcon_core.shell:Creating package script '/home/shan/ros2_ws/install/my_robot_bringup/share/my_robot_bringup/package.ps1'
[4.313s] INFO:colcon.colcon_core.shell:Creating package descriptor '/home/shan/ros2_ws/install/my_robot_bringup/share/my_robot_bringup/package.dsv'
[4.314s] INFO:colcon.colcon_core.shell:Creating package script '/home/shan/ros2_ws/install/my_robot_bringup/share/my_robot_bringup/package.sh'
[4.314s] INFO:colcon.colcon_core.shell:Creating package script '/home/shan/ros2_ws/install/my_robot_bringup/share/my_robot_bringup/package.bash'
[4.315s] INFO:colcon.colcon_core.shell:Creating package script '/home/shan/ros2_ws/install/my_robot_bringup/share/my_robot_bringup/package.zsh'
[4.317s] Level 1:colcon.colcon_core.environment:create_file_with_runtime_dependencies(/home/shan/ros2_ws/install/my_robot_bringup/share/colcon-core/packages/my_robot_bringup)
[4.318s] Level 1:colcon.colcon_core.environment:create_environment_scripts_only(my_robot_bringup)
[4.319s] Level 1:colcon.colcon_core.environment:checking '/home/shan/ros2_ws/install/my_robot_bringup' for CMake module files
[4.320s] Level 1:colcon.colcon_core.environment:checking '/home/shan/ros2_ws/install/my_robot_bringup' for CMake config files
[4.321s] Level 1:colcon.colcon_core.shell:create_environment_hook('my_robot_bringup', 'cmake_prefix_path')
[4.321s] INFO:colcon.colcon_core.shell:Creating environment hook '/home/shan/ros2_ws/install/my_robot_bringup/share/my_robot_bringup/hook/cmake_prefix_path.ps1'
[4.322s] INFO:colcon.colcon_core.shell:Creating environment descriptor '/home/shan/ros2_ws/install/my_robot_bringup/share/my_robot_bringup/hook/cmake_prefix_path.dsv'
[4.323s] INFO:colcon.colcon_core.shell:Creating environment hook '/home/shan/ros2_ws/install/my_robot_bringup/share/my_robot_bringup/hook/cmake_prefix_path.sh'
[4.324s] Level 1:colcon.colcon_core.environment:checking '/home/shan/ros2_ws/install/my_robot_bringup/bin'
[4.324s] Level 1:colcon.colcon_core.environment:checking '/home/shan/ros2_ws/install/my_robot_bringup/lib/pkgconfig/my_robot_bringup.pc'
[4.325s] Level 1:colcon.colcon_core.environment:checking '/home/shan/ros2_ws/install/my_robot_bringup/lib/python3.10/site-packages'
[4.326s] Level 1:colcon.colcon_core.environment:checking '/home/shan/ros2_ws/install/my_robot_bringup/bin'
[4.326s] INFO:colcon.colcon_core.shell:Creating package script '/home/shan/ros2_ws/install/my_robot_bringup/share/my_robot_bringup/package.ps1'
[4.327s] INFO:colcon.colcon_core.shell:Creating package descriptor '/home/shan/ros2_ws/install/my_robot_bringup/share/my_robot_bringup/package.dsv'
[4.328s] INFO:colcon.colcon_core.shell:Creating package script '/home/shan/ros2_ws/install/my_robot_bringup/share/my_robot_bringup/package.sh'
[4.330s] INFO:colcon.colcon_core.shell:Creating package script '/home/shan/ros2_ws/install/my_robot_bringup/share/my_robot_bringup/package.bash'
[4.331s] INFO:colcon.colcon_core.shell:Creating package script '/home/shan/ros2_ws/install/my_robot_bringup/share/my_robot_bringup/package.zsh'
[4.331s] Level 1:colcon.colcon_core.environment:create_file_with_runtime_dependencies(/home/shan/ros2_ws/install/my_robot_bringup/share/colcon-core/packages/my_robot_bringup)
[4.332s] DEBUG:colcon.colcon_parallel_executor.executor.parallel:closing loop
[4.333s] DEBUG:colcon.colcon_parallel_executor.executor.parallel:loop closed
[4.333s] DEBUG:colcon.colcon_parallel_executor.executor.parallel:run_until_complete finished with '0'
[4.333s] DEBUG:colcon.colcon_core.event_reactor:joining thread
[4.345s] INFO:colcon.colcon_core.plugin_system:Skipping extension 'colcon_notification.desktop_notification.terminal_notifier': Not used on non-Darwin systems
[4.345s] INFO:colcon.colcon_core.plugin_system:Skipping extension 'colcon_notification.desktop_notification.win32': Not used on non-Windows systems
[4.345s] INFO:colcon.colcon_notification.desktop_notification:Sending desktop notification using 'notify2'
[4.370s] DEBUG:colcon.colcon_core.event_reactor:joined thread
[4.371s] INFO:colcon.colcon_core.shell:Creating prefix script '/home/shan/ros2_ws/install/local_setup.ps1'
[4.373s] INFO:colcon.colcon_core.shell:Creating prefix util module '/home/shan/ros2_ws/install/_local_setup_util_ps1.py'
[4.376s] INFO:colcon.colcon_core.shell:Creating prefix chain script '/home/shan/ros2_ws/install/setup.ps1'
[4.378s] INFO:colcon.colcon_core.shell:Creating prefix script '/home/shan/ros2_ws/install/local_setup.sh'
[4.379s] INFO:colcon.colcon_core.shell:Creating prefix util module '/home/shan/ros2_ws/install/_local_setup_util_sh.py'
[4.380s] INFO:colcon.colcon_core.shell:Creating prefix chain script '/home/shan/ros2_ws/install/setup.sh'
[4.383s] INFO:colcon.colcon_core.shell:Creating prefix script '/home/shan/ros2_ws/install/local_setup.bash'
[4.385s] INFO:colcon.colcon_core.shell:Creating prefix chain script '/home/shan/ros2_ws/install/setup.bash'
[4.387s] INFO:colcon.colcon_core.shell:Creating prefix script '/home/shan/ros2_ws/install/local_setup.zsh'
[4.388s] INFO:colcon.colcon_core.shell:Creating prefix chain script '/home/shan/ros2_ws/install/setup.zsh'
