/home/shan/ros2_ws/install/mypypkg/lib/python3.10/site-packages/mypypkg/__init__.py
/home/shan/ros2_ws/install/mypypkg/lib/python3.10/site-packages/mypypkg/parameter.py
/home/shan/ros2_ws/install/mypypkg/lib/python3.10/site-packages/mypypkg/vpublisher.py
/home/shan/ros2_ws/install/mypypkg/lib/python3.10/site-packages/mypypkg/subscriber1.py
/home/shan/ros2_ws/install/mypypkg/lib/python3.10/site-packages/mypypkg/camerasubscriber.py
/home/shan/ros2_ws/install/mypypkg/lib/python3.10/site-packages/mypypkg/psub.py
/home/shan/ros2_ws/install/mypypkg/lib/python3.10/site-packages/mypypkg/customserver1.py
/home/shan/ros2_ws/install/mypypkg/lib/python3.10/site-packages/mypypkg/server.py
/home/shan/ros2_ws/install/mypypkg/lib/python3.10/site-packages/mypypkg/camerapub.py
/home/shan/ros2_ws/install/mypypkg/lib/python3.10/site-packages/mypypkg/hsub.py
/home/shan/ros2_ws/install/mypypkg/lib/python3.10/site-packages/mypypkg/subscriber.py
/home/shan/ros2_ws/install/mypypkg/lib/python3.10/site-packages/mypypkg/client.py
/home/shan/ros2_ws/install/mypypkg/lib/python3.10/site-packages/mypypkg/customsrvclient2.py
/home/shan/ros2_ws/install/mypypkg/lib/python3.10/site-packages/mypypkg/ppub.py
/home/shan/ros2_ws/install/mypypkg/lib/python3.10/site-packages/mypypkg/turtletest.py
/home/shan/ros2_ws/install/mypypkg/lib/python3.10/site-packages/mypypkg/publisher.py
/home/shan/ros2_ws/install/mypypkg/lib/python3.10/site-packages/mypypkg/boolnode.py
/home/shan/ros2_ws/install/mypypkg/lib/python3.10/site-packages/mypypkg/customsrvclient.py
/home/shan/ros2_ws/install/mypypkg/lib/python3.10/site-packages/mypypkg/hpub.py
/home/shan/ros2_ws/install/mypypkg/lib/python3.10/site-packages/mypypkg/publisher1.py
/home/shan/ros2_ws/install/mypypkg/lib/python3.10/site-packages/mypypkg/test1.py
/home/shan/ros2_ws/install/mypypkg/lib/python3.10/site-packages/mypypkg/vsubscriber.py
/home/shan/ros2_ws/install/mypypkg/lib/python3.10/site-packages/mypypkg/customserver2.py
/home/shan/ros2_ws/install/mypypkg/lib/python3.10/site-packages/mypypkg/dpservice.py
/home/shan/ros2_ws/install/mypypkg/lib/python3.10/site-packages/mypypkg/__pycache__/__init__.cpython-310.pyc
/home/shan/ros2_ws/install/mypypkg/lib/python3.10/site-packages/mypypkg/__pycache__/parameter.cpython-310.pyc
/home/shan/ros2_ws/install/mypypkg/lib/python3.10/site-packages/mypypkg/__pycache__/vpublisher.cpython-310.pyc
/home/shan/ros2_ws/install/mypypkg/lib/python3.10/site-packages/mypypkg/__pycache__/subscriber1.cpython-310.pyc
/home/shan/ros2_ws/install/mypypkg/lib/python3.10/site-packages/mypypkg/__pycache__/camerasubscriber.cpython-310.pyc
/home/shan/ros2_ws/install/mypypkg/lib/python3.10/site-packages/mypypkg/__pycache__/psub.cpython-310.pyc
/home/shan/ros2_ws/install/mypypkg/lib/python3.10/site-packages/mypypkg/__pycache__/customserver1.cpython-310.pyc
/home/shan/ros2_ws/install/mypypkg/lib/python3.10/site-packages/mypypkg/__pycache__/server.cpython-310.pyc
/home/shan/ros2_ws/install/mypypkg/lib/python3.10/site-packages/mypypkg/__pycache__/camerapub.cpython-310.pyc
/home/shan/ros2_ws/install/mypypkg/lib/python3.10/site-packages/mypypkg/__pycache__/hsub.cpython-310.pyc
/home/shan/ros2_ws/install/mypypkg/lib/python3.10/site-packages/mypypkg/__pycache__/subscriber.cpython-310.pyc
/home/shan/ros2_ws/install/mypypkg/lib/python3.10/site-packages/mypypkg/__pycache__/client.cpython-310.pyc
/home/shan/ros2_ws/install/mypypkg/lib/python3.10/site-packages/mypypkg/__pycache__/customsrvclient2.cpython-310.pyc
/home/shan/ros2_ws/install/mypypkg/lib/python3.10/site-packages/mypypkg/__pycache__/ppub.cpython-310.pyc
/home/shan/ros2_ws/install/mypypkg/lib/python3.10/site-packages/mypypkg/__pycache__/turtletest.cpython-310.pyc
/home/shan/ros2_ws/install/mypypkg/lib/python3.10/site-packages/mypypkg/__pycache__/publisher.cpython-310.pyc
/home/shan/ros2_ws/install/mypypkg/lib/python3.10/site-packages/mypypkg/__pycache__/boolnode.cpython-310.pyc
/home/shan/ros2_ws/install/mypypkg/lib/python3.10/site-packages/mypypkg/__pycache__/customsrvclient.cpython-310.pyc
/home/shan/ros2_ws/install/mypypkg/lib/python3.10/site-packages/mypypkg/__pycache__/hpub.cpython-310.pyc
/home/shan/ros2_ws/install/mypypkg/lib/python3.10/site-packages/mypypkg/__pycache__/publisher1.cpython-310.pyc
/home/shan/ros2_ws/install/mypypkg/lib/python3.10/site-packages/mypypkg/__pycache__/test1.cpython-310.pyc
/home/shan/ros2_ws/install/mypypkg/lib/python3.10/site-packages/mypypkg/__pycache__/vsubscriber.cpython-310.pyc
/home/shan/ros2_ws/install/mypypkg/lib/python3.10/site-packages/mypypkg/__pycache__/customserver2.cpython-310.pyc
/home/shan/ros2_ws/install/mypypkg/lib/python3.10/site-packages/mypypkg/__pycache__/dpservice.cpython-310.pyc
/home/shan/ros2_ws/install/mypypkg/share/ament_index/resource_index/packages/mypypkg
/home/shan/ros2_ws/install/mypypkg/share/mypypkg/package.xml
/home/shan/ros2_ws/install/mypypkg/lib/python3.10/site-packages/mypypkg-0.0.0-py3.10.egg-info/zip-safe
/home/shan/ros2_ws/install/mypypkg/lib/python3.10/site-packages/mypypkg-0.0.0-py3.10.egg-info/SOURCES.txt
/home/shan/ros2_ws/install/mypypkg/lib/python3.10/site-packages/mypypkg-0.0.0-py3.10.egg-info/dependency_links.txt
/home/shan/ros2_ws/install/mypypkg/lib/python3.10/site-packages/mypypkg-0.0.0-py3.10.egg-info/entry_points.txt
/home/shan/ros2_ws/install/mypypkg/lib/python3.10/site-packages/mypypkg-0.0.0-py3.10.egg-info/top_level.txt
/home/shan/ros2_ws/install/mypypkg/lib/python3.10/site-packages/mypypkg-0.0.0-py3.10.egg-info/PKG-INFO
/home/shan/ros2_ws/install/mypypkg/lib/python3.10/site-packages/mypypkg-0.0.0-py3.10.egg-info/requires.txt
/home/shan/ros2_ws/install/mypypkg/lib/mypypkg/boolnode
/home/shan/ros2_ws/install/mypypkg/lib/mypypkg/cameranode
/home/shan/ros2_ws/install/mypypkg/lib/mypypkg/dpclient
/home/shan/ros2_ws/install/mypypkg/lib/mypypkg/dpserver
/home/shan/ros2_ws/install/mypypkg/lib/mypypkg/dpserver2
/home/shan/ros2_ws/install/mypypkg/lib/mypypkg/hpub
/home/shan/ros2_ws/install/mypypkg/lib/mypypkg/hsub
/home/shan/ros2_ws/install/mypypkg/lib/mypypkg/mitclient
/home/shan/ros2_ws/install/mypypkg/lib/mypypkg/mtiserver
/home/shan/ros2_ws/install/mypypkg/lib/mypypkg/paramexnode
/home/shan/ros2_ws/install/mypypkg/lib/mypypkg/ppub
/home/shan/ros2_ws/install/mypypkg/lib/mypypkg/psub
/home/shan/ros2_ws/install/mypypkg/lib/mypypkg/pub1
/home/shan/ros2_ws/install/mypypkg/lib/mypypkg/sub1
/home/shan/ros2_ws/install/mypypkg/lib/mypypkg/testclient
/home/shan/ros2_ws/install/mypypkg/lib/mypypkg/testexec
/home/shan/ros2_ws/install/mypypkg/lib/mypypkg/testpub
/home/shan/ros2_ws/install/mypypkg/lib/mypypkg/testserver
/home/shan/ros2_ws/install/mypypkg/lib/mypypkg/testsub
/home/shan/ros2_ws/install/mypypkg/lib/mypypkg/vectorpub
/home/shan/ros2_ws/install/mypypkg/lib/mypypkg/vectorsub
