[0.023s] Invoking command in '/home/shan/ros2_ws/build/custom_interfaces': /usr/bin/cmake /home/shan/ros2_ws/src/custom_interfaces -DCMAKE_INSTALL_PREFIX=/home/shan/ros2_ws/install/custom_interfaces
[0.191s] -- The C compiler identification is GNU 11.4.0
[0.332s] -- The CXX compiler identification is GNU 11.4.0
[0.354s] -- Detecting C compiler ABI info
[0.512s] -- Detecting C compiler ABI info - done
[0.528s] -- Check for working C compiler: /usr/bin/cc - skipped
[0.530s] -- Detecting C compile features
[0.532s] -- Detecting C compile features - done
[0.540s] -- Detecting CXX compiler ABI info
[0.724s] -- Detecting CXX compiler ABI info - done
[0.740s] -- Check for working CXX compiler: /usr/bin/c++ - skipped
[0.741s] -- Detecting CXX compile features
[0.742s] -- Detecting CXX compile features - done
[0.751s] -- Found ament_cmake: 1.3.12 (/opt/ros/humble/share/ament_cmake/cmake)
[1.086s] -- Found Python3: /usr/bin/python3 (found version "3.10.12") found components: Interpreter 
[1.310s] -- Found rosidl_default_generators: 1.2.0 (/opt/ros/humble/share/rosidl_default_generators/cmake)
[1.319s] -- Using all available rosidl_typesupport_c: rosidl_typesupport_fastrtps_c;rosidl_typesupport_introspection_c
[1.338s] -- Found rosidl_adapter: 3.1.8 (/opt/ros/humble/share/rosidl_adapter/cmake)
[1.449s] -- Using all available rosidl_typesupport_cpp: rosidl_typesupport_fastrtps_cpp;rosidl_typesupport_introspection_cpp
[1.900s] Error parsing '/home/shan/ros2_ws/src/custom_interfaces/package.xml':
[1.996s] Traceback (most recent call last):
[1.996s]   File "/usr/lib/python3/dist-packages/catkin_pkg/package.py", line 610, in parse_package_string
[1.998s]     root = dom.parseString(data)
[1.998s]   File "/usr/lib/python3.10/xml/dom/minidom.py", line 1995, in parseString
[1.999s]     return expatbuilder.parseString(string)
[1.999s]   File "/usr/lib/python3.10/xml/dom/expatbuilder.py", line 925, in parseString
[2.000s]     return builder.parseString(string)
[2.000s]   File "/usr/lib/python3.10/xml/dom/expatbuilder.py", line 223, in parseString
[2.000s]     parser.Parse(string, True)
[2.000s] xml.parsers.expat.ExpatError: mismatched tag: line 11, column 47
[2.000s] 
[2.001s] During handling of the above exception, another exception occurred:
[2.001s] 
[2.001s] Traceback (most recent call last):
[2.001s]   File "/opt/ros/humble/share/ament_cmake_core/cmake/core/package_xml_2_cmake.py", line 150, in <module>
[2.001s]     main()
[2.001s]   File "/opt/ros/humble/share/ament_cmake_core/cmake/core/package_xml_2_cmake.py", line 53, in main
[2.001s]     raise e
[2.002s]   File "/opt/ros/humble/share/ament_cmake_core/cmake/core/package_xml_2_cmake.py", line 49, in main
[2.002s]     package = parse_package_string(
[2.002s]   File "/usr/lib/python3/dist-packages/catkin_pkg/package.py", line 612, in parse_package_string
[2.002s]     raise InvalidPackage('The manifest contains invalid XML:\n%s' % ex, filename)
[2.002s] catkin_pkg.package.InvalidPackage: Error(s) in package '/home/shan/ros2_ws/src/custom_interfaces/package.xml':
[2.002s] The manifest contains invalid XML:
[2.002s] mismatched tag: line 11, column 47
[2.030s] [31mCMake Error at /opt/ros/humble/share/ament_cmake_core/cmake/core/ament_package_xml.cmake:95 (message):
[2.030s]   execute_process(/usr/bin/python3
[2.030s]   /opt/ros/humble/share/ament_cmake_core/cmake/core/package_xml_2_cmake.py
[2.030s]   /home/shan/ros2_ws/src/custom_interfaces/package.xml
[2.030s]   /home/shan/ros2_ws/build/custom_interfaces/ament_cmake_core/package.cmake)
[2.031s]   returned error code 1
[2.031s] Call Stack (most recent call first):
[2.031s]   /opt/ros/humble/share/ament_cmake_core/cmake/core/ament_package_xml.cmake:49 (_ament_package_xml)
[2.031s]   /opt/ros/humble/share/rosidl_cmake/cmake/rosidl_generate_interfaces.cmake:226 (ament_package_xml)
[2.031s]   CMakeLists.txt:12 (rosidl_generate_interfaces)
[2.031s] 
[2.031s] [0m
[2.031s] -- Configuring incomplete, errors occurred!
[2.032s] See also "/home/shan/ros2_ws/build/custom_interfaces/CMakeFiles/CMakeOutput.log".
[2.047s] Invoked command in '/home/shan/ros2_ws/build/custom_interfaces' returned '1': /usr/bin/cmake /home/shan/ros2_ws/src/custom_interfaces -DCMAKE_INSTALL_PREFIX=/home/shan/ros2_ws/install/custom_interfaces
