[0.582s] Invoking command in '/home/shan/ros2_ws/src/mypypkg': PYTHONPATH=/home/shan/ros2_ws/build/mypypkg/prefix_override:/usr/lib/python3/dist-packages/colcon_core/task/python/colcon_distutils_commands:/home/shan/ros2_ws/install/mypypkg/lib/python3.10/site-packages:${PYTHONPATH} /usr/bin/python3 -W ignore:setup.py install is deprecated -W ignore:easy_install command is deprecated setup.py egg_info --egg-base ../../build/mypypkg build --build-base /home/shan/ros2_ws/build/mypypkg/build install --record /home/shan/ros2_ws/build/mypypkg/install.log --single-version-externally-managed install_data
[0.747s] running egg_info
[0.747s] writing ../../build/mypypkg/mypypkg.egg-info/PKG-INFO
[0.749s] writing dependency_links to ../../build/mypypkg/mypypkg.egg-info/dependency_links.txt
[0.749s] writing entry points to ../../build/mypypkg/mypypkg.egg-info/entry_points.txt
[0.750s] writing requirements to ../../build/mypypkg/mypypkg.egg-info/requires.txt
[0.750s] writing top-level names to ../../build/mypypkg/mypypkg.egg-info/top_level.txt
[0.752s] reading manifest file '../../build/mypypkg/mypypkg.egg-info/SOURCES.txt'
[0.753s] writing manifest file '../../build/mypypkg/mypypkg.egg-info/SOURCES.txt'
[0.753s] running build
[0.753s] running build_py
[0.754s] running install
[0.754s] running install_lib
[0.756s] running install_data
[0.756s] running install_egg_info
[0.758s] removing '/home/shan/ros2_ws/install/mypypkg/lib/python3.10/site-packages/mypypkg-0.0.0-py3.10.egg-info' (and everything under it)
[0.759s] Copying ../../build/mypypkg/mypypkg.egg-info to /home/shan/ros2_ws/install/mypypkg/lib/python3.10/site-packages/mypypkg-0.0.0-py3.10.egg-info
[0.760s] running install_scripts
[0.773s] Installing boolnode script to /home/shan/ros2_ws/install/mypypkg/lib/mypypkg
[0.774s] Installing cameranode script to /home/shan/ros2_ws/install/mypypkg/lib/mypypkg
[0.774s] Installing dpclient script to /home/shan/ros2_ws/install/mypypkg/lib/mypypkg
[0.774s] Installing dpserver script to /home/shan/ros2_ws/install/mypypkg/lib/mypypkg
[0.774s] Installing dpserver2 script to /home/shan/ros2_ws/install/mypypkg/lib/mypypkg
[0.774s] Installing hpub script to /home/shan/ros2_ws/install/mypypkg/lib/mypypkg
[0.774s] Installing hsub script to /home/shan/ros2_ws/install/mypypkg/lib/mypypkg
[0.774s] Installing mitclient script to /home/shan/ros2_ws/install/mypypkg/lib/mypypkg
[0.775s] Installing mtiserver script to /home/shan/ros2_ws/install/mypypkg/lib/mypypkg
[0.775s] Installing paramexnode script to /home/shan/ros2_ws/install/mypypkg/lib/mypypkg
[0.775s] Installing ppub script to /home/shan/ros2_ws/install/mypypkg/lib/mypypkg
[0.775s] Installing psub script to /home/shan/ros2_ws/install/mypypkg/lib/mypypkg
[0.775s] Installing pub1 script to /home/shan/ros2_ws/install/mypypkg/lib/mypypkg
[0.775s] Installing sub1 script to /home/shan/ros2_ws/install/mypypkg/lib/mypypkg
[0.775s] Installing testclient script to /home/shan/ros2_ws/install/mypypkg/lib/mypypkg
[0.775s] Installing testexec script to /home/shan/ros2_ws/install/mypypkg/lib/mypypkg
[0.775s] Installing testpub script to /home/shan/ros2_ws/install/mypypkg/lib/mypypkg
[0.775s] Installing testserver script to /home/shan/ros2_ws/install/mypypkg/lib/mypypkg
[0.775s] Installing testsub script to /home/shan/ros2_ws/install/mypypkg/lib/mypypkg
[0.775s] Installing vectorpub script to /home/shan/ros2_ws/install/mypypkg/lib/mypypkg
[0.775s] Installing vectorsub script to /home/shan/ros2_ws/install/mypypkg/lib/mypypkg
[0.776s] writing list of installed files to '/home/shan/ros2_ws/build/mypypkg/install.log'
[0.794s] Invoked command in '/home/shan/ros2_ws/src/mypypkg' returned '0': PYTHONPATH=/home/shan/ros2_ws/build/mypypkg/prefix_override:/usr/lib/python3/dist-packages/colcon_core/task/python/colcon_distutils_commands:/home/shan/ros2_ws/install/mypypkg/lib/python3.10/site-packages:${PYTHONPATH} /usr/bin/python3 -W ignore:setup.py install is deprecated -W ignore:easy_install command is deprecated setup.py egg_info --egg-base ../../build/mypypkg build --build-base /home/shan/ros2_ws/build/mypypkg/build install --record /home/shan/ros2_ws/build/mypypkg/install.log --single-version-externally-managed install_data
