[1.408s] Invoking command in '/home/shan/ros2_ws/src/mypypkg': CMAKE_PREFIX_PATH=/home/shan/ros2_ws/install/custom_interfaces:/home/shan/ros2_ws/install/my_robot_bringup PYTHONPATH=/home/shan/ros2_ws/build/mypypkg/prefix_override:/usr/lib/python3/dist-packages/colcon_core/task/python/colcon_distutils_commands:/home/shan/ros2_ws/install/mypypkg/lib/python3.10/site-packages:${PYTHONPATH} /usr/bin/python3 -W ignore:setup.py install is deprecated -W ignore:easy_install command is deprecated setup.py egg_info --egg-base ../../build/mypypkg build --build-base /home/shan/ros2_ws/build/mypypkg/build install --record /home/shan/ros2_ws/build/mypypkg/install.log --single-version-externally-managed install_data
[1.938s] running egg_info
[1.939s] writing ../../build/mypypkg/mypypkg.egg-info/PKG-INFO
[1.940s] writing dependency_links to ../../build/mypypkg/mypypkg.egg-info/dependency_links.txt
[1.941s] writing entry points to ../../build/mypypkg/mypypkg.egg-info/entry_points.txt
[1.941s] writing requirements to ../../build/mypypkg/mypypkg.egg-info/requires.txt
[1.941s] writing top-level names to ../../build/mypypkg/mypypkg.egg-info/top_level.txt
[1.945s] reading manifest file '../../build/mypypkg/mypypkg.egg-info/SOURCES.txt'
[1.948s] writing manifest file '../../build/mypypkg/mypypkg.egg-info/SOURCES.txt'
[1.948s] running build
[1.949s] running build_py
[1.951s] running install
[1.952s] running install_lib
[1.957s] running install_data
[1.957s] running install_egg_info
[1.962s] removing '/home/shan/ros2_ws/install/mypypkg/lib/python3.10/site-packages/mypypkg-0.0.0-py3.10.egg-info' (and everything under it)
[1.963s] Copying ../../build/mypypkg/mypypkg.egg-info to /home/shan/ros2_ws/install/mypypkg/lib/python3.10/site-packages/mypypkg-0.0.0-py3.10.egg-info
[1.965s] running install_scripts
[2.007s] Installing boolnode script to /home/shan/ros2_ws/install/mypypkg/lib/mypypkg
[2.008s] Installing cameranode script to /home/shan/ros2_ws/install/mypypkg/lib/mypypkg
[2.008s] Installing dpclient script to /home/shan/ros2_ws/install/mypypkg/lib/mypypkg
[2.009s] Installing dpserver script to /home/shan/ros2_ws/install/mypypkg/lib/mypypkg
[2.009s] Installing dpserver2 script to /home/shan/ros2_ws/install/mypypkg/lib/mypypkg
[2.009s] Installing hpub script to /home/shan/ros2_ws/install/mypypkg/lib/mypypkg
[2.010s] Installing hsub script to /home/shan/ros2_ws/install/mypypkg/lib/mypypkg
[2.010s] Installing mitclient script to /home/shan/ros2_ws/install/mypypkg/lib/mypypkg
[2.010s] Installing mtiserver script to /home/shan/ros2_ws/install/mypypkg/lib/mypypkg
[2.011s] Installing paramexnode script to /home/shan/ros2_ws/install/mypypkg/lib/mypypkg
[2.011s] Installing ppub script to /home/shan/ros2_ws/install/mypypkg/lib/mypypkg
[2.011s] Installing psub script to /home/shan/ros2_ws/install/mypypkg/lib/mypypkg
[2.011s] Installing pub1 script to /home/shan/ros2_ws/install/mypypkg/lib/mypypkg
[2.011s] Installing sub1 script to /home/shan/ros2_ws/install/mypypkg/lib/mypypkg
[2.011s] Installing testclient script to /home/shan/ros2_ws/install/mypypkg/lib/mypypkg
[2.012s] Installing testexec script to /home/shan/ros2_ws/install/mypypkg/lib/mypypkg
[2.012s] Installing testpub script to /home/shan/ros2_ws/install/mypypkg/lib/mypypkg
[2.012s] Installing testserver script to /home/shan/ros2_ws/install/mypypkg/lib/mypypkg
[2.013s] Installing testsub script to /home/shan/ros2_ws/install/mypypkg/lib/mypypkg
[2.013s] Installing vectorpub script to /home/shan/ros2_ws/install/mypypkg/lib/mypypkg
[2.013s] Installing vectorsub script to /home/shan/ros2_ws/install/mypypkg/lib/mypypkg
[2.015s] writing list of installed files to '/home/shan/ros2_ws/build/mypypkg/install.log'
[2.060s] Invoked command in '/home/shan/ros2_ws/src/mypypkg' returned '0': CMAKE_PREFIX_PATH=/home/shan/ros2_ws/install/custom_interfaces:/home/shan/ros2_ws/install/my_robot_bringup PYTHONPATH=/home/shan/ros2_ws/build/mypypkg/prefix_override:/usr/lib/python3/dist-packages/colcon_core/task/python/colcon_distutils_commands:/home/shan/ros2_ws/install/mypypkg/lib/python3.10/site-packages:${PYTHONPATH} /usr/bin/python3 -W ignore:setup.py install is deprecated -W ignore:easy_install command is deprecated setup.py egg_info --egg-base ../../build/mypypkg build --build-base /home/shan/ros2_ws/build/mypypkg/build install --record /home/shan/ros2_ws/build/mypypkg/install.log --single-version-externally-managed install_data
