[0.471s] Invoking command in '/home/shan/ros2_ws/src/mypypkg': PYTHONPATH=/home/shan/ros2_ws/build/mypypkg/prefix_override:/usr/lib/python3/dist-packages/colcon_core/task/python/colcon_distutils_commands:/home/shan/ros2_ws/install/mypypkg/lib/python3.10/site-packages:${PYTHONPATH} /usr/bin/python3 -W ignore:setup.py install is deprecated -W ignore:easy_install command is deprecated setup.py egg_info --egg-base ../../build/mypypkg build --build-base /home/shan/ros2_ws/build/mypypkg/build install --record /home/shan/ros2_ws/build/mypypkg/install.log --single-version-externally-managed install_data
[0.634s] running egg_info
[0.634s] writing ../../build/mypypkg/mypypkg.egg-info/PKG-INFO
[0.634s] writing dependency_links to ../../build/mypypkg/mypypkg.egg-info/dependency_links.txt
[0.634s] writing entry points to ../../build/mypypkg/mypypkg.egg-info/entry_points.txt
[0.635s] writing requirements to ../../build/mypypkg/mypypkg.egg-info/requires.txt
[0.635s] writing top-level names to ../../build/mypypkg/mypypkg.egg-info/top_level.txt
[0.636s] reading manifest file '../../build/mypypkg/mypypkg.egg-info/SOURCES.txt'
[0.636s] writing manifest file '../../build/mypypkg/mypypkg.egg-info/SOURCES.txt'
[0.636s] running build
[0.637s] running build_py
[0.637s] running install
[0.637s] running install_lib
[0.638s] running install_data
[0.639s] running install_egg_info
[0.640s] removing '/home/shan/ros2_ws/install/mypypkg/lib/python3.10/site-packages/mypypkg-0.0.0-py3.10.egg-info' (and everything under it)
[0.640s] Copying ../../build/mypypkg/mypypkg.egg-info to /home/shan/ros2_ws/install/mypypkg/lib/python3.10/site-packages/mypypkg-0.0.0-py3.10.egg-info
[0.641s] running install_scripts
[0.655s] Installing hpub script to /home/shan/ros2_ws/install/mypypkg/lib/mypypkg
[0.655s] Installing hsub script to /home/shan/ros2_ws/install/mypypkg/lib/mypypkg
[0.655s] Installing mitclient script to /home/shan/ros2_ws/install/mypypkg/lib/mypypkg
[0.656s] Installing mtiserver script to /home/shan/ros2_ws/install/mypypkg/lib/mypypkg
[0.656s] Installing ppub script to /home/shan/ros2_ws/install/mypypkg/lib/mypypkg
[0.656s] Installing psub script to /home/shan/ros2_ws/install/mypypkg/lib/mypypkg
[0.656s] Installing testclient script to /home/shan/ros2_ws/install/mypypkg/lib/mypypkg
[0.656s] Installing testexec script to /home/shan/ros2_ws/install/mypypkg/lib/mypypkg
[0.656s] Installing testpub script to /home/shan/ros2_ws/install/mypypkg/lib/mypypkg
[0.656s] Installing testserver script to /home/shan/ros2_ws/install/mypypkg/lib/mypypkg
[0.656s] Installing testsub script to /home/shan/ros2_ws/install/mypypkg/lib/mypypkg
[0.657s] Installing vectorpub script to /home/shan/ros2_ws/install/mypypkg/lib/mypypkg
[0.657s] Installing vectorsub script to /home/shan/ros2_ws/install/mypypkg/lib/mypypkg
[0.657s] writing list of installed files to '/home/shan/ros2_ws/build/mypypkg/install.log'
[0.673s] Invoked command in '/home/shan/ros2_ws/src/mypypkg' returned '0': PYTHONPATH=/home/shan/ros2_ws/build/mypypkg/prefix_override:/usr/lib/python3/dist-packages/colcon_core/task/python/colcon_distutils_commands:/home/shan/ros2_ws/install/mypypkg/lib/python3.10/site-packages:${PYTHONPATH} /usr/bin/python3 -W ignore:setup.py install is deprecated -W ignore:easy_install command is deprecated setup.py egg_info --egg-base ../../build/mypypkg build --build-base /home/shan/ros2_ws/build/mypypkg/build install --record /home/shan/ros2_ws/build/mypypkg/install.log --single-version-externally-managed install_data
