[0.031s] Invoking command in '/home/shan/ros2_ws/build/custom_interfaces': CMAKE_PREFIX_PATH=${CMAKE_PREFIX_PATH}:/home/shan/ros2_ws/install/myturtlectrl:/home/shan/ros2_ws/install/mypypkg:/opt/ros/humble /usr/bin/cmake --build /home/shan/ros2_ws/build/custom_interfaces -- -j16 -l16
[0.090s] -- Found ament_cmake: 1.3.12 (/opt/ros/humble/share/ament_cmake/cmake)
[0.318s] -- Found rosidl_default_generators: 1.2.0 (/opt/ros/humble/share/rosidl_default_generators/cmake)
[0.320s] -- Using all available rosidl_typesupport_c: rosidl_typesupport_fastrtps_c;rosidl_typesupport_introspection_c
[0.324s] -- Found rosidl_adapter: 3.1.8 (/opt/ros/humble/share/rosidl_adapter/cmake)
[0.371s] -- Using all available rosidl_typesupport_cpp: rosidl_typesupport_fastrtps_cpp;rosidl_typesupport_introspection_cpp
[0.860s] -- Found ament_cmake_ros: 0.10.0 (/opt/ros/humble/share/ament_cmake_ros/cmake)
[1.231s] -- Using all available rosidl_typesupport_c: rosidl_typesupport_fastrtps_c;rosidl_typesupport_introspection_c
[1.730s] -- Using all available rosidl_typesupport_cpp: rosidl_typesupport_fastrtps_cpp;rosidl_typesupport_introspection_cpp
[1.783s] -- Found python_cmake_module: 0.10.0 (/opt/ros/humble/share/python_cmake_module/cmake)
[1.831s] -- Using PYTHON_EXECUTABLE: /usr/bin/python3
[1.832s] -- Using PYTHON_INCLUDE_DIRS: /usr/include/python3.10
[1.832s] -- Using PYTHON_LIBRARIES: /usr/lib/x86_64-linux-gnu/libpython3.10.so
[1.845s] -- Found ament_lint_auto: 0.12.14 (/opt/ros/humble/share/ament_lint_auto/cmake)
[1.934s] -- Added test 'cppcheck' to perform static code analysis on C / C++ code
[1.935s] -- Configured cppcheck include dirs: 
[1.935s] -- Configured cppcheck exclude dirs and/or files: 
[1.943s] -- Added test 'flake8' to check Python code syntax and style conventions
[1.962s] -- Added test 'lint_cmake' to check CMake code style
[1.971s] -- Added test 'pep257' to check Python code against some of the docstring style conventions in PEP 257
[2.063s] -- Added test 'uncrustify' to check C / C++ code style
[2.063s] -- Configured uncrustify additional arguments: 
[2.077s] -- Added test 'xmllint' to check XML markup files
[2.081s] -- Configuring done
[2.143s] -- Generating done
[2.159s] -- Build files have been written to: /home/shan/ros2_ws/build/custom_interfaces
[2.216s] [  1%] [34m[1mGenerating C code for ROS interfaces[0m
[2.242s] [  3%] [34m[1mGenerating C++ code for ROS interfaces[0m
[2.267s] [  3%] Built target ament_cmake_python_copy_custom_interfaces
[2.647s] running egg_info
[2.649s] writing custom_interfaces.egg-info/PKG-INFO
[2.649s] writing dependency_links to custom_interfaces.egg-info/dependency_links.txt
[2.650s] writing top-level names to custom_interfaces.egg-info/top_level.txt
[2.654s] reading manifest file 'custom_interfaces.egg-info/SOURCES.txt'
[2.656s] writing manifest file 'custom_interfaces.egg-info/SOURCES.txt'
[2.708s] [  3%] Built target ament_cmake_python_build_custom_interfaces_egg
[3.040s] [35m[1mConsolidate compiler generated dependencies of target custom_interfaces__rosidl_generator_c[0m
[3.070s] [  6%] [32mBuilding C object CMakeFiles/custom_interfaces__rosidl_generator_c.dir/rosidl_generator_c/custom_interfaces/msg/detail/vector4__functions.c.o[0m
[3.071s] [  6%] [32mBuilding C object CMakeFiles/custom_interfaces__rosidl_generator_c.dir/rosidl_generator_c/custom_interfaces/msg/detail/hardwarestatus__functions.c.o[0m
[3.071s] [  7%] [32mBuilding C object CMakeFiles/custom_interfaces__rosidl_generator_c.dir/rosidl_generator_c/custom_interfaces/msg/detail/point__functions.c.o[0m
[3.072s] [  9%] [32mBuilding C object CMakeFiles/custom_interfaces__rosidl_generator_c.dir/rosidl_generator_c/custom_interfaces/msg/detail/pose__functions.c.o[0m
[3.072s] [ 11%] [32mBuilding C object CMakeFiles/custom_interfaces__rosidl_generator_c.dir/rosidl_generator_c/custom_interfaces/msg/detail/quaternion__functions.c.o[0m
[3.178s] [ 12%] [32m[1mLinking C shared library libcustom_interfaces__rosidl_generator_c.so[0m
[3.255s] [ 12%] Built target custom_interfaces__cpp
[3.274s] [ 12%] Built target custom_interfaces__rosidl_generator_c
[3.279s] [ 15%] [34m[1mGenerating C++ type support dispatch for ROS interfaces[0m
[3.279s] [ 15%] [34m[1mGenerating C++ type support for eProsima Fast-RTPS[0m
[3.280s] [ 17%] [34m[1mGenerating C++ introspection for ROS interfaces[0m
[3.291s] [ 19%] [34m[1mGenerating C introspection for ROS interfaces[0m
[3.297s] [ 20%] [34m[1mGenerating C type support for eProsima Fast-RTPS[0m
[3.298s] [ 22%] [34m[1mGenerating C type support dispatch for ROS interfaces[0m
[4.010s] [35m[1mConsolidate compiler generated dependencies of target custom_interfaces__rosidl_typesupport_cpp[0m
[4.013s] [35m[1mConsolidate compiler generated dependencies of target custom_interfaces__rosidl_typesupport_c[0m
[4.038s] [ 23%] [32mBuilding CXX object CMakeFiles/custom_interfaces__rosidl_typesupport_c.dir/rosidl_typesupport_c/custom_interfaces/msg/hardwarestatus__type_support.cpp.o[0m
[4.043s] [ 25%] [32mBuilding CXX object CMakeFiles/custom_interfaces__rosidl_typesupport_cpp.dir/rosidl_typesupport_cpp/custom_interfaces/msg/hardwarestatus__type_support.cpp.o[0m
[4.045s] [ 26%] [32mBuilding CXX object CMakeFiles/custom_interfaces__rosidl_typesupport_c.dir/rosidl_typesupport_c/custom_interfaces/msg/pose__type_support.cpp.o[0m
[4.048s] [ 28%] [32mBuilding CXX object CMakeFiles/custom_interfaces__rosidl_typesupport_c.dir/rosidl_typesupport_c/custom_interfaces/msg/vector4__type_support.cpp.o[0m
[4.049s] [ 30%] [32mBuilding CXX object CMakeFiles/custom_interfaces__rosidl_typesupport_c.dir/rosidl_typesupport_c/custom_interfaces/msg/point__type_support.cpp.o[0m
[4.049s] [ 31%] [32mBuilding CXX object CMakeFiles/custom_interfaces__rosidl_typesupport_c.dir/rosidl_typesupport_c/custom_interfaces/msg/quaternion__type_support.cpp.o[0m
[4.051s] [ 33%] [32mBuilding CXX object CMakeFiles/custom_interfaces__rosidl_typesupport_cpp.dir/rosidl_typesupport_cpp/custom_interfaces/msg/vector4__type_support.cpp.o[0m
[4.052s] [ 34%] [32mBuilding CXX object CMakeFiles/custom_interfaces__rosidl_typesupport_cpp.dir/rosidl_typesupport_cpp/custom_interfaces/msg/point__type_support.cpp.o[0m
[4.056s] [ 36%] [32mBuilding CXX object CMakeFiles/custom_interfaces__rosidl_typesupport_cpp.dir/rosidl_typesupport_cpp/custom_interfaces/msg/pose__type_support.cpp.o[0m
[4.056s] [ 38%] [32mBuilding CXX object CMakeFiles/custom_interfaces__rosidl_typesupport_cpp.dir/rosidl_typesupport_cpp/custom_interfaces/msg/quaternion__type_support.cpp.o[0m
[4.146s] [35m[1mConsolidate compiler generated dependencies of target custom_interfaces__rosidl_typesupport_introspection_cpp[0m
[4.162s] [ 39%] [32m[1mLinking CXX shared library libcustom_interfaces__rosidl_typesupport_c.so[0m
[4.180s] [ 41%] [32mBuilding CXX object CMakeFiles/custom_interfaces__rosidl_typesupport_introspection_cpp.dir/rosidl_typesupport_introspection_cpp/custom_interfaces/msg/detail/point__type_support.cpp.o[0m
[4.180s] [ 42%] [32mBuilding CXX object CMakeFiles/custom_interfaces__rosidl_typesupport_introspection_cpp.dir/rosidl_typesupport_introspection_cpp/custom_interfaces/msg/detail/quaternion__type_support.cpp.o[0m
[4.183s] [ 44%] [32mBuilding CXX object CMakeFiles/custom_interfaces__rosidl_typesupport_introspection_cpp.dir/rosidl_typesupport_introspection_cpp/custom_interfaces/msg/detail/pose__type_support.cpp.o[0m
[4.187s] [ 46%] [32mBuilding CXX object CMakeFiles/custom_interfaces__rosidl_typesupport_introspection_cpp.dir/rosidl_typesupport_introspection_cpp/custom_interfaces/msg/detail/vector4__type_support.cpp.o[0m
[4.187s] [ 47%] [32mBuilding CXX object CMakeFiles/custom_interfaces__rosidl_typesupport_introspection_cpp.dir/rosidl_typesupport_introspection_cpp/custom_interfaces/msg/detail/hardwarestatus__type_support.cpp.o[0m
[4.189s] [35m[1mConsolidate compiler generated dependencies of target custom_interfaces__rosidl_typesupport_introspection_c[0m
[4.234s] [ 49%] [32mBuilding C object CMakeFiles/custom_interfaces__rosidl_typesupport_introspection_c.dir/rosidl_typesupport_introspection_c/custom_interfaces/msg/detail/vector4__type_support.c.o[0m
[4.242s] [ 50%] [32mBuilding C object CMakeFiles/custom_interfaces__rosidl_typesupport_introspection_c.dir/rosidl_typesupport_introspection_c/custom_interfaces/msg/detail/hardwarestatus__type_support.c.o[0m
[4.251s] [ 52%] [32mBuilding C object CMakeFiles/custom_interfaces__rosidl_typesupport_introspection_c.dir/rosidl_typesupport_introspection_c/custom_interfaces/msg/detail/point__type_support.c.o[0m
[4.299s] [ 52%] Built target custom_interfaces__rosidl_typesupport_c
[4.335s] [ 53%] [32mBuilding C object CMakeFiles/custom_interfaces__rosidl_typesupport_introspection_c.dir/rosidl_typesupport_introspection_c/custom_interfaces/msg/detail/pose__type_support.c.o[0m
[4.367s] [ 55%] [32mBuilding C object CMakeFiles/custom_interfaces__rosidl_typesupport_introspection_c.dir/rosidl_typesupport_introspection_c/custom_interfaces/msg/detail/quaternion__type_support.c.o[0m
[4.401s] [35m[1mConsolidate compiler generated dependencies of target custom_interfaces__rosidl_typesupport_fastrtps_c[0m
[4.421s] [35m[1mConsolidate compiler generated dependencies of target custom_interfaces__rosidl_typesupport_fastrtps_cpp[0m
[4.458s] [ 57%] [32mBuilding CXX object CMakeFiles/custom_interfaces__rosidl_typesupport_fastrtps_c.dir/rosidl_typesupport_fastrtps_c/custom_interfaces/msg/detail/vector4__type_support_c.cpp.o[0m
[4.460s] [ 58%] [32mBuilding CXX object CMakeFiles/custom_interfaces__rosidl_typesupport_fastrtps_c.dir/rosidl_typesupport_fastrtps_c/custom_interfaces/msg/detail/point__type_support_c.cpp.o[0m
[4.466s] [ 60%] [32mBuilding CXX object CMakeFiles/custom_interfaces__rosidl_typesupport_fastrtps_c.dir/rosidl_typesupport_fastrtps_c/custom_interfaces/msg/detail/pose__type_support_c.cpp.o[0m
[4.476s] [ 61%] [32mBuilding CXX object CMakeFiles/custom_interfaces__rosidl_typesupport_fastrtps_c.dir/rosidl_typesupport_fastrtps_c/custom_interfaces/msg/detail/hardwarestatus__type_support_c.cpp.o[0m
[4.490s] [ 63%] [32mBuilding CXX object CMakeFiles/custom_interfaces__rosidl_typesupport_fastrtps_cpp.dir/rosidl_typesupport_fastrtps_cpp/custom_interfaces/msg/detail/dds_fastrtps/vector4__type_support.cpp.o[0m
[4.494s] [ 65%] [32m[1mLinking C shared library libcustom_interfaces__rosidl_typesupport_introspection_c.so[0m
[4.618s] [ 65%] Built target custom_interfaces__rosidl_typesupport_introspection_c
[4.653s] [ 66%] [32mBuilding CXX object CMakeFiles/custom_interfaces__rosidl_typesupport_fastrtps_c.dir/rosidl_typesupport_fastrtps_c/custom_interfaces/msg/detail/quaternion__type_support_c.cpp.o[0m
[4.861s] [ 68%] [32mBuilding CXX object CMakeFiles/custom_interfaces__rosidl_typesupport_fastrtps_cpp.dir/rosidl_typesupport_fastrtps_cpp/custom_interfaces/msg/detail/dds_fastrtps/hardwarestatus__type_support.cpp.o[0m
[4.869s] [ 69%] [32mBuilding CXX object CMakeFiles/custom_interfaces__rosidl_typesupport_fastrtps_cpp.dir/rosidl_typesupport_fastrtps_cpp/custom_interfaces/msg/detail/dds_fastrtps/point__type_support.cpp.o[0m
[4.889s] [ 71%] [32mBuilding CXX object CMakeFiles/custom_interfaces__rosidl_typesupport_fastrtps_cpp.dir/rosidl_typesupport_fastrtps_cpp/custom_interfaces/msg/detail/dds_fastrtps/pose__type_support.cpp.o[0m
[4.916s] [ 73%] [32mBuilding CXX object CMakeFiles/custom_interfaces__rosidl_typesupport_fastrtps_cpp.dir/rosidl_typesupport_fastrtps_cpp/custom_interfaces/msg/detail/dds_fastrtps/quaternion__type_support.cpp.o[0m
[4.916s] [ 74%] [32m[1mLinking CXX shared library libcustom_interfaces__rosidl_typesupport_cpp.so[0m
[5.073s] [ 74%] Built target custom_interfaces__rosidl_typesupport_cpp
[5.475s] [ 76%] [32m[1mLinking CXX shared library libcustom_interfaces__rosidl_typesupport_introspection_cpp.so[0m
[5.616s] [ 77%] [32m[1mLinking CXX shared library libcustom_interfaces__rosidl_typesupport_fastrtps_c.so[0m
[5.625s] [ 77%] Built target custom_interfaces__rosidl_typesupport_introspection_cpp
[5.784s] [ 77%] Built target custom_interfaces__rosidl_typesupport_fastrtps_c
[5.927s] [ 79%] [32m[1mLinking CXX shared library libcustom_interfaces__rosidl_typesupport_fastrtps_cpp.so[0m
[6.096s] [ 79%] Built target custom_interfaces__rosidl_typesupport_fastrtps_cpp
[6.145s] [ 79%] Built target custom_interfaces
[6.196s] [ 80%] [34m[1mGenerating Python code for ROS interfaces[0m
[7.672s] [ 80%] Built target custom_interfaces__py
[7.691s] [35m[1mConsolidate compiler generated dependencies of target custom_interfaces__rosidl_generator_py[0m
[7.723s] [ 82%] [32mBuilding C object CMakeFiles/custom_interfaces__rosidl_generator_py.dir/rosidl_generator_py/custom_interfaces/msg/_hardwarestatus_s.c.o[0m
[7.724s] [ 84%] [32mBuilding C object CMakeFiles/custom_interfaces__rosidl_generator_py.dir/rosidl_generator_py/custom_interfaces/msg/_pose_s.c.o[0m
[7.728s] [ 87%] [32mBuilding C object CMakeFiles/custom_interfaces__rosidl_generator_py.dir/rosidl_generator_py/custom_interfaces/msg/_point_s.c.o[0m
[7.728s] [ 87%] [32mBuilding C object CMakeFiles/custom_interfaces__rosidl_generator_py.dir/rosidl_generator_py/custom_interfaces/msg/_vector4_s.c.o[0m
[7.729s] [ 88%] [32mBuilding C object CMakeFiles/custom_interfaces__rosidl_generator_py.dir/rosidl_generator_py/custom_interfaces/msg/_quaternion_s.c.o[0m
[7.915s] [ 90%] [32m[1mLinking C shared library rosidl_generator_py/custom_interfaces/libcustom_interfaces__rosidl_generator_py.so[0m
[7.986s] [ 90%] Built target custom_interfaces__rosidl_generator_py
[8.003s] [35m[1mConsolidate compiler generated dependencies of target custom_interfaces__rosidl_typesupport_c__pyext[0m
[8.003s] [35m[1mConsolidate compiler generated dependencies of target custom_interfaces__rosidl_typesupport_introspection_c__pyext[0m
[8.003s] [35m[1mConsolidate compiler generated dependencies of target custom_interfaces__rosidl_typesupport_fastrtps_c__pyext[0m
[8.023s] [ 92%] [32mBuilding C object CMakeFiles/custom_interfaces__rosidl_typesupport_fastrtps_c__pyext.dir/rosidl_generator_py/custom_interfaces/_custom_interfaces_s.ep.rosidl_typesupport_fastrtps_c.c.o[0m
[8.025s] [ 93%] [32mBuilding C object CMakeFiles/custom_interfaces__rosidl_typesupport_introspection_c__pyext.dir/rosidl_generator_py/custom_interfaces/_custom_interfaces_s.ep.rosidl_typesupport_introspection_c.c.o[0m
[8.026s] [ 95%] [32mBuilding C object CMakeFiles/custom_interfaces__rosidl_typesupport_c__pyext.dir/rosidl_generator_py/custom_interfaces/_custom_interfaces_s.ep.rosidl_typesupport_c.c.o[0m
[8.213s] [ 96%] [32m[1mLinking C shared library rosidl_generator_py/custom_interfaces/custom_interfaces_s__rosidl_typesupport_c.cpython-310-x86_64-linux-gnu.so[0m
[8.218s] [ 98%] [32m[1mLinking C shared library rosidl_generator_py/custom_interfaces/custom_interfaces_s__rosidl_typesupport_introspection_c.cpython-310-x86_64-linux-gnu.so[0m
[8.224s] [100%] [32m[1mLinking C shared library rosidl_generator_py/custom_interfaces/custom_interfaces_s__rosidl_typesupport_fastrtps_c.cpython-310-x86_64-linux-gnu.so[0m
[8.265s] [100%] Built target custom_interfaces__rosidl_typesupport_c__pyext
[8.274s] [100%] Built target custom_interfaces__rosidl_typesupport_introspection_c__pyext
[8.287s] [100%] Built target custom_interfaces__rosidl_typesupport_fastrtps_c__pyext
[8.314s] Invoked command in '/home/shan/ros2_ws/build/custom_interfaces' returned '0': CMAKE_PREFIX_PATH=${CMAKE_PREFIX_PATH}:/home/shan/ros2_ws/install/myturtlectrl:/home/shan/ros2_ws/install/mypypkg:/opt/ros/humble /usr/bin/cmake --build /home/shan/ros2_ws/build/custom_interfaces -- -j16 -l16
[8.334s] Invoking command in '/home/shan/ros2_ws/build/custom_interfaces': CMAKE_PREFIX_PATH=${CMAKE_PREFIX_PATH}:/home/shan/ros2_ws/install/myturtlectrl:/home/shan/ros2_ws/install/mypypkg:/opt/ros/humble /usr/bin/cmake --install /home/shan/ros2_ws/build/custom_interfaces
[8.350s] -- Install configuration: ""
[8.350s] -- Installing: /home/shan/ros2_ws/install/custom_interfaces/share/ament_index/resource_index/rosidl_interfaces/custom_interfaces
[8.350s] -- Up-to-date: /home/shan/ros2_ws/install/custom_interfaces/include/custom_interfaces/custom_interfaces
[8.350s] -- Up-to-date: /home/shan/ros2_ws/install/custom_interfaces/include/custom_interfaces/custom_interfaces/msg
[8.350s] -- Installing: /home/shan/ros2_ws/install/custom_interfaces/include/custom_interfaces/custom_interfaces/msg/vector4.h
[8.351s] -- Up-to-date: /home/shan/ros2_ws/install/custom_interfaces/include/custom_interfaces/custom_interfaces/msg/detail
[8.351s] -- Installing: /home/shan/ros2_ws/install/custom_interfaces/include/custom_interfaces/custom_interfaces/msg/detail/quaternion__struct.h
[8.351s] -- Installing: /home/shan/ros2_ws/install/custom_interfaces/include/custom_interfaces/custom_interfaces/msg/detail/hardwarestatus__type_support.h
[8.351s] -- Installing: /home/shan/ros2_ws/install/custom_interfaces/include/custom_interfaces/custom_interfaces/msg/detail/hardwarestatus__functions.c
[8.351s] -- Installing: /home/shan/ros2_ws/install/custom_interfaces/include/custom_interfaces/custom_interfaces/msg/detail/point__struct.h
[8.352s] -- Installing: /home/shan/ros2_ws/install/custom_interfaces/include/custom_interfaces/custom_interfaces/msg/detail/vector4__type_support.h
[8.352s] -- Installing: /home/shan/ros2_ws/install/custom_interfaces/include/custom_interfaces/custom_interfaces/msg/detail/point__functions.c
[8.352s] -- Installing: /home/shan/ros2_ws/install/custom_interfaces/include/custom_interfaces/custom_interfaces/msg/detail/pose__type_support.h
[8.353s] -- Installing: /home/shan/ros2_ws/install/custom_interfaces/include/custom_interfaces/custom_interfaces/msg/detail/hardwarestatus__functions.h
[8.353s] -- Installing: /home/shan/ros2_ws/install/custom_interfaces/include/custom_interfaces/custom_interfaces/msg/detail/point__functions.h
[8.353s] -- Installing: /home/shan/ros2_ws/install/custom_interfaces/include/custom_interfaces/custom_interfaces/msg/detail/quaternion__functions.c
[8.354s] -- Installing: /home/shan/ros2_ws/install/custom_interfaces/include/custom_interfaces/custom_interfaces/msg/detail/quaternion__functions.h
[8.354s] -- Installing: /home/shan/ros2_ws/install/custom_interfaces/include/custom_interfaces/custom_interfaces/msg/detail/pose__functions.h
[8.354s] -- Installing: /home/shan/ros2_ws/install/custom_interfaces/include/custom_interfaces/custom_interfaces/msg/detail/pose__functions.c
[8.355s] -- Installing: /home/shan/ros2_ws/install/custom_interfaces/include/custom_interfaces/custom_interfaces/msg/detail/vector4__struct.h
[8.355s] -- Installing: /home/shan/ros2_ws/install/custom_interfaces/include/custom_interfaces/custom_interfaces/msg/detail/vector4__functions.h
[8.355s] -- Installing: /home/shan/ros2_ws/install/custom_interfaces/include/custom_interfaces/custom_interfaces/msg/detail/point__type_support.h
[8.355s] -- Installing: /home/shan/ros2_ws/install/custom_interfaces/include/custom_interfaces/custom_interfaces/msg/detail/quaternion__type_support.h
[8.356s] -- Installing: /home/shan/ros2_ws/install/custom_interfaces/include/custom_interfaces/custom_interfaces/msg/detail/hardwarestatus__struct.h
[8.356s] -- Installing: /home/shan/ros2_ws/install/custom_interfaces/include/custom_interfaces/custom_interfaces/msg/detail/pose__struct.h
[8.356s] -- Installing: /home/shan/ros2_ws/install/custom_interfaces/include/custom_interfaces/custom_interfaces/msg/detail/vector4__functions.c
[8.357s] -- Installing: /home/shan/ros2_ws/install/custom_interfaces/include/custom_interfaces/custom_interfaces/msg/hardwarestatus.h
[8.357s] -- Installing: /home/shan/ros2_ws/install/custom_interfaces/include/custom_interfaces/custom_interfaces/msg/point.h
[8.357s] -- Installing: /home/shan/ros2_ws/install/custom_interfaces/include/custom_interfaces/custom_interfaces/msg/quaternion.h
[8.357s] -- Up-to-date: /home/shan/ros2_ws/install/custom_interfaces/include/custom_interfaces/custom_interfaces/msg/rosidl_generator_c__visibility_control.h
[8.358s] -- Installing: /home/shan/ros2_ws/install/custom_interfaces/include/custom_interfaces/custom_interfaces/msg/pose.h
[8.358s] -- Up-to-date: /home/shan/ros2_ws/install/custom_interfaces/share/custom_interfaces/environment/library_path.sh
[8.358s] -- Installing: /home/shan/ros2_ws/install/custom_interfaces/share/custom_interfaces/environment/library_path.dsv
[8.358s] -- Installing: /home/shan/ros2_ws/install/custom_interfaces/lib/libcustom_interfaces__rosidl_generator_c.so
[8.359s] -- Set runtime path of "/home/shan/ros2_ws/install/custom_interfaces/lib/libcustom_interfaces__rosidl_generator_c.so" to ""
[8.360s] -- Up-to-date: /home/shan/ros2_ws/install/custom_interfaces/include/custom_interfaces/custom_interfaces
[8.360s] -- Up-to-date: /home/shan/ros2_ws/install/custom_interfaces/include/custom_interfaces/custom_interfaces/msg
[8.360s] -- Up-to-date: /home/shan/ros2_ws/install/custom_interfaces/include/custom_interfaces/custom_interfaces/msg/detail
[8.360s] -- Installing: /home/shan/ros2_ws/install/custom_interfaces/include/custom_interfaces/custom_interfaces/msg/detail/pose__rosidl_typesupport_fastrtps_c.h
[8.360s] -- Installing: /home/shan/ros2_ws/install/custom_interfaces/include/custom_interfaces/custom_interfaces/msg/detail/quaternion__rosidl_typesupport_fastrtps_c.h
[8.360s] -- Installing: /home/shan/ros2_ws/install/custom_interfaces/include/custom_interfaces/custom_interfaces/msg/detail/hardwarestatus__rosidl_typesupport_fastrtps_c.h
[8.360s] -- Installing: /home/shan/ros2_ws/install/custom_interfaces/include/custom_interfaces/custom_interfaces/msg/detail/point__rosidl_typesupport_fastrtps_c.h
[8.361s] -- Installing: /home/shan/ros2_ws/install/custom_interfaces/include/custom_interfaces/custom_interfaces/msg/detail/vector4__rosidl_typesupport_fastrtps_c.h
[8.361s] -- Up-to-date: /home/shan/ros2_ws/install/custom_interfaces/include/custom_interfaces/custom_interfaces/msg/rosidl_typesupport_fastrtps_c__visibility_control.h
[8.361s] -- Installing: /home/shan/ros2_ws/install/custom_interfaces/lib/libcustom_interfaces__rosidl_typesupport_fastrtps_c.so
[8.362s] -- Set runtime path of "/home/shan/ros2_ws/install/custom_interfaces/lib/libcustom_interfaces__rosidl_typesupport_fastrtps_c.so" to ""
[8.362s] -- Up-to-date: /home/shan/ros2_ws/install/custom_interfaces/include/custom_interfaces/custom_interfaces
[8.363s] -- Up-to-date: /home/shan/ros2_ws/install/custom_interfaces/include/custom_interfaces/custom_interfaces/msg
[8.363s] -- Up-to-date: /home/shan/ros2_ws/install/custom_interfaces/include/custom_interfaces/custom_interfaces/msg/detail
[8.363s] -- Installing: /home/shan/ros2_ws/install/custom_interfaces/include/custom_interfaces/custom_interfaces/msg/detail/hardwarestatus__rosidl_typesupport_introspection_c.h
[8.363s] -- Installing: /home/shan/ros2_ws/install/custom_interfaces/include/custom_interfaces/custom_interfaces/msg/detail/point__type_support.c
[8.363s] -- Installing: /home/shan/ros2_ws/install/custom_interfaces/include/custom_interfaces/custom_interfaces/msg/detail/quaternion__type_support.c
[8.364s] -- Installing: /home/shan/ros2_ws/install/custom_interfaces/include/custom_interfaces/custom_interfaces/msg/detail/vector4__rosidl_typesupport_introspection_c.h
[8.364s] -- Installing: /home/shan/ros2_ws/install/custom_interfaces/include/custom_interfaces/custom_interfaces/msg/detail/vector4__type_support.c
[8.364s] -- Installing: /home/shan/ros2_ws/install/custom_interfaces/include/custom_interfaces/custom_interfaces/msg/detail/hardwarestatus__type_support.c
[8.364s] -- Installing: /home/shan/ros2_ws/install/custom_interfaces/include/custom_interfaces/custom_interfaces/msg/detail/pose__rosidl_typesupport_introspection_c.h
[8.365s] -- Installing: /home/shan/ros2_ws/install/custom_interfaces/include/custom_interfaces/custom_interfaces/msg/detail/quaternion__rosidl_typesupport_introspection_c.h
[8.365s] -- Installing: /home/shan/ros2_ws/install/custom_interfaces/include/custom_interfaces/custom_interfaces/msg/detail/pose__type_support.c
[8.365s] -- Installing: /home/shan/ros2_ws/install/custom_interfaces/include/custom_interfaces/custom_interfaces/msg/detail/point__rosidl_typesupport_introspection_c.h
[8.366s] -- Up-to-date: /home/shan/ros2_ws/install/custom_interfaces/include/custom_interfaces/custom_interfaces/msg/rosidl_typesupport_introspection_c__visibility_control.h
[8.366s] -- Installing: /home/shan/ros2_ws/install/custom_interfaces/lib/libcustom_interfaces__rosidl_typesupport_introspection_c.so
[8.367s] -- Set runtime path of "/home/shan/ros2_ws/install/custom_interfaces/lib/libcustom_interfaces__rosidl_typesupport_introspection_c.so" to ""
[8.367s] -- Installing: /home/shan/ros2_ws/install/custom_interfaces/lib/libcustom_interfaces__rosidl_typesupport_c.so
[8.368s] -- Set runtime path of "/home/shan/ros2_ws/install/custom_interfaces/lib/libcustom_interfaces__rosidl_typesupport_c.so" to ""
[8.368s] -- Up-to-date: /home/shan/ros2_ws/install/custom_interfaces/include/custom_interfaces/custom_interfaces
[8.368s] -- Up-to-date: /home/shan/ros2_ws/install/custom_interfaces/include/custom_interfaces/custom_interfaces/msg
[8.368s] -- Installing: /home/shan/ros2_ws/install/custom_interfaces/include/custom_interfaces/custom_interfaces/msg/point.hpp
[8.368s] -- Installing: /home/shan/ros2_ws/install/custom_interfaces/include/custom_interfaces/custom_interfaces/msg/hardwarestatus.hpp
[8.369s] -- Up-to-date: /home/shan/ros2_ws/install/custom_interfaces/include/custom_interfaces/custom_interfaces/msg/detail
[8.369s] -- Installing: /home/shan/ros2_ws/install/custom_interfaces/include/custom_interfaces/custom_interfaces/msg/detail/hardwarestatus__struct.hpp
[8.369s] -- Installing: /home/shan/ros2_ws/install/custom_interfaces/include/custom_interfaces/custom_interfaces/msg/detail/hardwarestatus__builder.hpp
[8.369s] -- Installing: /home/shan/ros2_ws/install/custom_interfaces/include/custom_interfaces/custom_interfaces/msg/detail/quaternion__traits.hpp
[8.370s] -- Installing: /home/shan/ros2_ws/install/custom_interfaces/include/custom_interfaces/custom_interfaces/msg/detail/point__type_support.hpp
[8.370s] -- Installing: /home/shan/ros2_ws/install/custom_interfaces/include/custom_interfaces/custom_interfaces/msg/detail/quaternion__struct.hpp
[8.370s] -- Installing: /home/shan/ros2_ws/install/custom_interfaces/include/custom_interfaces/custom_interfaces/msg/detail/vector4__traits.hpp
[8.370s] -- Installing: /home/shan/ros2_ws/install/custom_interfaces/include/custom_interfaces/custom_interfaces/msg/detail/hardwarestatus__traits.hpp
[8.371s] -- Installing: /home/shan/ros2_ws/install/custom_interfaces/include/custom_interfaces/custom_interfaces/msg/detail/vector4__builder.hpp
[8.371s] -- Installing: /home/shan/ros2_ws/install/custom_interfaces/include/custom_interfaces/custom_interfaces/msg/detail/point__struct.hpp
[8.371s] -- Installing: /home/shan/ros2_ws/install/custom_interfaces/include/custom_interfaces/custom_interfaces/msg/detail/vector4__struct.hpp
[8.372s] -- Installing: /home/shan/ros2_ws/install/custom_interfaces/include/custom_interfaces/custom_interfaces/msg/detail/pose__type_support.hpp
[8.372s] -- Installing: /home/shan/ros2_ws/install/custom_interfaces/include/custom_interfaces/custom_interfaces/msg/detail/pose__builder.hpp
[8.372s] -- Installing: /home/shan/ros2_ws/install/custom_interfaces/include/custom_interfaces/custom_interfaces/msg/detail/quaternion__type_support.hpp
[8.372s] -- Installing: /home/shan/ros2_ws/install/custom_interfaces/include/custom_interfaces/custom_interfaces/msg/detail/hardwarestatus__type_support.hpp
[8.373s] -- Installing: /home/shan/ros2_ws/install/custom_interfaces/include/custom_interfaces/custom_interfaces/msg/detail/pose__struct.hpp
[8.373s] -- Installing: /home/shan/ros2_ws/install/custom_interfaces/include/custom_interfaces/custom_interfaces/msg/detail/quaternion__builder.hpp
[8.373s] -- Installing: /home/shan/ros2_ws/install/custom_interfaces/include/custom_interfaces/custom_interfaces/msg/detail/point__traits.hpp
[8.374s] -- Installing: /home/shan/ros2_ws/install/custom_interfaces/include/custom_interfaces/custom_interfaces/msg/detail/vector4__type_support.hpp
[8.374s] -- Installing: /home/shan/ros2_ws/install/custom_interfaces/include/custom_interfaces/custom_interfaces/msg/detail/point__builder.hpp
[8.374s] -- Installing: /home/shan/ros2_ws/install/custom_interfaces/include/custom_interfaces/custom_interfaces/msg/detail/pose__traits.hpp
[8.374s] -- Installing: /home/shan/ros2_ws/install/custom_interfaces/include/custom_interfaces/custom_interfaces/msg/pose.hpp
[8.375s] -- Installing: /home/shan/ros2_ws/install/custom_interfaces/include/custom_interfaces/custom_interfaces/msg/quaternion.hpp
[8.375s] -- Up-to-date: /home/shan/ros2_ws/install/custom_interfaces/include/custom_interfaces/custom_interfaces/msg/rosidl_generator_cpp__visibility_control.hpp
[8.375s] -- Installing: /home/shan/ros2_ws/install/custom_interfaces/include/custom_interfaces/custom_interfaces/msg/vector4.hpp
[8.375s] -- Up-to-date: /home/shan/ros2_ws/install/custom_interfaces/include/custom_interfaces/custom_interfaces
[8.375s] -- Up-to-date: /home/shan/ros2_ws/install/custom_interfaces/include/custom_interfaces/custom_interfaces/msg
[8.376s] -- Up-to-date: /home/shan/ros2_ws/install/custom_interfaces/include/custom_interfaces/custom_interfaces/msg/rosidl_typesupport_fastrtps_cpp__visibility_control.h
[8.376s] -- Up-to-date: /home/shan/ros2_ws/install/custom_interfaces/include/custom_interfaces/custom_interfaces/msg/detail
[8.376s] -- Installing: /home/shan/ros2_ws/install/custom_interfaces/include/custom_interfaces/custom_interfaces/msg/detail/point__rosidl_typesupport_fastrtps_cpp.hpp
[8.376s] -- Installing: /home/shan/ros2_ws/install/custom_interfaces/include/custom_interfaces/custom_interfaces/msg/detail/quaternion__rosidl_typesupport_fastrtps_cpp.hpp
[8.376s] -- Installing: /home/shan/ros2_ws/install/custom_interfaces/include/custom_interfaces/custom_interfaces/msg/detail/pose__rosidl_typesupport_fastrtps_cpp.hpp
[8.376s] -- Installing: /home/shan/ros2_ws/install/custom_interfaces/include/custom_interfaces/custom_interfaces/msg/detail/hardwarestatus__rosidl_typesupport_fastrtps_cpp.hpp
[8.377s] -- Up-to-date: /home/shan/ros2_ws/install/custom_interfaces/include/custom_interfaces/custom_interfaces/msg/detail/dds_fastrtps
[8.377s] -- Installing: /home/shan/ros2_ws/install/custom_interfaces/include/custom_interfaces/custom_interfaces/msg/detail/vector4__rosidl_typesupport_fastrtps_cpp.hpp
[8.377s] -- Installing: /home/shan/ros2_ws/install/custom_interfaces/lib/libcustom_interfaces__rosidl_typesupport_fastrtps_cpp.so
[8.378s] -- Set runtime path of "/home/shan/ros2_ws/install/custom_interfaces/lib/libcustom_interfaces__rosidl_typesupport_fastrtps_cpp.so" to ""
[8.378s] -- Up-to-date: /home/shan/ros2_ws/install/custom_interfaces/include/custom_interfaces/custom_interfaces
[8.379s] -- Up-to-date: /home/shan/ros2_ws/install/custom_interfaces/include/custom_interfaces/custom_interfaces/msg
[8.379s] -- Up-to-date: /home/shan/ros2_ws/install/custom_interfaces/include/custom_interfaces/custom_interfaces/msg/detail
[8.379s] -- Installing: /home/shan/ros2_ws/install/custom_interfaces/include/custom_interfaces/custom_interfaces/msg/detail/quaternion__type_support.cpp
[8.379s] -- Installing: /home/shan/ros2_ws/install/custom_interfaces/include/custom_interfaces/custom_interfaces/msg/detail/vector4__type_support.cpp
[8.379s] -- Installing: /home/shan/ros2_ws/install/custom_interfaces/include/custom_interfaces/custom_interfaces/msg/detail/point__rosidl_typesupport_introspection_cpp.hpp
[8.380s] -- Installing: /home/shan/ros2_ws/install/custom_interfaces/include/custom_interfaces/custom_interfaces/msg/detail/pose__type_support.cpp
[8.380s] -- Installing: /home/shan/ros2_ws/install/custom_interfaces/include/custom_interfaces/custom_interfaces/msg/detail/hardwarestatus__rosidl_typesupport_introspection_cpp.hpp
[8.380s] -- Installing: /home/shan/ros2_ws/install/custom_interfaces/include/custom_interfaces/custom_interfaces/msg/detail/point__type_support.cpp
[8.380s] -- Installing: /home/shan/ros2_ws/install/custom_interfaces/include/custom_interfaces/custom_interfaces/msg/detail/quaternion__rosidl_typesupport_introspection_cpp.hpp
[8.381s] -- Installing: /home/shan/ros2_ws/install/custom_interfaces/include/custom_interfaces/custom_interfaces/msg/detail/hardwarestatus__type_support.cpp
[8.381s] -- Installing: /home/shan/ros2_ws/install/custom_interfaces/include/custom_interfaces/custom_interfaces/msg/detail/pose__rosidl_typesupport_introspection_cpp.hpp
[8.381s] -- Installing: /home/shan/ros2_ws/install/custom_interfaces/include/custom_interfaces/custom_interfaces/msg/detail/vector4__rosidl_typesupport_introspection_cpp.hpp
[8.382s] -- Installing: /home/shan/ros2_ws/install/custom_interfaces/lib/libcustom_interfaces__rosidl_typesupport_introspection_cpp.so
[8.383s] -- Set runtime path of "/home/shan/ros2_ws/install/custom_interfaces/lib/libcustom_interfaces__rosidl_typesupport_introspection_cpp.so" to ""
[8.383s] -- Installing: /home/shan/ros2_ws/install/custom_interfaces/lib/libcustom_interfaces__rosidl_typesupport_cpp.so
[8.384s] -- Set runtime path of "/home/shan/ros2_ws/install/custom_interfaces/lib/libcustom_interfaces__rosidl_typesupport_cpp.so" to ""
[8.384s] -- Up-to-date: /home/shan/ros2_ws/install/custom_interfaces/share/custom_interfaces/environment/pythonpath.sh
[8.384s] -- Installing: /home/shan/ros2_ws/install/custom_interfaces/share/custom_interfaces/environment/pythonpath.dsv
[8.384s] -- Up-to-date: /home/shan/ros2_ws/install/custom_interfaces/local/lib/python3.10/dist-packages/custom_interfaces-0.0.0-py3.10.egg-info
[8.384s] -- Installing: /home/shan/ros2_ws/install/custom_interfaces/local/lib/python3.10/dist-packages/custom_interfaces-0.0.0-py3.10.egg-info/SOURCES.txt
[8.385s] -- Installing: /home/shan/ros2_ws/install/custom_interfaces/local/lib/python3.10/dist-packages/custom_interfaces-0.0.0-py3.10.egg-info/dependency_links.txt
[8.385s] -- Installing: /home/shan/ros2_ws/install/custom_interfaces/local/lib/python3.10/dist-packages/custom_interfaces-0.0.0-py3.10.egg-info/top_level.txt
[8.385s] -- Installing: /home/shan/ros2_ws/install/custom_interfaces/local/lib/python3.10/dist-packages/custom_interfaces-0.0.0-py3.10.egg-info/PKG-INFO
[8.386s] -- Up-to-date: /home/shan/ros2_ws/install/custom_interfaces/local/lib/python3.10/dist-packages/custom_interfaces
[8.386s] -- Installing: /home/shan/ros2_ws/install/custom_interfaces/local/lib/python3.10/dist-packages/custom_interfaces/__init__.py
[8.386s] -- Installing: /home/shan/ros2_ws/install/custom_interfaces/local/lib/python3.10/dist-packages/custom_interfaces/custom_interfaces_s__rosidl_typesupport_fastrtps_c.cpython-310-x86_64-linux-gnu.so
[8.387s] -- Installing: /home/shan/ros2_ws/install/custom_interfaces/local/lib/python3.10/dist-packages/custom_interfaces/custom_interfaces_s__rosidl_typesupport_introspection_c.cpython-310-x86_64-linux-gnu.so
[8.387s] -- Installing: /home/shan/ros2_ws/install/custom_interfaces/local/lib/python3.10/dist-packages/custom_interfaces/_custom_interfaces_s.ep.rosidl_typesupport_c.c
[8.387s] -- Up-to-date: /home/shan/ros2_ws/install/custom_interfaces/local/lib/python3.10/dist-packages/custom_interfaces/msg
[8.387s] -- Installing: /home/shan/ros2_ws/install/custom_interfaces/local/lib/python3.10/dist-packages/custom_interfaces/msg/__init__.py
[8.388s] -- Installing: /home/shan/ros2_ws/install/custom_interfaces/local/lib/python3.10/dist-packages/custom_interfaces/msg/_hardwarestatus_s.c
[8.388s] -- Installing: /home/shan/ros2_ws/install/custom_interfaces/local/lib/python3.10/dist-packages/custom_interfaces/msg/_point.py
[8.388s] -- Installing: /home/shan/ros2_ws/install/custom_interfaces/local/lib/python3.10/dist-packages/custom_interfaces/msg/_quaternion.py
[8.389s] -- Installing: /home/shan/ros2_ws/install/custom_interfaces/local/lib/python3.10/dist-packages/custom_interfaces/msg/_point_s.c
[8.389s] -- Installing: /home/shan/ros2_ws/install/custom_interfaces/local/lib/python3.10/dist-packages/custom_interfaces/msg/_pose.py
[8.389s] -- Installing: /home/shan/ros2_ws/install/custom_interfaces/local/lib/python3.10/dist-packages/custom_interfaces/msg/_hardwarestatus.py
[8.390s] -- Installing: /home/shan/ros2_ws/install/custom_interfaces/local/lib/python3.10/dist-packages/custom_interfaces/msg/_vector4.py
[8.390s] -- Installing: /home/shan/ros2_ws/install/custom_interfaces/local/lib/python3.10/dist-packages/custom_interfaces/msg/_quaternion_s.c
[8.390s] -- Installing: /home/shan/ros2_ws/install/custom_interfaces/local/lib/python3.10/dist-packages/custom_interfaces/msg/_vector4_s.c
[8.391s] -- Installing: /home/shan/ros2_ws/install/custom_interfaces/local/lib/python3.10/dist-packages/custom_interfaces/msg/_pose_s.c
[8.391s] -- Installing: /home/shan/ros2_ws/install/custom_interfaces/local/lib/python3.10/dist-packages/custom_interfaces/_custom_interfaces_s.ep.rosidl_typesupport_fastrtps_c.c
[8.391s] -- Installing: /home/shan/ros2_ws/install/custom_interfaces/local/lib/python3.10/dist-packages/custom_interfaces/_custom_interfaces_s.ep.rosidl_typesupport_introspection_c.c
[8.392s] -- Installing: /home/shan/ros2_ws/install/custom_interfaces/local/lib/python3.10/dist-packages/custom_interfaces/custom_interfaces_s__rosidl_typesupport_c.cpython-310-x86_64-linux-gnu.so
[8.392s] -- Installing: /home/shan/ros2_ws/install/custom_interfaces/local/lib/python3.10/dist-packages/custom_interfaces/libcustom_interfaces__rosidl_generator_py.so
[8.457s] Listing '/home/shan/ros2_ws/install/custom_interfaces/local/lib/python3.10/dist-packages/custom_interfaces'...
[8.457s] Compiling '/home/shan/ros2_ws/install/custom_interfaces/local/lib/python3.10/dist-packages/custom_interfaces/__init__.py'...
[8.457s] Listing '/home/shan/ros2_ws/install/custom_interfaces/local/lib/python3.10/dist-packages/custom_interfaces/msg'...
[8.457s] Compiling '/home/shan/ros2_ws/install/custom_interfaces/local/lib/python3.10/dist-packages/custom_interfaces/msg/__init__.py'...
[8.457s] Compiling '/home/shan/ros2_ws/install/custom_interfaces/local/lib/python3.10/dist-packages/custom_interfaces/msg/_hardwarestatus.py'...
[8.457s] Compiling '/home/shan/ros2_ws/install/custom_interfaces/local/lib/python3.10/dist-packages/custom_interfaces/msg/_point.py'...
[8.457s] Compiling '/home/shan/ros2_ws/install/custom_interfaces/local/lib/python3.10/dist-packages/custom_interfaces/msg/_pose.py'...
[8.457s] Compiling '/home/shan/ros2_ws/install/custom_interfaces/local/lib/python3.10/dist-packages/custom_interfaces/msg/_quaternion.py'...
[8.457s] Compiling '/home/shan/ros2_ws/install/custom_interfaces/local/lib/python3.10/dist-packages/custom_interfaces/msg/_vector4.py'...
[8.465s] -- Installing: /home/shan/ros2_ws/install/custom_interfaces/local/lib/python3.10/dist-packages/custom_interfaces/custom_interfaces_s__rosidl_typesupport_fastrtps_c.cpython-310-x86_64-linux-gnu.so
[8.466s] -- Set runtime path of "/home/shan/ros2_ws/install/custom_interfaces/local/lib/python3.10/dist-packages/custom_interfaces/custom_interfaces_s__rosidl_typesupport_fastrtps_c.cpython-310-x86_64-linux-gnu.so" to ""
[8.466s] -- Installing: /home/shan/ros2_ws/install/custom_interfaces/local/lib/python3.10/dist-packages/custom_interfaces/custom_interfaces_s__rosidl_typesupport_introspection_c.cpython-310-x86_64-linux-gnu.so
[8.467s] -- Set runtime path of "/home/shan/ros2_ws/install/custom_interfaces/local/lib/python3.10/dist-packages/custom_interfaces/custom_interfaces_s__rosidl_typesupport_introspection_c.cpython-310-x86_64-linux-gnu.so" to ""
[8.468s] -- Installing: /home/shan/ros2_ws/install/custom_interfaces/local/lib/python3.10/dist-packages/custom_interfaces/custom_interfaces_s__rosidl_typesupport_c.cpython-310-x86_64-linux-gnu.so
[8.468s] -- Set runtime path of "/home/shan/ros2_ws/install/custom_interfaces/local/lib/python3.10/dist-packages/custom_interfaces/custom_interfaces_s__rosidl_typesupport_c.cpython-310-x86_64-linux-gnu.so" to ""
[8.469s] -- Installing: /home/shan/ros2_ws/install/custom_interfaces/lib/libcustom_interfaces__rosidl_generator_py.so
[8.470s] -- Set runtime path of "/home/shan/ros2_ws/install/custom_interfaces/lib/libcustom_interfaces__rosidl_generator_py.so" to ""
[8.470s] -- Up-to-date: /home/shan/ros2_ws/install/custom_interfaces/share/custom_interfaces/msg/Vector4.idl
[8.470s] -- Up-to-date: /home/shan/ros2_ws/install/custom_interfaces/share/custom_interfaces/msg/Hardwarestatus.idl
[8.470s] -- Up-to-date: /home/shan/ros2_ws/install/custom_interfaces/share/custom_interfaces/msg/Point.idl
[8.470s] -- Installing: /home/shan/ros2_ws/install/custom_interfaces/share/custom_interfaces/msg/Pose.idl
[8.470s] -- Up-to-date: /home/shan/ros2_ws/install/custom_interfaces/share/custom_interfaces/msg/Quaternion.idl
[8.471s] -- Up-to-date: /home/shan/ros2_ws/install/custom_interfaces/share/custom_interfaces/msg/Vector4.msg
[8.471s] -- Up-to-date: /home/shan/ros2_ws/install/custom_interfaces/share/custom_interfaces/msg/Hardwarestatus.msg
[8.471s] -- Up-to-date: /home/shan/ros2_ws/install/custom_interfaces/share/custom_interfaces/msg/Point.msg
[8.471s] -- Installing: /home/shan/ros2_ws/install/custom_interfaces/share/custom_interfaces/msg/Pose.msg
[8.471s] -- Up-to-date: /home/shan/ros2_ws/install/custom_interfaces/share/custom_interfaces/msg/Quaternion.msg
[8.471s] -- Up-to-date: /home/shan/ros2_ws/install/custom_interfaces/share/ament_index/resource_index/package_run_dependencies/custom_interfaces
[8.471s] -- Up-to-date: /home/shan/ros2_ws/install/custom_interfaces/share/ament_index/resource_index/parent_prefix_path/custom_interfaces
[8.471s] -- Up-to-date: /home/shan/ros2_ws/install/custom_interfaces/share/custom_interfaces/environment/ament_prefix_path.sh
[8.471s] -- Installing: /home/shan/ros2_ws/install/custom_interfaces/share/custom_interfaces/environment/ament_prefix_path.dsv
[8.471s] -- Up-to-date: /home/shan/ros2_ws/install/custom_interfaces/share/custom_interfaces/environment/path.sh
[8.472s] -- Installing: /home/shan/ros2_ws/install/custom_interfaces/share/custom_interfaces/environment/path.dsv
[8.472s] -- Up-to-date: /home/shan/ros2_ws/install/custom_interfaces/share/custom_interfaces/local_setup.bash
[8.472s] -- Up-to-date: /home/shan/ros2_ws/install/custom_interfaces/share/custom_interfaces/local_setup.sh
[8.472s] -- Up-to-date: /home/shan/ros2_ws/install/custom_interfaces/share/custom_interfaces/local_setup.zsh
[8.472s] -- Installing: /home/shan/ros2_ws/install/custom_interfaces/share/custom_interfaces/local_setup.dsv
[8.472s] -- Installing: /home/shan/ros2_ws/install/custom_interfaces/share/custom_interfaces/package.dsv
[8.473s] -- Up-to-date: /home/shan/ros2_ws/install/custom_interfaces/share/ament_index/resource_index/packages/custom_interfaces
[8.473s] -- Up-to-date: /home/shan/ros2_ws/install/custom_interfaces/share/custom_interfaces/cmake/export_custom_interfaces__rosidl_generator_cExport.cmake
[8.473s] -- Up-to-date: /home/shan/ros2_ws/install/custom_interfaces/share/custom_interfaces/cmake/export_custom_interfaces__rosidl_generator_cExport-noconfig.cmake
[8.473s] -- Up-to-date: /home/shan/ros2_ws/install/custom_interfaces/share/custom_interfaces/cmake/export_custom_interfaces__rosidl_typesupport_fastrtps_cExport.cmake
[8.473s] -- Up-to-date: /home/shan/ros2_ws/install/custom_interfaces/share/custom_interfaces/cmake/export_custom_interfaces__rosidl_typesupport_fastrtps_cExport-noconfig.cmake
[8.473s] -- Up-to-date: /home/shan/ros2_ws/install/custom_interfaces/share/custom_interfaces/cmake/custom_interfaces__rosidl_typesupport_introspection_cExport.cmake
[8.474s] -- Up-to-date: /home/shan/ros2_ws/install/custom_interfaces/share/custom_interfaces/cmake/custom_interfaces__rosidl_typesupport_introspection_cExport-noconfig.cmake
[8.474s] -- Up-to-date: /home/shan/ros2_ws/install/custom_interfaces/share/custom_interfaces/cmake/custom_interfaces__rosidl_typesupport_cExport.cmake
[8.474s] -- Up-to-date: /home/shan/ros2_ws/install/custom_interfaces/share/custom_interfaces/cmake/custom_interfaces__rosidl_typesupport_cExport-noconfig.cmake
[8.474s] -- Up-to-date: /home/shan/ros2_ws/install/custom_interfaces/share/custom_interfaces/cmake/export_custom_interfaces__rosidl_generator_cppExport.cmake
[8.474s] -- Up-to-date: /home/shan/ros2_ws/install/custom_interfaces/share/custom_interfaces/cmake/export_custom_interfaces__rosidl_typesupport_fastrtps_cppExport.cmake
[8.474s] -- Up-to-date: /home/shan/ros2_ws/install/custom_interfaces/share/custom_interfaces/cmake/export_custom_interfaces__rosidl_typesupport_fastrtps_cppExport-noconfig.cmake
[8.474s] -- Up-to-date: /home/shan/ros2_ws/install/custom_interfaces/share/custom_interfaces/cmake/custom_interfaces__rosidl_typesupport_introspection_cppExport.cmake
[8.474s] -- Up-to-date: /home/shan/ros2_ws/install/custom_interfaces/share/custom_interfaces/cmake/custom_interfaces__rosidl_typesupport_introspection_cppExport-noconfig.cmake
[8.475s] -- Up-to-date: /home/shan/ros2_ws/install/custom_interfaces/share/custom_interfaces/cmake/custom_interfaces__rosidl_typesupport_cppExport.cmake
[8.475s] -- Up-to-date: /home/shan/ros2_ws/install/custom_interfaces/share/custom_interfaces/cmake/custom_interfaces__rosidl_typesupport_cppExport-noconfig.cmake
[8.475s] -- Up-to-date: /home/shan/ros2_ws/install/custom_interfaces/share/custom_interfaces/cmake/export_custom_interfaces__rosidl_generator_pyExport.cmake
[8.475s] -- Up-to-date: /home/shan/ros2_ws/install/custom_interfaces/share/custom_interfaces/cmake/export_custom_interfaces__rosidl_generator_pyExport-noconfig.cmake
[8.475s] -- Installing: /home/shan/ros2_ws/install/custom_interfaces/share/custom_interfaces/cmake/rosidl_cmake-extras.cmake
[8.475s] -- Up-to-date: /home/shan/ros2_ws/install/custom_interfaces/share/custom_interfaces/cmake/ament_cmake_export_include_directories-extras.cmake
[8.475s] -- Up-to-date: /home/shan/ros2_ws/install/custom_interfaces/share/custom_interfaces/cmake/ament_cmake_export_libraries-extras.cmake
[8.476s] -- Up-to-date: /home/shan/ros2_ws/install/custom_interfaces/share/custom_interfaces/cmake/ament_cmake_export_targets-extras.cmake
[8.476s] -- Up-to-date: /home/shan/ros2_ws/install/custom_interfaces/share/custom_interfaces/cmake/rosidl_cmake_export_typesupport_targets-extras.cmake
[8.476s] -- Up-to-date: /home/shan/ros2_ws/install/custom_interfaces/share/custom_interfaces/cmake/ament_cmake_export_dependencies-extras.cmake
[8.476s] -- Up-to-date: /home/shan/ros2_ws/install/custom_interfaces/share/custom_interfaces/cmake/rosidl_cmake_export_typesupport_libraries-extras.cmake
[8.476s] -- Up-to-date: /home/shan/ros2_ws/install/custom_interfaces/share/custom_interfaces/cmake/custom_interfacesConfig.cmake
[8.476s] -- Up-to-date: /home/shan/ros2_ws/install/custom_interfaces/share/custom_interfaces/cmake/custom_interfacesConfig-version.cmake
[8.476s] -- Up-to-date: /home/shan/ros2_ws/install/custom_interfaces/share/custom_interfaces/package.xml
[8.480s] Invoked command in '/home/shan/ros2_ws/build/custom_interfaces' returned '0': CMAKE_PREFIX_PATH=${CMAKE_PREFIX_PATH}:/home/shan/ros2_ws/install/myturtlectrl:/home/shan/ros2_ws/install/mypypkg:/opt/ros/humble /usr/bin/cmake --install /home/shan/ros2_ws/build/custom_interfaces
