[1.406s] Invoking command in '/home/shan/ros2_ws/src/mypypkg': PYTHONPATH=/home/shan/ros2_ws/build/mypypkg/prefix_override:/usr/lib/python3/dist-packages/colcon_core/task/python/colcon_distutils_commands:/home/shan/ros2_ws/install/mypypkg/lib/python3.10/site-packages:${PYTHONPATH} /usr/bin/python3 -W ignore:setup.py install is deprecated -W ignore:easy_install command is deprecated setup.py egg_info --egg-base ../../build/mypypkg build --build-base /home/shan/ros2_ws/build/mypypkg/build install --record /home/shan/ros2_ws/build/mypypkg/install.log --single-version-externally-managed install_data
[1.937s] running egg_info
[1.938s] writing ../../build/mypypkg/mypypkg.egg-info/PKG-INFO
[1.939s] writing dependency_links to ../../build/mypypkg/mypypkg.egg-info/dependency_links.txt
[1.939s] writing entry points to ../../build/mypypkg/mypypkg.egg-info/entry_points.txt
[1.940s] writing requirements to ../../build/mypypkg/mypypkg.egg-info/requires.txt
[1.940s] writing top-level names to ../../build/mypypkg/mypypkg.egg-info/top_level.txt
[1.944s] reading manifest file '../../build/mypypkg/mypypkg.egg-info/SOURCES.txt'
[1.946s] writing manifest file '../../build/mypypkg/mypypkg.egg-info/SOURCES.txt'
[1.947s] running build
[1.947s] running build_py
[1.948s] copying mypypkg/customsrvclient.py -> /home/shan/ros2_ws/build/mypypkg/build/lib/mypypkg
[1.949s] running install
[1.950s] running install_lib
[1.952s] copying /home/shan/ros2_ws/build/mypypkg/build/lib/mypypkg/customsrvclient.py -> /home/shan/ros2_ws/install/mypypkg/lib/python3.10/site-packages/mypypkg
[1.954s] byte-compiling /home/shan/ros2_ws/install/mypypkg/lib/python3.10/site-packages/mypypkg/customsrvclient.py to customsrvclient.cpython-310.pyc
[1.955s] running install_data
[1.955s] running install_egg_info
[1.960s] removing '/home/shan/ros2_ws/install/mypypkg/lib/python3.10/site-packages/mypypkg-0.0.0-py3.10.egg-info' (and everything under it)
[1.961s] Copying ../../build/mypypkg/mypypkg.egg-info to /home/shan/ros2_ws/install/mypypkg/lib/python3.10/site-packages/mypypkg-0.0.0-py3.10.egg-info
[1.964s] running install_scripts
[2.006s] Installing hpub script to /home/shan/ros2_ws/install/mypypkg/lib/mypypkg
[2.006s] Installing hsub script to /home/shan/ros2_ws/install/mypypkg/lib/mypypkg
[2.006s] Installing mtiserver = mypypkg.customserver1:mainmitclient script to /home/shan/ros2_ws/install/mypypkg/lib/mypypkg
[2.007s] Installing ppub script to /home/shan/ros2_ws/install/mypypkg/lib/mypypkg
[2.007s] Installing psub script to /home/shan/ros2_ws/install/mypypkg/lib/mypypkg
[2.007s] Installing testclient script to /home/shan/ros2_ws/install/mypypkg/lib/mypypkg
[2.007s] Installing testexec script to /home/shan/ros2_ws/install/mypypkg/lib/mypypkg
[2.008s] Installing testpub script to /home/shan/ros2_ws/install/mypypkg/lib/mypypkg
[2.008s] Installing testserver script to /home/shan/ros2_ws/install/mypypkg/lib/mypypkg
[2.009s] Installing testsub script to /home/shan/ros2_ws/install/mypypkg/lib/mypypkg
[2.009s] Installing vectorpub script to /home/shan/ros2_ws/install/mypypkg/lib/mypypkg
[2.009s] Installing vectorsub script to /home/shan/ros2_ws/install/mypypkg/lib/mypypkg
[2.010s] writing list of installed files to '/home/shan/ros2_ws/build/mypypkg/install.log'
[2.054s] Invoked command in '/home/shan/ros2_ws/src/mypypkg' returned '0': PYTHONPATH=/home/shan/ros2_ws/build/mypypkg/prefix_override:/usr/lib/python3/dist-packages/colcon_core/task/python/colcon_distutils_commands:/home/shan/ros2_ws/install/mypypkg/lib/python3.10/site-packages:${PYTHONPATH} /usr/bin/python3 -W ignore:setup.py install is deprecated -W ignore:easy_install command is deprecated setup.py egg_info --egg-base ../../build/mypypkg build --build-base /home/shan/ros2_ws/build/mypypkg/build install --record /home/shan/ros2_ws/build/mypypkg/install.log --single-version-externally-managed install_data
