[0.039s] Invoking command in '/home/shan/ros2_ws/build/custom_interfaces': CMAKE_PREFIX_PATH=${CMAKE_PREFIX_PATH}:/home/shan/ros2_ws/install/myturtlectrl:/home/shan/ros2_ws/install/mypypkg:/opt/ros/humble /usr/bin/cmake --build /home/shan/ros2_ws/build/custom_interfaces -- -j16 -l16
[0.214s] [  1%] Built target custom_interfaces__cpp
[0.225s] [ 12%] Built target custom_interfaces__rosidl_generator_c
[0.248s] [ 12%] Built target ament_cmake_python_copy_custom_interfaces
[0.282s] [ 37%] Built target custom_interfaces__rosidl_typesupport_c
[0.282s] [ 37%] Built target custom_interfaces__rosidl_typesupport_introspection_cpp
[0.283s] [ 46%] Built target custom_interfaces__rosidl_typesupport_cpp
[0.283s] [ 58%] Built target custom_interfaces__rosidl_typesupport_introspection_c
[0.285s] [ 74%] Built target custom_interfaces__rosidl_typesupport_fastrtps_cpp
[0.285s] [ 81%] Built target custom_interfaces__rosidl_typesupport_fastrtps_c
[0.340s] [ 81%] Built target custom_interfaces
[0.396s] [ 82%] Built target custom_interfaces__py
[0.465s] [ 92%] Built target custom_interfaces__rosidl_generator_py
[0.526s] [100%] Built target custom_interfaces__rosidl_typesupport_c__pyext
[0.527s] [100%] Built target custom_interfaces__rosidl_typesupport_introspection_c__pyext
[0.527s] [100%] Built target custom_interfaces__rosidl_typesupport_fastrtps_c__pyext
[0.831s] running egg_info
[0.832s] writing custom_interfaces.egg-info/PKG-INFO
[0.833s] writing dependency_links to custom_interfaces.egg-info/dependency_links.txt
[0.833s] writing top-level names to custom_interfaces.egg-info/top_level.txt
[0.839s] reading manifest file 'custom_interfaces.egg-info/SOURCES.txt'
[0.841s] writing manifest file 'custom_interfaces.egg-info/SOURCES.txt'
[0.908s] [100%] Built target ament_cmake_python_build_custom_interfaces_egg
[0.943s] Invoked command in '/home/shan/ros2_ws/build/custom_interfaces' returned '0': CMAKE_PREFIX_PATH=${CMAKE_PREFIX_PATH}:/home/shan/ros2_ws/install/myturtlectrl:/home/shan/ros2_ws/install/mypypkg:/opt/ros/humble /usr/bin/cmake --build /home/shan/ros2_ws/build/custom_interfaces -- -j16 -l16
[0.972s] Invoking command in '/home/shan/ros2_ws/build/custom_interfaces': CMAKE_PREFIX_PATH=${CMAKE_PREFIX_PATH}:/home/shan/ros2_ws/install/myturtlectrl:/home/shan/ros2_ws/install/mypypkg:/opt/ros/humble /usr/bin/cmake --install /home/shan/ros2_ws/build/custom_interfaces
[0.994s] -- Install configuration: ""
[0.995s] -- Up-to-date: /home/shan/ros2_ws/install/custom_interfaces/share/ament_index/resource_index/rosidl_interfaces/custom_interfaces
[0.995s] -- Up-to-date: /home/shan/ros2_ws/install/custom_interfaces/include/custom_interfaces/custom_interfaces
[0.995s] -- Up-to-date: /home/shan/ros2_ws/install/custom_interfaces/include/custom_interfaces/custom_interfaces/srv
[0.995s] -- Up-to-date: /home/shan/ros2_ws/install/custom_interfaces/include/custom_interfaces/custom_interfaces/srv/detail
[0.996s] -- Up-to-date: /home/shan/ros2_ws/install/custom_interfaces/include/custom_interfaces/custom_interfaces/srv/detail/multiply_two_ints__type_support.h
[0.996s] -- Up-to-date: /home/shan/ros2_ws/install/custom_interfaces/include/custom_interfaces/custom_interfaces/srv/detail/dotproduct__type_support.h
[0.996s] -- Up-to-date: /home/shan/ros2_ws/install/custom_interfaces/include/custom_interfaces/custom_interfaces/srv/detail/dotproduct__struct.h
[0.996s] -- Up-to-date: /home/shan/ros2_ws/install/custom_interfaces/include/custom_interfaces/custom_interfaces/srv/detail/multiply_two_ints__struct.h
[0.997s] -- Up-to-date: /home/shan/ros2_ws/install/custom_interfaces/include/custom_interfaces/custom_interfaces/srv/detail/multiply_two_ints__functions.h
[0.997s] -- Up-to-date: /home/shan/ros2_ws/install/custom_interfaces/include/custom_interfaces/custom_interfaces/srv/detail/dotproduct__functions.c
[0.997s] -- Up-to-date: /home/shan/ros2_ws/install/custom_interfaces/include/custom_interfaces/custom_interfaces/srv/detail/dotproduct__functions.h
[0.997s] -- Up-to-date: /home/shan/ros2_ws/install/custom_interfaces/include/custom_interfaces/custom_interfaces/srv/detail/multiply_two_ints__functions.c
[0.997s] -- Up-to-date: /home/shan/ros2_ws/install/custom_interfaces/include/custom_interfaces/custom_interfaces/srv/multiply_two_ints.h
[0.997s] -- Up-to-date: /home/shan/ros2_ws/install/custom_interfaces/include/custom_interfaces/custom_interfaces/srv/dotproduct.h
[0.998s] -- Up-to-date: /home/shan/ros2_ws/install/custom_interfaces/include/custom_interfaces/custom_interfaces/msg
[0.998s] -- Up-to-date: /home/shan/ros2_ws/install/custom_interfaces/include/custom_interfaces/custom_interfaces/msg/vector4.h
[0.998s] -- Up-to-date: /home/shan/ros2_ws/install/custom_interfaces/include/custom_interfaces/custom_interfaces/msg/detail
[0.998s] -- Up-to-date: /home/shan/ros2_ws/install/custom_interfaces/include/custom_interfaces/custom_interfaces/msg/detail/quaternion__struct.h
[0.998s] -- Up-to-date: /home/shan/ros2_ws/install/custom_interfaces/include/custom_interfaces/custom_interfaces/msg/detail/hardwarestatus__type_support.h
[0.998s] -- Up-to-date: /home/shan/ros2_ws/install/custom_interfaces/include/custom_interfaces/custom_interfaces/msg/detail/hardwarestatus__functions.c
[0.999s] -- Up-to-date: /home/shan/ros2_ws/install/custom_interfaces/include/custom_interfaces/custom_interfaces/msg/detail/point__struct.h
[0.999s] -- Up-to-date: /home/shan/ros2_ws/install/custom_interfaces/include/custom_interfaces/custom_interfaces/msg/detail/vector4__type_support.h
[0.999s] -- Up-to-date: /home/shan/ros2_ws/install/custom_interfaces/include/custom_interfaces/custom_interfaces/msg/detail/point__functions.c
[0.999s] -- Up-to-date: /home/shan/ros2_ws/install/custom_interfaces/include/custom_interfaces/custom_interfaces/msg/detail/pose__type_support.h
[0.999s] -- Up-to-date: /home/shan/ros2_ws/install/custom_interfaces/include/custom_interfaces/custom_interfaces/msg/detail/hardwarestatus__functions.h
[0.999s] -- Up-to-date: /home/shan/ros2_ws/install/custom_interfaces/include/custom_interfaces/custom_interfaces/msg/detail/point__functions.h
[0.999s] -- Up-to-date: /home/shan/ros2_ws/install/custom_interfaces/include/custom_interfaces/custom_interfaces/msg/detail/quaternion__functions.c
[0.999s] -- Up-to-date: /home/shan/ros2_ws/install/custom_interfaces/include/custom_interfaces/custom_interfaces/msg/detail/quaternion__functions.h
[1.000s] -- Up-to-date: /home/shan/ros2_ws/install/custom_interfaces/include/custom_interfaces/custom_interfaces/msg/detail/pose__functions.h
[1.000s] -- Up-to-date: /home/shan/ros2_ws/install/custom_interfaces/include/custom_interfaces/custom_interfaces/msg/detail/pose__functions.c
[1.000s] -- Up-to-date: /home/shan/ros2_ws/install/custom_interfaces/include/custom_interfaces/custom_interfaces/msg/detail/vector4__struct.h
[1.000s] -- Up-to-date: /home/shan/ros2_ws/install/custom_interfaces/include/custom_interfaces/custom_interfaces/msg/detail/vector4__functions.h
[1.000s] -- Up-to-date: /home/shan/ros2_ws/install/custom_interfaces/include/custom_interfaces/custom_interfaces/msg/detail/point__type_support.h
[1.000s] -- Up-to-date: /home/shan/ros2_ws/install/custom_interfaces/include/custom_interfaces/custom_interfaces/msg/detail/quaternion__type_support.h
[1.000s] -- Up-to-date: /home/shan/ros2_ws/install/custom_interfaces/include/custom_interfaces/custom_interfaces/msg/detail/hardwarestatus__struct.h
[1.001s] -- Up-to-date: /home/shan/ros2_ws/install/custom_interfaces/include/custom_interfaces/custom_interfaces/msg/detail/pose__struct.h
[1.001s] -- Up-to-date: /home/shan/ros2_ws/install/custom_interfaces/include/custom_interfaces/custom_interfaces/msg/detail/vector4__functions.c
[1.001s] -- Up-to-date: /home/shan/ros2_ws/install/custom_interfaces/include/custom_interfaces/custom_interfaces/msg/hardwarestatus.h
[1.001s] -- Up-to-date: /home/shan/ros2_ws/install/custom_interfaces/include/custom_interfaces/custom_interfaces/msg/point.h
[1.001s] -- Up-to-date: /home/shan/ros2_ws/install/custom_interfaces/include/custom_interfaces/custom_interfaces/msg/quaternion.h
[1.001s] -- Up-to-date: /home/shan/ros2_ws/install/custom_interfaces/include/custom_interfaces/custom_interfaces/msg/rosidl_generator_c__visibility_control.h
[1.001s] -- Up-to-date: /home/shan/ros2_ws/install/custom_interfaces/include/custom_interfaces/custom_interfaces/msg/pose.h
[1.001s] -- Up-to-date: /home/shan/ros2_ws/install/custom_interfaces/share/custom_interfaces/environment/library_path.sh
[1.001s] -- Up-to-date: /home/shan/ros2_ws/install/custom_interfaces/share/custom_interfaces/environment/library_path.dsv
[1.001s] -- Up-to-date: /home/shan/ros2_ws/install/custom_interfaces/lib/libcustom_interfaces__rosidl_generator_c.so
[1.001s] -- Up-to-date: /home/shan/ros2_ws/install/custom_interfaces/include/custom_interfaces/custom_interfaces
[1.001s] -- Up-to-date: /home/shan/ros2_ws/install/custom_interfaces/include/custom_interfaces/custom_interfaces/srv
[1.002s] -- Up-to-date: /home/shan/ros2_ws/install/custom_interfaces/include/custom_interfaces/custom_interfaces/srv/detail
[1.002s] -- Up-to-date: /home/shan/ros2_ws/install/custom_interfaces/include/custom_interfaces/custom_interfaces/srv/detail/multiply_two_ints__rosidl_typesupport_fastrtps_c.h
[1.002s] -- Up-to-date: /home/shan/ros2_ws/install/custom_interfaces/include/custom_interfaces/custom_interfaces/srv/detail/dotproduct__rosidl_typesupport_fastrtps_c.h
[1.002s] -- Up-to-date: /home/shan/ros2_ws/install/custom_interfaces/include/custom_interfaces/custom_interfaces/msg
[1.002s] -- Up-to-date: /home/shan/ros2_ws/install/custom_interfaces/include/custom_interfaces/custom_interfaces/msg/detail
[1.002s] -- Up-to-date: /home/shan/ros2_ws/install/custom_interfaces/include/custom_interfaces/custom_interfaces/msg/detail/pose__rosidl_typesupport_fastrtps_c.h
[1.002s] -- Up-to-date: /home/shan/ros2_ws/install/custom_interfaces/include/custom_interfaces/custom_interfaces/msg/detail/quaternion__rosidl_typesupport_fastrtps_c.h
[1.002s] -- Up-to-date: /home/shan/ros2_ws/install/custom_interfaces/include/custom_interfaces/custom_interfaces/msg/detail/hardwarestatus__rosidl_typesupport_fastrtps_c.h
[1.002s] -- Up-to-date: /home/shan/ros2_ws/install/custom_interfaces/include/custom_interfaces/custom_interfaces/msg/detail/point__rosidl_typesupport_fastrtps_c.h
[1.002s] -- Up-to-date: /home/shan/ros2_ws/install/custom_interfaces/include/custom_interfaces/custom_interfaces/msg/detail/vector4__rosidl_typesupport_fastrtps_c.h
[1.002s] -- Up-to-date: /home/shan/ros2_ws/install/custom_interfaces/include/custom_interfaces/custom_interfaces/msg/rosidl_typesupport_fastrtps_c__visibility_control.h
[1.002s] -- Up-to-date: /home/shan/ros2_ws/install/custom_interfaces/lib/libcustom_interfaces__rosidl_typesupport_fastrtps_c.so
[1.003s] -- Up-to-date: /home/shan/ros2_ws/install/custom_interfaces/include/custom_interfaces/custom_interfaces
[1.003s] -- Up-to-date: /home/shan/ros2_ws/install/custom_interfaces/include/custom_interfaces/custom_interfaces/srv
[1.003s] -- Up-to-date: /home/shan/ros2_ws/install/custom_interfaces/include/custom_interfaces/custom_interfaces/srv/detail
[1.003s] -- Up-to-date: /home/shan/ros2_ws/install/custom_interfaces/include/custom_interfaces/custom_interfaces/srv/detail/multiply_two_ints__type_support.c
[1.003s] -- Up-to-date: /home/shan/ros2_ws/install/custom_interfaces/include/custom_interfaces/custom_interfaces/srv/detail/dotproduct__rosidl_typesupport_introspection_c.h
[1.003s] -- Up-to-date: /home/shan/ros2_ws/install/custom_interfaces/include/custom_interfaces/custom_interfaces/srv/detail/multiply_two_ints__rosidl_typesupport_introspection_c.h
[1.003s] -- Up-to-date: /home/shan/ros2_ws/install/custom_interfaces/include/custom_interfaces/custom_interfaces/srv/detail/dotproduct__type_support.c
[1.003s] -- Up-to-date: /home/shan/ros2_ws/install/custom_interfaces/include/custom_interfaces/custom_interfaces/msg
[1.003s] -- Up-to-date: /home/shan/ros2_ws/install/custom_interfaces/include/custom_interfaces/custom_interfaces/msg/detail
[1.003s] -- Up-to-date: /home/shan/ros2_ws/install/custom_interfaces/include/custom_interfaces/custom_interfaces/msg/detail/hardwarestatus__rosidl_typesupport_introspection_c.h
[1.003s] -- Up-to-date: /home/shan/ros2_ws/install/custom_interfaces/include/custom_interfaces/custom_interfaces/msg/detail/point__type_support.c
[1.003s] -- Up-to-date: /home/shan/ros2_ws/install/custom_interfaces/include/custom_interfaces/custom_interfaces/msg/detail/quaternion__type_support.c
[1.003s] -- Up-to-date: /home/shan/ros2_ws/install/custom_interfaces/include/custom_interfaces/custom_interfaces/msg/detail/vector4__rosidl_typesupport_introspection_c.h
[1.004s] -- Up-to-date: /home/shan/ros2_ws/install/custom_interfaces/include/custom_interfaces/custom_interfaces/msg/detail/vector4__type_support.c
[1.004s] -- Up-to-date: /home/shan/ros2_ws/install/custom_interfaces/include/custom_interfaces/custom_interfaces/msg/detail/hardwarestatus__type_support.c
[1.004s] -- Up-to-date: /home/shan/ros2_ws/install/custom_interfaces/include/custom_interfaces/custom_interfaces/msg/detail/pose__rosidl_typesupport_introspection_c.h
[1.004s] -- Up-to-date: /home/shan/ros2_ws/install/custom_interfaces/include/custom_interfaces/custom_interfaces/msg/detail/quaternion__rosidl_typesupport_introspection_c.h
[1.004s] -- Up-to-date: /home/shan/ros2_ws/install/custom_interfaces/include/custom_interfaces/custom_interfaces/msg/detail/pose__type_support.c
[1.004s] -- Up-to-date: /home/shan/ros2_ws/install/custom_interfaces/include/custom_interfaces/custom_interfaces/msg/detail/point__rosidl_typesupport_introspection_c.h
[1.004s] -- Up-to-date: /home/shan/ros2_ws/install/custom_interfaces/include/custom_interfaces/custom_interfaces/msg/rosidl_typesupport_introspection_c__visibility_control.h
[1.004s] -- Up-to-date: /home/shan/ros2_ws/install/custom_interfaces/lib/libcustom_interfaces__rosidl_typesupport_introspection_c.so
[1.004s] -- Up-to-date: /home/shan/ros2_ws/install/custom_interfaces/lib/libcustom_interfaces__rosidl_typesupport_c.so
[1.005s] -- Up-to-date: /home/shan/ros2_ws/install/custom_interfaces/include/custom_interfaces/custom_interfaces
[1.005s] -- Up-to-date: /home/shan/ros2_ws/install/custom_interfaces/include/custom_interfaces/custom_interfaces/srv
[1.006s] -- Up-to-date: /home/shan/ros2_ws/install/custom_interfaces/include/custom_interfaces/custom_interfaces/srv/multiply_two_ints.hpp
[1.006s] -- Up-to-date: /home/shan/ros2_ws/install/custom_interfaces/include/custom_interfaces/custom_interfaces/srv/detail
[1.006s] -- Up-to-date: /home/shan/ros2_ws/install/custom_interfaces/include/custom_interfaces/custom_interfaces/srv/detail/dotproduct__type_support.hpp
[1.006s] -- Up-to-date: /home/shan/ros2_ws/install/custom_interfaces/include/custom_interfaces/custom_interfaces/srv/detail/dotproduct__traits.hpp
[1.006s] -- Up-to-date: /home/shan/ros2_ws/install/custom_interfaces/include/custom_interfaces/custom_interfaces/srv/detail/multiply_two_ints__builder.hpp
[1.007s] -- Up-to-date: /home/shan/ros2_ws/install/custom_interfaces/include/custom_interfaces/custom_interfaces/srv/detail/dotproduct__struct.hpp
[1.007s] -- Up-to-date: /home/shan/ros2_ws/install/custom_interfaces/include/custom_interfaces/custom_interfaces/srv/detail/dotproduct__builder.hpp
[1.007s] -- Up-to-date: /home/shan/ros2_ws/install/custom_interfaces/include/custom_interfaces/custom_interfaces/srv/detail/multiply_two_ints__struct.hpp
[1.007s] -- Up-to-date: /home/shan/ros2_ws/install/custom_interfaces/include/custom_interfaces/custom_interfaces/srv/detail/multiply_two_ints__type_support.hpp
[1.007s] -- Up-to-date: /home/shan/ros2_ws/install/custom_interfaces/include/custom_interfaces/custom_interfaces/srv/detail/multiply_two_ints__traits.hpp
[1.007s] -- Up-to-date: /home/shan/ros2_ws/install/custom_interfaces/include/custom_interfaces/custom_interfaces/srv/dotproduct.hpp
[1.008s] -- Up-to-date: /home/shan/ros2_ws/install/custom_interfaces/include/custom_interfaces/custom_interfaces/msg
[1.008s] -- Up-to-date: /home/shan/ros2_ws/install/custom_interfaces/include/custom_interfaces/custom_interfaces/msg/point.hpp
[1.008s] -- Up-to-date: /home/shan/ros2_ws/install/custom_interfaces/include/custom_interfaces/custom_interfaces/msg/hardwarestatus.hpp
[1.008s] -- Up-to-date: /home/shan/ros2_ws/install/custom_interfaces/include/custom_interfaces/custom_interfaces/msg/detail
[1.008s] -- Up-to-date: /home/shan/ros2_ws/install/custom_interfaces/include/custom_interfaces/custom_interfaces/msg/detail/hardwarestatus__struct.hpp
[1.009s] -- Up-to-date: /home/shan/ros2_ws/install/custom_interfaces/include/custom_interfaces/custom_interfaces/msg/detail/hardwarestatus__builder.hpp
[1.009s] -- Up-to-date: /home/shan/ros2_ws/install/custom_interfaces/include/custom_interfaces/custom_interfaces/msg/detail/quaternion__traits.hpp
[1.009s] -- Up-to-date: /home/shan/ros2_ws/install/custom_interfaces/include/custom_interfaces/custom_interfaces/msg/detail/point__type_support.hpp
[1.009s] -- Up-to-date: /home/shan/ros2_ws/install/custom_interfaces/include/custom_interfaces/custom_interfaces/msg/detail/quaternion__struct.hpp
[1.009s] -- Up-to-date: /home/shan/ros2_ws/install/custom_interfaces/include/custom_interfaces/custom_interfaces/msg/detail/vector4__traits.hpp
[1.009s] -- Up-to-date: /home/shan/ros2_ws/install/custom_interfaces/include/custom_interfaces/custom_interfaces/msg/detail/hardwarestatus__traits.hpp
[1.009s] -- Up-to-date: /home/shan/ros2_ws/install/custom_interfaces/include/custom_interfaces/custom_interfaces/msg/detail/vector4__builder.hpp
[1.010s] -- Up-to-date: /home/shan/ros2_ws/install/custom_interfaces/include/custom_interfaces/custom_interfaces/msg/detail/point__struct.hpp
[1.010s] -- Up-to-date: /home/shan/ros2_ws/install/custom_interfaces/include/custom_interfaces/custom_interfaces/msg/detail/vector4__struct.hpp
[1.010s] -- Up-to-date: /home/shan/ros2_ws/install/custom_interfaces/include/custom_interfaces/custom_interfaces/msg/detail/pose__type_support.hpp
[1.010s] -- Up-to-date: /home/shan/ros2_ws/install/custom_interfaces/include/custom_interfaces/custom_interfaces/msg/detail/pose__builder.hpp
[1.010s] -- Up-to-date: /home/shan/ros2_ws/install/custom_interfaces/include/custom_interfaces/custom_interfaces/msg/detail/quaternion__type_support.hpp
[1.010s] -- Up-to-date: /home/shan/ros2_ws/install/custom_interfaces/include/custom_interfaces/custom_interfaces/msg/detail/hardwarestatus__type_support.hpp
[1.010s] -- Up-to-date: /home/shan/ros2_ws/install/custom_interfaces/include/custom_interfaces/custom_interfaces/msg/detail/pose__struct.hpp
[1.011s] -- Up-to-date: /home/shan/ros2_ws/install/custom_interfaces/include/custom_interfaces/custom_interfaces/msg/detail/quaternion__builder.hpp
[1.011s] -- Up-to-date: /home/shan/ros2_ws/install/custom_interfaces/include/custom_interfaces/custom_interfaces/msg/detail/point__traits.hpp
[1.011s] -- Up-to-date: /home/shan/ros2_ws/install/custom_interfaces/include/custom_interfaces/custom_interfaces/msg/detail/vector4__type_support.hpp
[1.011s] -- Up-to-date: /home/shan/ros2_ws/install/custom_interfaces/include/custom_interfaces/custom_interfaces/msg/detail/point__builder.hpp
[1.011s] -- Up-to-date: /home/shan/ros2_ws/install/custom_interfaces/include/custom_interfaces/custom_interfaces/msg/detail/pose__traits.hpp
[1.011s] -- Up-to-date: /home/shan/ros2_ws/install/custom_interfaces/include/custom_interfaces/custom_interfaces/msg/pose.hpp
[1.012s] -- Up-to-date: /home/shan/ros2_ws/install/custom_interfaces/include/custom_interfaces/custom_interfaces/msg/quaternion.hpp
[1.012s] -- Up-to-date: /home/shan/ros2_ws/install/custom_interfaces/include/custom_interfaces/custom_interfaces/msg/rosidl_generator_cpp__visibility_control.hpp
[1.012s] -- Up-to-date: /home/shan/ros2_ws/install/custom_interfaces/include/custom_interfaces/custom_interfaces/msg/vector4.hpp
[1.012s] -- Up-to-date: /home/shan/ros2_ws/install/custom_interfaces/include/custom_interfaces/custom_interfaces
[1.012s] -- Up-to-date: /home/shan/ros2_ws/install/custom_interfaces/include/custom_interfaces/custom_interfaces/srv
[1.012s] -- Up-to-date: /home/shan/ros2_ws/install/custom_interfaces/include/custom_interfaces/custom_interfaces/srv/detail
[1.012s] -- Up-to-date: /home/shan/ros2_ws/install/custom_interfaces/include/custom_interfaces/custom_interfaces/srv/detail/multiply_two_ints__rosidl_typesupport_fastrtps_cpp.hpp
[1.013s] -- Up-to-date: /home/shan/ros2_ws/install/custom_interfaces/include/custom_interfaces/custom_interfaces/srv/detail/dotproduct__rosidl_typesupport_fastrtps_cpp.hpp
[1.013s] -- Up-to-date: /home/shan/ros2_ws/install/custom_interfaces/include/custom_interfaces/custom_interfaces/srv/detail/dds_fastrtps
[1.013s] -- Up-to-date: /home/shan/ros2_ws/install/custom_interfaces/include/custom_interfaces/custom_interfaces/msg
[1.013s] -- Up-to-date: /home/shan/ros2_ws/install/custom_interfaces/include/custom_interfaces/custom_interfaces/msg/rosidl_typesupport_fastrtps_cpp__visibility_control.h
[1.013s] -- Up-to-date: /home/shan/ros2_ws/install/custom_interfaces/include/custom_interfaces/custom_interfaces/msg/detail
[1.013s] -- Up-to-date: /home/shan/ros2_ws/install/custom_interfaces/include/custom_interfaces/custom_interfaces/msg/detail/point__rosidl_typesupport_fastrtps_cpp.hpp
[1.013s] -- Up-to-date: /home/shan/ros2_ws/install/custom_interfaces/include/custom_interfaces/custom_interfaces/msg/detail/quaternion__rosidl_typesupport_fastrtps_cpp.hpp
[1.013s] -- Up-to-date: /home/shan/ros2_ws/install/custom_interfaces/include/custom_interfaces/custom_interfaces/msg/detail/pose__rosidl_typesupport_fastrtps_cpp.hpp
[1.014s] -- Up-to-date: /home/shan/ros2_ws/install/custom_interfaces/include/custom_interfaces/custom_interfaces/msg/detail/hardwarestatus__rosidl_typesupport_fastrtps_cpp.hpp
[1.014s] -- Up-to-date: /home/shan/ros2_ws/install/custom_interfaces/include/custom_interfaces/custom_interfaces/msg/detail/dds_fastrtps
[1.014s] -- Up-to-date: /home/shan/ros2_ws/install/custom_interfaces/include/custom_interfaces/custom_interfaces/msg/detail/vector4__rosidl_typesupport_fastrtps_cpp.hpp
[1.014s] -- Up-to-date: /home/shan/ros2_ws/install/custom_interfaces/lib/libcustom_interfaces__rosidl_typesupport_fastrtps_cpp.so
[1.014s] -- Up-to-date: /home/shan/ros2_ws/install/custom_interfaces/include/custom_interfaces/custom_interfaces
[1.014s] -- Up-to-date: /home/shan/ros2_ws/install/custom_interfaces/include/custom_interfaces/custom_interfaces/srv
[1.014s] -- Up-to-date: /home/shan/ros2_ws/install/custom_interfaces/include/custom_interfaces/custom_interfaces/srv/detail
[1.014s] -- Up-to-date: /home/shan/ros2_ws/install/custom_interfaces/include/custom_interfaces/custom_interfaces/srv/detail/multiply_two_ints__rosidl_typesupport_introspection_cpp.hpp
[1.014s] -- Up-to-date: /home/shan/ros2_ws/install/custom_interfaces/include/custom_interfaces/custom_interfaces/srv/detail/dotproduct__rosidl_typesupport_introspection_cpp.hpp
[1.015s] -- Up-to-date: /home/shan/ros2_ws/install/custom_interfaces/include/custom_interfaces/custom_interfaces/srv/detail/multiply_two_ints__type_support.cpp
[1.015s] -- Up-to-date: /home/shan/ros2_ws/install/custom_interfaces/include/custom_interfaces/custom_interfaces/srv/detail/dotproduct__type_support.cpp
[1.015s] -- Up-to-date: /home/shan/ros2_ws/install/custom_interfaces/include/custom_interfaces/custom_interfaces/msg
[1.015s] -- Up-to-date: /home/shan/ros2_ws/install/custom_interfaces/include/custom_interfaces/custom_interfaces/msg/detail
[1.015s] -- Up-to-date: /home/shan/ros2_ws/install/custom_interfaces/include/custom_interfaces/custom_interfaces/msg/detail/quaternion__type_support.cpp
[1.015s] -- Up-to-date: /home/shan/ros2_ws/install/custom_interfaces/include/custom_interfaces/custom_interfaces/msg/detail/vector4__type_support.cpp
[1.015s] -- Up-to-date: /home/shan/ros2_ws/install/custom_interfaces/include/custom_interfaces/custom_interfaces/msg/detail/point__rosidl_typesupport_introspection_cpp.hpp
[1.016s] -- Up-to-date: /home/shan/ros2_ws/install/custom_interfaces/include/custom_interfaces/custom_interfaces/msg/detail/pose__type_support.cpp
[1.016s] -- Up-to-date: /home/shan/ros2_ws/install/custom_interfaces/include/custom_interfaces/custom_interfaces/msg/detail/hardwarestatus__rosidl_typesupport_introspection_cpp.hpp
[1.016s] -- Up-to-date: /home/shan/ros2_ws/install/custom_interfaces/include/custom_interfaces/custom_interfaces/msg/detail/point__type_support.cpp
[1.016s] -- Up-to-date: /home/shan/ros2_ws/install/custom_interfaces/include/custom_interfaces/custom_interfaces/msg/detail/quaternion__rosidl_typesupport_introspection_cpp.hpp
[1.016s] -- Up-to-date: /home/shan/ros2_ws/install/custom_interfaces/include/custom_interfaces/custom_interfaces/msg/detail/hardwarestatus__type_support.cpp
[1.016s] -- Up-to-date: /home/shan/ros2_ws/install/custom_interfaces/include/custom_interfaces/custom_interfaces/msg/detail/pose__rosidl_typesupport_introspection_cpp.hpp
[1.016s] -- Up-to-date: /home/shan/ros2_ws/install/custom_interfaces/include/custom_interfaces/custom_interfaces/msg/detail/vector4__rosidl_typesupport_introspection_cpp.hpp
[1.017s] -- Up-to-date: /home/shan/ros2_ws/install/custom_interfaces/lib/libcustom_interfaces__rosidl_typesupport_introspection_cpp.so
[1.017s] -- Up-to-date: /home/shan/ros2_ws/install/custom_interfaces/lib/libcustom_interfaces__rosidl_typesupport_cpp.so
[1.017s] -- Up-to-date: /home/shan/ros2_ws/install/custom_interfaces/share/custom_interfaces/environment/pythonpath.sh
[1.017s] -- Up-to-date: /home/shan/ros2_ws/install/custom_interfaces/share/custom_interfaces/environment/pythonpath.dsv
[1.017s] -- Up-to-date: /home/shan/ros2_ws/install/custom_interfaces/local/lib/python3.10/dist-packages/custom_interfaces-0.0.0-py3.10.egg-info
[1.017s] -- Installing: /home/shan/ros2_ws/install/custom_interfaces/local/lib/python3.10/dist-packages/custom_interfaces-0.0.0-py3.10.egg-info/SOURCES.txt
[1.017s] -- Installing: /home/shan/ros2_ws/install/custom_interfaces/local/lib/python3.10/dist-packages/custom_interfaces-0.0.0-py3.10.egg-info/dependency_links.txt
[1.018s] -- Installing: /home/shan/ros2_ws/install/custom_interfaces/local/lib/python3.10/dist-packages/custom_interfaces-0.0.0-py3.10.egg-info/top_level.txt
[1.018s] -- Installing: /home/shan/ros2_ws/install/custom_interfaces/local/lib/python3.10/dist-packages/custom_interfaces-0.0.0-py3.10.egg-info/PKG-INFO
[1.018s] -- Up-to-date: /home/shan/ros2_ws/install/custom_interfaces/local/lib/python3.10/dist-packages/custom_interfaces
[1.018s] -- Up-to-date: /home/shan/ros2_ws/install/custom_interfaces/local/lib/python3.10/dist-packages/custom_interfaces/__init__.py
[1.018s] -- Up-to-date: /home/shan/ros2_ws/install/custom_interfaces/local/lib/python3.10/dist-packages/custom_interfaces/custom_interfaces_s__rosidl_typesupport_fastrtps_c.cpython-310-x86_64-linux-gnu.so
[1.018s] -- Up-to-date: /home/shan/ros2_ws/install/custom_interfaces/local/lib/python3.10/dist-packages/custom_interfaces/custom_interfaces_s__rosidl_typesupport_introspection_c.cpython-310-x86_64-linux-gnu.so
[1.019s] -- Up-to-date: /home/shan/ros2_ws/install/custom_interfaces/local/lib/python3.10/dist-packages/custom_interfaces/_custom_interfaces_s.ep.rosidl_typesupport_c.c
[1.019s] -- Up-to-date: /home/shan/ros2_ws/install/custom_interfaces/local/lib/python3.10/dist-packages/custom_interfaces/srv
[1.019s] -- Up-to-date: /home/shan/ros2_ws/install/custom_interfaces/local/lib/python3.10/dist-packages/custom_interfaces/srv/__init__.py
[1.019s] -- Up-to-date: /home/shan/ros2_ws/install/custom_interfaces/local/lib/python3.10/dist-packages/custom_interfaces/srv/_multiply_two_ints_s.c
[1.019s] -- Up-to-date: /home/shan/ros2_ws/install/custom_interfaces/local/lib/python3.10/dist-packages/custom_interfaces/srv/_dotproduct.py
[1.019s] -- Up-to-date: /home/shan/ros2_ws/install/custom_interfaces/local/lib/python3.10/dist-packages/custom_interfaces/srv/_dotproduct_s.c
[1.020s] -- Up-to-date: /home/shan/ros2_ws/install/custom_interfaces/local/lib/python3.10/dist-packages/custom_interfaces/srv/_multiply_two_ints.py
[1.020s] -- Up-to-date: /home/shan/ros2_ws/install/custom_interfaces/local/lib/python3.10/dist-packages/custom_interfaces/msg
[1.020s] -- Up-to-date: /home/shan/ros2_ws/install/custom_interfaces/local/lib/python3.10/dist-packages/custom_interfaces/msg/__init__.py
[1.020s] -- Up-to-date: /home/shan/ros2_ws/install/custom_interfaces/local/lib/python3.10/dist-packages/custom_interfaces/msg/_hardwarestatus_s.c
[1.020s] -- Up-to-date: /home/shan/ros2_ws/install/custom_interfaces/local/lib/python3.10/dist-packages/custom_interfaces/msg/_point.py
[1.020s] -- Up-to-date: /home/shan/ros2_ws/install/custom_interfaces/local/lib/python3.10/dist-packages/custom_interfaces/msg/_quaternion.py
[1.020s] -- Up-to-date: /home/shan/ros2_ws/install/custom_interfaces/local/lib/python3.10/dist-packages/custom_interfaces/msg/_point_s.c
[1.020s] -- Up-to-date: /home/shan/ros2_ws/install/custom_interfaces/local/lib/python3.10/dist-packages/custom_interfaces/msg/_pose.py
[1.020s] -- Up-to-date: /home/shan/ros2_ws/install/custom_interfaces/local/lib/python3.10/dist-packages/custom_interfaces/msg/_hardwarestatus.py
[1.021s] -- Up-to-date: /home/shan/ros2_ws/install/custom_interfaces/local/lib/python3.10/dist-packages/custom_interfaces/msg/_vector4.py
[1.021s] -- Up-to-date: /home/shan/ros2_ws/install/custom_interfaces/local/lib/python3.10/dist-packages/custom_interfaces/msg/_quaternion_s.c
[1.021s] -- Up-to-date: /home/shan/ros2_ws/install/custom_interfaces/local/lib/python3.10/dist-packages/custom_interfaces/msg/_vector4_s.c
[1.021s] -- Up-to-date: /home/shan/ros2_ws/install/custom_interfaces/local/lib/python3.10/dist-packages/custom_interfaces/msg/_pose_s.c
[1.021s] -- Up-to-date: /home/shan/ros2_ws/install/custom_interfaces/local/lib/python3.10/dist-packages/custom_interfaces/_custom_interfaces_s.ep.rosidl_typesupport_fastrtps_c.c
[1.021s] -- Up-to-date: /home/shan/ros2_ws/install/custom_interfaces/local/lib/python3.10/dist-packages/custom_interfaces/_custom_interfaces_s.ep.rosidl_typesupport_introspection_c.c
[1.021s] -- Up-to-date: /home/shan/ros2_ws/install/custom_interfaces/local/lib/python3.10/dist-packages/custom_interfaces/custom_interfaces_s__rosidl_typesupport_c.cpython-310-x86_64-linux-gnu.so
[1.021s] -- Up-to-date: /home/shan/ros2_ws/install/custom_interfaces/local/lib/python3.10/dist-packages/custom_interfaces/libcustom_interfaces__rosidl_generator_py.so
[1.100s] Listing '/home/shan/ros2_ws/install/custom_interfaces/local/lib/python3.10/dist-packages/custom_interfaces'...
[1.100s] Listing '/home/shan/ros2_ws/install/custom_interfaces/local/lib/python3.10/dist-packages/custom_interfaces/msg'...
[1.101s] Listing '/home/shan/ros2_ws/install/custom_interfaces/local/lib/python3.10/dist-packages/custom_interfaces/srv'...
[1.111s] -- Up-to-date: /home/shan/ros2_ws/install/custom_interfaces/local/lib/python3.10/dist-packages/custom_interfaces/custom_interfaces_s__rosidl_typesupport_fastrtps_c.cpython-310-x86_64-linux-gnu.so
[1.113s] -- Up-to-date: /home/shan/ros2_ws/install/custom_interfaces/local/lib/python3.10/dist-packages/custom_interfaces/custom_interfaces_s__rosidl_typesupport_introspection_c.cpython-310-x86_64-linux-gnu.so
[1.114s] -- Up-to-date: /home/shan/ros2_ws/install/custom_interfaces/local/lib/python3.10/dist-packages/custom_interfaces/custom_interfaces_s__rosidl_typesupport_c.cpython-310-x86_64-linux-gnu.so
[1.115s] -- Up-to-date: /home/shan/ros2_ws/install/custom_interfaces/lib/libcustom_interfaces__rosidl_generator_py.so
[1.115s] -- Up-to-date: /home/shan/ros2_ws/install/custom_interfaces/share/custom_interfaces/msg/Vector4.idl
[1.116s] -- Up-to-date: /home/shan/ros2_ws/install/custom_interfaces/share/custom_interfaces/msg/Hardwarestatus.idl
[1.116s] -- Up-to-date: /home/shan/ros2_ws/install/custom_interfaces/share/custom_interfaces/msg/Point.idl
[1.117s] -- Up-to-date: /home/shan/ros2_ws/install/custom_interfaces/share/custom_interfaces/msg/Pose.idl
[1.117s] -- Up-to-date: /home/shan/ros2_ws/install/custom_interfaces/share/custom_interfaces/msg/Quaternion.idl
[1.117s] -- Up-to-date: /home/shan/ros2_ws/install/custom_interfaces/share/custom_interfaces/srv/MultiplyTwoInts.idl
[1.117s] -- Up-to-date: /home/shan/ros2_ws/install/custom_interfaces/share/custom_interfaces/srv/Dotproduct.idl
[1.117s] -- Up-to-date: /home/shan/ros2_ws/install/custom_interfaces/share/custom_interfaces/msg/Vector4.msg
[1.118s] -- Up-to-date: /home/shan/ros2_ws/install/custom_interfaces/share/custom_interfaces/msg/Hardwarestatus.msg
[1.118s] -- Up-to-date: /home/shan/ros2_ws/install/custom_interfaces/share/custom_interfaces/msg/Point.msg
[1.118s] -- Up-to-date: /home/shan/ros2_ws/install/custom_interfaces/share/custom_interfaces/msg/Pose.msg
[1.118s] -- Up-to-date: /home/shan/ros2_ws/install/custom_interfaces/share/custom_interfaces/msg/Quaternion.msg
[1.118s] -- Up-to-date: /home/shan/ros2_ws/install/custom_interfaces/share/custom_interfaces/srv/MultiplyTwoInts.srv
[1.118s] -- Up-to-date: /home/shan/ros2_ws/install/custom_interfaces/share/custom_interfaces/srv/MultiplyTwoInts_Request.msg
[1.119s] -- Up-to-date: /home/shan/ros2_ws/install/custom_interfaces/share/custom_interfaces/srv/MultiplyTwoInts_Response.msg
[1.119s] -- Up-to-date: /home/shan/ros2_ws/install/custom_interfaces/share/custom_interfaces/srv/Dotproduct.srv
[1.119s] -- Up-to-date: /home/shan/ros2_ws/install/custom_interfaces/share/custom_interfaces/srv/Dotproduct_Request.msg
[1.119s] -- Up-to-date: /home/shan/ros2_ws/install/custom_interfaces/share/custom_interfaces/srv/Dotproduct_Response.msg
[1.119s] -- Up-to-date: /home/shan/ros2_ws/install/custom_interfaces/share/ament_index/resource_index/package_run_dependencies/custom_interfaces
[1.119s] -- Up-to-date: /home/shan/ros2_ws/install/custom_interfaces/share/ament_index/resource_index/parent_prefix_path/custom_interfaces
[1.119s] -- Up-to-date: /home/shan/ros2_ws/install/custom_interfaces/share/custom_interfaces/environment/ament_prefix_path.sh
[1.120s] -- Up-to-date: /home/shan/ros2_ws/install/custom_interfaces/share/custom_interfaces/environment/ament_prefix_path.dsv
[1.120s] -- Up-to-date: /home/shan/ros2_ws/install/custom_interfaces/share/custom_interfaces/environment/path.sh
[1.120s] -- Up-to-date: /home/shan/ros2_ws/install/custom_interfaces/share/custom_interfaces/environment/path.dsv
[1.120s] -- Up-to-date: /home/shan/ros2_ws/install/custom_interfaces/share/custom_interfaces/local_setup.bash
[1.120s] -- Up-to-date: /home/shan/ros2_ws/install/custom_interfaces/share/custom_interfaces/local_setup.sh
[1.120s] -- Up-to-date: /home/shan/ros2_ws/install/custom_interfaces/share/custom_interfaces/local_setup.zsh
[1.120s] -- Up-to-date: /home/shan/ros2_ws/install/custom_interfaces/share/custom_interfaces/local_setup.dsv
[1.120s] -- Installing: /home/shan/ros2_ws/install/custom_interfaces/share/custom_interfaces/package.dsv
[1.121s] -- Up-to-date: /home/shan/ros2_ws/install/custom_interfaces/share/ament_index/resource_index/packages/custom_interfaces
[1.121s] -- Up-to-date: /home/shan/ros2_ws/install/custom_interfaces/share/custom_interfaces/cmake/export_custom_interfaces__rosidl_generator_cExport.cmake
[1.121s] -- Up-to-date: /home/shan/ros2_ws/install/custom_interfaces/share/custom_interfaces/cmake/export_custom_interfaces__rosidl_generator_cExport-noconfig.cmake
[1.122s] -- Up-to-date: /home/shan/ros2_ws/install/custom_interfaces/share/custom_interfaces/cmake/export_custom_interfaces__rosidl_typesupport_fastrtps_cExport.cmake
[1.122s] -- Up-to-date: /home/shan/ros2_ws/install/custom_interfaces/share/custom_interfaces/cmake/export_custom_interfaces__rosidl_typesupport_fastrtps_cExport-noconfig.cmake
[1.123s] -- Up-to-date: /home/shan/ros2_ws/install/custom_interfaces/share/custom_interfaces/cmake/custom_interfaces__rosidl_typesupport_introspection_cExport.cmake
[1.123s] -- Up-to-date: /home/shan/ros2_ws/install/custom_interfaces/share/custom_interfaces/cmake/custom_interfaces__rosidl_typesupport_introspection_cExport-noconfig.cmake
[1.123s] -- Up-to-date: /home/shan/ros2_ws/install/custom_interfaces/share/custom_interfaces/cmake/custom_interfaces__rosidl_typesupport_cExport.cmake
[1.124s] -- Up-to-date: /home/shan/ros2_ws/install/custom_interfaces/share/custom_interfaces/cmake/custom_interfaces__rosidl_typesupport_cExport-noconfig.cmake
[1.124s] -- Up-to-date: /home/shan/ros2_ws/install/custom_interfaces/share/custom_interfaces/cmake/export_custom_interfaces__rosidl_generator_cppExport.cmake
[1.125s] -- Up-to-date: /home/shan/ros2_ws/install/custom_interfaces/share/custom_interfaces/cmake/export_custom_interfaces__rosidl_typesupport_fastrtps_cppExport.cmake
[1.125s] -- Up-to-date: /home/shan/ros2_ws/install/custom_interfaces/share/custom_interfaces/cmake/export_custom_interfaces__rosidl_typesupport_fastrtps_cppExport-noconfig.cmake
[1.126s] -- Up-to-date: /home/shan/ros2_ws/install/custom_interfaces/share/custom_interfaces/cmake/custom_interfaces__rosidl_typesupport_introspection_cppExport.cmake
[1.126s] -- Up-to-date: /home/shan/ros2_ws/install/custom_interfaces/share/custom_interfaces/cmake/custom_interfaces__rosidl_typesupport_introspection_cppExport-noconfig.cmake
[1.126s] -- Up-to-date: /home/shan/ros2_ws/install/custom_interfaces/share/custom_interfaces/cmake/custom_interfaces__rosidl_typesupport_cppExport.cmake
[1.127s] -- Up-to-date: /home/shan/ros2_ws/install/custom_interfaces/share/custom_interfaces/cmake/custom_interfaces__rosidl_typesupport_cppExport-noconfig.cmake
[1.127s] -- Up-to-date: /home/shan/ros2_ws/install/custom_interfaces/share/custom_interfaces/cmake/export_custom_interfaces__rosidl_generator_pyExport.cmake
[1.127s] -- Up-to-date: /home/shan/ros2_ws/install/custom_interfaces/share/custom_interfaces/cmake/export_custom_interfaces__rosidl_generator_pyExport-noconfig.cmake
[1.127s] -- Up-to-date: /home/shan/ros2_ws/install/custom_interfaces/share/custom_interfaces/cmake/rosidl_cmake-extras.cmake
[1.128s] -- Up-to-date: /home/shan/ros2_ws/install/custom_interfaces/share/custom_interfaces/cmake/ament_cmake_export_include_directories-extras.cmake
[1.128s] -- Up-to-date: /home/shan/ros2_ws/install/custom_interfaces/share/custom_interfaces/cmake/ament_cmake_export_libraries-extras.cmake
[1.128s] -- Up-to-date: /home/shan/ros2_ws/install/custom_interfaces/share/custom_interfaces/cmake/ament_cmake_export_targets-extras.cmake
[1.128s] -- Up-to-date: /home/shan/ros2_ws/install/custom_interfaces/share/custom_interfaces/cmake/rosidl_cmake_export_typesupport_targets-extras.cmake
[1.128s] -- Up-to-date: /home/shan/ros2_ws/install/custom_interfaces/share/custom_interfaces/cmake/ament_cmake_export_dependencies-extras.cmake
[1.128s] -- Up-to-date: /home/shan/ros2_ws/install/custom_interfaces/share/custom_interfaces/cmake/rosidl_cmake_export_typesupport_libraries-extras.cmake
[1.128s] -- Up-to-date: /home/shan/ros2_ws/install/custom_interfaces/share/custom_interfaces/cmake/custom_interfacesConfig.cmake
[1.128s] -- Up-to-date: /home/shan/ros2_ws/install/custom_interfaces/share/custom_interfaces/cmake/custom_interfacesConfig-version.cmake
[1.128s] -- Up-to-date: /home/shan/ros2_ws/install/custom_interfaces/share/custom_interfaces/package.xml
[1.134s] Invoked command in '/home/shan/ros2_ws/build/custom_interfaces' returned '0': CMAKE_PREFIX_PATH=${CMAKE_PREFIX_PATH}:/home/shan/ros2_ws/install/myturtlectrl:/home/shan/ros2_ws/install/mypypkg:/opt/ros/humble /usr/bin/cmake --install /home/shan/ros2_ws/build/custom_interfaces
