[1.400s] Invoking command in '/home/shan/ros2_ws/src/mypypkg': PYTHONPATH=/home/shan/ros2_ws/build/mypypkg/prefix_override:/usr/lib/python3/dist-packages/colcon_core/task/python/colcon_distutils_commands:/home/shan/ros2_ws/install/mypypkg/lib/python3.10/site-packages:${PYTHONPATH} /usr/bin/python3 -W ignore:setup.py install is deprecated -W ignore:easy_install command is deprecated setup.py egg_info --egg-base ../../build/mypypkg build --build-base /home/shan/ros2_ws/build/mypypkg/build install --record /home/shan/ros2_ws/build/mypypkg/install.log --single-version-externally-managed install_data
[1.927s] running egg_info
[1.928s] writing ../../build/mypypkg/mypypkg.egg-info/PKG-INFO
[1.928s] writing dependency_links to ../../build/mypypkg/mypypkg.egg-info/dependency_links.txt
[1.929s] writing entry points to ../../build/mypypkg/mypypkg.egg-info/entry_points.txt
[1.929s] writing requirements to ../../build/mypypkg/mypypkg.egg-info/requires.txt
[1.930s] writing top-level names to ../../build/mypypkg/mypypkg.egg-info/top_level.txt
[1.934s] reading manifest file '../../build/mypypkg/mypypkg.egg-info/SOURCES.txt'
[1.936s] writing manifest file '../../build/mypypkg/mypypkg.egg-info/SOURCES.txt'
[1.936s] running build
[1.936s] running build_py
[1.938s] copying mypypkg/customserver2.py -> /home/shan/ros2_ws/build/mypypkg/build/lib/mypypkg
[1.939s] running install
[1.939s] running install_lib
[1.942s] copying /home/shan/ros2_ws/build/mypypkg/build/lib/mypypkg/customserver2.py -> /home/shan/ros2_ws/install/mypypkg/lib/python3.10/site-packages/mypypkg
[1.944s] byte-compiling /home/shan/ros2_ws/install/mypypkg/lib/python3.10/site-packages/mypypkg/customserver2.py to customserver2.cpython-310.pyc
[1.944s] running install_data
[1.945s] running install_egg_info
[1.950s] removing '/home/shan/ros2_ws/install/mypypkg/lib/python3.10/site-packages/mypypkg-0.0.0-py3.10.egg-info' (and everything under it)
[1.951s] Copying ../../build/mypypkg/mypypkg.egg-info to /home/shan/ros2_ws/install/mypypkg/lib/python3.10/site-packages/mypypkg-0.0.0-py3.10.egg-info
[1.953s] running install_scripts
[1.995s] Installing dpserver script to /home/shan/ros2_ws/install/mypypkg/lib/mypypkg
[1.996s] Installing hpub script to /home/shan/ros2_ws/install/mypypkg/lib/mypypkg
[1.996s] Installing hsub script to /home/shan/ros2_ws/install/mypypkg/lib/mypypkg
[1.996s] Installing mitclient script to /home/shan/ros2_ws/install/mypypkg/lib/mypypkg
[1.996s] Installing mtiserver script to /home/shan/ros2_ws/install/mypypkg/lib/mypypkg
[1.997s] Installing ppub script to /home/shan/ros2_ws/install/mypypkg/lib/mypypkg
[1.997s] Installing psub script to /home/shan/ros2_ws/install/mypypkg/lib/mypypkg
[1.997s] Installing testclient script to /home/shan/ros2_ws/install/mypypkg/lib/mypypkg
[1.998s] Installing testexec script to /home/shan/ros2_ws/install/mypypkg/lib/mypypkg
[1.998s] Installing testpub script to /home/shan/ros2_ws/install/mypypkg/lib/mypypkg
[1.998s] Installing testserver script to /home/shan/ros2_ws/install/mypypkg/lib/mypypkg
[1.998s] Installing testsub script to /home/shan/ros2_ws/install/mypypkg/lib/mypypkg
[1.999s] Installing vectorpub script to /home/shan/ros2_ws/install/mypypkg/lib/mypypkg
[1.999s] Installing vectorsub script to /home/shan/ros2_ws/install/mypypkg/lib/mypypkg
[2.000s] writing list of installed files to '/home/shan/ros2_ws/build/mypypkg/install.log'
[2.043s] Invoked command in '/home/shan/ros2_ws/src/mypypkg' returned '0': PYTHONPATH=/home/shan/ros2_ws/build/mypypkg/prefix_override:/usr/lib/python3/dist-packages/colcon_core/task/python/colcon_distutils_commands:/home/shan/ros2_ws/install/mypypkg/lib/python3.10/site-packages:${PYTHONPATH} /usr/bin/python3 -W ignore:setup.py install is deprecated -W ignore:easy_install command is deprecated setup.py egg_info --egg-base ../../build/mypypkg build --build-base /home/shan/ros2_ws/build/mypypkg/build install --record /home/shan/ros2_ws/build/mypypkg/install.log --single-version-externally-managed install_data
