[0.033s] Invoking command in '/home/shan/ros2_ws/build/custom_interfaces': CMAKE_PREFIX_PATH=${CMAKE_PREFIX_PATH}:/home/shan/ros2_ws/install/myturtlectrl:/home/shan/ros2_ws/install/mypypkg:/opt/ros/humble /usr/bin/cmake --build /home/shan/ros2_ws/build/custom_interfaces -- -j16 -l16
[0.085s] -- Found ament_cmake: 1.3.12 (/opt/ros/humble/share/ament_cmake/cmake)
[0.272s] -- Found rosidl_default_generators: 1.2.0 (/opt/ros/humble/share/rosidl_default_generators/cmake)
[0.276s] -- Using all available rosidl_typesupport_c: rosidl_typesupport_fastrtps_c;rosidl_typesupport_introspection_c
[0.282s] -- Found rosidl_adapter: 3.1.8 (/opt/ros/humble/share/rosidl_adapter/cmake)
[0.348s] -- Using all available rosidl_typesupport_cpp: rosidl_typesupport_fastrtps_cpp;rosidl_typesupport_introspection_cpp
[0.658s] [31mCMake Error at /opt/ros/humble/share/rosidl_adapter/cmake/rosidl_adapt_interfaces.cmake:59 (message):
[0.658s]   execute_process(/usr/bin/python3 -m rosidl_adapter --package-name
[0.658s]   custom_interfaces --arguments-file
[0.658s]   /home/shan/ros2_ws/build/custom_interfaces/rosidl_adapter__arguments__custom_interfaces.json
[0.658s]   --output-dir
[0.658s]   /home/shan/ros2_ws/build/custom_interfaces/rosidl_adapter/custom_interfaces
[0.659s]   --output-file
[0.659s]   /home/shan/ros2_ws/build/custom_interfaces/rosidl_adapter/custom_interfaces.idls)
[0.659s]   returned error code 1:
[0.659s] 
[0.659s]   Error processing 'custom_interfaces.msg/Quaternion.msg orientation' of
[0.659s]   'custom_interfaces/Pose': ''custom_interfaces.msg' is an invalid package
[0.659s]   name.  It should have the pattern '^(?!.*__)(?!.*_$)[a-z][a-z0-9_]*$''
[0.659s] 
[0.659s]   Traceback (most recent call last):
[0.659s] 
[0.659s]     File "/usr/lib/python3.10/runpy.py", line 196, in _run_module_as_main
[0.659s]       return _run_code(code, main_globals, None,
[0.659s]     File "/usr/lib/python3.10/runpy.py", line 86, in _run_code
[0.659s]       exec(code, run_globals)
[0.660s]     File "/opt/ros/humble/local/lib/python3.10/dist-packages/rosidl_adapter/__main__.py", line 19, in <module>
[0.660s]       sys.exit(main())
[0.660s]     File "/opt/ros/humble/local/lib/python3.10/dist-packages/rosidl_adapter/main.py", line 53, in main
[0.660s]       abs_idl_file = convert_to_idl(
[0.660s]     File "/opt/ros/humble/local/lib/python3.10/dist-packages/rosidl_adapter/__init__.py", line 19, in convert_to_idl
[0.660s]       return convert_msg_to_idl(
[0.660s]     File "/opt/ros/humble/local/lib/python3.10/dist-packages/rosidl_adapter/msg/__init__.py", line 28, in convert_msg_to_idl
[0.660s]       msg = parse_message_string(package_name, input_file.stem, content)
[0.660s]     File "/opt/ros/humble/local/lib/python3.10/dist-packages/rosidl_adapter/parser.py", line 520, in parse_message_string
[0.660s]       Type(type_string, context_package_name=pkg_name),
[0.660s]     File "/opt/ros/humble/local/lib/python3.10/dist-packages/rosidl_adapter/parser.py", line 277, in __init__
[0.660s]       super(Type, self).__init__(
[0.660s]     File "/opt/ros/humble/local/lib/python3.10/dist-packages/rosidl_adapter/parser.py", line 201, in __init__
[0.660s]       raise InvalidResourceName(
[0.661s] 
[0.661s]   rosidl_adapter.parser.InvalidResourceName: 'custom_interfaces.msg' is an
[0.661s]   invalid package name.  It should have the pattern
[0.661s]   '^(?!.*__)(?!.*_$)[a-z][a-z0-9_]*$'
[0.661s] 
[0.661s] Call Stack (most recent call first):
[0.661s]   /opt/ros/humble/share/rosidl_cmake/cmake/rosidl_generate_interfaces.cmake:130 (rosidl_adapt_interfaces)
[0.661s]   CMakeLists.txt:12 (rosidl_generate_interfaces)
[0.661s] 
[0.661s] [0m
[0.661s] -- Configuring incomplete, errors occurred!
[0.661s] See also "/home/shan/ros2_ws/build/custom_interfaces/CMakeFiles/CMakeOutput.log".
[0.669s] gmake: *** [Makefile:1395: cmake_check_build_system] Error 1
[0.675s] Invoked command in '/home/shan/ros2_ws/build/custom_interfaces' returned '2': CMAKE_PREFIX_PATH=${CMAKE_PREFIX_PATH}:/home/shan/ros2_ws/install/myturtlectrl:/home/shan/ros2_ws/install/mypypkg:/opt/ros/humble /usr/bin/cmake --build /home/shan/ros2_ws/build/custom_interfaces -- -j16 -l16
