[0.072s] DEBUG:colcon:Command line arguments: ['/usr/bin/colcon', 'build']
[0.072s] DEBUG:colcon:Parsed command line arguments: Namespace(log_base=None, log_level=None, verb_name='build', build_base='build', install_base='install', merge_install=False, symlink_install=False, test_result_base=None, continue_on_error=False, executor='parallel', parallel_workers=16, event_handlers=None, ignore_user_meta=False, metas=['./colcon.meta'], base_paths=['.'], packages_ignore=None, packages_ignore_regex=None, paths=None, packages_up_to=None, packages_up_to_regex=None, packages_above=None, packages_above_and_dependencies=None, packages_above_depth=None, packages_select_by_dep=None, packages_skip_by_dep=None, packages_skip_up_to=None, packages_select_build_failed=False, packages_skip_build_finished=False, packages_select_test_failures=False, packages_skip_test_passed=False, packages_select=None, packages_skip=None, packages_select_regex=None, packages_skip_regex=None, packages_start=None, packages_end=None, allow_overriding=[], cmake_args=None, cmake_target=None, cmake_target_skip_unavailable=False, cmake_clean_cache=False, cmake_clean_first=False, cmake_force_configure=False, ament_cmake_args=None, catkin_cmake_args=None, catkin_skip_building_tests=False, verb_parser=<colcon_defaults.argument_parser.defaults.DefaultArgumentsDecorator object at 0x767337a210f0>, verb_extension=<colcon_core.verb.build.BuildVerb object at 0x767337a20be0>, main=<bound method BuildVerb.main of <colcon_core.verb.build.BuildVerb object at 0x767337a20be0>>)
[0.191s] Level 1:colcon.colcon_core.package_discovery:discover_packages(colcon_meta) check parameters
[0.191s] Level 1:colcon.colcon_core.package_discovery:discover_packages(recursive) check parameters
[0.191s] Level 1:colcon.colcon_core.package_discovery:discover_packages(ignore) check parameters
[0.191s] Level 1:colcon.colcon_core.package_discovery:discover_packages(path) check parameters
[0.191s] Level 1:colcon.colcon_core.package_discovery:discover_packages(colcon_meta) discover
[0.191s] Level 1:colcon.colcon_core.package_discovery:discover_packages(recursive) discover
[0.191s] INFO:colcon.colcon_core.package_discovery:Crawling recursively for packages in '/home/shan/ros2_ws'
[0.191s] Level 1:colcon.colcon_core.package_identification:_identify(.) by extensions ['ignore', 'ignore_ament_install']
[0.191s] Level 1:colcon.colcon_core.package_identification:_identify(.) by extension 'ignore'
[0.191s] Level 1:colcon.colcon_core.package_identification:_identify(.) by extension 'ignore_ament_install'
[0.191s] Level 1:colcon.colcon_core.package_identification:_identify(.) by extensions ['colcon_pkg']
[0.191s] Level 1:colcon.colcon_core.package_identification:_identify(.) by extension 'colcon_pkg'
[0.191s] Level 1:colcon.colcon_core.package_identification:_identify(.) by extensions ['colcon_meta']
[0.191s] Level 1:colcon.colcon_core.package_identification:_identify(.) by extension 'colcon_meta'
[0.191s] Level 1:colcon.colcon_core.package_identification:_identify(.) by extensions ['ros']
[0.191s] Level 1:colcon.colcon_core.package_identification:_identify(.) by extension 'ros'
[0.199s] Level 1:colcon.colcon_core.package_identification:_identify(.) by extensions ['cmake', 'python']
[0.199s] Level 1:colcon.colcon_core.package_identification:_identify(.) by extension 'cmake'
[0.199s] Level 1:colcon.colcon_core.package_identification:_identify(.) by extension 'python'
[0.199s] Level 1:colcon.colcon_core.package_identification:_identify(.) by extensions ['python_setup_py']
[0.199s] Level 1:colcon.colcon_core.package_identification:_identify(.) by extension 'python_setup_py'
[0.199s] Level 1:colcon.colcon_core.package_identification:_identify(build) by extensions ['ignore', 'ignore_ament_install']
[0.199s] Level 1:colcon.colcon_core.package_identification:_identify(build) by extension 'ignore'
[0.200s] Level 1:colcon.colcon_core.package_identification:_identify(build) ignored
[0.200s] Level 1:colcon.colcon_core.package_identification:_identify(install) by extensions ['ignore', 'ignore_ament_install']
[0.200s] Level 1:colcon.colcon_core.package_identification:_identify(install) by extension 'ignore'
[0.200s] Level 1:colcon.colcon_core.package_identification:_identify(install) ignored
[0.200s] Level 1:colcon.colcon_core.package_identification:_identify(log) by extensions ['ignore', 'ignore_ament_install']
[0.200s] Level 1:colcon.colcon_core.package_identification:_identify(log) by extension 'ignore'
[0.200s] Level 1:colcon.colcon_core.package_identification:_identify(log) ignored
[0.200s] Level 1:colcon.colcon_core.package_identification:_identify(src) by extensions ['ignore', 'ignore_ament_install']
[0.200s] Level 1:colcon.colcon_core.package_identification:_identify(src) by extension 'ignore'
[0.200s] Level 1:colcon.colcon_core.package_identification:_identify(src) by extension 'ignore_ament_install'
[0.200s] Level 1:colcon.colcon_core.package_identification:_identify(src) by extensions ['colcon_pkg']
[0.200s] Level 1:colcon.colcon_core.package_identification:_identify(src) by extension 'colcon_pkg'
[0.200s] Level 1:colcon.colcon_core.package_identification:_identify(src) by extensions ['colcon_meta']
[0.200s] Level 1:colcon.colcon_core.package_identification:_identify(src) by extension 'colcon_meta'
[0.200s] Level 1:colcon.colcon_core.package_identification:_identify(src) by extensions ['ros']
[0.200s] Level 1:colcon.colcon_core.package_identification:_identify(src) by extension 'ros'
[0.200s] Level 1:colcon.colcon_core.package_identification:_identify(src) by extensions ['cmake', 'python']
[0.200s] Level 1:colcon.colcon_core.package_identification:_identify(src) by extension 'cmake'
[0.200s] Level 1:colcon.colcon_core.package_identification:_identify(src) by extension 'python'
[0.200s] Level 1:colcon.colcon_core.package_identification:_identify(src) by extensions ['python_setup_py']
[0.200s] Level 1:colcon.colcon_core.package_identification:_identify(src) by extension 'python_setup_py'
[0.200s] Level 1:colcon.colcon_core.package_identification:_identify(src/custom_interfaces) by extensions ['ignore', 'ignore_ament_install']
[0.200s] Level 1:colcon.colcon_core.package_identification:_identify(src/custom_interfaces) by extension 'ignore'
[0.201s] Level 1:colcon.colcon_core.package_identification:_identify(src/custom_interfaces) by extension 'ignore_ament_install'
[0.201s] Level 1:colcon.colcon_core.package_identification:_identify(src/custom_interfaces) by extensions ['colcon_pkg']
[0.201s] Level 1:colcon.colcon_core.package_identification:_identify(src/custom_interfaces) by extension 'colcon_pkg'
[0.201s] Level 1:colcon.colcon_core.package_identification:_identify(src/custom_interfaces) by extensions ['colcon_meta']
[0.201s] Level 1:colcon.colcon_core.package_identification:_identify(src/custom_interfaces) by extension 'colcon_meta'
[0.201s] Level 1:colcon.colcon_core.package_identification:_identify(src/custom_interfaces) by extensions ['ros']
[0.201s] Level 1:colcon.colcon_core.package_identification:_identify(src/custom_interfaces) by extension 'ros'
[0.202s] DEBUG:colcon.colcon_core.package_identification:Package 'src/custom_interfaces' with type 'ros.ament_cmake' and name 'custom_interfaces'
[0.202s] Level 1:colcon.colcon_core.package_identification:_identify(src/log) by extensions ['ignore', 'ignore_ament_install']
[0.202s] Level 1:colcon.colcon_core.package_identification:_identify(src/log) by extension 'ignore'
[0.202s] Level 1:colcon.colcon_core.package_identification:_identify(src/log) ignored
[0.203s] Level 1:colcon.colcon_core.package_identification:_identify(src/mypypkg) by extensions ['ignore', 'ignore_ament_install']
[0.203s] Level 1:colcon.colcon_core.package_identification:_identify(src/mypypkg) by extension 'ignore'
[0.203s] Level 1:colcon.colcon_core.package_identification:_identify(src/mypypkg) by extension 'ignore_ament_install'
[0.203s] Level 1:colcon.colcon_core.package_identification:_identify(src/mypypkg) by extensions ['colcon_pkg']
[0.203s] Level 1:colcon.colcon_core.package_identification:_identify(src/mypypkg) by extension 'colcon_pkg'
[0.203s] Level 1:colcon.colcon_core.package_identification:_identify(src/mypypkg) by extensions ['colcon_meta']
[0.203s] Level 1:colcon.colcon_core.package_identification:_identify(src/mypypkg) by extension 'colcon_meta'
[0.203s] Level 1:colcon.colcon_core.package_identification:_identify(src/mypypkg) by extensions ['ros']
[0.203s] Level 1:colcon.colcon_core.package_identification:_identify(src/mypypkg) by extension 'ros'
[0.203s] DEBUG:colcon.colcon_core.package_identification:Package 'src/mypypkg' with type 'ros.ament_python' and name 'mypypkg'
[0.203s] Level 1:colcon.colcon_core.package_identification:_identify(src/myturtlectrl) by extensions ['ignore', 'ignore_ament_install']
[0.203s] Level 1:colcon.colcon_core.package_identification:_identify(src/myturtlectrl) by extension 'ignore'
[0.203s] Level 1:colcon.colcon_core.package_identification:_identify(src/myturtlectrl) by extension 'ignore_ament_install'
[0.204s] Level 1:colcon.colcon_core.package_identification:_identify(src/myturtlectrl) by extensions ['colcon_pkg']
[0.204s] Level 1:colcon.colcon_core.package_identification:_identify(src/myturtlectrl) by extension 'colcon_pkg'
[0.204s] Level 1:colcon.colcon_core.package_identification:_identify(src/myturtlectrl) by extensions ['colcon_meta']
[0.204s] Level 1:colcon.colcon_core.package_identification:_identify(src/myturtlectrl) by extension 'colcon_meta'
[0.204s] Level 1:colcon.colcon_core.package_identification:_identify(src/myturtlectrl) by extensions ['ros']
[0.204s] Level 1:colcon.colcon_core.package_identification:_identify(src/myturtlectrl) by extension 'ros'
[0.204s] DEBUG:colcon.colcon_core.package_identification:Package 'src/myturtlectrl' with type 'ros.ament_python' and name 'myturtlectrl'
[0.204s] Level 1:colcon.colcon_core.package_discovery:discover_packages(recursive) using defaults
[0.204s] Level 1:colcon.colcon_core.package_discovery:discover_packages(ignore) discover
[0.204s] Level 1:colcon.colcon_core.package_discovery:discover_packages(ignore) using defaults
[0.204s] Level 1:colcon.colcon_core.package_discovery:discover_packages(path) discover
[0.204s] Level 1:colcon.colcon_core.package_discovery:discover_packages(path) using defaults
[0.219s] Level 1:colcon.colcon_core.package_discovery:discover_packages(prefix_path) check parameters
[0.219s] Level 1:colcon.colcon_core.package_discovery:discover_packages(prefix_path) discover
[0.230s] DEBUG:colcon.colcon_installed_package_information.package_discovery:Found 3 installed packages in /home/shan/ros2_ws/install
[0.231s] DEBUG:colcon.colcon_installed_package_information.package_discovery:Found 330 installed packages in /opt/ros/humble
[0.232s] Level 1:colcon.colcon_core.package_discovery:discover_packages(prefix_path) using defaults
[0.262s] Level 5:colcon.colcon_core.verb:set package 'custom_interfaces' build argument 'cmake_args' from command line to 'None'
[0.262s] Level 5:colcon.colcon_core.verb:set package 'custom_interfaces' build argument 'cmake_target' from command line to 'None'
[0.263s] Level 5:colcon.colcon_core.verb:set package 'custom_interfaces' build argument 'cmake_target_skip_unavailable' from command line to 'False'
[0.263s] Level 5:colcon.colcon_core.verb:set package 'custom_interfaces' build argument 'cmake_clean_cache' from command line to 'False'
[0.263s] Level 5:colcon.colcon_core.verb:set package 'custom_interfaces' build argument 'cmake_clean_first' from command line to 'False'
[0.263s] Level 5:colcon.colcon_core.verb:set package 'custom_interfaces' build argument 'cmake_force_configure' from command line to 'False'
[0.263s] Level 5:colcon.colcon_core.verb:set package 'custom_interfaces' build argument 'ament_cmake_args' from command line to 'None'
[0.263s] Level 5:colcon.colcon_core.verb:set package 'custom_interfaces' build argument 'catkin_cmake_args' from command line to 'None'
[0.263s] Level 5:colcon.colcon_core.verb:set package 'custom_interfaces' build argument 'catkin_skip_building_tests' from command line to 'False'
[0.263s] DEBUG:colcon.colcon_core.verb:Building package 'custom_interfaces' with the following arguments: {'ament_cmake_args': None, 'build_base': '/home/shan/ros2_ws/build/custom_interfaces', 'catkin_cmake_args': None, 'catkin_skip_building_tests': False, 'cmake_args': None, 'cmake_clean_cache': False, 'cmake_clean_first': False, 'cmake_force_configure': False, 'cmake_target': None, 'cmake_target_skip_unavailable': False, 'install_base': '/home/shan/ros2_ws/install/custom_interfaces', 'merge_install': False, 'path': '/home/shan/ros2_ws/src/custom_interfaces', 'symlink_install': False, 'test_result_base': None}
[0.263s] Level 5:colcon.colcon_core.verb:set package 'myturtlectrl' build argument 'cmake_args' from command line to 'None'
[0.263s] Level 5:colcon.colcon_core.verb:set package 'myturtlectrl' build argument 'cmake_target' from command line to 'None'
[0.263s] Level 5:colcon.colcon_core.verb:set package 'myturtlectrl' build argument 'cmake_target_skip_unavailable' from command line to 'False'
[0.263s] Level 5:colcon.colcon_core.verb:set package 'myturtlectrl' build argument 'cmake_clean_cache' from command line to 'False'
[0.263s] Level 5:colcon.colcon_core.verb:set package 'myturtlectrl' build argument 'cmake_clean_first' from command line to 'False'
[0.263s] Level 5:colcon.colcon_core.verb:set package 'myturtlectrl' build argument 'cmake_force_configure' from command line to 'False'
[0.263s] Level 5:colcon.colcon_core.verb:set package 'myturtlectrl' build argument 'ament_cmake_args' from command line to 'None'
[0.263s] Level 5:colcon.colcon_core.verb:set package 'myturtlectrl' build argument 'catkin_cmake_args' from command line to 'None'
[0.263s] Level 5:colcon.colcon_core.verb:set package 'myturtlectrl' build argument 'catkin_skip_building_tests' from command line to 'False'
[0.263s] DEBUG:colcon.colcon_core.verb:Building package 'myturtlectrl' with the following arguments: {'ament_cmake_args': None, 'build_base': '/home/shan/ros2_ws/build/myturtlectrl', 'catkin_cmake_args': None, 'catkin_skip_building_tests': False, 'cmake_args': None, 'cmake_clean_cache': False, 'cmake_clean_first': False, 'cmake_force_configure': False, 'cmake_target': None, 'cmake_target_skip_unavailable': False, 'install_base': '/home/shan/ros2_ws/install/myturtlectrl', 'merge_install': False, 'path': '/home/shan/ros2_ws/src/myturtlectrl', 'symlink_install': False, 'test_result_base': None}
[0.263s] Level 5:colcon.colcon_core.verb:set package 'mypypkg' build argument 'cmake_args' from command line to 'None'
[0.263s] Level 5:colcon.colcon_core.verb:set package 'mypypkg' build argument 'cmake_target' from command line to 'None'
[0.263s] Level 5:colcon.colcon_core.verb:set package 'mypypkg' build argument 'cmake_target_skip_unavailable' from command line to 'False'
[0.263s] Level 5:colcon.colcon_core.verb:set package 'mypypkg' build argument 'cmake_clean_cache' from command line to 'False'
[0.263s] Level 5:colcon.colcon_core.verb:set package 'mypypkg' build argument 'cmake_clean_first' from command line to 'False'
[0.263s] Level 5:colcon.colcon_core.verb:set package 'mypypkg' build argument 'cmake_force_configure' from command line to 'False'
[0.263s] Level 5:colcon.colcon_core.verb:set package 'mypypkg' build argument 'ament_cmake_args' from command line to 'None'
[0.263s] Level 5:colcon.colcon_core.verb:set package 'mypypkg' build argument 'catkin_cmake_args' from command line to 'None'
[0.263s] Level 5:colcon.colcon_core.verb:set package 'mypypkg' build argument 'catkin_skip_building_tests' from command line to 'False'
[0.263s] DEBUG:colcon.colcon_core.verb:Building package 'mypypkg' with the following arguments: {'ament_cmake_args': None, 'build_base': '/home/shan/ros2_ws/build/mypypkg', 'catkin_cmake_args': None, 'catkin_skip_building_tests': False, 'cmake_args': None, 'cmake_clean_cache': False, 'cmake_clean_first': False, 'cmake_force_configure': False, 'cmake_target': None, 'cmake_target_skip_unavailable': False, 'install_base': '/home/shan/ros2_ws/install/mypypkg', 'merge_install': False, 'path': '/home/shan/ros2_ws/src/mypypkg', 'symlink_install': False, 'test_result_base': None}
[0.263s] INFO:colcon.colcon_core.executor:Executing jobs using 'parallel' executor
[0.265s] DEBUG:colcon.colcon_parallel_executor.executor.parallel:run_until_complete
[0.265s] INFO:colcon.colcon_ros.task.ament_cmake.build:Building ROS package in '/home/shan/ros2_ws/src/custom_interfaces' with build type 'ament_cmake'
[0.265s] INFO:colcon.colcon_cmake.task.cmake.build:Building CMake package in '/home/shan/ros2_ws/src/custom_interfaces'
[0.266s] INFO:colcon.colcon_core.plugin_system:Skipping extension 'colcon_core.shell.bat': Not used on non-Windows systems
[0.267s] INFO:colcon.colcon_core.shell:Skip shell extension 'powershell' for command environment: Not usable outside of PowerShell
[0.267s] DEBUG:colcon.colcon_core.shell:Skip shell extension 'dsv' for command environment
[0.270s] INFO:colcon.colcon_ros.task.ament_python.build:Building ROS package in '/home/shan/ros2_ws/src/myturtlectrl' with build type 'ament_python'
[0.270s] Level 1:colcon.colcon_core.shell:create_environment_hook('myturtlectrl', 'ament_prefix_path')
[0.270s] INFO:colcon.colcon_core.shell:Creating environment hook '/home/shan/ros2_ws/install/myturtlectrl/share/myturtlectrl/hook/ament_prefix_path.ps1'
[0.270s] INFO:colcon.colcon_core.shell:Creating environment descriptor '/home/shan/ros2_ws/install/myturtlectrl/share/myturtlectrl/hook/ament_prefix_path.dsv'
[0.271s] INFO:colcon.colcon_core.shell:Creating environment hook '/home/shan/ros2_ws/install/myturtlectrl/share/myturtlectrl/hook/ament_prefix_path.sh'
[0.271s] INFO:colcon.colcon_core.shell:Skip shell extension 'powershell' for command environment: Not usable outside of PowerShell
[0.271s] DEBUG:colcon.colcon_core.shell:Skip shell extension 'dsv' for command environment
[0.277s] DEBUG:colcon.colcon_core.event_handler.log_command:Invoking command in '/home/shan/ros2_ws/build/custom_interfaces': CMAKE_PREFIX_PATH=${CMAKE_PREFIX_PATH}:/home/shan/ros2_ws/install/myturtlectrl:/home/shan/ros2_ws/install/mypypkg:/opt/ros/humble /usr/bin/cmake --build /home/shan/ros2_ws/build/custom_interfaces -- -j16 -l16
[0.466s] INFO:colcon.colcon_core.task.python.build:Building Python package in '/home/shan/ros2_ws/src/myturtlectrl'
[0.466s] INFO:colcon.colcon_core.shell:Skip shell extension 'powershell' for command environment: Not usable outside of PowerShell
[0.466s] DEBUG:colcon.colcon_core.shell:Skip shell extension 'dsv' for command environment
[0.550s] DEBUG:colcon.colcon_core.event_handler.log_command:Invoked command in '/home/shan/ros2_ws/build/custom_interfaces' returned '0': CMAKE_PREFIX_PATH=${CMAKE_PREFIX_PATH}:/home/shan/ros2_ws/install/myturtlectrl:/home/shan/ros2_ws/install/mypypkg:/opt/ros/humble /usr/bin/cmake --build /home/shan/ros2_ws/build/custom_interfaces -- -j16 -l16
[0.559s] DEBUG:colcon.colcon_core.event_handler.log_command:Invoking command in '/home/shan/ros2_ws/build/custom_interfaces': CMAKE_PREFIX_PATH=${CMAKE_PREFIX_PATH}:/home/shan/ros2_ws/install/myturtlectrl:/home/shan/ros2_ws/install/mypypkg:/opt/ros/humble /usr/bin/cmake --install /home/shan/ros2_ws/build/custom_interfaces
[0.607s] Level 1:colcon.colcon_core.environment:create_environment_scripts_only(custom_interfaces)
[0.607s] DEBUG:colcon.colcon_core.event_handler.log_command:Invoked command in '/home/shan/ros2_ws/build/custom_interfaces' returned '0': CMAKE_PREFIX_PATH=${CMAKE_PREFIX_PATH}:/home/shan/ros2_ws/install/myturtlectrl:/home/shan/ros2_ws/install/mypypkg:/opt/ros/humble /usr/bin/cmake --install /home/shan/ros2_ws/build/custom_interfaces
[0.609s] Level 1:colcon.colcon_core.environment:checking '/home/shan/ros2_ws/install/custom_interfaces' for CMake module files
[0.609s] Level 1:colcon.colcon_core.environment:checking '/home/shan/ros2_ws/install/custom_interfaces' for CMake config files
[0.610s] Level 1:colcon.colcon_core.shell:create_environment_hook('custom_interfaces', 'cmake_prefix_path')
[0.610s] INFO:colcon.colcon_core.shell:Creating environment hook '/home/shan/ros2_ws/install/custom_interfaces/share/custom_interfaces/hook/cmake_prefix_path.ps1'
[0.610s] INFO:colcon.colcon_core.shell:Creating environment descriptor '/home/shan/ros2_ws/install/custom_interfaces/share/custom_interfaces/hook/cmake_prefix_path.dsv'
[0.611s] INFO:colcon.colcon_core.shell:Creating environment hook '/home/shan/ros2_ws/install/custom_interfaces/share/custom_interfaces/hook/cmake_prefix_path.sh'
[0.611s] Level 1:colcon.colcon_core.environment:checking '/home/shan/ros2_ws/install/custom_interfaces/lib'
[0.611s] Level 1:colcon.colcon_core.shell:create_environment_hook('custom_interfaces', 'ld_library_path_lib')
[0.611s] INFO:colcon.colcon_core.shell:Creating environment hook '/home/shan/ros2_ws/install/custom_interfaces/share/custom_interfaces/hook/ld_library_path_lib.ps1'
[0.612s] INFO:colcon.colcon_core.shell:Creating environment descriptor '/home/shan/ros2_ws/install/custom_interfaces/share/custom_interfaces/hook/ld_library_path_lib.dsv'
[0.612s] INFO:colcon.colcon_core.shell:Creating environment hook '/home/shan/ros2_ws/install/custom_interfaces/share/custom_interfaces/hook/ld_library_path_lib.sh'
[0.612s] Level 1:colcon.colcon_core.environment:checking '/home/shan/ros2_ws/install/custom_interfaces/bin'
[0.612s] Level 1:colcon.colcon_core.environment:checking '/home/shan/ros2_ws/install/custom_interfaces/lib/pkgconfig/custom_interfaces.pc'
[0.612s] Level 1:colcon.colcon_core.environment:checking '/home/shan/ros2_ws/install/custom_interfaces/lib/python3.10/site-packages'
[0.613s] Level 1:colcon.colcon_core.environment:checking '/home/shan/ros2_ws/install/custom_interfaces/bin'
[0.613s] INFO:colcon.colcon_core.shell:Creating package script '/home/shan/ros2_ws/install/custom_interfaces/share/custom_interfaces/package.ps1'
[0.613s] INFO:colcon.colcon_core.shell:Creating package descriptor '/home/shan/ros2_ws/install/custom_interfaces/share/custom_interfaces/package.dsv'
[0.614s] INFO:colcon.colcon_core.shell:Creating package script '/home/shan/ros2_ws/install/custom_interfaces/share/custom_interfaces/package.sh'
[0.614s] INFO:colcon.colcon_core.shell:Creating package script '/home/shan/ros2_ws/install/custom_interfaces/share/custom_interfaces/package.bash'
[0.615s] INFO:colcon.colcon_core.shell:Creating package script '/home/shan/ros2_ws/install/custom_interfaces/share/custom_interfaces/package.zsh'
[0.615s] Level 1:colcon.colcon_core.environment:create_file_with_runtime_dependencies(/home/shan/ros2_ws/install/custom_interfaces/share/colcon-core/packages/custom_interfaces)
[0.616s] Level 1:colcon.colcon_core.environment:create_environment_scripts_only(custom_interfaces)
[0.616s] Level 1:colcon.colcon_core.environment:checking '/home/shan/ros2_ws/install/custom_interfaces' for CMake module files
[0.616s] Level 1:colcon.colcon_core.environment:checking '/home/shan/ros2_ws/install/custom_interfaces' for CMake config files
[0.617s] Level 1:colcon.colcon_core.shell:create_environment_hook('custom_interfaces', 'cmake_prefix_path')
[0.617s] INFO:colcon.colcon_core.shell:Creating environment hook '/home/shan/ros2_ws/install/custom_interfaces/share/custom_interfaces/hook/cmake_prefix_path.ps1'
[0.617s] INFO:colcon.colcon_core.shell:Creating environment descriptor '/home/shan/ros2_ws/install/custom_interfaces/share/custom_interfaces/hook/cmake_prefix_path.dsv'
[0.617s] INFO:colcon.colcon_core.shell:Creating environment hook '/home/shan/ros2_ws/install/custom_interfaces/share/custom_interfaces/hook/cmake_prefix_path.sh'
[0.618s] Level 1:colcon.colcon_core.environment:checking '/home/shan/ros2_ws/install/custom_interfaces/lib'
[0.618s] Level 1:colcon.colcon_core.shell:create_environment_hook('custom_interfaces', 'ld_library_path_lib')
[0.618s] INFO:colcon.colcon_core.shell:Creating environment hook '/home/shan/ros2_ws/install/custom_interfaces/share/custom_interfaces/hook/ld_library_path_lib.ps1'
[0.618s] INFO:colcon.colcon_core.shell:Creating environment descriptor '/home/shan/ros2_ws/install/custom_interfaces/share/custom_interfaces/hook/ld_library_path_lib.dsv'
[0.618s] INFO:colcon.colcon_core.shell:Creating environment hook '/home/shan/ros2_ws/install/custom_interfaces/share/custom_interfaces/hook/ld_library_path_lib.sh'
[0.618s] Level 1:colcon.colcon_core.environment:checking '/home/shan/ros2_ws/install/custom_interfaces/bin'
[0.618s] Level 1:colcon.colcon_core.environment:checking '/home/shan/ros2_ws/install/custom_interfaces/lib/pkgconfig/custom_interfaces.pc'
[0.619s] Level 1:colcon.colcon_core.environment:checking '/home/shan/ros2_ws/install/custom_interfaces/lib/python3.10/site-packages'
[0.619s] Level 1:colcon.colcon_core.environment:checking '/home/shan/ros2_ws/install/custom_interfaces/bin'
[0.619s] INFO:colcon.colcon_core.shell:Creating package script '/home/shan/ros2_ws/install/custom_interfaces/share/custom_interfaces/package.ps1'
[0.619s] INFO:colcon.colcon_core.shell:Creating package descriptor '/home/shan/ros2_ws/install/custom_interfaces/share/custom_interfaces/package.dsv'
[0.620s] INFO:colcon.colcon_core.shell:Creating package script '/home/shan/ros2_ws/install/custom_interfaces/share/custom_interfaces/package.sh'
[0.620s] INFO:colcon.colcon_core.shell:Creating package script '/home/shan/ros2_ws/install/custom_interfaces/share/custom_interfaces/package.bash'
[0.620s] INFO:colcon.colcon_core.shell:Creating package script '/home/shan/ros2_ws/install/custom_interfaces/share/custom_interfaces/package.zsh'
[0.621s] Level 1:colcon.colcon_core.environment:create_file_with_runtime_dependencies(/home/shan/ros2_ws/install/custom_interfaces/share/colcon-core/packages/custom_interfaces)
[0.621s] INFO:colcon.colcon_ros.task.ament_python.build:Building ROS package in '/home/shan/ros2_ws/src/mypypkg' with build type 'ament_python'
[0.621s] Level 1:colcon.colcon_core.shell:create_environment_hook('mypypkg', 'ament_prefix_path')
[0.621s] INFO:colcon.colcon_core.shell:Creating environment hook '/home/shan/ros2_ws/install/mypypkg/share/mypypkg/hook/ament_prefix_path.ps1'
[0.622s] INFO:colcon.colcon_core.shell:Creating environment descriptor '/home/shan/ros2_ws/install/mypypkg/share/mypypkg/hook/ament_prefix_path.dsv'
[0.622s] INFO:colcon.colcon_core.shell:Creating environment hook '/home/shan/ros2_ws/install/mypypkg/share/mypypkg/hook/ament_prefix_path.sh'
[0.622s] INFO:colcon.colcon_core.shell:Skip shell extension 'powershell' for command environment: Not usable outside of PowerShell
[0.622s] DEBUG:colcon.colcon_core.shell:Skip shell extension 'dsv' for command environment
[0.810s] INFO:colcon.colcon_core.task.python.build:Building Python package in '/home/shan/ros2_ws/src/mypypkg'
[0.811s] INFO:colcon.colcon_core.shell:Skip shell extension 'powershell' for command environment: Not usable outside of PowerShell
[0.811s] DEBUG:colcon.colcon_core.shell:Skip shell extension 'dsv' for command environment
[0.817s] DEBUG:colcon.colcon_core.event_handler.log_command:Invoking command in '/home/shan/ros2_ws/src/myturtlectrl': PYTHONPATH=/home/shan/ros2_ws/build/myturtlectrl/prefix_override:/usr/lib/python3/dist-packages/colcon_core/task/python/colcon_distutils_commands:/home/shan/ros2_ws/install/myturtlectrl/lib/python3.10/site-packages:${PYTHONPATH} /usr/bin/python3 -W ignore:setup.py install is deprecated -W ignore:easy_install command is deprecated setup.py egg_info --egg-base ../../build/myturtlectrl build --build-base /home/shan/ros2_ws/build/myturtlectrl/build install --record /home/shan/ros2_ws/build/myturtlectrl/install.log --single-version-externally-managed install_data
[1.024s] Level 1:colcon.colcon_core.environment:checking '/home/shan/ros2_ws/install/myturtlectrl' for CMake module files
[1.025s] DEBUG:colcon.colcon_core.event_handler.log_command:Invoked command in '/home/shan/ros2_ws/src/myturtlectrl' returned '0': PYTHONPATH=/home/shan/ros2_ws/build/myturtlectrl/prefix_override:/usr/lib/python3/dist-packages/colcon_core/task/python/colcon_distutils_commands:/home/shan/ros2_ws/install/myturtlectrl/lib/python3.10/site-packages:${PYTHONPATH} /usr/bin/python3 -W ignore:setup.py install is deprecated -W ignore:easy_install command is deprecated setup.py egg_info --egg-base ../../build/myturtlectrl build --build-base /home/shan/ros2_ws/build/myturtlectrl/build install --record /home/shan/ros2_ws/build/myturtlectrl/install.log --single-version-externally-managed install_data
[1.025s] Level 1:colcon.colcon_core.environment:checking '/home/shan/ros2_ws/install/myturtlectrl' for CMake config files
[1.025s] Level 1:colcon.colcon_core.environment:checking '/home/shan/ros2_ws/install/myturtlectrl/lib'
[1.025s] Level 1:colcon.colcon_core.environment:checking '/home/shan/ros2_ws/install/myturtlectrl/bin'
[1.026s] Level 1:colcon.colcon_core.environment:checking '/home/shan/ros2_ws/install/myturtlectrl/lib/pkgconfig/myturtlectrl.pc'
[1.026s] Level 1:colcon.colcon_core.environment:checking '/home/shan/ros2_ws/install/myturtlectrl/lib/python3.10/site-packages'
[1.026s] Level 1:colcon.colcon_core.shell:create_environment_hook('myturtlectrl', 'pythonpath')
[1.026s] INFO:colcon.colcon_core.shell:Creating environment hook '/home/shan/ros2_ws/install/myturtlectrl/share/myturtlectrl/hook/pythonpath.ps1'
[1.026s] INFO:colcon.colcon_core.shell:Creating environment descriptor '/home/shan/ros2_ws/install/myturtlectrl/share/myturtlectrl/hook/pythonpath.dsv'
[1.026s] INFO:colcon.colcon_core.shell:Creating environment hook '/home/shan/ros2_ws/install/myturtlectrl/share/myturtlectrl/hook/pythonpath.sh'
[1.027s] Level 1:colcon.colcon_core.environment:checking '/home/shan/ros2_ws/install/myturtlectrl/bin'
[1.027s] Level 1:colcon.colcon_core.environment:create_environment_scripts_only(myturtlectrl)
[1.027s] INFO:colcon.colcon_core.shell:Creating package script '/home/shan/ros2_ws/install/myturtlectrl/share/myturtlectrl/package.ps1'
[1.027s] INFO:colcon.colcon_core.shell:Creating package descriptor '/home/shan/ros2_ws/install/myturtlectrl/share/myturtlectrl/package.dsv'
[1.028s] INFO:colcon.colcon_core.shell:Creating package script '/home/shan/ros2_ws/install/myturtlectrl/share/myturtlectrl/package.sh'
[1.028s] INFO:colcon.colcon_core.shell:Creating package script '/home/shan/ros2_ws/install/myturtlectrl/share/myturtlectrl/package.bash'
[1.029s] INFO:colcon.colcon_core.shell:Creating package script '/home/shan/ros2_ws/install/myturtlectrl/share/myturtlectrl/package.zsh'
[1.029s] Level 1:colcon.colcon_core.environment:create_file_with_runtime_dependencies(/home/shan/ros2_ws/install/myturtlectrl/share/colcon-core/packages/myturtlectrl)
[1.075s] DEBUG:colcon.colcon_core.event_handler.log_command:Invoking command in '/home/shan/ros2_ws/src/mypypkg': PYTHONPATH=/home/shan/ros2_ws/build/mypypkg/prefix_override:/usr/lib/python3/dist-packages/colcon_core/task/python/colcon_distutils_commands:/home/shan/ros2_ws/install/mypypkg/lib/python3.10/site-packages:${PYTHONPATH} /usr/bin/python3 -W ignore:setup.py install is deprecated -W ignore:easy_install command is deprecated setup.py egg_info --egg-base ../../build/mypypkg build --build-base /home/shan/ros2_ws/build/mypypkg/build install --record /home/shan/ros2_ws/build/mypypkg/install.log --single-version-externally-managed install_data
[1.278s] Level 1:colcon.colcon_core.environment:checking '/home/shan/ros2_ws/install/mypypkg' for CMake module files
[1.279s] DEBUG:colcon.colcon_core.event_handler.log_command:Invoked command in '/home/shan/ros2_ws/src/mypypkg' returned '0': PYTHONPATH=/home/shan/ros2_ws/build/mypypkg/prefix_override:/usr/lib/python3/dist-packages/colcon_core/task/python/colcon_distutils_commands:/home/shan/ros2_ws/install/mypypkg/lib/python3.10/site-packages:${PYTHONPATH} /usr/bin/python3 -W ignore:setup.py install is deprecated -W ignore:easy_install command is deprecated setup.py egg_info --egg-base ../../build/mypypkg build --build-base /home/shan/ros2_ws/build/mypypkg/build install --record /home/shan/ros2_ws/build/mypypkg/install.log --single-version-externally-managed install_data
[1.279s] Level 1:colcon.colcon_core.environment:checking '/home/shan/ros2_ws/install/mypypkg' for CMake config files
[1.279s] Level 1:colcon.colcon_core.environment:checking '/home/shan/ros2_ws/install/mypypkg/lib'
[1.279s] Level 1:colcon.colcon_core.environment:checking '/home/shan/ros2_ws/install/mypypkg/bin'
[1.279s] Level 1:colcon.colcon_core.environment:checking '/home/shan/ros2_ws/install/mypypkg/lib/pkgconfig/mypypkg.pc'
[1.280s] Level 1:colcon.colcon_core.environment:checking '/home/shan/ros2_ws/install/mypypkg/lib/python3.10/site-packages'
[1.280s] Level 1:colcon.colcon_core.shell:create_environment_hook('mypypkg', 'pythonpath')
[1.280s] INFO:colcon.colcon_core.shell:Creating environment hook '/home/shan/ros2_ws/install/mypypkg/share/mypypkg/hook/pythonpath.ps1'
[1.280s] INFO:colcon.colcon_core.shell:Creating environment descriptor '/home/shan/ros2_ws/install/mypypkg/share/mypypkg/hook/pythonpath.dsv'
[1.280s] INFO:colcon.colcon_core.shell:Creating environment hook '/home/shan/ros2_ws/install/mypypkg/share/mypypkg/hook/pythonpath.sh'
[1.281s] Level 1:colcon.colcon_core.environment:checking '/home/shan/ros2_ws/install/mypypkg/bin'
[1.281s] Level 1:colcon.colcon_core.environment:create_environment_scripts_only(mypypkg)
[1.281s] INFO:colcon.colcon_core.shell:Creating package script '/home/shan/ros2_ws/install/mypypkg/share/mypypkg/package.ps1'
[1.281s] INFO:colcon.colcon_core.shell:Creating package descriptor '/home/shan/ros2_ws/install/mypypkg/share/mypypkg/package.dsv'
[1.282s] INFO:colcon.colcon_core.shell:Creating package script '/home/shan/ros2_ws/install/mypypkg/share/mypypkg/package.sh'
[1.282s] INFO:colcon.colcon_core.shell:Creating package script '/home/shan/ros2_ws/install/mypypkg/share/mypypkg/package.bash'
[1.282s] INFO:colcon.colcon_core.shell:Creating package script '/home/shan/ros2_ws/install/mypypkg/share/mypypkg/package.zsh'
[1.283s] Level 1:colcon.colcon_core.environment:create_file_with_runtime_dependencies(/home/shan/ros2_ws/install/mypypkg/share/colcon-core/packages/mypypkg)
[1.283s] DEBUG:colcon.colcon_parallel_executor.executor.parallel:closing loop
[1.283s] DEBUG:colcon.colcon_parallel_executor.executor.parallel:loop closed
[1.283s] DEBUG:colcon.colcon_parallel_executor.executor.parallel:run_until_complete finished with '0'
[1.283s] DEBUG:colcon.colcon_core.event_reactor:joining thread
[1.287s] INFO:colcon.colcon_core.plugin_system:Skipping extension 'colcon_notification.desktop_notification.terminal_notifier': Not used on non-Darwin systems
[1.287s] INFO:colcon.colcon_core.plugin_system:Skipping extension 'colcon_notification.desktop_notification.win32': Not used on non-Windows systems
[1.287s] INFO:colcon.colcon_notification.desktop_notification:Sending desktop notification using 'notify2'
[1.300s] DEBUG:colcon.colcon_core.event_reactor:joined thread
[1.301s] INFO:colcon.colcon_core.shell:Creating prefix script '/home/shan/ros2_ws/install/local_setup.ps1'
[1.302s] INFO:colcon.colcon_core.shell:Creating prefix util module '/home/shan/ros2_ws/install/_local_setup_util_ps1.py'
[1.303s] INFO:colcon.colcon_core.shell:Creating prefix chain script '/home/shan/ros2_ws/install/setup.ps1'
[1.303s] INFO:colcon.colcon_core.shell:Creating prefix script '/home/shan/ros2_ws/install/local_setup.sh'
[1.304s] INFO:colcon.colcon_core.shell:Creating prefix util module '/home/shan/ros2_ws/install/_local_setup_util_sh.py'
[1.304s] INFO:colcon.colcon_core.shell:Creating prefix chain script '/home/shan/ros2_ws/install/setup.sh'
[1.305s] INFO:colcon.colcon_core.shell:Creating prefix script '/home/shan/ros2_ws/install/local_setup.bash'
[1.305s] INFO:colcon.colcon_core.shell:Creating prefix chain script '/home/shan/ros2_ws/install/setup.bash'
[1.306s] INFO:colcon.colcon_core.shell:Creating prefix script '/home/shan/ros2_ws/install/local_setup.zsh'
[1.306s] INFO:colcon.colcon_core.shell:Creating prefix chain script '/home/shan/ros2_ws/install/setup.zsh'
