[1.489s] Invoking command in '/home/shan/ros2_ws/src/myturtlectrl': PYTHONPATH=/home/shan/ros2_ws/build/myturtlectrl/prefix_override:/usr/lib/python3/dist-packages/colcon_core/task/python/colcon_distutils_commands:/home/shan/ros2_ws/install/myturtlectrl/lib/python3.10/site-packages:${PYTHONPATH} /usr/bin/python3 -W ignore:setup.py install is deprecated -W ignore:easy_install command is deprecated setup.py egg_info --egg-base ../../build/myturtlectrl build --build-base /home/shan/ros2_ws/build/myturtlectrl/build install --record /home/shan/ros2_ws/build/myturtlectrl/install.log --single-version-externally-managed install_data
[2.000s] running egg_info
[2.001s] writing ../../build/myturtlectrl/myturtlectrl.egg-info/PKG-INFO
[2.001s] writing dependency_links to ../../build/myturtlectrl/myturtlectrl.egg-info/dependency_links.txt
[2.002s] writing entry points to ../../build/myturtlectrl/myturtlectrl.egg-info/entry_points.txt
[2.002s] writing requirements to ../../build/myturtlectrl/myturtlectrl.egg-info/requires.txt
[2.002s] writing top-level names to ../../build/myturtlectrl/myturtlectrl.egg-info/top_level.txt
[2.006s] reading manifest file '../../build/myturtlectrl/myturtlectrl.egg-info/SOURCES.txt'
[2.008s] writing manifest file '../../build/myturtlectrl/myturtlectrl.egg-info/SOURCES.txt'
[2.008s] running build
[2.008s] running build_py
[2.008s] copying myturtlectrl/turtlespawn.py -> /home/shan/ros2_ws/build/myturtlectrl/build/lib/myturtlectrl
[2.009s] running install
[2.010s] running install_lib
[2.011s] copying /home/shan/ros2_ws/build/myturtlectrl/build/lib/myturtlectrl/turtlespawn.py -> /home/shan/ros2_ws/install/myturtlectrl/lib/python3.10/site-packages/myturtlectrl
[2.012s] byte-compiling /home/shan/ros2_ws/install/myturtlectrl/lib/python3.10/site-packages/myturtlectrl/turtlespawn.py to turtlespawn.cpython-310.pyc
[2.013s] running install_data
[2.013s] running install_egg_info
[2.018s] removing '/home/shan/ros2_ws/install/myturtlectrl/lib/python3.10/site-packages/myturtlectrl-0.0.0-py3.10.egg-info' (and everything under it)
[2.019s] Copying ../../build/myturtlectrl/myturtlectrl.egg-info to /home/shan/ros2_ws/install/myturtlectrl/lib/python3.10/site-packages/myturtlectrl-0.0.0-py3.10.egg-info
[2.021s] running install_scripts
[2.064s] Installing turtlespawner script to /home/shan/ros2_ws/install/myturtlectrl/lib/myturtlectrl
[2.064s] writing list of installed files to '/home/shan/ros2_ws/build/myturtlectrl/install.log'
[2.106s] Invoked command in '/home/shan/ros2_ws/src/myturtlectrl' returned '0': PYTHONPATH=/home/shan/ros2_ws/build/myturtlectrl/prefix_override:/usr/lib/python3/dist-packages/colcon_core/task/python/colcon_distutils_commands:/home/shan/ros2_ws/install/myturtlectrl/lib/python3.10/site-packages:${PYTHONPATH} /usr/bin/python3 -W ignore:setup.py install is deprecated -W ignore:easy_install command is deprecated setup.py egg_info --egg-base ../../build/myturtlectrl build --build-base /home/shan/ros2_ws/build/myturtlectrl/build install --record /home/shan/ros2_ws/build/myturtlectrl/install.log --single-version-externally-managed install_data
