[1.397s] Invoking command in '/home/shan/ros2_ws/src/mypypkg': PYTHONPATH=/home/shan/ros2_ws/build/mypypkg/prefix_override:/usr/lib/python3/dist-packages/colcon_core/task/python/colcon_distutils_commands:/home/shan/ros2_ws/install/mypypkg/lib/python3.10/site-packages:${PYTHONPATH} /usr/bin/python3 -W ignore:setup.py install is deprecated -W ignore:easy_install command is deprecated setup.py egg_info --egg-base ../../build/mypypkg build --build-base /home/shan/ros2_ws/build/mypypkg/build install --record /home/shan/ros2_ws/build/mypypkg/install.log --single-version-externally-managed install_data
[1.912s] running egg_info
[1.913s] writing ../../build/mypypkg/mypypkg.egg-info/PKG-INFO
[1.913s] writing dependency_links to ../../build/mypypkg/mypypkg.egg-info/dependency_links.txt
[1.914s] writing entry points to ../../build/mypypkg/mypypkg.egg-info/entry_points.txt
[1.914s] writing requirements to ../../build/mypypkg/mypypkg.egg-info/requires.txt
[1.915s] writing top-level names to ../../build/mypypkg/mypypkg.egg-info/top_level.txt
[1.918s] reading manifest file '../../build/mypypkg/mypypkg.egg-info/SOURCES.txt'
[1.920s] writing manifest file '../../build/mypypkg/mypypkg.egg-info/SOURCES.txt'
[1.921s] running build
[1.921s] running build_py
[1.921s] copying mypypkg/subscriber.py -> /home/shan/ros2_ws/build/mypypkg/build/lib/mypypkg
[1.922s] running install
[1.922s] running install_lib
[1.924s] copying /home/shan/ros2_ws/build/mypypkg/build/lib/mypypkg/subscriber.py -> /home/shan/ros2_ws/install/mypypkg/lib/python3.10/site-packages/mypypkg
[1.925s] byte-compiling /home/shan/ros2_ws/install/mypypkg/lib/python3.10/site-packages/mypypkg/subscriber.py to subscriber.cpython-310.pyc
[1.926s] running install_data
[1.926s] running install_egg_info
[1.930s] removing '/home/shan/ros2_ws/install/mypypkg/lib/python3.10/site-packages/mypypkg-0.0.0-py3.10.egg-info' (and everything under it)
[1.931s] Copying ../../build/mypypkg/mypypkg.egg-info to /home/shan/ros2_ws/install/mypypkg/lib/python3.10/site-packages/mypypkg-0.0.0-py3.10.egg-info
[1.934s] running install_scripts
[1.976s] Installing testexec script to /home/shan/ros2_ws/install/mypypkg/lib/mypypkg
[1.977s] Installing testpub script to /home/shan/ros2_ws/install/mypypkg/lib/mypypkg
[1.977s] Installing testsub script to /home/shan/ros2_ws/install/mypypkg/lib/mypypkg
[1.977s] writing list of installed files to '/home/shan/ros2_ws/build/mypypkg/install.log'
[2.027s] Invoked command in '/home/shan/ros2_ws/src/mypypkg' returned '0': PYTHONPATH=/home/shan/ros2_ws/build/mypypkg/prefix_override:/usr/lib/python3/dist-packages/colcon_core/task/python/colcon_distutils_commands:/home/shan/ros2_ws/install/mypypkg/lib/python3.10/site-packages:${PYTHONPATH} /usr/bin/python3 -W ignore:setup.py install is deprecated -W ignore:easy_install command is deprecated setup.py egg_info --egg-base ../../build/mypypkg build --build-base /home/shan/ros2_ws/build/mypypkg/build install --record /home/shan/ros2_ws/build/mypypkg/install.log --single-version-externally-managed install_data
