[1.383s] Invoking command in '/home/shan/ros2_ws/src/myturtlectrl': CMAKE_PREFIX_PATH=/home/shan/ros2_ws/install/custom_interfaces:/home/shan/ros2_ws/install/my_robot_bringup PYTHONPATH=/home/shan/ros2_ws/build/myturtlectrl/prefix_override:/usr/lib/python3/dist-packages/colcon_core/task/python/colcon_distutils_commands:/home/shan/ros2_ws/install/myturtlectrl/lib/python3.10/site-packages:${PYTHONPATH} /usr/bin/python3 -W ignore:setup.py install is deprecated -W ignore:easy_install command is deprecated setup.py egg_info --egg-base ../../build/myturtlectrl build --build-base /home/shan/ros2_ws/build/myturtlectrl/build install --record /home/shan/ros2_ws/build/myturtlectrl/install.log --single-version-externally-managed install_data
[1.917s] running egg_info
[1.918s] writing ../../build/myturtlectrl/myturtlectrl.egg-info/PKG-INFO
[1.918s] writing dependency_links to ../../build/myturtlectrl/myturtlectrl.egg-info/dependency_links.txt
[1.919s] writing entry points to ../../build/myturtlectrl/myturtlectrl.egg-info/entry_points.txt
[1.919s] writing requirements to ../../build/myturtlectrl/myturtlectrl.egg-info/requires.txt
[1.919s] writing top-level names to ../../build/myturtlectrl/myturtlectrl.egg-info/top_level.txt
[1.923s] reading manifest file '../../build/myturtlectrl/myturtlectrl.egg-info/SOURCES.txt'
[1.925s] writing manifest file '../../build/myturtlectrl/myturtlectrl.egg-info/SOURCES.txt'
[1.925s] running build
[1.926s] running build_py
[1.926s] copying myturtlectrl/__init__.py -> /home/shan/ros2_ws/build/myturtlectrl/build/lib/myturtlectrl
[1.926s] copying myturtlectrl/turtlepossub.py -> /home/shan/ros2_ws/build/myturtlectrl/build/lib/myturtlectrl
[1.926s] running install
[1.927s] running install_lib
[1.928s] copying /home/shan/ros2_ws/build/myturtlectrl/build/lib/myturtlectrl/__init__.py -> /home/shan/ros2_ws/install/myturtlectrl/lib/python3.10/site-packages/myturtlectrl
[1.928s] copying /home/shan/ros2_ws/build/myturtlectrl/build/lib/myturtlectrl/turtlepossub.py -> /home/shan/ros2_ws/install/myturtlectrl/lib/python3.10/site-packages/myturtlectrl
[1.930s] byte-compiling /home/shan/ros2_ws/install/myturtlectrl/lib/python3.10/site-packages/myturtlectrl/__init__.py to __init__.cpython-310.pyc
[1.930s] byte-compiling /home/shan/ros2_ws/install/myturtlectrl/lib/python3.10/site-packages/myturtlectrl/turtlepossub.py to turtlepossub.cpython-310.pyc
[1.931s] running install_data
[1.931s] copying resource/myturtlectrl -> /home/shan/ros2_ws/install/myturtlectrl/share/ament_index/resource_index/packages
[1.932s] copying package.xml -> /home/shan/ros2_ws/install/myturtlectrl/share/myturtlectrl
[1.932s] running install_egg_info
[1.937s] removing '/home/shan/ros2_ws/install/myturtlectrl/lib/python3.10/site-packages/myturtlectrl-0.0.0-py3.10.egg-info' (and everything under it)
[1.938s] Copying ../../build/myturtlectrl/myturtlectrl.egg-info to /home/shan/ros2_ws/install/myturtlectrl/lib/python3.10/site-packages/myturtlectrl-0.0.0-py3.10.egg-info
[1.940s] running install_scripts
[1.982s] Installing turtlepubsub script to /home/shan/ros2_ws/install/myturtlectrl/lib/myturtlectrl
[1.983s] writing list of installed files to '/home/shan/ros2_ws/build/myturtlectrl/install.log'
[2.026s] Invoked command in '/home/shan/ros2_ws/src/myturtlectrl' returned '0': CMAKE_PREFIX_PATH=/home/shan/ros2_ws/install/custom_interfaces:/home/shan/ros2_ws/install/my_robot_bringup PYTHONPATH=/home/shan/ros2_ws/build/myturtlectrl/prefix_override:/usr/lib/python3/dist-packages/colcon_core/task/python/colcon_distutils_commands:/home/shan/ros2_ws/install/myturtlectrl/lib/python3.10/site-packages:${PYTHONPATH} /usr/bin/python3 -W ignore:setup.py install is deprecated -W ignore:easy_install command is deprecated setup.py egg_info --egg-base ../../build/myturtlectrl build --build-base /home/shan/ros2_ws/build/myturtlectrl/build install --record /home/shan/ros2_ws/build/myturtlectrl/install.log --single-version-externally-managed install_data
