[0.424s] Invoking command in '/home/shan/ros2_ws/src/mypypkg': PYTHONPATH=/home/shan/ros2_ws/build/mypypkg/prefix_override:/usr/lib/python3/dist-packages/colcon_core/task/python/colcon_distutils_commands:/home/shan/ros2_ws/install/mypypkg/lib/python3.10/site-packages:${PYTHONPATH} /usr/bin/python3 -W ignore:setup.py install is deprecated -W ignore:easy_install command is deprecated setup.py egg_info --egg-base ../../build/mypypkg build --build-base /home/shan/ros2_ws/build/mypypkg/build install --record /home/shan/ros2_ws/build/mypypkg/install.log --single-version-externally-managed install_data
[0.583s] running egg_info
[0.583s] writing ../../build/mypypkg/mypypkg.egg-info/PKG-INFO
[0.583s] writing dependency_links to ../../build/mypypkg/mypypkg.egg-info/dependency_links.txt
[0.583s] writing entry points to ../../build/mypypkg/mypypkg.egg-info/entry_points.txt
[0.583s] writing requirements to ../../build/mypypkg/mypypkg.egg-info/requires.txt
[0.583s] writing top-level names to ../../build/mypypkg/mypypkg.egg-info/top_level.txt
[0.584s] reading manifest file '../../build/mypypkg/mypypkg.egg-info/SOURCES.txt'
[0.585s] writing manifest file '../../build/mypypkg/mypypkg.egg-info/SOURCES.txt'
[0.585s] running build
[0.585s] running build_py
[0.585s] copying mypypkg/client.py -> /home/shan/ros2_ws/build/mypypkg/build/lib/mypypkg
[0.585s] running install
[0.585s] running install_lib
[0.586s] copying /home/shan/ros2_ws/build/mypypkg/build/lib/mypypkg/client.py -> /home/shan/ros2_ws/install/mypypkg/lib/python3.10/site-packages/mypypkg
[0.586s] byte-compiling /home/shan/ros2_ws/install/mypypkg/lib/python3.10/site-packages/mypypkg/client.py to client.cpython-310.pyc
[0.587s] running install_data
[0.587s] running install_egg_info
[0.588s] removing '/home/shan/ros2_ws/install/mypypkg/lib/python3.10/site-packages/mypypkg-0.0.0-py3.10.egg-info' (and everything under it)
[0.588s] Copying ../../build/mypypkg/mypypkg.egg-info to /home/shan/ros2_ws/install/mypypkg/lib/python3.10/site-packages/mypypkg-0.0.0-py3.10.egg-info
[0.589s] running install_scripts
[0.602s] Installing testclient script to /home/shan/ros2_ws/install/mypypkg/lib/mypypkg
[0.602s] Installing testexec script to /home/shan/ros2_ws/install/mypypkg/lib/mypypkg
[0.602s] Installing testpub script to /home/shan/ros2_ws/install/mypypkg/lib/mypypkg
[0.603s] Installing testserver script to /home/shan/ros2_ws/install/mypypkg/lib/mypypkg
[0.603s] Installing testsub script to /home/shan/ros2_ws/install/mypypkg/lib/mypypkg
[0.603s] writing list of installed files to '/home/shan/ros2_ws/build/mypypkg/install.log'
[0.618s] Invoked command in '/home/shan/ros2_ws/src/mypypkg' returned '0': PYTHONPATH=/home/shan/ros2_ws/build/mypypkg/prefix_override:/usr/lib/python3/dist-packages/colcon_core/task/python/colcon_distutils_commands:/home/shan/ros2_ws/install/mypypkg/lib/python3.10/site-packages:${PYTHONPATH} /usr/bin/python3 -W ignore:setup.py install is deprecated -W ignore:easy_install command is deprecated setup.py egg_info --egg-base ../../build/mypypkg build --build-base /home/shan/ros2_ws/build/mypypkg/build install --record /home/shan/ros2_ws/build/mypypkg/install.log --single-version-externally-managed install_data
